<?xml version="1.0" encoding="UTF-8" ?>
<testsuite errors="0" failures="0" hostname="SarasLaptop" name="SortingTest" skipped="0" tests="31" time="0.504" timestamp="2022-06-06T22:19:09">
  <properties>
    <property name="netbeans.autoupdate.country" value="DE" />
    <property name="ant.file.type.108.Jarjestaminen" value="file" />
    <property name="javac.test.classpath" value=":build/classes:lib/hamcrest-core-1.3.jar:lib/junit-4.11.jar:lib/cglib-nodep-2.2.2.jar:lib/easymock-3.2.jar:lib/javassist-3.18.2-GA.jar:lib/objenesis-2.1.jar:lib/powermock-easymock-1.5.5-full.jar:lib/edu-test-utils-0.4.2.jar" />
    <property name="maven.defaultProjectBuilder.disableGlobalModelCache" value="true" />
    <property name="ant.core.lib" value="C:\Program Files\TMCBeans\extide\ant\lib\ant.jar" />
    <property name="javadoc.windowtitle" value="" />
    <property name="user.dir" value="C:\Users\Admin\Desktop\mooc\mooc-2013-OOProgrammingWithJava-PART1\week6-104.Sorting" />
    <property name="java.vm.version" value="25.333-b02" />
    <property name="libs.eclipselinkmodelgen.src" value="" />
    <property name="javadoc.notree" value="false" />
    <property name="netbeans.autoupdate.version" value="1.23" />
    <property name="jdk.home" value="C:\Programme\Java\jdk1.8.0_333" />
    <property name="ant.file.108.Jarjestaminen" value="C:\Users\Admin\Desktop\mooc\mooc-2013-OOProgrammingWithJava-PART1\week6-104.Sorting\build.xml" />
    <property name="libs.javac-api.src" value="" />
    <property name="javadoc.noindex" value="false" />
    <property name="sun.os.patch.level" value="" />
    <property name="do.archive+manifest.available" value="true" />
    <property name="java.vm.specification.name" value="Java Virtual Machine Specification" />
    <property name="netbeans.autoupdate.variant" value="" />
    <property name="have.tests" value="true" />
    <property name="org.xml.sax.driver" value="com.sun.org.apache.xerces.internal.jaxp.SAXParserImpl$JAXPSAXParser" />
    <property name="libs.hamcrest.classpath" value="C:\Program Files\TMCBeans\platform\modules\ext\hamcrest-core-1.3.jar" />
    <property name="libs.javac-api.javadoc" value="" />
    <property name="os.name" value="Windows 10" />
    <property name="ap.proc.none.internal" value="" />
    <property name="libs.JWSAntTasks.maven-pom" value="" />
    <property name="jnlp.signing.keystore" value="" />
    <property name="libs.testng.src" value="" />
    <property name="java.vendor.url.bug" value="http://bugreport.sun.com/bugreport/" />
    <property name="netbeans.user.dir" value="C:\Program Files\TMCBeans\bin" />
    <property name="libs.jaxb.maven-pom" value="" />
    <property name="os.arch" value="amd64" />
    <property name="libs.eclipselink.src" value="" />
    <property name="user.name" value="Admin" />
    <property name="libs.spring-framework500.classpath" value="C:\Program Files\TMCBeans\platform\modules\org-apache-commons-logging.jar;C:\Program Files\TMCBeans\java\modules\ext\cglib-2.2.jar;C:\Program Files\TMCBeans\java\modules\ext\spring-5\spring-aop-5.2.2.RELEASE.jar;C:\Program Files\TMCBeans\java\modules\ext\spring-5\spring-aspects-5.2.2.RELEASE.jar;C:\Program Files\TMCBeans\java\modules\ext\spring-5\spring-beans-5.2.2.RELEASE.jar;C:\Program Files\TMCBeans\java\modules\ext\spring-5\spring-context-5.2.2.RELEASE.jar;C:\Program Files\TMCBeans\java\modules\ext\spring-5\spring-context-indexer-5.2.2.RELEASE.jar;C:\Program Files\TMCBeans\java\modules\ext\spring-5\spring-context-support-5.2.2.RELEASE.jar;C:\Program Files\TMCBeans\java\modules\ext\spring-5\spring-core-5.2.2.RELEASE.jar;C:\Program Files\TMCBeans\java\modules\ext\spring-5\spring-expression-5.2.2.RELEASE.jar;C:\Program Files\TMCBeans\java\modules\ext\spring-5\spring-instrument-5.2.2.RELEASE.jar;C:\Program Files\TMCBeans\java\modules\ext\spring-5\spring-jcl-5.2.2.RELEASE.jar;C:\Program Files\TMCBeans\java\modules\ext\spring-5\spring-jdbc-5.2.2.RELEASE.jar;C:\Program Files\TMCBeans\java\modules\ext\spring-5\spring-jms-5.2.2.RELEASE.jar;C:\Program Files\TMCBeans\java\modules\ext\spring-5\spring-messaging-5.2.2.RELEASE.jar;C:\Program Files\TMCBeans\java\modules\ext\spring-5\spring-orm-5.2.2.RELEASE.jar;C:\Program Files\TMCBeans\java\modules\ext\spring-5\spring-oxm-5.2.2.RELEASE.jar;C:\Program Files\TMCBeans\java\modules\ext\spring-5\spring-test-5.2.2.RELEASE.jar;C:\Program Files\TMCBeans\java\modules\ext\spring-5\spring-tx-5.2.2.RELEASE.jar;C:\Program Files\TMCBeans\java\modules\ext\spring-5\spring-web-5.2.2.RELEASE.jar;C:\Program Files\TMCBeans\java\modules\ext\spring-5\spring-webflux-5.2.2.RELEASE.jar;C:\Program Files\TMCBeans\java\modules\ext\spring-5\spring-webmvc-5.2.2.RELEASE.jar;C:\Program Files\TMCBeans\java\modules\ext\spring-5\spring-websocket-5.2.2.RELEASE.jar" />
    <property name="manifest.available+main.class" value="true" />
    <property name="sun.java.command" value="org.apache.tools.ant.taskdefs.optional.junit.JUnitTestRunner SortingTest skipNonTests=false filtertrace=true haltOnError=false haltOnFailure=false showoutput=true outputtoformatters=true logfailedtests=true threadid=0 logtestlistenerevents=true formatter=org.apache.tools.ant.taskdefs.optional.junit.BriefJUnitResultFormatter formatter=org.apache.tools.ant.taskdefs.optional.junit.XMLJUnitResultFormatter,C:\Users\Admin\Desktop\mooc\mooc-2013-OOProgrammingWithJava-PART1\week6-104.Sorting\build\test\results\TEST-SortingTest.xml crashfile=C:\Users\Admin\Desktop\mooc\mooc-2013-OOProgrammingWithJava-PART1\week6-104.Sorting\build\junitvmwatcher7473027713689976958.properties propsfile=C:\Users\Admin\Desktop\mooc\mooc-2013-OOProgrammingWithJava-PART1\week6-104.Sorting\build\junit6667266120304789915.properties" />
    <property name="build.classes.dir" value="build/classes" />
    <property name="file.reference.edu-test-utils-0.4.2.jar" value="lib/edu-test-utils-0.4.2.jar" />
    <property name="jnlp.descriptor" value="application" />
    <property name="build.sysclasspath" value="ignore" />
    <property name="ap.supported.internal" value="true" />
    <property name="run.modulepath" value="" />
    <property name="libs.jaxws21.javadoc" value="C:\Program Files\TMCBeans\java\docs\jaxws-api-doc.zip" />
    <property name="includes" value="**" />
    <property name="user.country" value="DE" />
    <property name="manifest.file" value="manifest.mf" />
    <property name="javadoc.encoding" value="UTF-8" />
    <property name="javac.classpath" value="" />
    <property name="libs.spring-framework400.classpath" value="C:\Program Files\TMCBeans\platform\modules\org-apache-commons-logging.jar;C:\Program Files\TMCBeans\java\modules\ext\cglib-2.2.jar;C:\Program Files\TMCBeans\java\modules\ext\spring-4\spring-aop-4.3.25.RELEASE.jar;C:\Program Files\TMCBeans\java\modules\ext\spring-4\spring-aspects-4.3.25.RELEASE.jar;C:\Program Files\TMCBeans\java\modules\ext\spring-4\spring-beans-4.3.25.RELEASE.jar;C:\Program Files\TMCBeans\java\modules\ext\spring-4\spring-context-4.3.25.RELEASE.jar;C:\Program Files\TMCBeans\java\modules\ext\spring-4\spring-context-support-4.3.25.RELEASE.jar;C:\Program Files\TMCBeans\java\modules\ext\spring-4\spring-core-4.3.25.RELEASE.jar;C:\Program Files\TMCBeans\java\modules\ext\spring-4\spring-expression-4.3.25.RELEASE.jar;C:\Program Files\TMCBeans\java\modules\ext\spring-4\spring-instrument-4.3.25.RELEASE.jar;C:\Program Files\TMCBeans\java\modules\ext\spring-4\spring-instrument-tomcat-4.3.25.RELEASE.jar;C:\Program Files\TMCBeans\java\modules\ext\spring-4\spring-jdbc-4.3.25.RELEASE.jar;C:\Program Files\TMCBeans\java\modules\ext\spring-4\spring-jms-4.3.25.RELEASE.jar;C:\Program Files\TMCBeans\java\modules\ext\spring-4\spring-messaging-4.3.25.RELEASE.jar;C:\Program Files\TMCBeans\java\modules\ext\spring-4\spring-orm-4.3.25.RELEASE.jar;C:\Program Files\TMCBeans\java\modules\ext\spring-4\spring-oxm-4.3.25.RELEASE.jar;C:\Program Files\TMCBeans\java\modules\ext\spring-4\spring-test-4.3.25.RELEASE.jar;C:\Program Files\TMCBeans\java\modules\ext\spring-4\spring-tx-4.3.25.RELEASE.jar;C:\Program Files\TMCBeans\java\modules\ext\spring-4\spring-web-4.3.25.RELEASE.jar;C:\Program Files\TMCBeans\java\modules\ext\spring-4\spring-webmvc-4.3.25.RELEASE.jar;C:\Program Files\TMCBeans\java\modules\ext\spring-4\spring-webmvc-portlet-4.3.25.RELEASE.jar;C:\Program Files\TMCBeans\java\modules\ext\spring-4\spring-websocket-4.3.25.RELEASE.jar" />
    <property name="debug-transport" value="dt_shmem" />
    <property name="netbeans.home" value="C:\Program Files\TMCBeans\platform" />
    <property name="ant.file.108.Jarjestaminen-impl" value="C:\Users\Admin\Desktop\mooc\mooc-2013-OOProgrammingWithJava-PART1\week6-104.Sorting\nbproject\build-impl.xml" />
    <property name="build.compiler.emacs" value="true" />
    <property name="javac.modulepath" value="" />
    <property name="java.endorsed.dirs" value="C:\Programme\Java\jdk1.8.0_333\jre\lib\endorsed" />
    <property name="user.language.format" value="en" />
    <property name="libs.junit_5.src" value="C:\Program Files\TMCBeans\platform\docs\junit-jupiter-api-5.6.0-sources.jar;C:\Program Files\TMCBeans\platform\docs\junit-jupiter-params-5.6.0-sources.jar;C:\Program Files\TMCBeans\platform\docs\junit-jupiter-engine-5.6.0-sources.jar" />
    <property name="netbeans.dynamic.classpath" value="C:\Program Files\TMCBeans\platform\core\asm-7.2.jar;C:\Program Files\TMCBeans\platform\core\asm-commons-7.2.jar;C:\Program Files\TMCBeans\platform\core\asm-tree-7.2.jar;C:\Program Files\TMCBeans\platform\core\core-base.jar;C:\Program Files\TMCBeans\platform\core\core.jar;C:\Program Files\TMCBeans\platform\core\org-netbeans-libs-asm.jar;C:\Program Files\TMCBeans\platform\core\org-openide-filesystems-compat8.jar;C:\Program Files\TMCBeans\platform\core\org-openide-filesystems.jar;C:\Program Files\TMCBeans\tmcbeans\core\locale\core_tmcbeans.jar;C:\Program Files\TMCBeans\nb\core\org-netbeans-upgrader.jar" />
    <property name="jnlp.enabled" value="false" />
    <property name="java.vm.specification.version" value="1.8" />
    <property name="file.reference.objenesis-2.1.jar" value="lib/objenesis-2.1.jar" />
    <property name="netbeans.productversion" value="Netbeans with TMC 1.5.0" />
    <property name="file.reference.junit-4.11.jar" value="lib/junit-4.11.jar" />
    <property name="libs.jaxws21.src" value="" />
    <property name="application.title" value="104.Sorting" />
    <property name="do.archive" value="true" />
    <property name="netbeans.autoupdate.language" value="de" />
    <property name="java.vendor" value="Oracle Corporation" />
    <property name="jar.index.metainf" value="false" />
    <property name="javac.debug" value="true" />
    <property name="javadoc.splitindex" value="true" />
    <property name="file.separator" value="\" />
    <property name="libs.junit_4.maven-pom" value="" />
    <property name="mkdist.disabled" value="false" />
    <property name="javac.test.processorpath" value=":build/classes:lib/hamcrest-core-1.3.jar:lib/junit-4.11.jar:lib/cglib-nodep-2.2.2.jar:lib/easymock-3.2.jar:lib/javassist-3.18.2-GA.jar:lib/objenesis-2.1.jar:lib/powermock-easymock-1.5.5-full.jar:lib/edu-test-utils-0.4.2.jar" />
    <property name="netbeans.buildnumber" value="1.5.0" />
    <property name="libs.JWSAntTasks.javadoc" value="" />
    <property name="build.generated.sources.dir" value="build/generated-sources" />
    <property name="user.variant" value="" />
    <property name="libs.eclipselinkmodelgen.classpath" value="C:\Program Files\TMCBeans\java\modules\ext\eclipselink\org.eclipse.persistence.jpa.modelgen.processor-2.5.2.jar" />
    <property name="sun.java.launcher" value="SUN_STANDARD" />
    <property name="libs.jaxb.javadoc" value="C:\Program Files\TMCBeans\ide\docs\jaxb-api-doc.jar" />
    <property name="ant.home" value="C:\Program Files\TMCBeans\extide\ant" />
    <property name="libs.junit_4.src" value="C:\Program Files\TMCBeans\platform\docs\junit-4.12-sources.jar" />
    <property name="libs.testng.classpath" value="C:\Program Files\TMCBeans\platform\modules\ext\testng-6.8.1-dist.jar" />
    <property name="libs.absolutelayout.maven-pom" value="" />
    <property name="ant.java.version" value="1.8" />
    <property name="java.library.path" value="C:\Programme\Java\jdk1.8.0_333\jre\bin;C:\WINDOWS\Sun\Java\bin;C:\WINDOWS\system32;C:\WINDOWS;C:\Program Files\Common Files\Oracle\Java\javapath;C:\Program Files (x86)\Common Files\Oracle\Java\javapath;C:\WINDOWS\system32;C:\WINDOWS;C:\WINDOWS\System32\Wbem;C:\WINDOWS\System32\WindowsPowerShell\v1.0\;C:\WINDOWS\System32\OpenSSH\;C:\Program Files\Microsoft SQL Server\150\Tools\Binn\;C:\Program Files\Microsoft SQL Server\Client SDK\ODBC\170\Tools\Binn\;C:\Program Files\dotnet\;C:\Users\Admin\AppData\Local\Programs\Python\Python39\Scripts\;C:\Users\Admin\AppData\Local\Programs\Python\Python39\;C:\Users\Admin\AppData\Local\Microsoft\WindowsApps;C:\Users\Admin\AppData\Local\Programs\Microsoft VS Code\bin;C:\Users\Admin\.dotnet\tools;." />
    <property name="javadoc.author" value="false" />
    <property name="manifest.available+main.class-mkdist.available" value="true" />
    <property name="java.util.logging.config.class" value="org.netbeans.core.startup.TopLogging" />
    <property name="libs.spring-framework400.src" value="" />
    <property name="libs.PostgreSQLDriver.src" value="" />
    <property name="libs.spring-framework500.javadoc" value="" />
    <property name="sun.arch.data.model" value="64" />
    <property name="basedir" value="C:\Users\Admin\Desktop\mooc\mooc-2013-OOProgrammingWithJava-PART1\week6-104.Sorting" />
    <property name="libs.jpa20-persistence.maven-pom" value="" />
    <property name="jar.compress" value="false" />
    <property name="path.separator" value=";" />
    <property name="ant.junit.enabletestlistenerevents" value="true" />
    <property name="sun.io.unicode.encoding" value="UnicodeLittle" />
    <property name="libs.jaxws21.classpath" value="C:\Program Files\TMCBeans\ide\modules\ext\jaxb\jaxb-impl.jar;C:\Program Files\TMCBeans\ide\modules\ext\jaxb\jaxb-xjc.jar;C:\Program Files\TMCBeans\java\modules\ext\jaxws22\FastInfoset.jar;C:\Program Files\TMCBeans\java\modules\ext\jaxws22\gmbal-api-only.jar;C:\Program Files\TMCBeans\java\modules\ext\jaxws22\ha-api.jar;C:\Program Files\TMCBeans\java\modules\ext\jaxws22\javax.mail_1.4.jar;C:\Program Files\TMCBeans\java\modules\ext\jaxws22\jaxws-rt.jar;C:\Program Files\TMCBeans\java\modules\ext\jaxws22\jaxws-tools.jar;C:\Program Files\TMCBeans\java\modules\ext\jaxws22\management-api.jar;C:\Program Files\TMCBeans\java\modules\ext\jaxws22\mimepull.jar;C:\Program Files\TMCBeans\java\modules\ext\jaxws22\policy.jar;C:\Program Files\TMCBeans\java\modules\ext\jaxws22\saaj-impl.jar;C:\Program Files\TMCBeans\java\modules\ext\jaxws22\stax-ex.jar;C:\Program Files\TMCBeans\java\modules\ext\jaxws22\stax2-api.jar;C:\Program Files\TMCBeans\java\modules\ext\jaxws22\streambuffer.jar;C:\Program Files\TMCBeans\java\modules\ext\jaxws22\woodstox-core-asl.jar;C:\Program Files\TMCBeans\java\modules\ext\jaxws22\api\jaxws-api.jar;C:\Program Files\TMCBeans\java\modules\ext\jaxws22\api\jsr181-api.jar;C:\Program Files\TMCBeans\java\modules\ext\jaxws22\api\javax.annotation.jar;C:\Program Files\TMCBeans\java\modules\ext\jaxws22\api\saaj-api.jar;C:\Program Files\TMCBeans\ide\modules\ext\jaxb\activation.jar;C:\Program Files\TMCBeans\ide\modules\ext\jaxb\api\jaxb-api.jar" />
    <property name="user.language" value="de" />
    <property name="libs.JAXB-ENDORSED.maven-pom" value="" />
    <property name="libs.eclipselink.maven-pom" value="" />
    <property name="org.netbeans.io.suspend" value="0" />
    <property name="application.vendor" value="" />
    <property name="manifest.available" value="true" />
    <property name="libs.spring-framework300.maven-pom" value="" />
    <property name="run.test.classpath" value=":build/classes:lib/hamcrest-core-1.3.jar:lib/junit-4.11.jar:lib/cglib-nodep-2.2.2.jar:lib/easymock-3.2.jar:lib/javassist-3.18.2-GA.jar:lib/objenesis-2.1.jar:lib/powermock-easymock-1.5.5-full.jar:lib/edu-test-utils-0.4.2.jar:build/test/classes" />
    <property name="ant.project.invoked-targets" value="test" />
    <property name="https.nonProxyHosts" value="localhost|127.0.0.1|SarasLaptop" />
    <property name="libs.PostgreSQLDriver.maven-pom" value="" />
    <property name="java.class.version" value="52.0" />
    <property name="libs.eclipselink.javadoc" value="C:\Program Files\TMCBeans\java\modules\ext\docs\javax.persistence-2.1.0-doc.zip" />
    <property name="user.properties.file" value="C:\Users\Admin\AppData\Roaming\tmcbeans\12.0\build.properties" />
    <property name="runtime.encoding" value="UTF-8" />
    <property name="libs.javac-api.maven-pom" value="" />
    <property name="file.encoding.pkg" value="sun.io" />
    <property name="sun.cpu.endian" value="little" />
    <property name="libs.JAXB-ENDORSED.javadoc" value="" />
    <property name="libs.JWSAntTasks.classpath" value="C:\Program Files\TMCBeans\java\ant\extra\org-netbeans-modules-javawebstart-anttasks.jar" />
    <property name="libs.spring-framework300.src" value="" />
    <property name="empty.dir" value="C:\Users\Admin\Desktop\mooc\mooc-2013-OOProgrammingWithJava-PART1\week6-104.Sorting\build\empty" />
    <property name="file.reference.powermock-easymock-1.5.5-full.jar" value="lib/powermock-easymock-1.5.5-full.jar" />
    <property name="version-output" value="java version &quot;1.8" />
    <property name="javadoc.preview" value="true" />
    <property name="libs.jpa20-persistence.javadoc" value="C:\Program Files\TMCBeans\java\modules\ext\docs\javax.persistence-2.1.0-doc.zip" />
    <property name="java.home" value="C:\Programme\Java\jdk1.8.0_333\jre" />
    <property name="debug.test.classpath" value=":build/classes:lib/hamcrest-core-1.3.jar:lib/junit-4.11.jar:lib/cglib-nodep-2.2.2.jar:lib/easymock-3.2.jar:lib/javassist-3.18.2-GA.jar:lib/objenesis-2.1.jar:lib/powermock-easymock-1.5.5-full.jar:lib/edu-test-utils-0.4.2.jar:build/test/classes" />
    <property name="ant.project.default-target" value="default" />
    <property name="annotation.processing.run.all.processors" value="true" />
    <property name="jar.archive.disabled" value="false" />
    <property name="jnlp.signing.alias" value="" />
    <property name="libs.PostgreSQLDriver.javadoc" value="" />
    <property name="http.nonProxyHosts" value="localhost|127.0.0.1|SarasLaptop" />
    <property name="libs.junit_4.javadoc" value="C:\Program Files\TMCBeans\platform\docs\junit-4.12-javadoc.jar" />
    <property name="javac.test.modulepath" value="" />
    <property name="run.classpath" value=":build/classes" />
    <property name="jna.boot.library.name" value="jnidispatch-nb" />
    <property name="sun.awt.datatransfer.timeout" value="1000" />
    <property name="annotation.processing.enabled.in.editor" value="false" />
    <property name="nb.native.filechooser" value="false" />
    <property name="sun.management.compiler" value="HotSpot 64-Bit Tiered Compilers" />
    <property name="javac.deprecation" value="false" />
    <property name="javadoc.use" value="true" />
    <property name="javac.processorpath" value="" />
    <property name="libs.hamcrest.maven-pom" value="" />
    <property name="libs.junit_5.classpath" value="C:\Program Files\TMCBeans\platform\modules\ext\junit-jupiter-api-5.6.0.jar;C:\Program Files\TMCBeans\platform\modules\ext\junit-jupiter-params-5.6.0.jar;C:\Program Files\TMCBeans\platform\modules\ext\junit-jupiter-engine-5.6.0.jar" />
    <property name="javac.compilerargs" value="" />
    <property name="ant.file" value="C:\Users\Admin\Desktop\mooc\mooc-2013-OOProgrammingWithJava-PART1\week6-104.Sorting\build.xml" />
    <property name="jnlp.codebase.type" value="no.codebase" />
    <property name="java.vm.specification.vendor" value="Oracle Corporation" />
    <property name="org.openide.major.version" value="IDE/1" />
    <property name="java.vm.name" value="Java HotSpot(TM) 64-Bit Server VM" />
    <property name="netbeans.user" value="C:\Users\Admin\AppData\Roaming\tmcbeans\12.0" />
    <property name="javadoc.additionalparam" value="" />
    <property name="jnlp.offline-allowed" value="false" />
    <property name="java.io.tmpdir" value="C:\Users\Admin\AppData\Local\Temp\" />
    <property name="java.vendor.url" value="http://java.oracle.com/" />
    <property name="endorsed.classpath.cmd.line.arg" value="" />
    <property name="jna.loaded" value="true" />
    <property name="sun.boot.library.path" value="C:\Programme\Java\jdk1.8.0_333\jre\bin" />
    <property name="have.sources" value="true" />
    <property name="libs.hamcrest.javadoc" value="" />
    <property name="debug.classpath" value=":build/classes" />
    <property name="javadoc.private" value="false" />
    <property name="test.src.dir" value="test" />
    <property name="ap.processors.internal" value="" />
    <property name="meta.inf.dir" value="src/META-INF" />
    <property name="javadoc.encoding.used" value="UTF-8" />
    <property name="dist.jar" value="dist/104.Sorting.jar" />
    <property name="file.reference.easymock-3.2.jar" value="lib/easymock-3.2.jar" />
    <property name="libs.spring-framework400.maven-pom" value="" />
    <property name="java.runtime.name" value="Java(TM) SE Runtime Environment" />
    <property name="debug.test.modulepath" value="" />
    <property name="ant.project.name" value="108.Jarjestaminen" />
    <property name="netbeans.hash.code" value="unique=01735d86a-7515-43c7-8423-7e747bb31b84_3623f403-f2d9-4624-b01c-df8d72dfc4d3" />
    <property name="netbeans.default_userdir_root" value="C:\Users\Admin\AppData\Roaming\tmcbeans" />
    <property name="manifest.available-mkdist.available" value="true" />
    <property name="sun.cpu.isalist" value="amd64" />
    <property name="libs.spring-framework400.javadoc" value="" />
    <property name="libs.CopyLibs.javadoc" value="" />
    <property name="org.openide.specification.version" value="6.2" />
    <property name="user.home" value="C:\Users\Admin" />
    <property name="annotation.processing.processors.list" value="" />
    <property name="debug-args-line" value="-Xdebug" />
    <property name="libs.JWSAntTasks.src" value="" />
    <property name="jar.index" value="false" />
    <property name="libs.CopyLibs.maven-pom" value="" />
    <property name="libs.spring-framework300.javadoc" value="" />
    <property name="libs.absolutelayout.javadoc" value="" />
    <property name="java.specification.name" value="Java Platform API Specification" />
    <property name="do.archive+main.class.available" value="true" />
    <property name="jnlp.mixed.code" value="default" />
    <property name="java.specification.vendor" value="Oracle Corporation" />
    <property name="libs.javac-api.classpath" value="" />
    <property name="java.version" value="1.8.0_333" />
    <property name="javadoc.version" value="false" />
    <property name="javac.processormodulepath" value="" />
    <property name="org.openide.version" value="deprecated" />
    <property name="source.encoding" value="UTF-8" />
    <property name="ap.cmd.line.internal" value="" />
    <property name="libs.eclipselinkmodelgen.maven-pom" value="" />
    <property name="libs.eclipselinkmodelgen.javadoc" value="" />
    <property name="jnidispatch.path" value="C:\Users\Admin\AppData\Local\Temp\jna-63116079\jna8602105256179286357.dll" />
    <property name="netbeans.home+have.tests" value="true" />
    <property name="annotation.processing.processor.options" value="" />
    <property name="libs.testng.maven-pom" value="" />
    <property name="ant.file.type.108.Jarjestaminen-impl" value="file" />
    <property name="libs.jaxb.src" value="" />
    <property name="work.dir" value="C:\Users\Admin\Desktop\mooc\mooc-2013-OOProgrammingWithJava-PART1\week6-104.Sorting" />
    <property name="libs.jaxb.classpath" value="C:\Program Files\TMCBeans\ide\modules\ext\jaxb\jaxb-impl.jar;C:\Program Files\TMCBeans\ide\modules\ext\jaxb\jaxb-xjc.jar;C:\Program Files\TMCBeans\ide\modules\ext\jaxb\jaxb1-impl.jar;C:\Program Files\TMCBeans\ide\modules\ext\jaxb\activation.jar;C:\Program Files\TMCBeans\ide\modules\ext\jaxb\api\jaxb-api.jar" />
    <property name="do.depend" value="false" />
    <property name="dist.javadoc.dir" value="dist/javadoc" />
    <property name="build.generated.dir" value="build/generated" />
    <property name="javac.source" value="1.6" />
    <property name="line.separator" value="&#xd;&#xa;" />
    <property name="java.specification.version" value="1.8" />
    <property name="libs.jaxws21.maven-pom" value="" />
    <property name="java.vm.info" value="mixed mode" />
    <property name="junit.forkmode" value="perTest" />
    <property name="file.reference.hamcrest-core-1.3.jar" value="lib/hamcrest-core-1.3.jar" />
    <property name="sun.boot.class.path" value="C:\Programme\Java\jdk1.8.0_333\jre\lib\resources.jar;C:\Programme\Java\jdk1.8.0_333\jre\lib\rt.jar;C:\Programme\Java\jdk1.8.0_333\jre\lib\sunrsasign.jar;C:\Programme\Java\jdk1.8.0_333\jre\lib\jsse.jar;C:\Programme\Java\jdk1.8.0_333\jre\lib\jce.jar;C:\Programme\Java\jdk1.8.0_333\jre\lib\charsets.jar;C:\Programme\Java\jdk1.8.0_333\jre\lib\jfr.jar;C:\Programme\Java\jdk1.8.0_333\jre\classes" />
    <property name="javac.target" value="1.6" />
    <property name="built-jar.properties" value="C:\Users\Admin\Desktop\mooc\mooc-2013-OOProgrammingWithJava-PART1\week6-104.Sorting\build\built-jar.properties" />
    <property name="file.reference.javassist-3.18.2-GA.jar" value="lib/javassist-3.18.2-GA.jar" />
    <property name="build.test.classes.dir" value="build/test/classes" />
    <property name="src.dir" value="src" />
    <property name="annotation.processing.enabled" value="true" />
    <property name="sun.awt.keepWorkingSetOnMinimize" value="true" />
    <property name="libs.jpa20-persistence.src" value="" />
    <property name="ignore.failing.tests" value="true" />
    <property name="dist.dir" value="dist" />
    <property name="do.archive+manifest.available+main.class" value="true" />
    <property name="javac.fork" value="false" />
    <property name="java.awt.printerjob" value="sun.awt.windows.WPrinterJob" />
    <property name="default.javac.source" value="1.8" />
    <property name="debug-transport-by-os" value="dt_shmem" />
    <property name="file.reference.cglib-nodep-2.2.2.jar" value="lib/cglib-nodep-2.2.2.jar" />
    <property name="sun.jnu.encoding" value="Cp1252" />
    <property name="java.runtime.version" value="1.8.0_333-b02" />
    <property name="build.test.results.dir" value="build/test/results" />
    <property name="manifest.available+main.class+mkdist.available" value="true" />
    <property name="default.javac.target" value="1.8" />
    <property name="libs.junit_4.classpath" value="C:\Program Files\TMCBeans\platform\modules\ext\junit-4.12.jar" />
    <property name="user.timezone" value="" />
    <property name="netbeans.dirs" value="C:\Program Files\TMCBeans\tmcbeans;C:\Program Files\TMCBeans\extide;C:\Program Files\TMCBeans\harness;C:\Program Files\TMCBeans\ide;C:\Program Files\TMCBeans\java;C:\Program Files\TMCBeans\javafx;C:\Program Files\TMCBeans\nb;C:\Program Files\TMCBeans\webcommon;C:\Program Files\TMCBeans\websvccommon;C:\Program Files\TMCBeans\mavenmodules" />
    <property name="libs.spring-framework500.maven-pom" value="" />
    <property name="java.ext.dirs" value="C:\Programme\Java\jdk1.8.0_333\jre\lib\ext;C:\WINDOWS\Sun\Java\lib\ext" />
    <property name="endorsed.classpath" value="" />
    <property name="libs.absolutelayout.classpath" value="C:\Program Files\TMCBeans\java\modules\ext\AbsoluteLayout.jar" />
    <property name="excludes" value="" />
    <property name="java.class.path" value="C:\Users\Admin\Desktop\mooc\mooc-2013-OOProgrammingWithJava-PART1\week6-104.Sorting\build\classes;C:\Users\Admin\Desktop\mooc\mooc-2013-OOProgrammingWithJava-PART1\week6-104.Sorting\lib\hamcrest-core-1.3.jar;C:\Users\Admin\Desktop\mooc\mooc-2013-OOProgrammingWithJava-PART1\week6-104.Sorting\lib\junit-4.11.jar;C:\Users\Admin\Desktop\mooc\mooc-2013-OOProgrammingWithJava-PART1\week6-104.Sorting\lib\cglib-nodep-2.2.2.jar;C:\Users\Admin\Desktop\mooc\mooc-2013-OOProgrammingWithJava-PART1\week6-104.Sorting\lib\easymock-3.2.jar;C:\Users\Admin\Desktop\mooc\mooc-2013-OOProgrammingWithJava-PART1\week6-104.Sorting\lib\javassist-3.18.2-GA.jar;C:\Users\Admin\Desktop\mooc\mooc-2013-OOProgrammingWithJava-PART1\week6-104.Sorting\lib\objenesis-2.1.jar;C:\Users\Admin\Desktop\mooc\mooc-2013-OOProgrammingWithJava-PART1\week6-104.Sorting\lib\powermock-easymock-1.5.5-full.jar;C:\Users\Admin\Desktop\mooc\mooc-2013-OOProgrammingWithJava-PART1\week6-104.Sorting\lib\edu-test-utils-0.4.2.jar;C:\Users\Admin\Desktop\mooc\mooc-2013-OOProgrammingWithJava-PART1\week6-104.Sorting\build\test\classes;C:\Program Files\TMCBeans\extide\ant\lib\ant-launcher.jar;C:\Program Files\TMCBeans\extide\ant\lib\ant.jar;C:\Program Files\TMCBeans\extide\ant\lib\ant-junit.jar;C:\Program Files\TMCBeans\extide\ant\lib\ant-junit4.jar" />
    <property name="do.mkdist" value="true" />
    <property name="libs.absolutelayout.src" value="" />
    <property name="libs.jpa20-persistence.classpath" value="C:\Program Files\TMCBeans\java\modules\ext\eclipselink\javax.persistence-2.1.0.jar" />
    <property name="libs.junit_5.javadoc" value="C:\Program Files\TMCBeans\platform\docs\junit-jupiter-api-5.6.0-javadoc.jar;C:\Program Files\TMCBeans\platform\docs\junit-jupiter-params-5.6.0-javadoc.jar;C:\Program Files\TMCBeans\platform\docs\junit-jupiter-engine-5.6.0-javadoc.jar" />
    <property name="libs.spring-framework500.src" value="" />
    <property name="os.version" value="10.0" />
    <property name="application.args" value="" />
    <property name="sun.awt.enableExtraMouseButtons" value="true" />
    <property name="main.class.available" value="true" />
    <property name="sun.desktop" value="windows" />
    <property name="run.test.modulepath" value="" />
    <property name="nb.internal.action.name" value="test" />
    <property name="libs.JAXB-ENDORSED.classpath" value="C:\Program Files\TMCBeans\ide\modules\ext\jaxb\api\jaxb-api.jar" />
    <property name="libs.eclipselink.classpath" value="C:\Program Files\TMCBeans\java\modules\ext\eclipselink\org.eclipse.persistence.core-2.5.2.jar;C:\Program Files\TMCBeans\java\modules\ext\eclipselink\org.eclipse.persistence.asm-2.5.2.jar;C:\Program Files\TMCBeans\java\modules\ext\eclipselink\org.eclipse.persistence.antlr-2.5.2.jar;C:\Program Files\TMCBeans\java\modules\ext\eclipselink\org.eclipse.persistence.jpa-2.5.2.jar;C:\Program Files\TMCBeans\java\modules\ext\eclipselink\org.eclipse.persistence.jpa.jpql-2.5.2.jar;C:\Program Files\TMCBeans\java\modules\ext\eclipselink\javax.persistence-2.1.0.jar" />
    <property name="java.awt.graphicsenv" value="sun.awt.Win32GraphicsEnvironment" />
    <property name="java.vm.vendor" value="Oracle Corporation" />
    <property name="libs.CopyLibs.classpath" value="C:\Program Files\TMCBeans\java\ant\extra\org-netbeans-modules-java-j2seproject-copylibstask.jar" />
    <property name="libs.spring-framework300.classpath" value="C:\Program Files\TMCBeans\platform\modules\org-apache-commons-logging.jar;C:\Program Files\TMCBeans\java\modules\ext\cglib-2.2.jar;C:\Program Files\TMCBeans\java\modules\ext\spring-3.0\spring-aop-3.2.18.RELEASE.jar;C:\Program Files\TMCBeans\java\modules\ext\spring-3.0\spring-aspects-3.2.18.RELEASE.jar;C:\Program Files\TMCBeans\java\modules\ext\spring-3.0\spring-beans-3.2.18.RELEASE.jar;C:\Program Files\TMCBeans\java\modules\ext\spring-3.0\spring-context-3.2.18.RELEASE.jar;C:\Program Files\TMCBeans\java\modules\ext\spring-3.0\spring-context-support-3.2.18.RELEASE.jar;C:\Program Files\TMCBeans\java\modules\ext\spring-3.0\spring-core-3.2.18.RELEASE.jar;C:\Program Files\TMCBeans\java\modules\ext\spring-3.0\spring-expression-3.2.18.RELEASE.jar;C:\Program Files\TMCBeans\java\modules\ext\spring-3.0\spring-instrument-3.2.18.RELEASE.jar;C:\Program Files\TMCBeans\java\modules\ext\spring-3.0\spring-instrument-tomcat-3.2.18.RELEASE.jar;C:\Program Files\TMCBeans\java\modules\ext\spring-3.0\spring-jdbc-3.2.18.RELEASE.jar;C:\Program Files\TMCBeans\java\modules\ext\spring-3.0\spring-jms-3.2.18.RELEASE.jar;C:\Program Files\TMCBeans\java\modules\ext\spring-3.0\spring-orm-3.2.18.RELEASE.jar;C:\Program Files\TMCBeans\java\modules\ext\spring-3.0\spring-oxm-3.2.18.RELEASE.jar;C:\Program Files\TMCBeans\java\modules\ext\spring-3.0\spring-struts-3.2.18.RELEASE.jar;C:\Program Files\TMCBeans\java\modules\ext\spring-3.0\spring-test-3.2.18.RELEASE.jar;C:\Program Files\TMCBeans\java\modules\ext\spring-3.0\spring-tx-3.2.18.RELEASE.jar;C:\Program Files\TMCBeans\java\modules\ext\spring-3.0\spring-web-3.2.18.RELEASE.jar;C:\Program Files\TMCBeans\java\modules\ext\spring-3.0\spring-webmvc-3.2.18.RELEASE.jar;C:\Program Files\TMCBeans\java\modules\ext\spring-3.0\spring-webmvc-portlet-3.2.18.RELEASE.jar" />
    <property name="libs.junit_5.maven-pom" value="" />
    <property name="libs.hamcrest.src" value="" />
    <property name="run.jvmargs" value="" />
    <property name="libs.JAXB-ENDORSED.src" value="" />
    <property name="libs.testng.javadoc" value="C:\Program Files\TMCBeans\platform\docs\testng-6.8.1-javadoc.zip" />
    <property name="libs.PostgreSQLDriver.classpath" value="C:\Program Files\TMCBeans\ide\modules\ext\postgresql-42.2.10.jar" />
    <property name="user.script" value="" />
    <property name="jnlp.signing" value="" />
    <property name="jnlp.signed" value="false" />
    <property name="annotation.processing.source.output" value="build/generated-sources/ap-source-output" />
    <property name="main.class" value="Main" />
    <property name="build.dir" value="build" />
    <property name="libs.CopyLibs.src" value="" />
    <property name="debug.modulepath" value="" />
    <property name="ant.version" value="Apache Ant(TM) version 1.10.4 compiled on June 19 2018" />
    <property name="file.encoding" value="Cp1252" />
    <property name="build.classes.excludes" value="**/*.java,**/*.form" />
    <property name="jdkBug6558476" value="false" />
    <property name="javadoc.nonavbar" value="false" />
    <property name="platform.active" value="default_platform" />
    <property name="awt.toolkit" value="sun.awt.windows.WToolkit" />
  </properties>
  <testcase classname="SortingTest" name="indexOfTheSmallestTest1" time="0.016" />
  <testcase classname="SortingTest" name="indexOfTheSmallestTest2" time="0.0" />
  <testcase classname="SortingTest" name="indexOfTheSmallestTest3" time="0.0" />
  <testcase classname="SortingTest" name="swapTest1" time="0.0" />
  <testcase classname="SortingTest" name="swapTest2" time="0.0" />
  <testcase classname="SortingTest" name="swapTest3" time="0.0" />
  <testcase classname="SortingTest" name="swapTest4" time="0.0" />
  <testcase classname="SortingTest" name="swapTest5" time="0.0" />
  <testcase classname="SortingTest" name="test10" time="0.0" />
  <testcase classname="SortingTest" name="test11" time="0.016" />
  <testcase classname="SortingTest" name="test12" time="0.008" />
  <testcase classname="SortingTest" name="test13" time="0.0" />
  <testcase classname="SortingTest" name="test14" time="0.0" />
  <testcase classname="SortingTest" name="test15" time="0.008" />
  <testcase classname="SortingTest" name="test17" time="0.0" />
  <testcase classname="SortingTest" name="test18" time="0.0" />
  <testcase classname="SortingTest" name="indexOfTheSmallestStartingFromTest1" time="0.0" />
  <testcase classname="SortingTest" name="indexOfTheSmallestStartingFromTest3" time="0.0" />
  <testcase classname="SortingTest" name="sortTest1" time="0.0" />
  <testcase classname="SortingTest" name="sortTest2" time="0.0" />
  <testcase classname="SortingTest" name="sortTest3" time="0.008" />
  <testcase classname="SortingTest" name="sortTest4" time="0.232" />
  <testcase classname="SortingTest" name="test1" time="0.0" />
  <testcase classname="SortingTest" name="test2" time="0.0" />
  <testcase classname="SortingTest" name="test3" time="0.0" />
  <testcase classname="SortingTest" name="test4" time="0.0" />
  <testcase classname="SortingTest" name="test5" time="0.0" />
  <testcase classname="SortingTest" name="test6" time="0.0" />
  <testcase classname="SortingTest" name="test7" time="0.0" />
  <testcase classname="SortingTest" name="test8" time="0.0" />
  <testcase classname="SortingTest" name="test9" time="0.008" />
  <system-out><![CDATA[[2, 1, 3, 0]
[1, 2, 3, 0]
[0, 2, 3, 1]
[0, 1, 3, 2]
[0, 1, 2, 3]
[4, 7, 1]
[1, 7, 4]
[1, 4, 7]
[4, 7, 8, 6, 9, 2, 3]
[2, 7, 8, 6, 9, 4, 3]
[2, 6, 8, 7, 9, 4, 3]
[2, 4, 8, 7, 9, 6, 3]
[2, 3, 8, 7, 9, 6, 4]
[2, 3, 7, 8, 9, 6, 4]
[2, 3, 6, 8, 9, 7, 4]
[2, 3, 4, 8, 9, 7, 6]
[2, 3, 4, 7, 9, 8, 6]
[2, 3, 4, 6, 9, 8, 7]
[2, 3, 4, 6, 8, 9, 7]
[2, 3, 4, 6, 7, 9, 8]
[2, 3, 4, 6, 7, 8, 9]
[8, -9, -6, 13, -2]
[-9, 8, -6, 13, -2]
[-9, -6, 8, 13, -2]
[-9, -6, -2, 13, 8]
[-9, -6, -2, 8, 13]
[7, 16, 17, 8, 10, 17, 9, -8, -7, -2, 6, 10, -1, 12, -7, 0, 13, 14, 4, -6, 16, 18, -3, -6, 1, 9, 15, 1, 8, 14, 2, 2, 16, 7, 13, 19]
[-8, 16, 17, 8, 10, 17, 9, 7, -7, -2, 6, 10, -1, 12, -7, 0, 13, 14, 4, -6, 16, 18, -3, -6, 1, 9, 15, 1, 8, 14, 2, 2, 16, 7, 13, 19]
[-8, 8, 17, 16, 10, 17, 9, 7, -7, -2, 6, 10, -1, 12, -7, 0, 13, 14, 4, -6, 16, 18, -3, -6, 1, 9, 15, 1, 8, 14, 2, 2, 16, 7, 13, 19]
[-8, 7, 17, 16, 10, 17, 9, 8, -7, -2, 6, 10, -1, 12, -7, 0, 13, 14, 4, -6, 16, 18, -3, -6, 1, 9, 15, 1, 8, 14, 2, 2, 16, 7, 13, 19]
[-8, -7, 17, 16, 10, 17, 9, 8, 7, -2, 6, 10, -1, 12, -7, 0, 13, 14, 4, -6, 16, 18, -3, -6, 1, 9, 15, 1, 8, 14, 2, 2, 16, 7, 13, 19]
[-8, -7, 17, 16, 10, 17, 9, 8, 7, -2, 6, 10, -1, 12, -7, 0, 13, 14, 4, -6, 16, 18, -3, -6, 1, 9, 15, 1, 8, 14, 2, 2, 16, 7, 13, 19]
[-8, -7, 16, 17, 10, 17, 9, 8, 7, -2, 6, 10, -1, 12, -7, 0, 13, 14, 4, -6, 16, 18, -3, -6, 1, 9, 15, 1, 8, 14, 2, 2, 16, 7, 13, 19]
[-8, -7, 10, 17, 16, 17, 9, 8, 7, -2, 6, 10, -1, 12, -7, 0, 13, 14, 4, -6, 16, 18, -3, -6, 1, 9, 15, 1, 8, 14, 2, 2, 16, 7, 13, 19]
[-8, -7, 9, 17, 16, 17, 10, 8, 7, -2, 6, 10, -1, 12, -7, 0, 13, 14, 4, -6, 16, 18, -3, -6, 1, 9, 15, 1, 8, 14, 2, 2, 16, 7, 13, 19]
[-8, -7, 8, 17, 16, 17, 10, 9, 7, -2, 6, 10, -1, 12, -7, 0, 13, 14, 4, -6, 16, 18, -3, -6, 1, 9, 15, 1, 8, 14, 2, 2, 16, 7, 13, 19]
[-8, -7, 7, 17, 16, 17, 10, 9, 8, -2, 6, 10, -1, 12, -7, 0, 13, 14, 4, -6, 16, 18, -3, -6, 1, 9, 15, 1, 8, 14, 2, 2, 16, 7, 13, 19]
[-8, -7, -2, 17, 16, 17, 10, 9, 8, 7, 6, 10, -1, 12, -7, 0, 13, 14, 4, -6, 16, 18, -3, -6, 1, 9, 15, 1, 8, 14, 2, 2, 16, 7, 13, 19]
[-8, -7, -7, 17, 16, 17, 10, 9, 8, 7, 6, 10, -1, 12, -2, 0, 13, 14, 4, -6, 16, 18, -3, -6, 1, 9, 15, 1, 8, 14, 2, 2, 16, 7, 13, 19]
[-8, -7, -7, 16, 17, 17, 10, 9, 8, 7, 6, 10, -1, 12, -2, 0, 13, 14, 4, -6, 16, 18, -3, -6, 1, 9, 15, 1, 8, 14, 2, 2, 16, 7, 13, 19]
[-8, -7, -7, 10, 17, 17, 16, 9, 8, 7, 6, 10, -1, 12, -2, 0, 13, 14, 4, -6, 16, 18, -3, -6, 1, 9, 15, 1, 8, 14, 2, 2, 16, 7, 13, 19]
[-8, -7, -7, 9, 17, 17, 16, 10, 8, 7, 6, 10, -1, 12, -2, 0, 13, 14, 4, -6, 16, 18, -3, -6, 1, 9, 15, 1, 8, 14, 2, 2, 16, 7, 13, 19]
[-8, -7, -7, 8, 17, 17, 16, 10, 9, 7, 6, 10, -1, 12, -2, 0, 13, 14, 4, -6, 16, 18, -3, -6, 1, 9, 15, 1, 8, 14, 2, 2, 16, 7, 13, 19]
[-8, -7, -7, 7, 17, 17, 16, 10, 9, 8, 6, 10, -1, 12, -2, 0, 13, 14, 4, -6, 16, 18, -3, -6, 1, 9, 15, 1, 8, 14, 2, 2, 16, 7, 13, 19]
[-8, -7, -7, 6, 17, 17, 16, 10, 9, 8, 7, 10, -1, 12, -2, 0, 13, 14, 4, -6, 16, 18, -3, -6, 1, 9, 15, 1, 8, 14, 2, 2, 16, 7, 13, 19]
[-8, -7, -7, -1, 17, 17, 16, 10, 9, 8, 7, 10, 6, 12, -2, 0, 13, 14, 4, -6, 16, 18, -3, -6, 1, 9, 15, 1, 8, 14, 2, 2, 16, 7, 13, 19]
[-8, -7, -7, -2, 17, 17, 16, 10, 9, 8, 7, 10, 6, 12, -1, 0, 13, 14, 4, -6, 16, 18, -3, -6, 1, 9, 15, 1, 8, 14, 2, 2, 16, 7, 13, 19]
[-8, -7, -7, -6, 17, 17, 16, 10, 9, 8, 7, 10, 6, 12, -1, 0, 13, 14, 4, -2, 16, 18, -3, -6, 1, 9, 15, 1, 8, 14, 2, 2, 16, 7, 13, 19]
[-8, -7, -7, -6, 17, 17, 16, 10, 9, 8, 7, 10, 6, 12, -1, 0, 13, 14, 4, -2, 16, 18, -3, -6, 1, 9, 15, 1, 8, 14, 2, 2, 16, 7, 13, 19]
[-8, -7, -7, -6, 17, 17, 16, 10, 9, 8, 7, 10, 6, 12, -1, 0, 13, 14, 4, -2, 16, 18, -3, -6, 1, 9, 15, 1, 8, 14, 2, 2, 16, 7, 13, 19]
[-8, -7, -7, -6, 16, 17, 17, 10, 9, 8, 7, 10, 6, 12, -1, 0, 13, 14, 4, -2, 16, 18, -3, -6, 1, 9, 15, 1, 8, 14, 2, 2, 16, 7, 13, 19]
[-8, -7, -7, -6, 10, 17, 17, 16, 9, 8, 7, 10, 6, 12, -1, 0, 13, 14, 4, -2, 16, 18, -3, -6, 1, 9, 15, 1, 8, 14, 2, 2, 16, 7, 13, 19]
[-8, -7, -7, -6, 9, 17, 17, 16, 10, 8, 7, 10, 6, 12, -1, 0, 13, 14, 4, -2, 16, 18, -3, -6, 1, 9, 15, 1, 8, 14, 2, 2, 16, 7, 13, 19]
[-8, -7, -7, -6, 8, 17, 17, 16, 10, 9, 7, 10, 6, 12, -1, 0, 13, 14, 4, -2, 16, 18, -3, -6, 1, 9, 15, 1, 8, 14, 2, 2, 16, 7, 13, 19]
[-8, -7, -7, -6, 7, 17, 17, 16, 10, 9, 8, 10, 6, 12, -1, 0, 13, 14, 4, -2, 16, 18, -3, -6, 1, 9, 15, 1, 8, 14, 2, 2, 16, 7, 13, 19]
[-8, -7, -7, -6, 6, 17, 17, 16, 10, 9, 8, 10, 7, 12, -1, 0, 13, 14, 4, -2, 16, 18, -3, -6, 1, 9, 15, 1, 8, 14, 2, 2, 16, 7, 13, 19]
[-8, -7, -7, -6, -1, 17, 17, 16, 10, 9, 8, 10, 7, 12, 6, 0, 13, 14, 4, -2, 16, 18, -3, -6, 1, 9, 15, 1, 8, 14, 2, 2, 16, 7, 13, 19]
[-8, -7, -7, -6, -2, 17, 17, 16, 10, 9, 8, 10, 7, 12, 6, 0, 13, 14, 4, -1, 16, 18, -3, -6, 1, 9, 15, 1, 8, 14, 2, 2, 16, 7, 13, 19]
[-8, -7, -7, -6, -3, 17, 17, 16, 10, 9, 8, 10, 7, 12, 6, 0, 13, 14, 4, -1, 16, 18, -2, -6, 1, 9, 15, 1, 8, 14, 2, 2, 16, 7, 13, 19]
[-8, -7, -7, -6, -6, 17, 17, 16, 10, 9, 8, 10, 7, 12, 6, 0, 13, 14, 4, -1, 16, 18, -2, -3, 1, 9, 15, 1, 8, 14, 2, 2, 16, 7, 13, 19]
[-8, -7, -7, -6, -6, 17, 17, 16, 10, 9, 8, 10, 7, 12, 6, 0, 13, 14, 4, -1, 16, 18, -2, -3, 1, 9, 15, 1, 8, 14, 2, 2, 16, 7, 13, 19]
[-8, -7, -7, -6, -6, 16, 17, 17, 10, 9, 8, 10, 7, 12, 6, 0, 13, 14, 4, -1, 16, 18, -2, -3, 1, 9, 15, 1, 8, 14, 2, 2, 16, 7, 13, 19]
[-8, -7, -7, -6, -6, 10, 17, 17, 16, 9, 8, 10, 7, 12, 6, 0, 13, 14, 4, -1, 16, 18, -2, -3, 1, 9, 15, 1, 8, 14, 2, 2, 16, 7, 13, 19]
[-8, -7, -7, -6, -6, 9, 17, 17, 16, 10, 8, 10, 7, 12, 6, 0, 13, 14, 4, -1, 16, 18, -2, -3, 1, 9, 15, 1, 8, 14, 2, 2, 16, 7, 13, 19]
[-8, -7, -7, -6, -6, 8, 17, 17, 16, 10, 9, 10, 7, 12, 6, 0, 13, 14, 4, -1, 16, 18, -2, -3, 1, 9, 15, 1, 8, 14, 2, 2, 16, 7, 13, 19]
[-8, -7, -7, -6, -6, 7, 17, 17, 16, 10, 9, 10, 8, 12, 6, 0, 13, 14, 4, -1, 16, 18, -2, -3, 1, 9, 15, 1, 8, 14, 2, 2, 16, 7, 13, 19]
[-8, -7, -7, -6, -6, 6, 17, 17, 16, 10, 9, 10, 8, 12, 7, 0, 13, 14, 4, -1, 16, 18, -2, -3, 1, 9, 15, 1, 8, 14, 2, 2, 16, 7, 13, 19]
[-8, -7, -7, -6, -6, 0, 17, 17, 16, 10, 9, 10, 8, 12, 7, 6, 13, 14, 4, -1, 16, 18, -2, -3, 1, 9, 15, 1, 8, 14, 2, 2, 16, 7, 13, 19]
[-8, -7, -7, -6, -6, -1, 17, 17, 16, 10, 9, 10, 8, 12, 7, 6, 13, 14, 4, 0, 16, 18, -2, -3, 1, 9, 15, 1, 8, 14, 2, 2, 16, 7, 13, 19]
[-8, -7, -7, -6, -6, -2, 17, 17, 16, 10, 9, 10, 8, 12, 7, 6, 13, 14, 4, 0, 16, 18, -1, -3, 1, 9, 15, 1, 8, 14, 2, 2, 16, 7, 13, 19]
[-8, -7, -7, -6, -6, -3, 17, 17, 16, 10, 9, 10, 8, 12, 7, 6, 13, 14, 4, 0, 16, 18, -1, -2, 1, 9, 15, 1, 8, 14, 2, 2, 16, 7, 13, 19]
[-8, -7, -7, -6, -6, -3, 17, 17, 16, 10, 9, 10, 8, 12, 7, 6, 13, 14, 4, 0, 16, 18, -1, -2, 1, 9, 15, 1, 8, 14, 2, 2, 16, 7, 13, 19]
[-8, -7, -7, -6, -6, -3, 16, 17, 17, 10, 9, 10, 8, 12, 7, 6, 13, 14, 4, 0, 16, 18, -1, -2, 1, 9, 15, 1, 8, 14, 2, 2, 16, 7, 13, 19]
[-8, -7, -7, -6, -6, -3, 10, 17, 17, 16, 9, 10, 8, 12, 7, 6, 13, 14, 4, 0, 16, 18, -1, -2, 1, 9, 15, 1, 8, 14, 2, 2, 16, 7, 13, 19]
[-8, -7, -7, -6, -6, -3, 9, 17, 17, 16, 10, 10, 8, 12, 7, 6, 13, 14, 4, 0, 16, 18, -1, -2, 1, 9, 15, 1, 8, 14, 2, 2, 16, 7, 13, 19]
[-8, -7, -7, -6, -6, -3, 8, 17, 17, 16, 10, 10, 9, 12, 7, 6, 13, 14, 4, 0, 16, 18, -1, -2, 1, 9, 15, 1, 8, 14, 2, 2, 16, 7, 13, 19]
[-8, -7, -7, -6, -6, -3, 7, 17, 17, 16, 10, 10, 9, 12, 8, 6, 13, 14, 4, 0, 16, 18, -1, -2, 1, 9, 15, 1, 8, 14, 2, 2, 16, 7, 13, 19]
[-8, -7, -7, -6, -6, -3, 6, 17, 17, 16, 10, 10, 9, 12, 8, 7, 13, 14, 4, 0, 16, 18, -1, -2, 1, 9, 15, 1, 8, 14, 2, 2, 16, 7, 13, 19]
[-8, -7, -7, -6, -6, -3, 4, 17, 17, 16, 10, 10, 9, 12, 8, 7, 13, 14, 6, 0, 16, 18, -1, -2, 1, 9, 15, 1, 8, 14, 2, 2, 16, 7, 13, 19]
[-8, -7, -7, -6, -6, -3, 0, 17, 17, 16, 10, 10, 9, 12, 8, 7, 13, 14, 6, 4, 16, 18, -1, -2, 1, 9, 15, 1, 8, 14, 2, 2, 16, 7, 13, 19]
[-8, -7, -7, -6, -6, -3, -1, 17, 17, 16, 10, 10, 9, 12, 8, 7, 13, 14, 6, 4, 16, 18, 0, -2, 1, 9, 15, 1, 8, 14, 2, 2, 16, 7, 13, 19]
[-8, -7, -7, -6, -6, -3, -2, 17, 17, 16, 10, 10, 9, 12, 8, 7, 13, 14, 6, 4, 16, 18, 0, -1, 1, 9, 15, 1, 8, 14, 2, 2, 16, 7, 13, 19]
[-8, -7, -7, -6, -6, -3, -2, 17, 17, 16, 10, 10, 9, 12, 8, 7, 13, 14, 6, 4, 16, 18, 0, -1, 1, 9, 15, 1, 8, 14, 2, 2, 16, 7, 13, 19]
[-8, -7, -7, -6, -6, -3, -2, 16, 17, 17, 10, 10, 9, 12, 8, 7, 13, 14, 6, 4, 16, 18, 0, -1, 1, 9, 15, 1, 8, 14, 2, 2, 16, 7, 13, 19]
[-8, -7, -7, -6, -6, -3, -2, 10, 17, 17, 16, 10, 9, 12, 8, 7, 13, 14, 6, 4, 16, 18, 0, -1, 1, 9, 15, 1, 8, 14, 2, 2, 16, 7, 13, 19]
[-8, -7, -7, -6, -6, -3, -2, 10, 17, 17, 16, 10, 9, 12, 8, 7, 13, 14, 6, 4, 16, 18, 0, -1, 1, 9, 15, 1, 8, 14, 2, 2, 16, 7, 13, 19]
[-8, -7, -7, -6, -6, -3, -2, 9, 17, 17, 16, 10, 10, 12, 8, 7, 13, 14, 6, 4, 16, 18, 0, -1, 1, 9, 15, 1, 8, 14, 2, 2, 16, 7, 13, 19]
[-8, -7, -7, -6, -6, -3, -2, 8, 17, 17, 16, 10, 10, 12, 9, 7, 13, 14, 6, 4, 16, 18, 0, -1, 1, 9, 15, 1, 8, 14, 2, 2, 16, 7, 13, 19]
[-8, -7, -7, -6, -6, -3, -2, 7, 17, 17, 16, 10, 10, 12, 9, 8, 13, 14, 6, 4, 16, 18, 0, -1, 1, 9, 15, 1, 8, 14, 2, 2, 16, 7, 13, 19]
[-8, -7, -7, -6, -6, -3, -2, 6, 17, 17, 16, 10, 10, 12, 9, 8, 13, 14, 7, 4, 16, 18, 0, -1, 1, 9, 15, 1, 8, 14, 2, 2, 16, 7, 13, 19]
[-8, -7, -7, -6, -6, -3, -2, 4, 17, 17, 16, 10, 10, 12, 9, 8, 13, 14, 7, 6, 16, 18, 0, -1, 1, 9, 15, 1, 8, 14, 2, 2, 16, 7, 13, 19]
[-8, -7, -7, -6, -6, -3, -2, 0, 17, 17, 16, 10, 10, 12, 9, 8, 13, 14, 7, 6, 16, 18, 4, -1, 1, 9, 15, 1, 8, 14, 2, 2, 16, 7, 13, 19]
[-8, -7, -7, -6, -6, -3, -2, -1, 17, 17, 16, 10, 10, 12, 9, 8, 13, 14, 7, 6, 16, 18, 4, 0, 1, 9, 15, 1, 8, 14, 2, 2, 16, 7, 13, 19]
[-8, -7, -7, -6, -6, -3, -2, -1, 17, 17, 16, 10, 10, 12, 9, 8, 13, 14, 7, 6, 16, 18, 4, 0, 1, 9, 15, 1, 8, 14, 2, 2, 16, 7, 13, 19]
[-8, -7, -7, -6, -6, -3, -2, -1, 16, 17, 17, 10, 10, 12, 9, 8, 13, 14, 7, 6, 16, 18, 4, 0, 1, 9, 15, 1, 8, 14, 2, 2, 16, 7, 13, 19]
[-8, -7, -7, -6, -6, -3, -2, -1, 10, 17, 17, 16, 10, 12, 9, 8, 13, 14, 7, 6, 16, 18, 4, 0, 1, 9, 15, 1, 8, 14, 2, 2, 16, 7, 13, 19]
[-8, -7, -7, -6, -6, -3, -2, -1, 10, 17, 17, 16, 10, 12, 9, 8, 13, 14, 7, 6, 16, 18, 4, 0, 1, 9, 15, 1, 8, 14, 2, 2, 16, 7, 13, 19]
[-8, -7, -7, -6, -6, -3, -2, -1, 9, 17, 17, 16, 10, 12, 10, 8, 13, 14, 7, 6, 16, 18, 4, 0, 1, 9, 15, 1, 8, 14, 2, 2, 16, 7, 13, 19]
[-8, -7, -7, -6, -6, -3, -2, -1, 8, 17, 17, 16, 10, 12, 10, 9, 13, 14, 7, 6, 16, 18, 4, 0, 1, 9, 15, 1, 8, 14, 2, 2, 16, 7, 13, 19]
[-8, -7, -7, -6, -6, -3, -2, -1, 7, 17, 17, 16, 10, 12, 10, 9, 13, 14, 8, 6, 16, 18, 4, 0, 1, 9, 15, 1, 8, 14, 2, 2, 16, 7, 13, 19]
[-8, -7, -7, -6, -6, -3, -2, -1, 6, 17, 17, 16, 10, 12, 10, 9, 13, 14, 8, 7, 16, 18, 4, 0, 1, 9, 15, 1, 8, 14, 2, 2, 16, 7, 13, 19]
[-8, -7, -7, -6, -6, -3, -2, -1, 4, 17, 17, 16, 10, 12, 10, 9, 13, 14, 8, 7, 16, 18, 6, 0, 1, 9, 15, 1, 8, 14, 2, 2, 16, 7, 13, 19]
[-8, -7, -7, -6, -6, -3, -2, -1, 0, 17, 17, 16, 10, 12, 10, 9, 13, 14, 8, 7, 16, 18, 6, 4, 1, 9, 15, 1, 8, 14, 2, 2, 16, 7, 13, 19]
[-8, -7, -7, -6, -6, -3, -2, -1, 0, 17, 17, 16, 10, 12, 10, 9, 13, 14, 8, 7, 16, 18, 6, 4, 1, 9, 15, 1, 8, 14, 2, 2, 16, 7, 13, 19]
[-8, -7, -7, -6, -6, -3, -2, -1, 0, 16, 17, 17, 10, 12, 10, 9, 13, 14, 8, 7, 16, 18, 6, 4, 1, 9, 15, 1, 8, 14, 2, 2, 16, 7, 13, 19]
[-8, -7, -7, -6, -6, -3, -2, -1, 0, 10, 17, 17, 16, 12, 10, 9, 13, 14, 8, 7, 16, 18, 6, 4, 1, 9, 15, 1, 8, 14, 2, 2, 16, 7, 13, 19]
[-8, -7, -7, -6, -6, -3, -2, -1, 0, 10, 17, 17, 16, 12, 10, 9, 13, 14, 8, 7, 16, 18, 6, 4, 1, 9, 15, 1, 8, 14, 2, 2, 16, 7, 13, 19]
[-8, -7, -7, -6, -6, -3, -2, -1, 0, 9, 17, 17, 16, 12, 10, 10, 13, 14, 8, 7, 16, 18, 6, 4, 1, 9, 15, 1, 8, 14, 2, 2, 16, 7, 13, 19]
[-8, -7, -7, -6, -6, -3, -2, -1, 0, 8, 17, 17, 16, 12, 10, 10, 13, 14, 9, 7, 16, 18, 6, 4, 1, 9, 15, 1, 8, 14, 2, 2, 16, 7, 13, 19]
[-8, -7, -7, -6, -6, -3, -2, -1, 0, 7, 17, 17, 16, 12, 10, 10, 13, 14, 9, 8, 16, 18, 6, 4, 1, 9, 15, 1, 8, 14, 2, 2, 16, 7, 13, 19]
[-8, -7, -7, -6, -6, -3, -2, -1, 0, 6, 17, 17, 16, 12, 10, 10, 13, 14, 9, 8, 16, 18, 7, 4, 1, 9, 15, 1, 8, 14, 2, 2, 16, 7, 13, 19]
[-8, -7, -7, -6, -6, -3, -2, -1, 0, 4, 17, 17, 16, 12, 10, 10, 13, 14, 9, 8, 16, 18, 7, 6, 1, 9, 15, 1, 8, 14, 2, 2, 16, 7, 13, 19]
[-8, -7, -7, -6, -6, -3, -2, -1, 0, 1, 17, 17, 16, 12, 10, 10, 13, 14, 9, 8, 16, 18, 7, 6, 4, 9, 15, 1, 8, 14, 2, 2, 16, 7, 13, 19]
[-8, -7, -7, -6, -6, -3, -2, -1, 0, 1, 17, 17, 16, 12, 10, 10, 13, 14, 9, 8, 16, 18, 7, 6, 4, 9, 15, 1, 8, 14, 2, 2, 16, 7, 13, 19]
[-8, -7, -7, -6, -6, -3, -2, -1, 0, 1, 17, 17, 16, 12, 10, 10, 13, 14, 9, 8, 16, 18, 7, 6, 4, 9, 15, 1, 8, 14, 2, 2, 16, 7, 13, 19]
[-8, -7, -7, -6, -6, -3, -2, -1, 0, 1, 16, 17, 17, 12, 10, 10, 13, 14, 9, 8, 16, 18, 7, 6, 4, 9, 15, 1, 8, 14, 2, 2, 16, 7, 13, 19]
[-8, -7, -7, -6, -6, -3, -2, -1, 0, 1, 12, 17, 17, 16, 10, 10, 13, 14, 9, 8, 16, 18, 7, 6, 4, 9, 15, 1, 8, 14, 2, 2, 16, 7, 13, 19]
[-8, -7, -7, -6, -6, -3, -2, -1, 0, 1, 10, 17, 17, 16, 12, 10, 13, 14, 9, 8, 16, 18, 7, 6, 4, 9, 15, 1, 8, 14, 2, 2, 16, 7, 13, 19]
[-8, -7, -7, -6, -6, -3, -2, -1, 0, 1, 10, 17, 17, 16, 12, 10, 13, 14, 9, 8, 16, 18, 7, 6, 4, 9, 15, 1, 8, 14, 2, 2, 16, 7, 13, 19]
[-8, -7, -7, -6, -6, -3, -2, -1, 0, 1, 9, 17, 17, 16, 12, 10, 13, 14, 10, 8, 16, 18, 7, 6, 4, 9, 15, 1, 8, 14, 2, 2, 16, 7, 13, 19]
[-8, -7, -7, -6, -6, -3, -2, -1, 0, 1, 8, 17, 17, 16, 12, 10, 13, 14, 10, 9, 16, 18, 7, 6, 4, 9, 15, 1, 8, 14, 2, 2, 16, 7, 13, 19]
[-8, -7, -7, -6, -6, -3, -2, -1, 0, 1, 7, 17, 17, 16, 12, 10, 13, 14, 10, 9, 16, 18, 8, 6, 4, 9, 15, 1, 8, 14, 2, 2, 16, 7, 13, 19]
[-8, -7, -7, -6, -6, -3, -2, -1, 0, 1, 6, 17, 17, 16, 12, 10, 13, 14, 10, 9, 16, 18, 8, 7, 4, 9, 15, 1, 8, 14, 2, 2, 16, 7, 13, 19]
[-8, -7, -7, -6, -6, -3, -2, -1, 0, 1, 4, 17, 17, 16, 12, 10, 13, 14, 10, 9, 16, 18, 8, 7, 6, 9, 15, 1, 8, 14, 2, 2, 16, 7, 13, 19]
[-8, -7, -7, -6, -6, -3, -2, -1, 0, 1, 1, 17, 17, 16, 12, 10, 13, 14, 10, 9, 16, 18, 8, 7, 6, 9, 15, 4, 8, 14, 2, 2, 16, 7, 13, 19]
[-8, -7, -7, -6, -6, -3, -2, -1, 0, 1, 1, 17, 17, 16, 12, 10, 13, 14, 10, 9, 16, 18, 8, 7, 6, 9, 15, 4, 8, 14, 2, 2, 16, 7, 13, 19]
[-8, -7, -7, -6, -6, -3, -2, -1, 0, 1, 1, 16, 17, 17, 12, 10, 13, 14, 10, 9, 16, 18, 8, 7, 6, 9, 15, 4, 8, 14, 2, 2, 16, 7, 13, 19]
[-8, -7, -7, -6, -6, -3, -2, -1, 0, 1, 1, 12, 17, 17, 16, 10, 13, 14, 10, 9, 16, 18, 8, 7, 6, 9, 15, 4, 8, 14, 2, 2, 16, 7, 13, 19]
[-8, -7, -7, -6, -6, -3, -2, -1, 0, 1, 1, 10, 17, 17, 16, 12, 13, 14, 10, 9, 16, 18, 8, 7, 6, 9, 15, 4, 8, 14, 2, 2, 16, 7, 13, 19]
[-8, -7, -7, -6, -6, -3, -2, -1, 0, 1, 1, 10, 17, 17, 16, 12, 13, 14, 10, 9, 16, 18, 8, 7, 6, 9, 15, 4, 8, 14, 2, 2, 16, 7, 13, 19]
[-8, -7, -7, -6, -6, -3, -2, -1, 0, 1, 1, 9, 17, 17, 16, 12, 13, 14, 10, 10, 16, 18, 8, 7, 6, 9, 15, 4, 8, 14, 2, 2, 16, 7, 13, 19]
[-8, -7, -7, -6, -6, -3, -2, -1, 0, 1, 1, 8, 17, 17, 16, 12, 13, 14, 10, 10, 16, 18, 9, 7, 6, 9, 15, 4, 8, 14, 2, 2, 16, 7, 13, 19]
[-8, -7, -7, -6, -6, -3, -2, -1, 0, 1, 1, 7, 17, 17, 16, 12, 13, 14, 10, 10, 16, 18, 9, 8, 6, 9, 15, 4, 8, 14, 2, 2, 16, 7, 13, 19]
[-8, -7, -7, -6, -6, -3, -2, -1, 0, 1, 1, 6, 17, 17, 16, 12, 13, 14, 10, 10, 16, 18, 9, 8, 7, 9, 15, 4, 8, 14, 2, 2, 16, 7, 13, 19]
[-8, -7, -7, -6, -6, -3, -2, -1, 0, 1, 1, 4, 17, 17, 16, 12, 13, 14, 10, 10, 16, 18, 9, 8, 7, 9, 15, 6, 8, 14, 2, 2, 16, 7, 13, 19]
[-8, -7, -7, -6, -6, -3, -2, -1, 0, 1, 1, 2, 17, 17, 16, 12, 13, 14, 10, 10, 16, 18, 9, 8, 7, 9, 15, 6, 8, 14, 4, 2, 16, 7, 13, 19]
[-8, -7, -7, -6, -6, -3, -2, -1, 0, 1, 1, 2, 17, 17, 16, 12, 13, 14, 10, 10, 16, 18, 9, 8, 7, 9, 15, 6, 8, 14, 4, 2, 16, 7, 13, 19]
[-8, -7, -7, -6, -6, -3, -2, -1, 0, 1, 1, 2, 17, 17, 16, 12, 13, 14, 10, 10, 16, 18, 9, 8, 7, 9, 15, 6, 8, 14, 4, 2, 16, 7, 13, 19]
[-8, -7, -7, -6, -6, -3, -2, -1, 0, 1, 1, 2, 16, 17, 17, 12, 13, 14, 10, 10, 16, 18, 9, 8, 7, 9, 15, 6, 8, 14, 4, 2, 16, 7, 13, 19]
[-8, -7, -7, -6, -6, -3, -2, -1, 0, 1, 1, 2, 12, 17, 17, 16, 13, 14, 10, 10, 16, 18, 9, 8, 7, 9, 15, 6, 8, 14, 4, 2, 16, 7, 13, 19]
[-8, -7, -7, -6, -6, -3, -2, -1, 0, 1, 1, 2, 10, 17, 17, 16, 13, 14, 12, 10, 16, 18, 9, 8, 7, 9, 15, 6, 8, 14, 4, 2, 16, 7, 13, 19]
[-8, -7, -7, -6, -6, -3, -2, -1, 0, 1, 1, 2, 10, 17, 17, 16, 13, 14, 12, 10, 16, 18, 9, 8, 7, 9, 15, 6, 8, 14, 4, 2, 16, 7, 13, 19]
[-8, -7, -7, -6, -6, -3, -2, -1, 0, 1, 1, 2, 9, 17, 17, 16, 13, 14, 12, 10, 16, 18, 10, 8, 7, 9, 15, 6, 8, 14, 4, 2, 16, 7, 13, 19]
[-8, -7, -7, -6, -6, -3, -2, -1, 0, 1, 1, 2, 8, 17, 17, 16, 13, 14, 12, 10, 16, 18, 10, 9, 7, 9, 15, 6, 8, 14, 4, 2, 16, 7, 13, 19]
[-8, -7, -7, -6, -6, -3, -2, -1, 0, 1, 1, 2, 7, 17, 17, 16, 13, 14, 12, 10, 16, 18, 10, 9, 8, 9, 15, 6, 8, 14, 4, 2, 16, 7, 13, 19]
[-8, -7, -7, -6, -6, -3, -2, -1, 0, 1, 1, 2, 6, 17, 17, 16, 13, 14, 12, 10, 16, 18, 10, 9, 8, 9, 15, 7, 8, 14, 4, 2, 16, 7, 13, 19]
[-8, -7, -7, -6, -6, -3, -2, -1, 0, 1, 1, 2, 4, 17, 17, 16, 13, 14, 12, 10, 16, 18, 10, 9, 8, 9, 15, 7, 8, 14, 6, 2, 16, 7, 13, 19]
[-8, -7, -7, -6, -6, -3, -2, -1, 0, 1, 1, 2, 2, 17, 17, 16, 13, 14, 12, 10, 16, 18, 10, 9, 8, 9, 15, 7, 8, 14, 6, 4, 16, 7, 13, 19]
[-8, -7, -7, -6, -6, -3, -2, -1, 0, 1, 1, 2, 2, 17, 17, 16, 13, 14, 12, 10, 16, 18, 10, 9, 8, 9, 15, 7, 8, 14, 6, 4, 16, 7, 13, 19]
[-8, -7, -7, -6, -6, -3, -2, -1, 0, 1, 1, 2, 2, 16, 17, 17, 13, 14, 12, 10, 16, 18, 10, 9, 8, 9, 15, 7, 8, 14, 6, 4, 16, 7, 13, 19]
[-8, -7, -7, -6, -6, -3, -2, -1, 0, 1, 1, 2, 2, 13, 17, 17, 16, 14, 12, 10, 16, 18, 10, 9, 8, 9, 15, 7, 8, 14, 6, 4, 16, 7, 13, 19]
[-8, -7, -7, -6, -6, -3, -2, -1, 0, 1, 1, 2, 2, 12, 17, 17, 16, 14, 13, 10, 16, 18, 10, 9, 8, 9, 15, 7, 8, 14, 6, 4, 16, 7, 13, 19]
[-8, -7, -7, -6, -6, -3, -2, -1, 0, 1, 1, 2, 2, 10, 17, 17, 16, 14, 13, 12, 16, 18, 10, 9, 8, 9, 15, 7, 8, 14, 6, 4, 16, 7, 13, 19]
[-8, -7, -7, -6, -6, -3, -2, -1, 0, 1, 1, 2, 2, 10, 17, 17, 16, 14, 13, 12, 16, 18, 10, 9, 8, 9, 15, 7, 8, 14, 6, 4, 16, 7, 13, 19]
[-8, -7, -7, -6, -6, -3, -2, -1, 0, 1, 1, 2, 2, 9, 17, 17, 16, 14, 13, 12, 16, 18, 10, 10, 8, 9, 15, 7, 8, 14, 6, 4, 16, 7, 13, 19]
[-8, -7, -7, -6, -6, -3, -2, -1, 0, 1, 1, 2, 2, 8, 17, 17, 16, 14, 13, 12, 16, 18, 10, 10, 9, 9, 15, 7, 8, 14, 6, 4, 16, 7, 13, 19]
[-8, -7, -7, -6, -6, -3, -2, -1, 0, 1, 1, 2, 2, 7, 17, 17, 16, 14, 13, 12, 16, 18, 10, 10, 9, 9, 15, 8, 8, 14, 6, 4, 16, 7, 13, 19]
[-8, -7, -7, -6, -6, -3, -2, -1, 0, 1, 1, 2, 2, 6, 17, 17, 16, 14, 13, 12, 16, 18, 10, 10, 9, 9, 15, 8, 8, 14, 7, 4, 16, 7, 13, 19]
[-8, -7, -7, -6, -6, -3, -2, -1, 0, 1, 1, 2, 2, 4, 17, 17, 16, 14, 13, 12, 16, 18, 10, 10, 9, 9, 15, 8, 8, 14, 7, 6, 16, 7, 13, 19]
[-8, -7, -7, -6, -6, -3, -2, -1, 0, 1, 1, 2, 2, 4, 17, 17, 16, 14, 13, 12, 16, 18, 10, 10, 9, 9, 15, 8, 8, 14, 7, 6, 16, 7, 13, 19]
[-8, -7, -7, -6, -6, -3, -2, -1, 0, 1, 1, 2, 2, 4, 16, 17, 17, 14, 13, 12, 16, 18, 10, 10, 9, 9, 15, 8, 8, 14, 7, 6, 16, 7, 13, 19]
[-8, -7, -7, -6, -6, -3, -2, -1, 0, 1, 1, 2, 2, 4, 14, 17, 17, 16, 13, 12, 16, 18, 10, 10, 9, 9, 15, 8, 8, 14, 7, 6, 16, 7, 13, 19]
[-8, -7, -7, -6, -6, -3, -2, -1, 0, 1, 1, 2, 2, 4, 13, 17, 17, 16, 14, 12, 16, 18, 10, 10, 9, 9, 15, 8, 8, 14, 7, 6, 16, 7, 13, 19]
[-8, -7, -7, -6, -6, -3, -2, -1, 0, 1, 1, 2, 2, 4, 12, 17, 17, 16, 14, 13, 16, 18, 10, 10, 9, 9, 15, 8, 8, 14, 7, 6, 16, 7, 13, 19]
[-8, -7, -7, -6, -6, -3, -2, -1, 0, 1, 1, 2, 2, 4, 10, 17, 17, 16, 14, 13, 16, 18, 12, 10, 9, 9, 15, 8, 8, 14, 7, 6, 16, 7, 13, 19]
[-8, -7, -7, -6, -6, -3, -2, -1, 0, 1, 1, 2, 2, 4, 10, 17, 17, 16, 14, 13, 16, 18, 12, 10, 9, 9, 15, 8, 8, 14, 7, 6, 16, 7, 13, 19]
[-8, -7, -7, -6, -6, -3, -2, -1, 0, 1, 1, 2, 2, 4, 9, 17, 17, 16, 14, 13, 16, 18, 12, 10, 10, 9, 15, 8, 8, 14, 7, 6, 16, 7, 13, 19]
[-8, -7, -7, -6, -6, -3, -2, -1, 0, 1, 1, 2, 2, 4, 9, 17, 17, 16, 14, 13, 16, 18, 12, 10, 10, 9, 15, 8, 8, 14, 7, 6, 16, 7, 13, 19]
[-8, -7, -7, -6, -6, -3, -2, -1, 0, 1, 1, 2, 2, 4, 8, 17, 17, 16, 14, 13, 16, 18, 12, 10, 10, 9, 15, 9, 8, 14, 7, 6, 16, 7, 13, 19]
[-8, -7, -7, -6, -6, -3, -2, -1, 0, 1, 1, 2, 2, 4, 8, 17, 17, 16, 14, 13, 16, 18, 12, 10, 10, 9, 15, 9, 8, 14, 7, 6, 16, 7, 13, 19]
[-8, -7, -7, -6, -6, -3, -2, -1, 0, 1, 1, 2, 2, 4, 7, 17, 17, 16, 14, 13, 16, 18, 12, 10, 10, 9, 15, 9, 8, 14, 8, 6, 16, 7, 13, 19]
[-8, -7, -7, -6, -6, -3, -2, -1, 0, 1, 1, 2, 2, 4, 6, 17, 17, 16, 14, 13, 16, 18, 12, 10, 10, 9, 15, 9, 8, 14, 8, 7, 16, 7, 13, 19]
[-8, -7, -7, -6, -6, -3, -2, -1, 0, 1, 1, 2, 2, 4, 6, 17, 17, 16, 14, 13, 16, 18, 12, 10, 10, 9, 15, 9, 8, 14, 8, 7, 16, 7, 13, 19]
[-8, -7, -7, -6, -6, -3, -2, -1, 0, 1, 1, 2, 2, 4, 6, 16, 17, 17, 14, 13, 16, 18, 12, 10, 10, 9, 15, 9, 8, 14, 8, 7, 16, 7, 13, 19]
[-8, -7, -7, -6, -6, -3, -2, -1, 0, 1, 1, 2, 2, 4, 6, 14, 17, 17, 16, 13, 16, 18, 12, 10, 10, 9, 15, 9, 8, 14, 8, 7, 16, 7, 13, 19]
[-8, -7, -7, -6, -6, -3, -2, -1, 0, 1, 1, 2, 2, 4, 6, 13, 17, 17, 16, 14, 16, 18, 12, 10, 10, 9, 15, 9, 8, 14, 8, 7, 16, 7, 13, 19]
[-8, -7, -7, -6, -6, -3, -2, -1, 0, 1, 1, 2, 2, 4, 6, 12, 17, 17, 16, 14, 16, 18, 13, 10, 10, 9, 15, 9, 8, 14, 8, 7, 16, 7, 13, 19]
[-8, -7, -7, -6, -6, -3, -2, -1, 0, 1, 1, 2, 2, 4, 6, 10, 17, 17, 16, 14, 16, 18, 13, 12, 10, 9, 15, 9, 8, 14, 8, 7, 16, 7, 13, 19]
[-8, -7, -7, -6, -6, -3, -2, -1, 0, 1, 1, 2, 2, 4, 6, 10, 17, 17, 16, 14, 16, 18, 13, 12, 10, 9, 15, 9, 8, 14, 8, 7, 16, 7, 13, 19]
[-8, -7, -7, -6, -6, -3, -2, -1, 0, 1, 1, 2, 2, 4, 6, 9, 17, 17, 16, 14, 16, 18, 13, 12, 10, 10, 15, 9, 8, 14, 8, 7, 16, 7, 13, 19]
[-8, -7, -7, -6, -6, -3, -2, -1, 0, 1, 1, 2, 2, 4, 6, 9, 17, 17, 16, 14, 16, 18, 13, 12, 10, 10, 15, 9, 8, 14, 8, 7, 16, 7, 13, 19]
[-8, -7, -7, -6, -6, -3, -2, -1, 0, 1, 1, 2, 2, 4, 6, 8, 17, 17, 16, 14, 16, 18, 13, 12, 10, 10, 15, 9, 9, 14, 8, 7, 16, 7, 13, 19]
[-8, -7, -7, -6, -6, -3, -2, -1, 0, 1, 1, 2, 2, 4, 6, 8, 17, 17, 16, 14, 16, 18, 13, 12, 10, 10, 15, 9, 9, 14, 8, 7, 16, 7, 13, 19]
[-8, -7, -7, -6, -6, -3, -2, -1, 0, 1, 1, 2, 2, 4, 6, 7, 17, 17, 16, 14, 16, 18, 13, 12, 10, 10, 15, 9, 9, 14, 8, 8, 16, 7, 13, 19]
[-8, -7, -7, -6, -6, -3, -2, -1, 0, 1, 1, 2, 2, 4, 6, 7, 17, 17, 16, 14, 16, 18, 13, 12, 10, 10, 15, 9, 9, 14, 8, 8, 16, 7, 13, 19]
[-8, -7, -7, -6, -6, -3, -2, -1, 0, 1, 1, 2, 2, 4, 6, 7, 17, 17, 16, 14, 16, 18, 13, 12, 10, 10, 15, 9, 9, 14, 8, 8, 16, 7, 13, 19]
[-8, -7, -7, -6, -6, -3, -2, -1, 0, 1, 1, 2, 2, 4, 6, 7, 16, 17, 17, 14, 16, 18, 13, 12, 10, 10, 15, 9, 9, 14, 8, 8, 16, 7, 13, 19]
[-8, -7, -7, -6, -6, -3, -2, -1, 0, 1, 1, 2, 2, 4, 6, 7, 14, 17, 17, 16, 16, 18, 13, 12, 10, 10, 15, 9, 9, 14, 8, 8, 16, 7, 13, 19]
[-8, -7, -7, -6, -6, -3, -2, -1, 0, 1, 1, 2, 2, 4, 6, 7, 13, 17, 17, 16, 16, 18, 14, 12, 10, 10, 15, 9, 9, 14, 8, 8, 16, 7, 13, 19]
[-8, -7, -7, -6, -6, -3, -2, -1, 0, 1, 1, 2, 2, 4, 6, 7, 12, 17, 17, 16, 16, 18, 14, 13, 10, 10, 15, 9, 9, 14, 8, 8, 16, 7, 13, 19]
[-8, -7, -7, -6, -6, -3, -2, -1, 0, 1, 1, 2, 2, 4, 6, 7, 10, 17, 17, 16, 16, 18, 14, 13, 12, 10, 15, 9, 9, 14, 8, 8, 16, 7, 13, 19]
[-8, -7, -7, -6, -6, -3, -2, -1, 0, 1, 1, 2, 2, 4, 6, 7, 10, 17, 17, 16, 16, 18, 14, 13, 12, 10, 15, 9, 9, 14, 8, 8, 16, 7, 13, 19]
[-8, -7, -7, -6, -6, -3, -2, -1, 0, 1, 1, 2, 2, 4, 6, 7, 9, 17, 17, 16, 16, 18, 14, 13, 12, 10, 15, 10, 9, 14, 8, 8, 16, 7, 13, 19]
[-8, -7, -7, -6, -6, -3, -2, -1, 0, 1, 1, 2, 2, 4, 6, 7, 9, 17, 17, 16, 16, 18, 14, 13, 12, 10, 15, 10, 9, 14, 8, 8, 16, 7, 13, 19]
[-8, -7, -7, -6, -6, -3, -2, -1, 0, 1, 1, 2, 2, 4, 6, 7, 8, 17, 17, 16, 16, 18, 14, 13, 12, 10, 15, 10, 9, 14, 9, 8, 16, 7, 13, 19]
[-8, -7, -7, -6, -6, -3, -2, -1, 0, 1, 1, 2, 2, 4, 6, 7, 8, 17, 17, 16, 16, 18, 14, 13, 12, 10, 15, 10, 9, 14, 9, 8, 16, 7, 13, 19]
[-8, -7, -7, -6, -6, -3, -2, -1, 0, 1, 1, 2, 2, 4, 6, 7, 7, 17, 17, 16, 16, 18, 14, 13, 12, 10, 15, 10, 9, 14, 9, 8, 16, 8, 13, 19]
[-8, -7, -7, -6, -6, -3, -2, -1, 0, 1, 1, 2, 2, 4, 6, 7, 7, 17, 17, 16, 16, 18, 14, 13, 12, 10, 15, 10, 9, 14, 9, 8, 16, 8, 13, 19]
[-8, -7, -7, -6, -6, -3, -2, -1, 0, 1, 1, 2, 2, 4, 6, 7, 7, 16, 17, 17, 16, 18, 14, 13, 12, 10, 15, 10, 9, 14, 9, 8, 16, 8, 13, 19]
[-8, -7, -7, -6, -6, -3, -2, -1, 0, 1, 1, 2, 2, 4, 6, 7, 7, 16, 17, 17, 16, 18, 14, 13, 12, 10, 15, 10, 9, 14, 9, 8, 16, 8, 13, 19]
[-8, -7, -7, -6, -6, -3, -2, -1, 0, 1, 1, 2, 2, 4, 6, 7, 7, 14, 17, 17, 16, 18, 16, 13, 12, 10, 15, 10, 9, 14, 9, 8, 16, 8, 13, 19]
[-8, -7, -7, -6, -6, -3, -2, -1, 0, 1, 1, 2, 2, 4, 6, 7, 7, 13, 17, 17, 16, 18, 16, 14, 12, 10, 15, 10, 9, 14, 9, 8, 16, 8, 13, 19]
[-8, -7, -7, -6, -6, -3, -2, -1, 0, 1, 1, 2, 2, 4, 6, 7, 7, 12, 17, 17, 16, 18, 16, 14, 13, 10, 15, 10, 9, 14, 9, 8, 16, 8, 13, 19]
[-8, -7, -7, -6, -6, -3, -2, -1, 0, 1, 1, 2, 2, 4, 6, 7, 7, 10, 17, 17, 16, 18, 16, 14, 13, 12, 15, 10, 9, 14, 9, 8, 16, 8, 13, 19]
[-8, -7, -7, -6, -6, -3, -2, -1, 0, 1, 1, 2, 2, 4, 6, 7, 7, 10, 17, 17, 16, 18, 16, 14, 13, 12, 15, 10, 9, 14, 9, 8, 16, 8, 13, 19]
[-8, -7, -7, -6, -6, -3, -2, -1, 0, 1, 1, 2, 2, 4, 6, 7, 7, 9, 17, 17, 16, 18, 16, 14, 13, 12, 15, 10, 10, 14, 9, 8, 16, 8, 13, 19]
[-8, -7, -7, -6, -6, -3, -2, -1, 0, 1, 1, 2, 2, 4, 6, 7, 7, 9, 17, 17, 16, 18, 16, 14, 13, 12, 15, 10, 10, 14, 9, 8, 16, 8, 13, 19]
[-8, -7, -7, -6, -6, -3, -2, -1, 0, 1, 1, 2, 2, 4, 6, 7, 7, 8, 17, 17, 16, 18, 16, 14, 13, 12, 15, 10, 10, 14, 9, 9, 16, 8, 13, 19]
[-8, -7, -7, -6, -6, -3, -2, -1, 0, 1, 1, 2, 2, 4, 6, 7, 7, 8, 17, 17, 16, 18, 16, 14, 13, 12, 15, 10, 10, 14, 9, 9, 16, 8, 13, 19]
[-8, -7, -7, -6, -6, -3, -2, -1, 0, 1, 1, 2, 2, 4, 6, 7, 7, 8, 17, 17, 16, 18, 16, 14, 13, 12, 15, 10, 10, 14, 9, 9, 16, 8, 13, 19]
[-8, -7, -7, -6, -6, -3, -2, -1, 0, 1, 1, 2, 2, 4, 6, 7, 7, 8, 16, 17, 17, 18, 16, 14, 13, 12, 15, 10, 10, 14, 9, 9, 16, 8, 13, 19]
[-8, -7, -7, -6, -6, -3, -2, -1, 0, 1, 1, 2, 2, 4, 6, 7, 7, 8, 16, 17, 17, 18, 16, 14, 13, 12, 15, 10, 10, 14, 9, 9, 16, 8, 13, 19]
[-8, -7, -7, -6, -6, -3, -2, -1, 0, 1, 1, 2, 2, 4, 6, 7, 7, 8, 14, 17, 17, 18, 16, 16, 13, 12, 15, 10, 10, 14, 9, 9, 16, 8, 13, 19]
[-8, -7, -7, -6, -6, -3, -2, -1, 0, 1, 1, 2, 2, 4, 6, 7, 7, 8, 13, 17, 17, 18, 16, 16, 14, 12, 15, 10, 10, 14, 9, 9, 16, 8, 13, 19]
[-8, -7, -7, -6, -6, -3, -2, -1, 0, 1, 1, 2, 2, 4, 6, 7, 7, 8, 12, 17, 17, 18, 16, 16, 14, 13, 15, 10, 10, 14, 9, 9, 16, 8, 13, 19]
[-8, -7, -7, -6, -6, -3, -2, -1, 0, 1, 1, 2, 2, 4, 6, 7, 7, 8, 10, 17, 17, 18, 16, 16, 14, 13, 15, 12, 10, 14, 9, 9, 16, 8, 13, 19]
[-8, -7, -7, -6, -6, -3, -2, -1, 0, 1, 1, 2, 2, 4, 6, 7, 7, 8, 10, 17, 17, 18, 16, 16, 14, 13, 15, 12, 10, 14, 9, 9, 16, 8, 13, 19]
[-8, -7, -7, -6, -6, -3, -2, -1, 0, 1, 1, 2, 2, 4, 6, 7, 7, 8, 9, 17, 17, 18, 16, 16, 14, 13, 15, 12, 10, 14, 10, 9, 16, 8, 13, 19]
[-8, -7, -7, -6, -6, -3, -2, -1, 0, 1, 1, 2, 2, 4, 6, 7, 7, 8, 9, 17, 17, 18, 16, 16, 14, 13, 15, 12, 10, 14, 10, 9, 16, 8, 13, 19]
[-8, -7, -7, -6, -6, -3, -2, -1, 0, 1, 1, 2, 2, 4, 6, 7, 7, 8, 8, 17, 17, 18, 16, 16, 14, 13, 15, 12, 10, 14, 10, 9, 16, 9, 13, 19]
[-8, -7, -7, -6, -6, -3, -2, -1, 0, 1, 1, 2, 2, 4, 6, 7, 7, 8, 8, 17, 17, 18, 16, 16, 14, 13, 15, 12, 10, 14, 10, 9, 16, 9, 13, 19]
[-8, -7, -7, -6, -6, -3, -2, -1, 0, 1, 1, 2, 2, 4, 6, 7, 7, 8, 8, 16, 17, 18, 17, 16, 14, 13, 15, 12, 10, 14, 10, 9, 16, 9, 13, 19]
[-8, -7, -7, -6, -6, -3, -2, -1, 0, 1, 1, 2, 2, 4, 6, 7, 7, 8, 8, 16, 17, 18, 17, 16, 14, 13, 15, 12, 10, 14, 10, 9, 16, 9, 13, 19]
[-8, -7, -7, -6, -6, -3, -2, -1, 0, 1, 1, 2, 2, 4, 6, 7, 7, 8, 8, 14, 17, 18, 17, 16, 16, 13, 15, 12, 10, 14, 10, 9, 16, 9, 13, 19]
[-8, -7, -7, -6, -6, -3, -2, -1, 0, 1, 1, 2, 2, 4, 6, 7, 7, 8, 8, 13, 17, 18, 17, 16, 16, 14, 15, 12, 10, 14, 10, 9, 16, 9, 13, 19]
[-8, -7, -7, -6, -6, -3, -2, -1, 0, 1, 1, 2, 2, 4, 6, 7, 7, 8, 8, 12, 17, 18, 17, 16, 16, 14, 15, 13, 10, 14, 10, 9, 16, 9, 13, 19]
[-8, -7, -7, -6, -6, -3, -2, -1, 0, 1, 1, 2, 2, 4, 6, 7, 7, 8, 8, 10, 17, 18, 17, 16, 16, 14, 15, 13, 12, 14, 10, 9, 16, 9, 13, 19]
[-8, -7, -7, -6, -6, -3, -2, -1, 0, 1, 1, 2, 2, 4, 6, 7, 7, 8, 8, 10, 17, 18, 17, 16, 16, 14, 15, 13, 12, 14, 10, 9, 16, 9, 13, 19]
[-8, -7, -7, -6, -6, -3, -2, -1, 0, 1, 1, 2, 2, 4, 6, 7, 7, 8, 8, 9, 17, 18, 17, 16, 16, 14, 15, 13, 12, 14, 10, 10, 16, 9, 13, 19]
[-8, -7, -7, -6, -6, -3, -2, -1, 0, 1, 1, 2, 2, 4, 6, 7, 7, 8, 8, 9, 17, 18, 17, 16, 16, 14, 15, 13, 12, 14, 10, 10, 16, 9, 13, 19]
[-8, -7, -7, -6, -6, -3, -2, -1, 0, 1, 1, 2, 2, 4, 6, 7, 7, 8, 8, 9, 17, 18, 17, 16, 16, 14, 15, 13, 12, 14, 10, 10, 16, 9, 13, 19]
[-8, -7, -7, -6, -6, -3, -2, -1, 0, 1, 1, 2, 2, 4, 6, 7, 7, 8, 8, 9, 16, 18, 17, 17, 16, 14, 15, 13, 12, 14, 10, 10, 16, 9, 13, 19]
[-8, -7, -7, -6, -6, -3, -2, -1, 0, 1, 1, 2, 2, 4, 6, 7, 7, 8, 8, 9, 16, 18, 17, 17, 16, 14, 15, 13, 12, 14, 10, 10, 16, 9, 13, 19]
[-8, -7, -7, -6, -6, -3, -2, -1, 0, 1, 1, 2, 2, 4, 6, 7, 7, 8, 8, 9, 14, 18, 17, 17, 16, 16, 15, 13, 12, 14, 10, 10, 16, 9, 13, 19]
[-8, -7, -7, -6, -6, -3, -2, -1, 0, 1, 1, 2, 2, 4, 6, 7, 7, 8, 8, 9, 13, 18, 17, 17, 16, 16, 15, 14, 12, 14, 10, 10, 16, 9, 13, 19]
[-8, -7, -7, -6, -6, -3, -2, -1, 0, 1, 1, 2, 2, 4, 6, 7, 7, 8, 8, 9, 12, 18, 17, 17, 16, 16, 15, 14, 13, 14, 10, 10, 16, 9, 13, 19]
[-8, -7, -7, -6, -6, -3, -2, -1, 0, 1, 1, 2, 2, 4, 6, 7, 7, 8, 8, 9, 10, 18, 17, 17, 16, 16, 15, 14, 13, 14, 12, 10, 16, 9, 13, 19]
[-8, -7, -7, -6, -6, -3, -2, -1, 0, 1, 1, 2, 2, 4, 6, 7, 7, 8, 8, 9, 10, 18, 17, 17, 16, 16, 15, 14, 13, 14, 12, 10, 16, 9, 13, 19]
[-8, -7, -7, -6, -6, -3, -2, -1, 0, 1, 1, 2, 2, 4, 6, 7, 7, 8, 8, 9, 9, 18, 17, 17, 16, 16, 15, 14, 13, 14, 12, 10, 16, 10, 13, 19]
[-8, -7, -7, -6, -6, -3, -2, -1, 0, 1, 1, 2, 2, 4, 6, 7, 7, 8, 8, 9, 9, 17, 18, 17, 16, 16, 15, 14, 13, 14, 12, 10, 16, 10, 13, 19]
[-8, -7, -7, -6, -6, -3, -2, -1, 0, 1, 1, 2, 2, 4, 6, 7, 7, 8, 8, 9, 9, 17, 18, 17, 16, 16, 15, 14, 13, 14, 12, 10, 16, 10, 13, 19]
[-8, -7, -7, -6, -6, -3, -2, -1, 0, 1, 1, 2, 2, 4, 6, 7, 7, 8, 8, 9, 9, 16, 18, 17, 17, 16, 15, 14, 13, 14, 12, 10, 16, 10, 13, 19]
[-8, -7, -7, -6, -6, -3, -2, -1, 0, 1, 1, 2, 2, 4, 6, 7, 7, 8, 8, 9, 9, 16, 18, 17, 17, 16, 15, 14, 13, 14, 12, 10, 16, 10, 13, 19]
[-8, -7, -7, -6, -6, -3, -2, -1, 0, 1, 1, 2, 2, 4, 6, 7, 7, 8, 8, 9, 9, 15, 18, 17, 17, 16, 16, 14, 13, 14, 12, 10, 16, 10, 13, 19]
[-8, -7, -7, -6, -6, -3, -2, -1, 0, 1, 1, 2, 2, 4, 6, 7, 7, 8, 8, 9, 9, 14, 18, 17, 17, 16, 16, 15, 13, 14, 12, 10, 16, 10, 13, 19]
[-8, -7, -7, -6, -6, -3, -2, -1, 0, 1, 1, 2, 2, 4, 6, 7, 7, 8, 8, 9, 9, 13, 18, 17, 17, 16, 16, 15, 14, 14, 12, 10, 16, 10, 13, 19]
[-8, -7, -7, -6, -6, -3, -2, -1, 0, 1, 1, 2, 2, 4, 6, 7, 7, 8, 8, 9, 9, 12, 18, 17, 17, 16, 16, 15, 14, 14, 13, 10, 16, 10, 13, 19]
[-8, -7, -7, -6, -6, -3, -2, -1, 0, 1, 1, 2, 2, 4, 6, 7, 7, 8, 8, 9, 9, 10, 18, 17, 17, 16, 16, 15, 14, 14, 13, 12, 16, 10, 13, 19]
[-8, -7, -7, -6, -6, -3, -2, -1, 0, 1, 1, 2, 2, 4, 6, 7, 7, 8, 8, 9, 9, 10, 18, 17, 17, 16, 16, 15, 14, 14, 13, 12, 16, 10, 13, 19]
[-8, -7, -7, -6, -6, -3, -2, -1, 0, 1, 1, 2, 2, 4, 6, 7, 7, 8, 8, 9, 9, 10, 17, 18, 17, 16, 16, 15, 14, 14, 13, 12, 16, 10, 13, 19]
[-8, -7, -7, -6, -6, -3, -2, -1, 0, 1, 1, 2, 2, 4, 6, 7, 7, 8, 8, 9, 9, 10, 17, 18, 17, 16, 16, 15, 14, 14, 13, 12, 16, 10, 13, 19]
[-8, -7, -7, -6, -6, -3, -2, -1, 0, 1, 1, 2, 2, 4, 6, 7, 7, 8, 8, 9, 9, 10, 16, 18, 17, 17, 16, 15, 14, 14, 13, 12, 16, 10, 13, 19]
[-8, -7, -7, -6, -6, -3, -2, -1, 0, 1, 1, 2, 2, 4, 6, 7, 7, 8, 8, 9, 9, 10, 16, 18, 17, 17, 16, 15, 14, 14, 13, 12, 16, 10, 13, 19]
[-8, -7, -7, -6, -6, -3, -2, -1, 0, 1, 1, 2, 2, 4, 6, 7, 7, 8, 8, 9, 9, 10, 15, 18, 17, 17, 16, 16, 14, 14, 13, 12, 16, 10, 13, 19]
[-8, -7, -7, -6, -6, -3, -2, -1, 0, 1, 1, 2, 2, 4, 6, 7, 7, 8, 8, 9, 9, 10, 14, 18, 17, 17, 16, 16, 15, 14, 13, 12, 16, 10, 13, 19]
[-8, -7, -7, -6, -6, -3, -2, -1, 0, 1, 1, 2, 2, 4, 6, 7, 7, 8, 8, 9, 9, 10, 14, 18, 17, 17, 16, 16, 15, 14, 13, 12, 16, 10, 13, 19]
[-8, -7, -7, -6, -6, -3, -2, -1, 0, 1, 1, 2, 2, 4, 6, 7, 7, 8, 8, 9, 9, 10, 13, 18, 17, 17, 16, 16, 15, 14, 14, 12, 16, 10, 13, 19]
[-8, -7, -7, -6, -6, -3, -2, -1, 0, 1, 1, 2, 2, 4, 6, 7, 7, 8, 8, 9, 9, 10, 12, 18, 17, 17, 16, 16, 15, 14, 14, 13, 16, 10, 13, 19]
[-8, -7, -7, -6, -6, -3, -2, -1, 0, 1, 1, 2, 2, 4, 6, 7, 7, 8, 8, 9, 9, 10, 10, 18, 17, 17, 16, 16, 15, 14, 14, 13, 16, 12, 13, 19]
[-8, -7, -7, -6, -6, -3, -2, -1, 0, 1, 1, 2, 2, 4, 6, 7, 7, 8, 8, 9, 9, 10, 10, 17, 18, 17, 16, 16, 15, 14, 14, 13, 16, 12, 13, 19]
[-8, -7, -7, -6, -6, -3, -2, -1, 0, 1, 1, 2, 2, 4, 6, 7, 7, 8, 8, 9, 9, 10, 10, 17, 18, 17, 16, 16, 15, 14, 14, 13, 16, 12, 13, 19]
[-8, -7, -7, -6, -6, -3, -2, -1, 0, 1, 1, 2, 2, 4, 6, 7, 7, 8, 8, 9, 9, 10, 10, 16, 18, 17, 17, 16, 15, 14, 14, 13, 16, 12, 13, 19]
[-8, -7, -7, -6, -6, -3, -2, -1, 0, 1, 1, 2, 2, 4, 6, 7, 7, 8, 8, 9, 9, 10, 10, 16, 18, 17, 17, 16, 15, 14, 14, 13, 16, 12, 13, 19]
[-8, -7, -7, -6, -6, -3, -2, -1, 0, 1, 1, 2, 2, 4, 6, 7, 7, 8, 8, 9, 9, 10, 10, 15, 18, 17, 17, 16, 16, 14, 14, 13, 16, 12, 13, 19]
[-8, -7, -7, -6, -6, -3, -2, -1, 0, 1, 1, 2, 2, 4, 6, 7, 7, 8, 8, 9, 9, 10, 10, 14, 18, 17, 17, 16, 16, 15, 14, 13, 16, 12, 13, 19]
[-8, -7, -7, -6, -6, -3, -2, -1, 0, 1, 1, 2, 2, 4, 6, 7, 7, 8, 8, 9, 9, 10, 10, 14, 18, 17, 17, 16, 16, 15, 14, 13, 16, 12, 13, 19]
[-8, -7, -7, -6, -6, -3, -2, -1, 0, 1, 1, 2, 2, 4, 6, 7, 7, 8, 8, 9, 9, 10, 10, 13, 18, 17, 17, 16, 16, 15, 14, 14, 16, 12, 13, 19]
[-8, -7, -7, -6, -6, -3, -2, -1, 0, 1, 1, 2, 2, 4, 6, 7, 7, 8, 8, 9, 9, 10, 10, 12, 18, 17, 17, 16, 16, 15, 14, 14, 16, 13, 13, 19]
[-8, -7, -7, -6, -6, -3, -2, -1, 0, 1, 1, 2, 2, 4, 6, 7, 7, 8, 8, 9, 9, 10, 10, 12, 17, 18, 17, 16, 16, 15, 14, 14, 16, 13, 13, 19]
[-8, -7, -7, -6, -6, -3, -2, -1, 0, 1, 1, 2, 2, 4, 6, 7, 7, 8, 8, 9, 9, 10, 10, 12, 17, 18, 17, 16, 16, 15, 14, 14, 16, 13, 13, 19]
[-8, -7, -7, -6, -6, -3, -2, -1, 0, 1, 1, 2, 2, 4, 6, 7, 7, 8, 8, 9, 9, 10, 10, 12, 16, 18, 17, 17, 16, 15, 14, 14, 16, 13, 13, 19]
[-8, -7, -7, -6, -6, -3, -2, -1, 0, 1, 1, 2, 2, 4, 6, 7, 7, 8, 8, 9, 9, 10, 10, 12, 16, 18, 17, 17, 16, 15, 14, 14, 16, 13, 13, 19]
[-8, -7, -7, -6, -6, -3, -2, -1, 0, 1, 1, 2, 2, 4, 6, 7, 7, 8, 8, 9, 9, 10, 10, 12, 15, 18, 17, 17, 16, 16, 14, 14, 16, 13, 13, 19]
[-8, -7, -7, -6, -6, -3, -2, -1, 0, 1, 1, 2, 2, 4, 6, 7, 7, 8, 8, 9, 9, 10, 10, 12, 14, 18, 17, 17, 16, 16, 15, 14, 16, 13, 13, 19]
[-8, -7, -7, -6, -6, -3, -2, -1, 0, 1, 1, 2, 2, 4, 6, 7, 7, 8, 8, 9, 9, 10, 10, 12, 14, 18, 17, 17, 16, 16, 15, 14, 16, 13, 13, 19]
[-8, -7, -7, -6, -6, -3, -2, -1, 0, 1, 1, 2, 2, 4, 6, 7, 7, 8, 8, 9, 9, 10, 10, 12, 13, 18, 17, 17, 16, 16, 15, 14, 16, 14, 13, 19]
[-8, -7, -7, -6, -6, -3, -2, -1, 0, 1, 1, 2, 2, 4, 6, 7, 7, 8, 8, 9, 9, 10, 10, 12, 13, 18, 17, 17, 16, 16, 15, 14, 16, 14, 13, 19]
[-8, -7, -7, -6, -6, -3, -2, -1, 0, 1, 1, 2, 2, 4, 6, 7, 7, 8, 8, 9, 9, 10, 10, 12, 13, 17, 18, 17, 16, 16, 15, 14, 16, 14, 13, 19]
[-8, -7, -7, -6, -6, -3, -2, -1, 0, 1, 1, 2, 2, 4, 6, 7, 7, 8, 8, 9, 9, 10, 10, 12, 13, 17, 18, 17, 16, 16, 15, 14, 16, 14, 13, 19]
[-8, -7, -7, -6, -6, -3, -2, -1, 0, 1, 1, 2, 2, 4, 6, 7, 7, 8, 8, 9, 9, 10, 10, 12, 13, 16, 18, 17, 17, 16, 15, 14, 16, 14, 13, 19]
[-8, -7, -7, -6, -6, -3, -2, -1, 0, 1, 1, 2, 2, 4, 6, 7, 7, 8, 8, 9, 9, 10, 10, 12, 13, 16, 18, 17, 17, 16, 15, 14, 16, 14, 13, 19]
[-8, -7, -7, -6, -6, -3, -2, -1, 0, 1, 1, 2, 2, 4, 6, 7, 7, 8, 8, 9, 9, 10, 10, 12, 13, 15, 18, 17, 17, 16, 16, 14, 16, 14, 13, 19]
[-8, -7, -7, -6, -6, -3, -2, -1, 0, 1, 1, 2, 2, 4, 6, 7, 7, 8, 8, 9, 9, 10, 10, 12, 13, 14, 18, 17, 17, 16, 16, 15, 16, 14, 13, 19]
[-8, -7, -7, -6, -6, -3, -2, -1, 0, 1, 1, 2, 2, 4, 6, 7, 7, 8, 8, 9, 9, 10, 10, 12, 13, 14, 18, 17, 17, 16, 16, 15, 16, 14, 13, 19]
[-8, -7, -7, -6, -6, -3, -2, -1, 0, 1, 1, 2, 2, 4, 6, 7, 7, 8, 8, 9, 9, 10, 10, 12, 13, 13, 18, 17, 17, 16, 16, 15, 16, 14, 14, 19]
[-8, -7, -7, -6, -6, -3, -2, -1, 0, 1, 1, 2, 2, 4, 6, 7, 7, 8, 8, 9, 9, 10, 10, 12, 13, 13, 17, 18, 17, 16, 16, 15, 16, 14, 14, 19]
[-8, -7, -7, -6, -6, -3, -2, -1, 0, 1, 1, 2, 2, 4, 6, 7, 7, 8, 8, 9, 9, 10, 10, 12, 13, 13, 17, 18, 17, 16, 16, 15, 16, 14, 14, 19]
[-8, -7, -7, -6, -6, -3, -2, -1, 0, 1, 1, 2, 2, 4, 6, 7, 7, 8, 8, 9, 9, 10, 10, 12, 13, 13, 16, 18, 17, 17, 16, 15, 16, 14, 14, 19]
[-8, -7, -7, -6, -6, -3, -2, -1, 0, 1, 1, 2, 2, 4, 6, 7, 7, 8, 8, 9, 9, 10, 10, 12, 13, 13, 16, 18, 17, 17, 16, 15, 16, 14, 14, 19]
[-8, -7, -7, -6, -6, -3, -2, -1, 0, 1, 1, 2, 2, 4, 6, 7, 7, 8, 8, 9, 9, 10, 10, 12, 13, 13, 15, 18, 17, 17, 16, 16, 16, 14, 14, 19]
[-8, -7, -7, -6, -6, -3, -2, -1, 0, 1, 1, 2, 2, 4, 6, 7, 7, 8, 8, 9, 9, 10, 10, 12, 13, 13, 14, 18, 17, 17, 16, 16, 16, 15, 14, 19]
[-8, -7, -7, -6, -6, -3, -2, -1, 0, 1, 1, 2, 2, 4, 6, 7, 7, 8, 8, 9, 9, 10, 10, 12, 13, 13, 14, 18, 17, 17, 16, 16, 16, 15, 14, 19]
[-8, -7, -7, -6, -6, -3, -2, -1, 0, 1, 1, 2, 2, 4, 6, 7, 7, 8, 8, 9, 9, 10, 10, 12, 13, 13, 14, 17, 18, 17, 16, 16, 16, 15, 14, 19]
[-8, -7, -7, -6, -6, -3, -2, -1, 0, 1, 1, 2, 2, 4, 6, 7, 7, 8, 8, 9, 9, 10, 10, 12, 13, 13, 14, 17, 18, 17, 16, 16, 16, 15, 14, 19]
[-8, -7, -7, -6, -6, -3, -2, -1, 0, 1, 1, 2, 2, 4, 6, 7, 7, 8, 8, 9, 9, 10, 10, 12, 13, 13, 14, 16, 18, 17, 17, 16, 16, 15, 14, 19]
[-8, -7, -7, -6, -6, -3, -2, -1, 0, 1, 1, 2, 2, 4, 6, 7, 7, 8, 8, 9, 9, 10, 10, 12, 13, 13, 14, 16, 18, 17, 17, 16, 16, 15, 14, 19]
[-8, -7, -7, -6, -6, -3, -2, -1, 0, 1, 1, 2, 2, 4, 6, 7, 7, 8, 8, 9, 9, 10, 10, 12, 13, 13, 14, 16, 18, 17, 17, 16, 16, 15, 14, 19]
[-8, -7, -7, -6, -6, -3, -2, -1, 0, 1, 1, 2, 2, 4, 6, 7, 7, 8, 8, 9, 9, 10, 10, 12, 13, 13, 14, 15, 18, 17, 17, 16, 16, 16, 14, 19]
[-8, -7, -7, -6, -6, -3, -2, -1, 0, 1, 1, 2, 2, 4, 6, 7, 7, 8, 8, 9, 9, 10, 10, 12, 13, 13, 14, 14, 18, 17, 17, 16, 16, 16, 15, 19]
[-8, -7, -7, -6, -6, -3, -2, -1, 0, 1, 1, 2, 2, 4, 6, 7, 7, 8, 8, 9, 9, 10, 10, 12, 13, 13, 14, 14, 17, 18, 17, 16, 16, 16, 15, 19]
[-8, -7, -7, -6, -6, -3, -2, -1, 0, 1, 1, 2, 2, 4, 6, 7, 7, 8, 8, 9, 9, 10, 10, 12, 13, 13, 14, 14, 17, 18, 17, 16, 16, 16, 15, 19]
[-8, -7, -7, -6, -6, -3, -2, -1, 0, 1, 1, 2, 2, 4, 6, 7, 7, 8, 8, 9, 9, 10, 10, 12, 13, 13, 14, 14, 16, 18, 17, 17, 16, 16, 15, 19]
[-8, -7, -7, -6, -6, -3, -2, -1, 0, 1, 1, 2, 2, 4, 6, 7, 7, 8, 8, 9, 9, 10, 10, 12, 13, 13, 14, 14, 16, 18, 17, 17, 16, 16, 15, 19]
[-8, -7, -7, -6, -6, -3, -2, -1, 0, 1, 1, 2, 2, 4, 6, 7, 7, 8, 8, 9, 9, 10, 10, 12, 13, 13, 14, 14, 16, 18, 17, 17, 16, 16, 15, 19]
[-8, -7, -7, -6, -6, -3, -2, -1, 0, 1, 1, 2, 2, 4, 6, 7, 7, 8, 8, 9, 9, 10, 10, 12, 13, 13, 14, 14, 15, 18, 17, 17, 16, 16, 16, 19]
[-8, -7, -7, -6, -6, -3, -2, -1, 0, 1, 1, 2, 2, 4, 6, 7, 7, 8, 8, 9, 9, 10, 10, 12, 13, 13, 14, 14, 15, 17, 18, 17, 16, 16, 16, 19]
[-8, -7, -7, -6, -6, -3, -2, -1, 0, 1, 1, 2, 2, 4, 6, 7, 7, 8, 8, 9, 9, 10, 10, 12, 13, 13, 14, 14, 15, 17, 18, 17, 16, 16, 16, 19]
[-8, -7, -7, -6, -6, -3, -2, -1, 0, 1, 1, 2, 2, 4, 6, 7, 7, 8, 8, 9, 9, 10, 10, 12, 13, 13, 14, 14, 15, 16, 18, 17, 17, 16, 16, 19]
[-8, -7, -7, -6, -6, -3, -2, -1, 0, 1, 1, 2, 2, 4, 6, 7, 7, 8, 8, 9, 9, 10, 10, 12, 13, 13, 14, 14, 15, 16, 18, 17, 17, 16, 16, 19]
[-8, -7, -7, -6, -6, -3, -2, -1, 0, 1, 1, 2, 2, 4, 6, 7, 7, 8, 8, 9, 9, 10, 10, 12, 13, 13, 14, 14, 15, 16, 18, 17, 17, 16, 16, 19]
[-8, -7, -7, -6, -6, -3, -2, -1, 0, 1, 1, 2, 2, 4, 6, 7, 7, 8, 8, 9, 9, 10, 10, 12, 13, 13, 14, 14, 15, 16, 17, 18, 17, 16, 16, 19]
[-8, -7, -7, -6, -6, -3, -2, -1, 0, 1, 1, 2, 2, 4, 6, 7, 7, 8, 8, 9, 9, 10, 10, 12, 13, 13, 14, 14, 15, 16, 17, 18, 17, 16, 16, 19]
[-8, -7, -7, -6, -6, -3, -2, -1, 0, 1, 1, 2, 2, 4, 6, 7, 7, 8, 8, 9, 9, 10, 10, 12, 13, 13, 14, 14, 15, 16, 16, 18, 17, 17, 16, 19]
[-8, -7, -7, -6, -6, -3, -2, -1, 0, 1, 1, 2, 2, 4, 6, 7, 7, 8, 8, 9, 9, 10, 10, 12, 13, 13, 14, 14, 15, 16, 16, 18, 17, 17, 16, 19]
[-8, -7, -7, -6, -6, -3, -2, -1, 0, 1, 1, 2, 2, 4, 6, 7, 7, 8, 8, 9, 9, 10, 10, 12, 13, 13, 14, 14, 15, 16, 16, 17, 18, 17, 16, 19]
[-8, -7, -7, -6, -6, -3, -2, -1, 0, 1, 1, 2, 2, 4, 6, 7, 7, 8, 8, 9, 9, 10, 10, 12, 13, 13, 14, 14, 15, 16, 16, 17, 18, 17, 16, 19]
[-8, -7, -7, -6, -6, -3, -2, -1, 0, 1, 1, 2, 2, 4, 6, 7, 7, 8, 8, 9, 9, 10, 10, 12, 13, 13, 14, 14, 15, 16, 16, 16, 18, 17, 17, 19]
[-8, -7, -7, -6, -6, -3, -2, -1, 0, 1, 1, 2, 2, 4, 6, 7, 7, 8, 8, 9, 9, 10, 10, 12, 13, 13, 14, 14, 15, 16, 16, 16, 17, 18, 17, 19]
[-8, -7, -7, -6, -6, -3, -2, -1, 0, 1, 1, 2, 2, 4, 6, 7, 7, 8, 8, 9, 9, 10, 10, 12, 13, 13, 14, 14, 15, 16, 16, 16, 17, 18, 17, 19]
[-8, -7, -7, -6, -6, -3, -2, -1, 0, 1, 1, 2, 2, 4, 6, 7, 7, 8, 8, 9, 9, 10, 10, 12, 13, 13, 14, 14, 15, 16, 16, 16, 17, 17, 18, 19]
[1, 8, 1, -6, -6, 13, -6, -7, 12, 6, -5, 6, 17, 5, 9, 4, 11, -2, -7, 8, -6, -9, 18, 14, -2, 1, 13, 3, 16, -6, 15]
[1, 8, 1, -6, -6, 13, -6, -7, 12, 6, -5, 6, 17, 5, 9, 4, 11, -2, -7, 8, -6, -9, 18, 14, -2, 1, 13, 3, 16, -6, 15]
[-6, 8, 1, 1, -6, 13, -6, -7, 12, 6, -5, 6, 17, 5, 9, 4, 11, -2, -7, 8, -6, -9, 18, 14, -2, 1, 13, 3, 16, -6, 15]
[-6, 8, 1, 1, -6, 13, -6, -7, 12, 6, -5, 6, 17, 5, 9, 4, 11, -2, -7, 8, -6, -9, 18, 14, -2, 1, 13, 3, 16, -6, 15]
[-6, 8, 1, 1, -6, 13, -6, -7, 12, 6, -5, 6, 17, 5, 9, 4, 11, -2, -7, 8, -6, -9, 18, 14, -2, 1, 13, 3, 16, -6, 15]
[-7, 8, 1, 1, -6, 13, -6, -6, 12, 6, -5, 6, 17, 5, 9, 4, 11, -2, -7, 8, -6, -9, 18, 14, -2, 1, 13, 3, 16, -6, 15]
[-7, 8, 1, 1, -6, 13, -6, -6, 12, 6, -5, 6, 17, 5, 9, 4, 11, -2, -7, 8, -6, -9, 18, 14, -2, 1, 13, 3, 16, -6, 15]
[-9, 8, 1, 1, -6, 13, -6, -6, 12, 6, -5, 6, 17, 5, 9, 4, 11, -2, -7, 8, -6, -7, 18, 14, -2, 1, 13, 3, 16, -6, 15]
[-9, 1, 8, 1, -6, 13, -6, -6, 12, 6, -5, 6, 17, 5, 9, 4, 11, -2, -7, 8, -6, -7, 18, 14, -2, 1, 13, 3, 16, -6, 15]
[-9, 1, 8, 1, -6, 13, -6, -6, 12, 6, -5, 6, 17, 5, 9, 4, 11, -2, -7, 8, -6, -7, 18, 14, -2, 1, 13, 3, 16, -6, 15]
[-9, -6, 8, 1, 1, 13, -6, -6, 12, 6, -5, 6, 17, 5, 9, 4, 11, -2, -7, 8, -6, -7, 18, 14, -2, 1, 13, 3, 16, -6, 15]
[-9, -6, 8, 1, 1, 13, -6, -6, 12, 6, -5, 6, 17, 5, 9, 4, 11, -2, -7, 8, -6, -7, 18, 14, -2, 1, 13, 3, 16, -6, 15]
[-9, -6, 8, 1, 1, 13, -6, -6, 12, 6, -5, 6, 17, 5, 9, 4, 11, -2, -7, 8, -6, -7, 18, 14, -2, 1, 13, 3, 16, -6, 15]
[-9, -7, 8, 1, 1, 13, -6, -6, 12, 6, -5, 6, 17, 5, 9, 4, 11, -2, -6, 8, -6, -7, 18, 14, -2, 1, 13, 3, 16, -6, 15]
[-9, -7, 8, 1, 1, 13, -6, -6, 12, 6, -5, 6, 17, 5, 9, 4, 11, -2, -6, 8, -6, -7, 18, 14, -2, 1, 13, 3, 16, -6, 15]
[-9, -7, 1, 8, 1, 13, -6, -6, 12, 6, -5, 6, 17, 5, 9, 4, 11, -2, -6, 8, -6, -7, 18, 14, -2, 1, 13, 3, 16, -6, 15]
[-9, -7, 1, 8, 1, 13, -6, -6, 12, 6, -5, 6, 17, 5, 9, 4, 11, -2, -6, 8, -6, -7, 18, 14, -2, 1, 13, 3, 16, -6, 15]
[-9, -7, -6, 8, 1, 13, 1, -6, 12, 6, -5, 6, 17, 5, 9, 4, 11, -2, -6, 8, -6, -7, 18, 14, -2, 1, 13, 3, 16, -6, 15]
[-9, -7, -6, 8, 1, 13, 1, -6, 12, 6, -5, 6, 17, 5, 9, 4, 11, -2, -6, 8, -6, -7, 18, 14, -2, 1, 13, 3, 16, -6, 15]
[-9, -7, -6, 8, 1, 13, 1, -6, 12, 6, -5, 6, 17, 5, 9, 4, 11, -2, -6, 8, -6, -7, 18, 14, -2, 1, 13, 3, 16, -6, 15]
[-9, -7, -6, 8, 1, 13, 1, -6, 12, 6, -5, 6, 17, 5, 9, 4, 11, -2, -6, 8, -6, -7, 18, 14, -2, 1, 13, 3, 16, -6, 15]
[-9, -7, -7, 8, 1, 13, 1, -6, 12, 6, -5, 6, 17, 5, 9, 4, 11, -2, -6, 8, -6, -6, 18, 14, -2, 1, 13, 3, 16, -6, 15]
[-9, -7, -7, 1, 8, 13, 1, -6, 12, 6, -5, 6, 17, 5, 9, 4, 11, -2, -6, 8, -6, -6, 18, 14, -2, 1, 13, 3, 16, -6, 15]
[-9, -7, -7, 1, 8, 13, 1, -6, 12, 6, -5, 6, 17, 5, 9, 4, 11, -2, -6, 8, -6, -6, 18, 14, -2, 1, 13, 3, 16, -6, 15]
[-9, -7, -7, -6, 8, 13, 1, 1, 12, 6, -5, 6, 17, 5, 9, 4, 11, -2, -6, 8, -6, -6, 18, 14, -2, 1, 13, 3, 16, -6, 15]
[-9, -7, -7, -6, 8, 13, 1, 1, 12, 6, -5, 6, 17, 5, 9, 4, 11, -2, -6, 8, -6, -6, 18, 14, -2, 1, 13, 3, 16, -6, 15]
[-9, -7, -7, -6, 8, 13, 1, 1, 12, 6, -5, 6, 17, 5, 9, 4, 11, -2, -6, 8, -6, -6, 18, 14, -2, 1, 13, 3, 16, -6, 15]
[-9, -7, -7, -6, 8, 13, 1, 1, 12, 6, -5, 6, 17, 5, 9, 4, 11, -2, -6, 8, -6, -6, 18, 14, -2, 1, 13, 3, 16, -6, 15]
[-9, -7, -7, -6, 8, 13, 1, 1, 12, 6, -5, 6, 17, 5, 9, 4, 11, -2, -6, 8, -6, -6, 18, 14, -2, 1, 13, 3, 16, -6, 15]
[-9, -7, -7, -6, 1, 13, 8, 1, 12, 6, -5, 6, 17, 5, 9, 4, 11, -2, -6, 8, -6, -6, 18, 14, -2, 1, 13, 3, 16, -6, 15]
[-9, -7, -7, -6, 1, 13, 8, 1, 12, 6, -5, 6, 17, 5, 9, 4, 11, -2, -6, 8, -6, -6, 18, 14, -2, 1, 13, 3, 16, -6, 15]
[-9, -7, -7, -6, -5, 13, 8, 1, 12, 6, 1, 6, 17, 5, 9, 4, 11, -2, -6, 8, -6, -6, 18, 14, -2, 1, 13, 3, 16, -6, 15]
[-9, -7, -7, -6, -6, 13, 8, 1, 12, 6, 1, 6, 17, 5, 9, 4, 11, -2, -5, 8, -6, -6, 18, 14, -2, 1, 13, 3, 16, -6, 15]
[-9, -7, -7, -6, -6, 13, 8, 1, 12, 6, 1, 6, 17, 5, 9, 4, 11, -2, -5, 8, -6, -6, 18, 14, -2, 1, 13, 3, 16, -6, 15]
[-9, -7, -7, -6, -6, 13, 8, 1, 12, 6, 1, 6, 17, 5, 9, 4, 11, -2, -5, 8, -6, -6, 18, 14, -2, 1, 13, 3, 16, -6, 15]
[-9, -7, -7, -6, -6, 13, 8, 1, 12, 6, 1, 6, 17, 5, 9, 4, 11, -2, -5, 8, -6, -6, 18, 14, -2, 1, 13, 3, 16, -6, 15]
[-9, -7, -7, -6, -6, 8, 13, 1, 12, 6, 1, 6, 17, 5, 9, 4, 11, -2, -5, 8, -6, -6, 18, 14, -2, 1, 13, 3, 16, -6, 15]
[-9, -7, -7, -6, -6, 1, 13, 8, 12, 6, 1, 6, 17, 5, 9, 4, 11, -2, -5, 8, -6, -6, 18, 14, -2, 1, 13, 3, 16, -6, 15]
[-9, -7, -7, -6, -6, 1, 13, 8, 12, 6, 1, 6, 17, 5, 9, 4, 11, -2, -5, 8, -6, -6, 18, 14, -2, 1, 13, 3, 16, -6, 15]
[-9, -7, -7, -6, -6, -2, 13, 8, 12, 6, 1, 6, 17, 5, 9, 4, 11, 1, -5, 8, -6, -6, 18, 14, -2, 1, 13, 3, 16, -6, 15]
[-9, -7, -7, -6, -6, -5, 13, 8, 12, 6, 1, 6, 17, 5, 9, 4, 11, 1, -2, 8, -6, -6, 18, 14, -2, 1, 13, 3, 16, -6, 15]
[-9, -7, -7, -6, -6, -6, 13, 8, 12, 6, 1, 6, 17, 5, 9, 4, 11, 1, -2, 8, -5, -6, 18, 14, -2, 1, 13, 3, 16, -6, 15]
[-9, -7, -7, -6, -6, -6, 13, 8, 12, 6, 1, 6, 17, 5, 9, 4, 11, 1, -2, 8, -5, -6, 18, 14, -2, 1, 13, 3, 16, -6, 15]
[-9, -7, -7, -6, -6, -6, 13, 8, 12, 6, 1, 6, 17, 5, 9, 4, 11, 1, -2, 8, -5, -6, 18, 14, -2, 1, 13, 3, 16, -6, 15]
[-9, -7, -7, -6, -6, -6, 8, 13, 12, 6, 1, 6, 17, 5, 9, 4, 11, 1, -2, 8, -5, -6, 18, 14, -2, 1, 13, 3, 16, -6, 15]
[-9, -7, -7, -6, -6, -6, 6, 13, 12, 8, 1, 6, 17, 5, 9, 4, 11, 1, -2, 8, -5, -6, 18, 14, -2, 1, 13, 3, 16, -6, 15]
[-9, -7, -7, -6, -6, -6, 1, 13, 12, 8, 6, 6, 17, 5, 9, 4, 11, 1, -2, 8, -5, -6, 18, 14, -2, 1, 13, 3, 16, -6, 15]
[-9, -7, -7, -6, -6, -6, 1, 13, 12, 8, 6, 6, 17, 5, 9, 4, 11, 1, -2, 8, -5, -6, 18, 14, -2, 1, 13, 3, 16, -6, 15]
[-9, -7, -7, -6, -6, -6, -2, 13, 12, 8, 6, 6, 17, 5, 9, 4, 11, 1, 1, 8, -5, -6, 18, 14, -2, 1, 13, 3, 16, -6, 15]
[-9, -7, -7, -6, -6, -6, -5, 13, 12, 8, 6, 6, 17, 5, 9, 4, 11, 1, 1, 8, -2, -6, 18, 14, -2, 1, 13, 3, 16, -6, 15]
[-9, -7, -7, -6, -6, -6, -6, 13, 12, 8, 6, 6, 17, 5, 9, 4, 11, 1, 1, 8, -2, -5, 18, 14, -2, 1, 13, 3, 16, -6, 15]
[-9, -7, -7, -6, -6, -6, -6, 13, 12, 8, 6, 6, 17, 5, 9, 4, 11, 1, 1, 8, -2, -5, 18, 14, -2, 1, 13, 3, 16, -6, 15]
[-9, -7, -7, -6, -6, -6, -6, 12, 13, 8, 6, 6, 17, 5, 9, 4, 11, 1, 1, 8, -2, -5, 18, 14, -2, 1, 13, 3, 16, -6, 15]
[-9, -7, -7, -6, -6, -6, -6, 8, 13, 12, 6, 6, 17, 5, 9, 4, 11, 1, 1, 8, -2, -5, 18, 14, -2, 1, 13, 3, 16, -6, 15]
[-9, -7, -7, -6, -6, -6, -6, 6, 13, 12, 8, 6, 17, 5, 9, 4, 11, 1, 1, 8, -2, -5, 18, 14, -2, 1, 13, 3, 16, -6, 15]
[-9, -7, -7, -6, -6, -6, -6, 6, 13, 12, 8, 6, 17, 5, 9, 4, 11, 1, 1, 8, -2, -5, 18, 14, -2, 1, 13, 3, 16, -6, 15]
[-9, -7, -7, -6, -6, -6, -6, 5, 13, 12, 8, 6, 17, 6, 9, 4, 11, 1, 1, 8, -2, -5, 18, 14, -2, 1, 13, 3, 16, -6, 15]
[-9, -7, -7, -6, -6, -6, -6, 4, 13, 12, 8, 6, 17, 6, 9, 5, 11, 1, 1, 8, -2, -5, 18, 14, -2, 1, 13, 3, 16, -6, 15]
[-9, -7, -7, -6, -6, -6, -6, 1, 13, 12, 8, 6, 17, 6, 9, 5, 11, 4, 1, 8, -2, -5, 18, 14, -2, 1, 13, 3, 16, -6, 15]
[-9, -7, -7, -6, -6, -6, -6, 1, 13, 12, 8, 6, 17, 6, 9, 5, 11, 4, 1, 8, -2, -5, 18, 14, -2, 1, 13, 3, 16, -6, 15]
[-9, -7, -7, -6, -6, -6, -6, -2, 13, 12, 8, 6, 17, 6, 9, 5, 11, 4, 1, 8, 1, -5, 18, 14, -2, 1, 13, 3, 16, -6, 15]
[-9, -7, -7, -6, -6, -6, -6, -5, 13, 12, 8, 6, 17, 6, 9, 5, 11, 4, 1, 8, 1, -2, 18, 14, -2, 1, 13, 3, 16, -6, 15]
[-9, -7, -7, -6, -6, -6, -6, -6, 13, 12, 8, 6, 17, 6, 9, 5, 11, 4, 1, 8, 1, -2, 18, 14, -2, 1, 13, 3, 16, -5, 15]
[-9, -7, -7, -6, -6, -6, -6, -6, 12, 13, 8, 6, 17, 6, 9, 5, 11, 4, 1, 8, 1, -2, 18, 14, -2, 1, 13, 3, 16, -5, 15]
[-9, -7, -7, -6, -6, -6, -6, -6, 8, 13, 12, 6, 17, 6, 9, 5, 11, 4, 1, 8, 1, -2, 18, 14, -2, 1, 13, 3, 16, -5, 15]
[-9, -7, -7, -6, -6, -6, -6, -6, 6, 13, 12, 8, 17, 6, 9, 5, 11, 4, 1, 8, 1, -2, 18, 14, -2, 1, 13, 3, 16, -5, 15]
[-9, -7, -7, -6, -6, -6, -6, -6, 6, 13, 12, 8, 17, 6, 9, 5, 11, 4, 1, 8, 1, -2, 18, 14, -2, 1, 13, 3, 16, -5, 15]
[-9, -7, -7, -6, -6, -6, -6, -6, 5, 13, 12, 8, 17, 6, 9, 6, 11, 4, 1, 8, 1, -2, 18, 14, -2, 1, 13, 3, 16, -5, 15]
[-9, -7, -7, -6, -6, -6, -6, -6, 4, 13, 12, 8, 17, 6, 9, 6, 11, 5, 1, 8, 1, -2, 18, 14, -2, 1, 13, 3, 16, -5, 15]
[-9, -7, -7, -6, -6, -6, -6, -6, 1, 13, 12, 8, 17, 6, 9, 6, 11, 5, 4, 8, 1, -2, 18, 14, -2, 1, 13, 3, 16, -5, 15]
[-9, -7, -7, -6, -6, -6, -6, -6, 1, 13, 12, 8, 17, 6, 9, 6, 11, 5, 4, 8, 1, -2, 18, 14, -2, 1, 13, 3, 16, -5, 15]
[-9, -7, -7, -6, -6, -6, -6, -6, -2, 13, 12, 8, 17, 6, 9, 6, 11, 5, 4, 8, 1, 1, 18, 14, -2, 1, 13, 3, 16, -5, 15]
[-9, -7, -7, -6, -6, -6, -6, -6, -2, 13, 12, 8, 17, 6, 9, 6, 11, 5, 4, 8, 1, 1, 18, 14, -2, 1, 13, 3, 16, -5, 15]
[-9, -7, -7, -6, -6, -6, -6, -6, -5, 13, 12, 8, 17, 6, 9, 6, 11, 5, 4, 8, 1, 1, 18, 14, -2, 1, 13, 3, 16, -2, 15]
[-9, -7, -7, -6, -6, -6, -6, -6, -5, 12, 13, 8, 17, 6, 9, 6, 11, 5, 4, 8, 1, 1, 18, 14, -2, 1, 13, 3, 16, -2, 15]
[-9, -7, -7, -6, -6, -6, -6, -6, -5, 8, 13, 12, 17, 6, 9, 6, 11, 5, 4, 8, 1, 1, 18, 14, -2, 1, 13, 3, 16, -2, 15]
[-9, -7, -7, -6, -6, -6, -6, -6, -5, 6, 13, 12, 17, 8, 9, 6, 11, 5, 4, 8, 1, 1, 18, 14, -2, 1, 13, 3, 16, -2, 15]
[-9, -7, -7, -6, -6, -6, -6, -6, -5, 6, 13, 12, 17, 8, 9, 6, 11, 5, 4, 8, 1, 1, 18, 14, -2, 1, 13, 3, 16, -2, 15]
[-9, -7, -7, -6, -6, -6, -6, -6, -5, 5, 13, 12, 17, 8, 9, 6, 11, 6, 4, 8, 1, 1, 18, 14, -2, 1, 13, 3, 16, -2, 15]
[-9, -7, -7, -6, -6, -6, -6, -6, -5, 4, 13, 12, 17, 8, 9, 6, 11, 6, 5, 8, 1, 1, 18, 14, -2, 1, 13, 3, 16, -2, 15]
[-9, -7, -7, -6, -6, -6, -6, -6, -5, 1, 13, 12, 17, 8, 9, 6, 11, 6, 5, 8, 4, 1, 18, 14, -2, 1, 13, 3, 16, -2, 15]
[-9, -7, -7, -6, -6, -6, -6, -6, -5, 1, 13, 12, 17, 8, 9, 6, 11, 6, 5, 8, 4, 1, 18, 14, -2, 1, 13, 3, 16, -2, 15]
[-9, -7, -7, -6, -6, -6, -6, -6, -5, -2, 13, 12, 17, 8, 9, 6, 11, 6, 5, 8, 4, 1, 18, 14, 1, 1, 13, 3, 16, -2, 15]
[-9, -7, -7, -6, -6, -6, -6, -6, -5, -2, 13, 12, 17, 8, 9, 6, 11, 6, 5, 8, 4, 1, 18, 14, 1, 1, 13, 3, 16, -2, 15]
[-9, -7, -7, -6, -6, -6, -6, -6, -5, -2, 12, 13, 17, 8, 9, 6, 11, 6, 5, 8, 4, 1, 18, 14, 1, 1, 13, 3, 16, -2, 15]
[-9, -7, -7, -6, -6, -6, -6, -6, -5, -2, 8, 13, 17, 12, 9, 6, 11, 6, 5, 8, 4, 1, 18, 14, 1, 1, 13, 3, 16, -2, 15]
[-9, -7, -7, -6, -6, -6, -6, -6, -5, -2, 6, 13, 17, 12, 9, 8, 11, 6, 5, 8, 4, 1, 18, 14, 1, 1, 13, 3, 16, -2, 15]
[-9, -7, -7, -6, -6, -6, -6, -6, -5, -2, 6, 13, 17, 12, 9, 8, 11, 6, 5, 8, 4, 1, 18, 14, 1, 1, 13, 3, 16, -2, 15]
[-9, -7, -7, -6, -6, -6, -6, -6, -5, -2, 5, 13, 17, 12, 9, 8, 11, 6, 6, 8, 4, 1, 18, 14, 1, 1, 13, 3, 16, -2, 15]
[-9, -7, -7, -6, -6, -6, -6, -6, -5, -2, 4, 13, 17, 12, 9, 8, 11, 6, 6, 8, 5, 1, 18, 14, 1, 1, 13, 3, 16, -2, 15]
[-9, -7, -7, -6, -6, -6, -6, -6, -5, -2, 1, 13, 17, 12, 9, 8, 11, 6, 6, 8, 5, 4, 18, 14, 1, 1, 13, 3, 16, -2, 15]
[-9, -7, -7, -6, -6, -6, -6, -6, -5, -2, 1, 13, 17, 12, 9, 8, 11, 6, 6, 8, 5, 4, 18, 14, 1, 1, 13, 3, 16, -2, 15]
[-9, -7, -7, -6, -6, -6, -6, -6, -5, -2, 1, 13, 17, 12, 9, 8, 11, 6, 6, 8, 5, 4, 18, 14, 1, 1, 13, 3, 16, -2, 15]
[-9, -7, -7, -6, -6, -6, -6, -6, -5, -2, -2, 13, 17, 12, 9, 8, 11, 6, 6, 8, 5, 4, 18, 14, 1, 1, 13, 3, 16, 1, 15]
[-9, -7, -7, -6, -6, -6, -6, -6, -5, -2, -2, 12, 17, 13, 9, 8, 11, 6, 6, 8, 5, 4, 18, 14, 1, 1, 13, 3, 16, 1, 15]
[-9, -7, -7, -6, -6, -6, -6, -6, -5, -2, -2, 9, 17, 13, 12, 8, 11, 6, 6, 8, 5, 4, 18, 14, 1, 1, 13, 3, 16, 1, 15]
[-9, -7, -7, -6, -6, -6, -6, -6, -5, -2, -2, 8, 17, 13, 12, 9, 11, 6, 6, 8, 5, 4, 18, 14, 1, 1, 13, 3, 16, 1, 15]
[-9, -7, -7, -6, -6, -6, -6, -6, -5, -2, -2, 6, 17, 13, 12, 9, 11, 8, 6, 8, 5, 4, 18, 14, 1, 1, 13, 3, 16, 1, 15]
[-9, -7, -7, -6, -6, -6, -6, -6, -5, -2, -2, 6, 17, 13, 12, 9, 11, 8, 6, 8, 5, 4, 18, 14, 1, 1, 13, 3, 16, 1, 15]
[-9, -7, -7, -6, -6, -6, -6, -6, -5, -2, -2, 5, 17, 13, 12, 9, 11, 8, 6, 8, 6, 4, 18, 14, 1, 1, 13, 3, 16, 1, 15]
[-9, -7, -7, -6, -6, -6, -6, -6, -5, -2, -2, 4, 17, 13, 12, 9, 11, 8, 6, 8, 6, 5, 18, 14, 1, 1, 13, 3, 16, 1, 15]
[-9, -7, -7, -6, -6, -6, -6, -6, -5, -2, -2, 1, 17, 13, 12, 9, 11, 8, 6, 8, 6, 5, 18, 14, 4, 1, 13, 3, 16, 1, 15]
[-9, -7, -7, -6, -6, -6, -6, -6, -5, -2, -2, 1, 17, 13, 12, 9, 11, 8, 6, 8, 6, 5, 18, 14, 4, 1, 13, 3, 16, 1, 15]
[-9, -7, -7, -6, -6, -6, -6, -6, -5, -2, -2, 1, 17, 13, 12, 9, 11, 8, 6, 8, 6, 5, 18, 14, 4, 1, 13, 3, 16, 1, 15]
[-9, -7, -7, -6, -6, -6, -6, -6, -5, -2, -2, 1, 13, 17, 12, 9, 11, 8, 6, 8, 6, 5, 18, 14, 4, 1, 13, 3, 16, 1, 15]
[-9, -7, -7, -6, -6, -6, -6, -6, -5, -2, -2, 1, 12, 17, 13, 9, 11, 8, 6, 8, 6, 5, 18, 14, 4, 1, 13, 3, 16, 1, 15]
[-9, -7, -7, -6, -6, -6, -6, -6, -5, -2, -2, 1, 9, 17, 13, 12, 11, 8, 6, 8, 6, 5, 18, 14, 4, 1, 13, 3, 16, 1, 15]
[-9, -7, -7, -6, -6, -6, -6, -6, -5, -2, -2, 1, 8, 17, 13, 12, 11, 9, 6, 8, 6, 5, 18, 14, 4, 1, 13, 3, 16, 1, 15]
[-9, -7, -7, -6, -6, -6, -6, -6, -5, -2, -2, 1, 6, 17, 13, 12, 11, 9, 8, 8, 6, 5, 18, 14, 4, 1, 13, 3, 16, 1, 15]
[-9, -7, -7, -6, -6, -6, -6, -6, -5, -2, -2, 1, 6, 17, 13, 12, 11, 9, 8, 8, 6, 5, 18, 14, 4, 1, 13, 3, 16, 1, 15]
[-9, -7, -7, -6, -6, -6, -6, -6, -5, -2, -2, 1, 5, 17, 13, 12, 11, 9, 8, 8, 6, 6, 18, 14, 4, 1, 13, 3, 16, 1, 15]
[-9, -7, -7, -6, -6, -6, -6, -6, -5, -2, -2, 1, 4, 17, 13, 12, 11, 9, 8, 8, 6, 6, 18, 14, 5, 1, 13, 3, 16, 1, 15]
[-9, -7, -7, -6, -6, -6, -6, -6, -5, -2, -2, 1, 1, 17, 13, 12, 11, 9, 8, 8, 6, 6, 18, 14, 5, 4, 13, 3, 16, 1, 15]
[-9, -7, -7, -6, -6, -6, -6, -6, -5, -2, -2, 1, 1, 17, 13, 12, 11, 9, 8, 8, 6, 6, 18, 14, 5, 4, 13, 3, 16, 1, 15]
[-9, -7, -7, -6, -6, -6, -6, -6, -5, -2, -2, 1, 1, 13, 17, 12, 11, 9, 8, 8, 6, 6, 18, 14, 5, 4, 13, 3, 16, 1, 15]
[-9, -7, -7, -6, -6, -6, -6, -6, -5, -2, -2, 1, 1, 12, 17, 13, 11, 9, 8, 8, 6, 6, 18, 14, 5, 4, 13, 3, 16, 1, 15]
[-9, -7, -7, -6, -6, -6, -6, -6, -5, -2, -2, 1, 1, 11, 17, 13, 12, 9, 8, 8, 6, 6, 18, 14, 5, 4, 13, 3, 16, 1, 15]
[-9, -7, -7, -6, -6, -6, -6, -6, -5, -2, -2, 1, 1, 9, 17, 13, 12, 11, 8, 8, 6, 6, 18, 14, 5, 4, 13, 3, 16, 1, 15]
[-9, -7, -7, -6, -6, -6, -6, -6, -5, -2, -2, 1, 1, 8, 17, 13, 12, 11, 9, 8, 6, 6, 18, 14, 5, 4, 13, 3, 16, 1, 15]
[-9, -7, -7, -6, -6, -6, -6, -6, -5, -2, -2, 1, 1, 8, 17, 13, 12, 11, 9, 8, 6, 6, 18, 14, 5, 4, 13, 3, 16, 1, 15]
[-9, -7, -7, -6, -6, -6, -6, -6, -5, -2, -2, 1, 1, 6, 17, 13, 12, 11, 9, 8, 8, 6, 18, 14, 5, 4, 13, 3, 16, 1, 15]
[-9, -7, -7, -6, -6, -6, -6, -6, -5, -2, -2, 1, 1, 6, 17, 13, 12, 11, 9, 8, 8, 6, 18, 14, 5, 4, 13, 3, 16, 1, 15]
[-9, -7, -7, -6, -6, -6, -6, -6, -5, -2, -2, 1, 1, 5, 17, 13, 12, 11, 9, 8, 8, 6, 18, 14, 6, 4, 13, 3, 16, 1, 15]
[-9, -7, -7, -6, -6, -6, -6, -6, -5, -2, -2, 1, 1, 4, 17, 13, 12, 11, 9, 8, 8, 6, 18, 14, 6, 5, 13, 3, 16, 1, 15]
[-9, -7, -7, -6, -6, -6, -6, -6, -5, -2, -2, 1, 1, 3, 17, 13, 12, 11, 9, 8, 8, 6, 18, 14, 6, 5, 13, 4, 16, 1, 15]
[-9, -7, -7, -6, -6, -6, -6, -6, -5, -2, -2, 1, 1, 1, 17, 13, 12, 11, 9, 8, 8, 6, 18, 14, 6, 5, 13, 4, 16, 3, 15]
[-9, -7, -7, -6, -6, -6, -6, -6, -5, -2, -2, 1, 1, 1, 13, 17, 12, 11, 9, 8, 8, 6, 18, 14, 6, 5, 13, 4, 16, 3, 15]
[-9, -7, -7, -6, -6, -6, -6, -6, -5, -2, -2, 1, 1, 1, 12, 17, 13, 11, 9, 8, 8, 6, 18, 14, 6, 5, 13, 4, 16, 3, 15]
[-9, -7, -7, -6, -6, -6, -6, -6, -5, -2, -2, 1, 1, 1, 11, 17, 13, 12, 9, 8, 8, 6, 18, 14, 6, 5, 13, 4, 16, 3, 15]
[-9, -7, -7, -6, -6, -6, -6, -6, -5, -2, -2, 1, 1, 1, 9, 17, 13, 12, 11, 8, 8, 6, 18, 14, 6, 5, 13, 4, 16, 3, 15]
[-9, -7, -7, -6, -6, -6, -6, -6, -5, -2, -2, 1, 1, 1, 8, 17, 13, 12, 11, 9, 8, 6, 18, 14, 6, 5, 13, 4, 16, 3, 15]
[-9, -7, -7, -6, -6, -6, -6, -6, -5, -2, -2, 1, 1, 1, 8, 17, 13, 12, 11, 9, 8, 6, 18, 14, 6, 5, 13, 4, 16, 3, 15]
[-9, -7, -7, -6, -6, -6, -6, -6, -5, -2, -2, 1, 1, 1, 6, 17, 13, 12, 11, 9, 8, 8, 18, 14, 6, 5, 13, 4, 16, 3, 15]
[-9, -7, -7, -6, -6, -6, -6, -6, -5, -2, -2, 1, 1, 1, 6, 17, 13, 12, 11, 9, 8, 8, 18, 14, 6, 5, 13, 4, 16, 3, 15]
[-9, -7, -7, -6, -6, -6, -6, -6, -5, -2, -2, 1, 1, 1, 5, 17, 13, 12, 11, 9, 8, 8, 18, 14, 6, 6, 13, 4, 16, 3, 15]
[-9, -7, -7, -6, -6, -6, -6, -6, -5, -2, -2, 1, 1, 1, 4, 17, 13, 12, 11, 9, 8, 8, 18, 14, 6, 6, 13, 5, 16, 3, 15]
[-9, -7, -7, -6, -6, -6, -6, -6, -5, -2, -2, 1, 1, 1, 3, 17, 13, 12, 11, 9, 8, 8, 18, 14, 6, 6, 13, 5, 16, 4, 15]
[-9, -7, -7, -6, -6, -6, -6, -6, -5, -2, -2, 1, 1, 1, 3, 13, 17, 12, 11, 9, 8, 8, 18, 14, 6, 6, 13, 5, 16, 4, 15]
[-9, -7, -7, -6, -6, -6, -6, -6, -5, -2, -2, 1, 1, 1, 3, 12, 17, 13, 11, 9, 8, 8, 18, 14, 6, 6, 13, 5, 16, 4, 15]
[-9, -7, -7, -6, -6, -6, -6, -6, -5, -2, -2, 1, 1, 1, 3, 11, 17, 13, 12, 9, 8, 8, 18, 14, 6, 6, 13, 5, 16, 4, 15]
[-9, -7, -7, -6, -6, -6, -6, -6, -5, -2, -2, 1, 1, 1, 3, 9, 17, 13, 12, 11, 8, 8, 18, 14, 6, 6, 13, 5, 16, 4, 15]
[-9, -7, -7, -6, -6, -6, -6, -6, -5, -2, -2, 1, 1, 1, 3, 8, 17, 13, 12, 11, 9, 8, 18, 14, 6, 6, 13, 5, 16, 4, 15]
[-9, -7, -7, -6, -6, -6, -6, -6, -5, -2, -2, 1, 1, 1, 3, 8, 17, 13, 12, 11, 9, 8, 18, 14, 6, 6, 13, 5, 16, 4, 15]
[-9, -7, -7, -6, -6, -6, -6, -6, -5, -2, -2, 1, 1, 1, 3, 6, 17, 13, 12, 11, 9, 8, 18, 14, 8, 6, 13, 5, 16, 4, 15]
[-9, -7, -7, -6, -6, -6, -6, -6, -5, -2, -2, 1, 1, 1, 3, 6, 17, 13, 12, 11, 9, 8, 18, 14, 8, 6, 13, 5, 16, 4, 15]
[-9, -7, -7, -6, -6, -6, -6, -6, -5, -2, -2, 1, 1, 1, 3, 5, 17, 13, 12, 11, 9, 8, 18, 14, 8, 6, 13, 6, 16, 4, 15]
[-9, -7, -7, -6, -6, -6, -6, -6, -5, -2, -2, 1, 1, 1, 3, 4, 17, 13, 12, 11, 9, 8, 18, 14, 8, 6, 13, 6, 16, 5, 15]
[-9, -7, -7, -6, -6, -6, -6, -6, -5, -2, -2, 1, 1, 1, 3, 4, 13, 17, 12, 11, 9, 8, 18, 14, 8, 6, 13, 6, 16, 5, 15]
[-9, -7, -7, -6, -6, -6, -6, -6, -5, -2, -2, 1, 1, 1, 3, 4, 12, 17, 13, 11, 9, 8, 18, 14, 8, 6, 13, 6, 16, 5, 15]
[-9, -7, -7, -6, -6, -6, -6, -6, -5, -2, -2, 1, 1, 1, 3, 4, 11, 17, 13, 12, 9, 8, 18, 14, 8, 6, 13, 6, 16, 5, 15]
[-9, -7, -7, -6, -6, -6, -6, -6, -5, -2, -2, 1, 1, 1, 3, 4, 9, 17, 13, 12, 11, 8, 18, 14, 8, 6, 13, 6, 16, 5, 15]
[-9, -7, -7, -6, -6, -6, -6, -6, -5, -2, -2, 1, 1, 1, 3, 4, 8, 17, 13, 12, 11, 9, 18, 14, 8, 6, 13, 6, 16, 5, 15]
[-9, -7, -7, -6, -6, -6, -6, -6, -5, -2, -2, 1, 1, 1, 3, 4, 8, 17, 13, 12, 11, 9, 18, 14, 8, 6, 13, 6, 16, 5, 15]
[-9, -7, -7, -6, -6, -6, -6, -6, -5, -2, -2, 1, 1, 1, 3, 4, 6, 17, 13, 12, 11, 9, 18, 14, 8, 8, 13, 6, 16, 5, 15]
[-9, -7, -7, -6, -6, -6, -6, -6, -5, -2, -2, 1, 1, 1, 3, 4, 6, 17, 13, 12, 11, 9, 18, 14, 8, 8, 13, 6, 16, 5, 15]
[-9, -7, -7, -6, -6, -6, -6, -6, -5, -2, -2, 1, 1, 1, 3, 4, 5, 17, 13, 12, 11, 9, 18, 14, 8, 8, 13, 6, 16, 6, 15]
[-9, -7, -7, -6, -6, -6, -6, -6, -5, -2, -2, 1, 1, 1, 3, 4, 5, 13, 17, 12, 11, 9, 18, 14, 8, 8, 13, 6, 16, 6, 15]
[-9, -7, -7, -6, -6, -6, -6, -6, -5, -2, -2, 1, 1, 1, 3, 4, 5, 12, 17, 13, 11, 9, 18, 14, 8, 8, 13, 6, 16, 6, 15]
[-9, -7, -7, -6, -6, -6, -6, -6, -5, -2, -2, 1, 1, 1, 3, 4, 5, 11, 17, 13, 12, 9, 18, 14, 8, 8, 13, 6, 16, 6, 15]
[-9, -7, -7, -6, -6, -6, -6, -6, -5, -2, -2, 1, 1, 1, 3, 4, 5, 9, 17, 13, 12, 11, 18, 14, 8, 8, 13, 6, 16, 6, 15]
[-9, -7, -7, -6, -6, -6, -6, -6, -5, -2, -2, 1, 1, 1, 3, 4, 5, 8, 17, 13, 12, 11, 18, 14, 9, 8, 13, 6, 16, 6, 15]
[-9, -7, -7, -6, -6, -6, -6, -6, -5, -2, -2, 1, 1, 1, 3, 4, 5, 8, 17, 13, 12, 11, 18, 14, 9, 8, 13, 6, 16, 6, 15]
[-9, -7, -7, -6, -6, -6, -6, -6, -5, -2, -2, 1, 1, 1, 3, 4, 5, 6, 17, 13, 12, 11, 18, 14, 9, 8, 13, 8, 16, 6, 15]
[-9, -7, -7, -6, -6, -6, -6, -6, -5, -2, -2, 1, 1, 1, 3, 4, 5, 6, 17, 13, 12, 11, 18, 14, 9, 8, 13, 8, 16, 6, 15]
[-9, -7, -7, -6, -6, -6, -6, -6, -5, -2, -2, 1, 1, 1, 3, 4, 5, 6, 13, 17, 12, 11, 18, 14, 9, 8, 13, 8, 16, 6, 15]
[-9, -7, -7, -6, -6, -6, -6, -6, -5, -2, -2, 1, 1, 1, 3, 4, 5, 6, 12, 17, 13, 11, 18, 14, 9, 8, 13, 8, 16, 6, 15]
[-9, -7, -7, -6, -6, -6, -6, -6, -5, -2, -2, 1, 1, 1, 3, 4, 5, 6, 11, 17, 13, 12, 18, 14, 9, 8, 13, 8, 16, 6, 15]
[-9, -7, -7, -6, -6, -6, -6, -6, -5, -2, -2, 1, 1, 1, 3, 4, 5, 6, 9, 17, 13, 12, 18, 14, 11, 8, 13, 8, 16, 6, 15]
[-9, -7, -7, -6, -6, -6, -6, -6, -5, -2, -2, 1, 1, 1, 3, 4, 5, 6, 8, 17, 13, 12, 18, 14, 11, 9, 13, 8, 16, 6, 15]
[-9, -7, -7, -6, -6, -6, -6, -6, -5, -2, -2, 1, 1, 1, 3, 4, 5, 6, 8, 17, 13, 12, 18, 14, 11, 9, 13, 8, 16, 6, 15]
[-9, -7, -7, -6, -6, -6, -6, -6, -5, -2, -2, 1, 1, 1, 3, 4, 5, 6, 6, 17, 13, 12, 18, 14, 11, 9, 13, 8, 16, 8, 15]
[-9, -7, -7, -6, -6, -6, -6, -6, -5, -2, -2, 1, 1, 1, 3, 4, 5, 6, 6, 13, 17, 12, 18, 14, 11, 9, 13, 8, 16, 8, 15]
[-9, -7, -7, -6, -6, -6, -6, -6, -5, -2, -2, 1, 1, 1, 3, 4, 5, 6, 6, 12, 17, 13, 18, 14, 11, 9, 13, 8, 16, 8, 15]
[-9, -7, -7, -6, -6, -6, -6, -6, -5, -2, -2, 1, 1, 1, 3, 4, 5, 6, 6, 11, 17, 13, 18, 14, 12, 9, 13, 8, 16, 8, 15]
[-9, -7, -7, -6, -6, -6, -6, -6, -5, -2, -2, 1, 1, 1, 3, 4, 5, 6, 6, 9, 17, 13, 18, 14, 12, 11, 13, 8, 16, 8, 15]
[-9, -7, -7, -6, -6, -6, -6, -6, -5, -2, -2, 1, 1, 1, 3, 4, 5, 6, 6, 8, 17, 13, 18, 14, 12, 11, 13, 9, 16, 8, 15]
[-9, -7, -7, -6, -6, -6, -6, -6, -5, -2, -2, 1, 1, 1, 3, 4, 5, 6, 6, 8, 17, 13, 18, 14, 12, 11, 13, 9, 16, 8, 15]
[-9, -7, -7, -6, -6, -6, -6, -6, -5, -2, -2, 1, 1, 1, 3, 4, 5, 6, 6, 8, 13, 17, 18, 14, 12, 11, 13, 9, 16, 8, 15]
[-9, -7, -7, -6, -6, -6, -6, -6, -5, -2, -2, 1, 1, 1, 3, 4, 5, 6, 6, 8, 12, 17, 18, 14, 13, 11, 13, 9, 16, 8, 15]
[-9, -7, -7, -6, -6, -6, -6, -6, -5, -2, -2, 1, 1, 1, 3, 4, 5, 6, 6, 8, 11, 17, 18, 14, 13, 12, 13, 9, 16, 8, 15]
[-9, -7, -7, -6, -6, -6, -6, -6, -5, -2, -2, 1, 1, 1, 3, 4, 5, 6, 6, 8, 9, 17, 18, 14, 13, 12, 13, 11, 16, 8, 15]
[-9, -7, -7, -6, -6, -6, -6, -6, -5, -2, -2, 1, 1, 1, 3, 4, 5, 6, 6, 8, 8, 17, 18, 14, 13, 12, 13, 11, 16, 9, 15]
[-9, -7, -7, -6, -6, -6, -6, -6, -5, -2, -2, 1, 1, 1, 3, 4, 5, 6, 6, 8, 8, 14, 18, 17, 13, 12, 13, 11, 16, 9, 15]
[-9, -7, -7, -6, -6, -6, -6, -6, -5, -2, -2, 1, 1, 1, 3, 4, 5, 6, 6, 8, 8, 13, 18, 17, 14, 12, 13, 11, 16, 9, 15]
[-9, -7, -7, -6, -6, -6, -6, -6, -5, -2, -2, 1, 1, 1, 3, 4, 5, 6, 6, 8, 8, 12, 18, 17, 14, 13, 13, 11, 16, 9, 15]
[-9, -7, -7, -6, -6, -6, -6, -6, -5, -2, -2, 1, 1, 1, 3, 4, 5, 6, 6, 8, 8, 11, 18, 17, 14, 13, 13, 12, 16, 9, 15]
[-9, -7, -7, -6, -6, -6, -6, -6, -5, -2, -2, 1, 1, 1, 3, 4, 5, 6, 6, 8, 8, 9, 18, 17, 14, 13, 13, 12, 16, 11, 15]
[-9, -7, -7, -6, -6, -6, -6, -6, -5, -2, -2, 1, 1, 1, 3, 4, 5, 6, 6, 8, 8, 9, 17, 18, 14, 13, 13, 12, 16, 11, 15]
[-9, -7, -7, -6, -6, -6, -6, -6, -5, -2, -2, 1, 1, 1, 3, 4, 5, 6, 6, 8, 8, 9, 14, 18, 17, 13, 13, 12, 16, 11, 15]
[-9, -7, -7, -6, -6, -6, -6, -6, -5, -2, -2, 1, 1, 1, 3, 4, 5, 6, 6, 8, 8, 9, 13, 18, 17, 14, 13, 12, 16, 11, 15]
[-9, -7, -7, -6, -6, -6, -6, -6, -5, -2, -2, 1, 1, 1, 3, 4, 5, 6, 6, 8, 8, 9, 13, 18, 17, 14, 13, 12, 16, 11, 15]
[-9, -7, -7, -6, -6, -6, -6, -6, -5, -2, -2, 1, 1, 1, 3, 4, 5, 6, 6, 8, 8, 9, 12, 18, 17, 14, 13, 13, 16, 11, 15]
[-9, -7, -7, -6, -6, -6, -6, -6, -5, -2, -2, 1, 1, 1, 3, 4, 5, 6, 6, 8, 8, 9, 11, 18, 17, 14, 13, 13, 16, 12, 15]
[-9, -7, -7, -6, -6, -6, -6, -6, -5, -2, -2, 1, 1, 1, 3, 4, 5, 6, 6, 8, 8, 9, 11, 17, 18, 14, 13, 13, 16, 12, 15]
[-9, -7, -7, -6, -6, -6, -6, -6, -5, -2, -2, 1, 1, 1, 3, 4, 5, 6, 6, 8, 8, 9, 11, 14, 18, 17, 13, 13, 16, 12, 15]
[-9, -7, -7, -6, -6, -6, -6, -6, -5, -2, -2, 1, 1, 1, 3, 4, 5, 6, 6, 8, 8, 9, 11, 13, 18, 17, 14, 13, 16, 12, 15]
[-9, -7, -7, -6, -6, -6, -6, -6, -5, -2, -2, 1, 1, 1, 3, 4, 5, 6, 6, 8, 8, 9, 11, 13, 18, 17, 14, 13, 16, 12, 15]
[-9, -7, -7, -6, -6, -6, -6, -6, -5, -2, -2, 1, 1, 1, 3, 4, 5, 6, 6, 8, 8, 9, 11, 12, 18, 17, 14, 13, 16, 13, 15]
[-9, -7, -7, -6, -6, -6, -6, -6, -5, -2, -2, 1, 1, 1, 3, 4, 5, 6, 6, 8, 8, 9, 11, 12, 17, 18, 14, 13, 16, 13, 15]
[-9, -7, -7, -6, -6, -6, -6, -6, -5, -2, -2, 1, 1, 1, 3, 4, 5, 6, 6, 8, 8, 9, 11, 12, 14, 18, 17, 13, 16, 13, 15]
[-9, -7, -7, -6, -6, -6, -6, -6, -5, -2, -2, 1, 1, 1, 3, 4, 5, 6, 6, 8, 8, 9, 11, 12, 13, 18, 17, 14, 16, 13, 15]
[-9, -7, -7, -6, -6, -6, -6, -6, -5, -2, -2, 1, 1, 1, 3, 4, 5, 6, 6, 8, 8, 9, 11, 12, 13, 18, 17, 14, 16, 13, 15]
[-9, -7, -7, -6, -6, -6, -6, -6, -5, -2, -2, 1, 1, 1, 3, 4, 5, 6, 6, 8, 8, 9, 11, 12, 13, 17, 18, 14, 16, 13, 15]
[-9, -7, -7, -6, -6, -6, -6, -6, -5, -2, -2, 1, 1, 1, 3, 4, 5, 6, 6, 8, 8, 9, 11, 12, 13, 14, 18, 17, 16, 13, 15]
[-9, -7, -7, -6, -6, -6, -6, -6, -5, -2, -2, 1, 1, 1, 3, 4, 5, 6, 6, 8, 8, 9, 11, 12, 13, 13, 18, 17, 16, 14, 15]
[-9, -7, -7, -6, -6, -6, -6, -6, -5, -2, -2, 1, 1, 1, 3, 4, 5, 6, 6, 8, 8, 9, 11, 12, 13, 13, 17, 18, 16, 14, 15]
[-9, -7, -7, -6, -6, -6, -6, -6, -5, -2, -2, 1, 1, 1, 3, 4, 5, 6, 6, 8, 8, 9, 11, 12, 13, 13, 16, 18, 17, 14, 15]
[-9, -7, -7, -6, -6, -6, -6, -6, -5, -2, -2, 1, 1, 1, 3, 4, 5, 6, 6, 8, 8, 9, 11, 12, 13, 13, 14, 18, 17, 16, 15]
[-9, -7, -7, -6, -6, -6, -6, -6, -5, -2, -2, 1, 1, 1, 3, 4, 5, 6, 6, 8, 8, 9, 11, 12, 13, 13, 14, 17, 18, 16, 15]
[-9, -7, -7, -6, -6, -6, -6, -6, -5, -2, -2, 1, 1, 1, 3, 4, 5, 6, 6, 8, 8, 9, 11, 12, 13, 13, 14, 16, 18, 17, 15]
[-9, -7, -7, -6, -6, -6, -6, -6, -5, -2, -2, 1, 1, 1, 3, 4, 5, 6, 6, 8, 8, 9, 11, 12, 13, 13, 14, 15, 18, 17, 16]
[-9, -7, -7, -6, -6, -6, -6, -6, -5, -2, -2, 1, 1, 1, 3, 4, 5, 6, 6, 8, 8, 9, 11, 12, 13, 13, 14, 15, 17, 18, 16]
[-9, -7, -7, -6, -6, -6, -6, -6, -5, -2, -2, 1, 1, 1, 3, 4, 5, 6, 6, 8, 8, 9, 11, 12, 13, 13, 14, 15, 16, 18, 17]
[-9, -7, -7, -6, -6, -6, -6, -6, -5, -2, -2, 1, 1, 1, 3, 4, 5, 6, 6, 8, 8, 9, 11, 12, 13, 13, 14, 15, 16, 17, 18]
[15, -9, 6, 12, 7, -1, 13, 9, -5, 12, 12, 0, 10, 10, 10, -3, 13, 10, 12, -8, 17, 2, 3, 10, -8]
[-9, 15, 6, 12, 7, -1, 13, 9, -5, 12, 12, 0, 10, 10, 10, -3, 13, 10, 12, -8, 17, 2, 3, 10, -8]
[-9, 6, 15, 12, 7, -1, 13, 9, -5, 12, 12, 0, 10, 10, 10, -3, 13, 10, 12, -8, 17, 2, 3, 10, -8]
[-9, -1, 15, 12, 7, 6, 13, 9, -5, 12, 12, 0, 10, 10, 10, -3, 13, 10, 12, -8, 17, 2, 3, 10, -8]
[-9, -5, 15, 12, 7, 6, 13, 9, -1, 12, 12, 0, 10, 10, 10, -3, 13, 10, 12, -8, 17, 2, 3, 10, -8]
[-9, -8, 15, 12, 7, 6, 13, 9, -1, 12, 12, 0, 10, 10, 10, -3, 13, 10, 12, -5, 17, 2, 3, 10, -8]
[-9, -8, 15, 12, 7, 6, 13, 9, -1, 12, 12, 0, 10, 10, 10, -3, 13, 10, 12, -5, 17, 2, 3, 10, -8]
[-9, -8, 12, 15, 7, 6, 13, 9, -1, 12, 12, 0, 10, 10, 10, -3, 13, 10, 12, -5, 17, 2, 3, 10, -8]
[-9, -8, 7, 15, 12, 6, 13, 9, -1, 12, 12, 0, 10, 10, 10, -3, 13, 10, 12, -5, 17, 2, 3, 10, -8]
[-9, -8, 6, 15, 12, 7, 13, 9, -1, 12, 12, 0, 10, 10, 10, -3, 13, 10, 12, -5, 17, 2, 3, 10, -8]
[-9, -8, -1, 15, 12, 7, 13, 9, 6, 12, 12, 0, 10, 10, 10, -3, 13, 10, 12, -5, 17, 2, 3, 10, -8]
[-9, -8, -3, 15, 12, 7, 13, 9, 6, 12, 12, 0, 10, 10, 10, -1, 13, 10, 12, -5, 17, 2, 3, 10, -8]
[-9, -8, -5, 15, 12, 7, 13, 9, 6, 12, 12, 0, 10, 10, 10, -1, 13, 10, 12, -3, 17, 2, 3, 10, -8]
[-9, -8, -8, 15, 12, 7, 13, 9, 6, 12, 12, 0, 10, 10, 10, -1, 13, 10, 12, -3, 17, 2, 3, 10, -5]
[-9, -8, -8, 12, 15, 7, 13, 9, 6, 12, 12, 0, 10, 10, 10, -1, 13, 10, 12, -3, 17, 2, 3, 10, -5]
[-9, -8, -8, 7, 15, 12, 13, 9, 6, 12, 12, 0, 10, 10, 10, -1, 13, 10, 12, -3, 17, 2, 3, 10, -5]
[-9, -8, -8, 6, 15, 12, 13, 9, 7, 12, 12, 0, 10, 10, 10, -1, 13, 10, 12, -3, 17, 2, 3, 10, -5]
[-9, -8, -8, 0, 15, 12, 13, 9, 7, 12, 12, 6, 10, 10, 10, -1, 13, 10, 12, -3, 17, 2, 3, 10, -5]
[-9, -8, -8, -1, 15, 12, 13, 9, 7, 12, 12, 6, 10, 10, 10, 0, 13, 10, 12, -3, 17, 2, 3, 10, -5]
[-9, -8, -8, -3, 15, 12, 13, 9, 7, 12, 12, 6, 10, 10, 10, 0, 13, 10, 12, -1, 17, 2, 3, 10, -5]
[-9, -8, -8, -5, 15, 12, 13, 9, 7, 12, 12, 6, 10, 10, 10, 0, 13, 10, 12, -1, 17, 2, 3, 10, -3]
[-9, -8, -8, -5, 12, 15, 13, 9, 7, 12, 12, 6, 10, 10, 10, 0, 13, 10, 12, -1, 17, 2, 3, 10, -3]
[-9, -8, -8, -5, 9, 15, 13, 12, 7, 12, 12, 6, 10, 10, 10, 0, 13, 10, 12, -1, 17, 2, 3, 10, -3]
[-9, -8, -8, -5, 7, 15, 13, 12, 9, 12, 12, 6, 10, 10, 10, 0, 13, 10, 12, -1, 17, 2, 3, 10, -3]
[-9, -8, -8, -5, 6, 15, 13, 12, 9, 12, 12, 7, 10, 10, 10, 0, 13, 10, 12, -1, 17, 2, 3, 10, -3]
[-9, -8, -8, -5, 0, 15, 13, 12, 9, 12, 12, 7, 10, 10, 10, 6, 13, 10, 12, -1, 17, 2, 3, 10, -3]
[-9, -8, -8, -5, -1, 15, 13, 12, 9, 12, 12, 7, 10, 10, 10, 6, 13, 10, 12, 0, 17, 2, 3, 10, -3]
[-9, -8, -8, -5, -3, 15, 13, 12, 9, 12, 12, 7, 10, 10, 10, 6, 13, 10, 12, 0, 17, 2, 3, 10, -1]
[-9, -8, -8, -5, -3, 13, 15, 12, 9, 12, 12, 7, 10, 10, 10, 6, 13, 10, 12, 0, 17, 2, 3, 10, -1]
[-9, -8, -8, -5, -3, 12, 15, 13, 9, 12, 12, 7, 10, 10, 10, 6, 13, 10, 12, 0, 17, 2, 3, 10, -1]
[-9, -8, -8, -5, -3, 9, 15, 13, 12, 12, 12, 7, 10, 10, 10, 6, 13, 10, 12, 0, 17, 2, 3, 10, -1]
[-9, -8, -8, -5, -3, 7, 15, 13, 12, 12, 12, 9, 10, 10, 10, 6, 13, 10, 12, 0, 17, 2, 3, 10, -1]
[-9, -8, -8, -5, -3, 6, 15, 13, 12, 12, 12, 9, 10, 10, 10, 7, 13, 10, 12, 0, 17, 2, 3, 10, -1]
[-9, -8, -8, -5, -3, 0, 15, 13, 12, 12, 12, 9, 10, 10, 10, 7, 13, 10, 12, 6, 17, 2, 3, 10, -1]
[-9, -8, -8, -5, -3, -1, 15, 13, 12, 12, 12, 9, 10, 10, 10, 7, 13, 10, 12, 6, 17, 2, 3, 10, 0]
[-9, -8, -8, -5, -3, -1, 13, 15, 12, 12, 12, 9, 10, 10, 10, 7, 13, 10, 12, 6, 17, 2, 3, 10, 0]
[-9, -8, -8, -5, -3, -1, 12, 15, 13, 12, 12, 9, 10, 10, 10, 7, 13, 10, 12, 6, 17, 2, 3, 10, 0]
[-9, -8, -8, -5, -3, -1, 12, 15, 13, 12, 12, 9, 10, 10, 10, 7, 13, 10, 12, 6, 17, 2, 3, 10, 0]
[-9, -8, -8, -5, -3, -1, 12, 15, 13, 12, 12, 9, 10, 10, 10, 7, 13, 10, 12, 6, 17, 2, 3, 10, 0]
[-9, -8, -8, -5, -3, -1, 9, 15, 13, 12, 12, 12, 10, 10, 10, 7, 13, 10, 12, 6, 17, 2, 3, 10, 0]
[-9, -8, -8, -5, -3, -1, 7, 15, 13, 12, 12, 12, 10, 10, 10, 9, 13, 10, 12, 6, 17, 2, 3, 10, 0]
[-9, -8, -8, -5, -3, -1, 6, 15, 13, 12, 12, 12, 10, 10, 10, 9, 13, 10, 12, 7, 17, 2, 3, 10, 0]
[-9, -8, -8, -5, -3, -1, 2, 15, 13, 12, 12, 12, 10, 10, 10, 9, 13, 10, 12, 7, 17, 6, 3, 10, 0]
[-9, -8, -8, -5, -3, -1, 0, 15, 13, 12, 12, 12, 10, 10, 10, 9, 13, 10, 12, 7, 17, 6, 3, 10, 2]
[-9, -8, -8, -5, -3, -1, 0, 13, 15, 12, 12, 12, 10, 10, 10, 9, 13, 10, 12, 7, 17, 6, 3, 10, 2]
[-9, -8, -8, -5, -3, -1, 0, 12, 15, 13, 12, 12, 10, 10, 10, 9, 13, 10, 12, 7, 17, 6, 3, 10, 2]
[-9, -8, -8, -5, -3, -1, 0, 12, 15, 13, 12, 12, 10, 10, 10, 9, 13, 10, 12, 7, 17, 6, 3, 10, 2]
[-9, -8, -8, -5, -3, -1, 0, 12, 15, 13, 12, 12, 10, 10, 10, 9, 13, 10, 12, 7, 17, 6, 3, 10, 2]
[-9, -8, -8, -5, -3, -1, 0, 10, 15, 13, 12, 12, 12, 10, 10, 9, 13, 10, 12, 7, 17, 6, 3, 10, 2]
[-9, -8, -8, -5, -3, -1, 0, 10, 15, 13, 12, 12, 12, 10, 10, 9, 13, 10, 12, 7, 17, 6, 3, 10, 2]
[-9, -8, -8, -5, -3, -1, 0, 10, 15, 13, 12, 12, 12, 10, 10, 9, 13, 10, 12, 7, 17, 6, 3, 10, 2]
[-9, -8, -8, -5, -3, -1, 0, 9, 15, 13, 12, 12, 12, 10, 10, 10, 13, 10, 12, 7, 17, 6, 3, 10, 2]
[-9, -8, -8, -5, -3, -1, 0, 7, 15, 13, 12, 12, 12, 10, 10, 10, 13, 10, 12, 9, 17, 6, 3, 10, 2]
[-9, -8, -8, -5, -3, -1, 0, 6, 15, 13, 12, 12, 12, 10, 10, 10, 13, 10, 12, 9, 17, 7, 3, 10, 2]
[-9, -8, -8, -5, -3, -1, 0, 3, 15, 13, 12, 12, 12, 10, 10, 10, 13, 10, 12, 9, 17, 7, 6, 10, 2]
[-9, -8, -8, -5, -3, -1, 0, 2, 15, 13, 12, 12, 12, 10, 10, 10, 13, 10, 12, 9, 17, 7, 6, 10, 3]
[-9, -8, -8, -5, -3, -1, 0, 2, 13, 15, 12, 12, 12, 10, 10, 10, 13, 10, 12, 9, 17, 7, 6, 10, 3]
[-9, -8, -8, -5, -3, -1, 0, 2, 12, 15, 13, 12, 12, 10, 10, 10, 13, 10, 12, 9, 17, 7, 6, 10, 3]
[-9, -8, -8, -5, -3, -1, 0, 2, 12, 15, 13, 12, 12, 10, 10, 10, 13, 10, 12, 9, 17, 7, 6, 10, 3]
[-9, -8, -8, -5, -3, -1, 0, 2, 12, 15, 13, 12, 12, 10, 10, 10, 13, 10, 12, 9, 17, 7, 6, 10, 3]
[-9, -8, -8, -5, -3, -1, 0, 2, 10, 15, 13, 12, 12, 12, 10, 10, 13, 10, 12, 9, 17, 7, 6, 10, 3]
[-9, -8, -8, -5, -3, -1, 0, 2, 10, 15, 13, 12, 12, 12, 10, 10, 13, 10, 12, 9, 17, 7, 6, 10, 3]
[-9, -8, -8, -5, -3, -1, 0, 2, 10, 15, 13, 12, 12, 12, 10, 10, 13, 10, 12, 9, 17, 7, 6, 10, 3]
[-9, -8, -8, -5, -3, -1, 0, 2, 10, 15, 13, 12, 12, 12, 10, 10, 13, 10, 12, 9, 17, 7, 6, 10, 3]
[-9, -8, -8, -5, -3, -1, 0, 2, 9, 15, 13, 12, 12, 12, 10, 10, 13, 10, 12, 10, 17, 7, 6, 10, 3]
[-9, -8, -8, -5, -3, -1, 0, 2, 7, 15, 13, 12, 12, 12, 10, 10, 13, 10, 12, 10, 17, 9, 6, 10, 3]
[-9, -8, -8, -5, -3, -1, 0, 2, 6, 15, 13, 12, 12, 12, 10, 10, 13, 10, 12, 10, 17, 9, 7, 10, 3]
[-9, -8, -8, -5, -3, -1, 0, 2, 3, 15, 13, 12, 12, 12, 10, 10, 13, 10, 12, 10, 17, 9, 7, 10, 6]
[-9, -8, -8, -5, -3, -1, 0, 2, 3, 13, 15, 12, 12, 12, 10, 10, 13, 10, 12, 10, 17, 9, 7, 10, 6]
[-9, -8, -8, -5, -3, -1, 0, 2, 3, 12, 15, 13, 12, 12, 10, 10, 13, 10, 12, 10, 17, 9, 7, 10, 6]
[-9, -8, -8, -5, -3, -1, 0, 2, 3, 12, 15, 13, 12, 12, 10, 10, 13, 10, 12, 10, 17, 9, 7, 10, 6]
[-9, -8, -8, -5, -3, -1, 0, 2, 3, 12, 15, 13, 12, 12, 10, 10, 13, 10, 12, 10, 17, 9, 7, 10, 6]
[-9, -8, -8, -5, -3, -1, 0, 2, 3, 10, 15, 13, 12, 12, 12, 10, 13, 10, 12, 10, 17, 9, 7, 10, 6]
[-9, -8, -8, -5, -3, -1, 0, 2, 3, 10, 15, 13, 12, 12, 12, 10, 13, 10, 12, 10, 17, 9, 7, 10, 6]
[-9, -8, -8, -5, -3, -1, 0, 2, 3, 10, 15, 13, 12, 12, 12, 10, 13, 10, 12, 10, 17, 9, 7, 10, 6]
[-9, -8, -8, -5, -3, -1, 0, 2, 3, 10, 15, 13, 12, 12, 12, 10, 13, 10, 12, 10, 17, 9, 7, 10, 6]
[-9, -8, -8, -5, -3, -1, 0, 2, 3, 9, 15, 13, 12, 12, 12, 10, 13, 10, 12, 10, 17, 10, 7, 10, 6]
[-9, -8, -8, -5, -3, -1, 0, 2, 3, 7, 15, 13, 12, 12, 12, 10, 13, 10, 12, 10, 17, 10, 9, 10, 6]
[-9, -8, -8, -5, -3, -1, 0, 2, 3, 6, 15, 13, 12, 12, 12, 10, 13, 10, 12, 10, 17, 10, 9, 10, 7]
[-9, -8, -8, -5, -3, -1, 0, 2, 3, 6, 13, 15, 12, 12, 12, 10, 13, 10, 12, 10, 17, 10, 9, 10, 7]
[-9, -8, -8, -5, -3, -1, 0, 2, 3, 6, 12, 15, 13, 12, 12, 10, 13, 10, 12, 10, 17, 10, 9, 10, 7]
[-9, -8, -8, -5, -3, -1, 0, 2, 3, 6, 12, 15, 13, 12, 12, 10, 13, 10, 12, 10, 17, 10, 9, 10, 7]
[-9, -8, -8, -5, -3, -1, 0, 2, 3, 6, 12, 15, 13, 12, 12, 10, 13, 10, 12, 10, 17, 10, 9, 10, 7]
[-9, -8, -8, -5, -3, -1, 0, 2, 3, 6, 10, 15, 13, 12, 12, 12, 13, 10, 12, 10, 17, 10, 9, 10, 7]
[-9, -8, -8, -5, -3, -1, 0, 2, 3, 6, 10, 15, 13, 12, 12, 12, 13, 10, 12, 10, 17, 10, 9, 10, 7]
[-9, -8, -8, -5, -3, -1, 0, 2, 3, 6, 10, 15, 13, 12, 12, 12, 13, 10, 12, 10, 17, 10, 9, 10, 7]
[-9, -8, -8, -5, -3, -1, 0, 2, 3, 6, 10, 15, 13, 12, 12, 12, 13, 10, 12, 10, 17, 10, 9, 10, 7]
[-9, -8, -8, -5, -3, -1, 0, 2, 3, 6, 9, 15, 13, 12, 12, 12, 13, 10, 12, 10, 17, 10, 10, 10, 7]
[-9, -8, -8, -5, -3, -1, 0, 2, 3, 6, 7, 15, 13, 12, 12, 12, 13, 10, 12, 10, 17, 10, 10, 10, 9]
[-9, -8, -8, -5, -3, -1, 0, 2, 3, 6, 7, 13, 15, 12, 12, 12, 13, 10, 12, 10, 17, 10, 10, 10, 9]
[-9, -8, -8, -5, -3, -1, 0, 2, 3, 6, 7, 12, 15, 13, 12, 12, 13, 10, 12, 10, 17, 10, 10, 10, 9]
[-9, -8, -8, -5, -3, -1, 0, 2, 3, 6, 7, 12, 15, 13, 12, 12, 13, 10, 12, 10, 17, 10, 10, 10, 9]
[-9, -8, -8, -5, -3, -1, 0, 2, 3, 6, 7, 12, 15, 13, 12, 12, 13, 10, 12, 10, 17, 10, 10, 10, 9]
[-9, -8, -8, -5, -3, -1, 0, 2, 3, 6, 7, 10, 15, 13, 12, 12, 13, 12, 12, 10, 17, 10, 10, 10, 9]
[-9, -8, -8, -5, -3, -1, 0, 2, 3, 6, 7, 10, 15, 13, 12, 12, 13, 12, 12, 10, 17, 10, 10, 10, 9]
[-9, -8, -8, -5, -3, -1, 0, 2, 3, 6, 7, 10, 15, 13, 12, 12, 13, 12, 12, 10, 17, 10, 10, 10, 9]
[-9, -8, -8, -5, -3, -1, 0, 2, 3, 6, 7, 10, 15, 13, 12, 12, 13, 12, 12, 10, 17, 10, 10, 10, 9]
[-9, -8, -8, -5, -3, -1, 0, 2, 3, 6, 7, 10, 15, 13, 12, 12, 13, 12, 12, 10, 17, 10, 10, 10, 9]
[-9, -8, -8, -5, -3, -1, 0, 2, 3, 6, 7, 9, 15, 13, 12, 12, 13, 12, 12, 10, 17, 10, 10, 10, 10]
[-9, -8, -8, -5, -3, -1, 0, 2, 3, 6, 7, 9, 13, 15, 12, 12, 13, 12, 12, 10, 17, 10, 10, 10, 10]
[-9, -8, -8, -5, -3, -1, 0, 2, 3, 6, 7, 9, 12, 15, 13, 12, 13, 12, 12, 10, 17, 10, 10, 10, 10]
[-9, -8, -8, -5, -3, -1, 0, 2, 3, 6, 7, 9, 12, 15, 13, 12, 13, 12, 12, 10, 17, 10, 10, 10, 10]
[-9, -8, -8, -5, -3, -1, 0, 2, 3, 6, 7, 9, 12, 15, 13, 12, 13, 12, 12, 10, 17, 10, 10, 10, 10]
[-9, -8, -8, -5, -3, -1, 0, 2, 3, 6, 7, 9, 12, 15, 13, 12, 13, 12, 12, 10, 17, 10, 10, 10, 10]
[-9, -8, -8, -5, -3, -1, 0, 2, 3, 6, 7, 9, 10, 15, 13, 12, 13, 12, 12, 12, 17, 10, 10, 10, 10]
[-9, -8, -8, -5, -3, -1, 0, 2, 3, 6, 7, 9, 10, 15, 13, 12, 13, 12, 12, 12, 17, 10, 10, 10, 10]
[-9, -8, -8, -5, -3, -1, 0, 2, 3, 6, 7, 9, 10, 15, 13, 12, 13, 12, 12, 12, 17, 10, 10, 10, 10]
[-9, -8, -8, -5, -3, -1, 0, 2, 3, 6, 7, 9, 10, 15, 13, 12, 13, 12, 12, 12, 17, 10, 10, 10, 10]
[-9, -8, -8, -5, -3, -1, 0, 2, 3, 6, 7, 9, 10, 15, 13, 12, 13, 12, 12, 12, 17, 10, 10, 10, 10]
[-9, -8, -8, -5, -3, -1, 0, 2, 3, 6, 7, 9, 10, 13, 15, 12, 13, 12, 12, 12, 17, 10, 10, 10, 10]
[-9, -8, -8, -5, -3, -1, 0, 2, 3, 6, 7, 9, 10, 12, 15, 13, 13, 12, 12, 12, 17, 10, 10, 10, 10]
[-9, -8, -8, -5, -3, -1, 0, 2, 3, 6, 7, 9, 10, 12, 15, 13, 13, 12, 12, 12, 17, 10, 10, 10, 10]
[-9, -8, -8, -5, -3, -1, 0, 2, 3, 6, 7, 9, 10, 12, 15, 13, 13, 12, 12, 12, 17, 10, 10, 10, 10]
[-9, -8, -8, -5, -3, -1, 0, 2, 3, 6, 7, 9, 10, 12, 15, 13, 13, 12, 12, 12, 17, 10, 10, 10, 10]
[-9, -8, -8, -5, -3, -1, 0, 2, 3, 6, 7, 9, 10, 10, 15, 13, 13, 12, 12, 12, 17, 12, 10, 10, 10]
[-9, -8, -8, -5, -3, -1, 0, 2, 3, 6, 7, 9, 10, 10, 15, 13, 13, 12, 12, 12, 17, 12, 10, 10, 10]
[-9, -8, -8, -5, -3, -1, 0, 2, 3, 6, 7, 9, 10, 10, 15, 13, 13, 12, 12, 12, 17, 12, 10, 10, 10]
[-9, -8, -8, -5, -3, -1, 0, 2, 3, 6, 7, 9, 10, 10, 15, 13, 13, 12, 12, 12, 17, 12, 10, 10, 10]
[-9, -8, -8, -5, -3, -1, 0, 2, 3, 6, 7, 9, 10, 10, 13, 15, 13, 12, 12, 12, 17, 12, 10, 10, 10]
[-9, -8, -8, -5, -3, -1, 0, 2, 3, 6, 7, 9, 10, 10, 13, 15, 13, 12, 12, 12, 17, 12, 10, 10, 10]
[-9, -8, -8, -5, -3, -1, 0, 2, 3, 6, 7, 9, 10, 10, 12, 15, 13, 13, 12, 12, 17, 12, 10, 10, 10]
[-9, -8, -8, -5, -3, -1, 0, 2, 3, 6, 7, 9, 10, 10, 12, 15, 13, 13, 12, 12, 17, 12, 10, 10, 10]
[-9, -8, -8, -5, -3, -1, 0, 2, 3, 6, 7, 9, 10, 10, 12, 15, 13, 13, 12, 12, 17, 12, 10, 10, 10]
[-9, -8, -8, -5, -3, -1, 0, 2, 3, 6, 7, 9, 10, 10, 12, 15, 13, 13, 12, 12, 17, 12, 10, 10, 10]
[-9, -8, -8, -5, -3, -1, 0, 2, 3, 6, 7, 9, 10, 10, 10, 15, 13, 13, 12, 12, 17, 12, 12, 10, 10]
[-9, -8, -8, -5, -3, -1, 0, 2, 3, 6, 7, 9, 10, 10, 10, 15, 13, 13, 12, 12, 17, 12, 12, 10, 10]
[-9, -8, -8, -5, -3, -1, 0, 2, 3, 6, 7, 9, 10, 10, 10, 15, 13, 13, 12, 12, 17, 12, 12, 10, 10]
[-9, -8, -8, -5, -3, -1, 0, 2, 3, 6, 7, 9, 10, 10, 10, 13, 15, 13, 12, 12, 17, 12, 12, 10, 10]
[-9, -8, -8, -5, -3, -1, 0, 2, 3, 6, 7, 9, 10, 10, 10, 13, 15, 13, 12, 12, 17, 12, 12, 10, 10]
[-9, -8, -8, -5, -3, -1, 0, 2, 3, 6, 7, 9, 10, 10, 10, 12, 15, 13, 13, 12, 17, 12, 12, 10, 10]
[-9, -8, -8, -5, -3, -1, 0, 2, 3, 6, 7, 9, 10, 10, 10, 12, 15, 13, 13, 12, 17, 12, 12, 10, 10]
[-9, -8, -8, -5, -3, -1, 0, 2, 3, 6, 7, 9, 10, 10, 10, 12, 15, 13, 13, 12, 17, 12, 12, 10, 10]
[-9, -8, -8, -5, -3, -1, 0, 2, 3, 6, 7, 9, 10, 10, 10, 12, 15, 13, 13, 12, 17, 12, 12, 10, 10]
[-9, -8, -8, -5, -3, -1, 0, 2, 3, 6, 7, 9, 10, 10, 10, 10, 15, 13, 13, 12, 17, 12, 12, 12, 10]
[-9, -8, -8, -5, -3, -1, 0, 2, 3, 6, 7, 9, 10, 10, 10, 10, 15, 13, 13, 12, 17, 12, 12, 12, 10]
[-9, -8, -8, -5, -3, -1, 0, 2, 3, 6, 7, 9, 10, 10, 10, 10, 13, 15, 13, 12, 17, 12, 12, 12, 10]
[-9, -8, -8, -5, -3, -1, 0, 2, 3, 6, 7, 9, 10, 10, 10, 10, 13, 15, 13, 12, 17, 12, 12, 12, 10]
[-9, -8, -8, -5, -3, -1, 0, 2, 3, 6, 7, 9, 10, 10, 10, 10, 12, 15, 13, 13, 17, 12, 12, 12, 10]
[-9, -8, -8, -5, -3, -1, 0, 2, 3, 6, 7, 9, 10, 10, 10, 10, 12, 15, 13, 13, 17, 12, 12, 12, 10]
[-9, -8, -8, -5, -3, -1, 0, 2, 3, 6, 7, 9, 10, 10, 10, 10, 12, 15, 13, 13, 17, 12, 12, 12, 10]
[-9, -8, -8, -5, -3, -1, 0, 2, 3, 6, 7, 9, 10, 10, 10, 10, 12, 15, 13, 13, 17, 12, 12, 12, 10]
[-9, -8, -8, -5, -3, -1, 0, 2, 3, 6, 7, 9, 10, 10, 10, 10, 10, 15, 13, 13, 17, 12, 12, 12, 12]
[-9, -8, -8, -5, -3, -1, 0, 2, 3, 6, 7, 9, 10, 10, 10, 10, 10, 13, 15, 13, 17, 12, 12, 12, 12]
[-9, -8, -8, -5, -3, -1, 0, 2, 3, 6, 7, 9, 10, 10, 10, 10, 10, 13, 15, 13, 17, 12, 12, 12, 12]
[-9, -8, -8, -5, -3, -1, 0, 2, 3, 6, 7, 9, 10, 10, 10, 10, 10, 12, 15, 13, 17, 13, 12, 12, 12]
[-9, -8, -8, -5, -3, -1, 0, 2, 3, 6, 7, 9, 10, 10, 10, 10, 10, 12, 15, 13, 17, 13, 12, 12, 12]
[-9, -8, -8, -5, -3, -1, 0, 2, 3, 6, 7, 9, 10, 10, 10, 10, 10, 12, 15, 13, 17, 13, 12, 12, 12]
[-9, -8, -8, -5, -3, -1, 0, 2, 3, 6, 7, 9, 10, 10, 10, 10, 10, 12, 15, 13, 17, 13, 12, 12, 12]
[-9, -8, -8, -5, -3, -1, 0, 2, 3, 6, 7, 9, 10, 10, 10, 10, 10, 12, 13, 15, 17, 13, 12, 12, 12]
[-9, -8, -8, -5, -3, -1, 0, 2, 3, 6, 7, 9, 10, 10, 10, 10, 10, 12, 13, 15, 17, 13, 12, 12, 12]
[-9, -8, -8, -5, -3, -1, 0, 2, 3, 6, 7, 9, 10, 10, 10, 10, 10, 12, 12, 15, 17, 13, 13, 12, 12]
[-9, -8, -8, -5, -3, -1, 0, 2, 3, 6, 7, 9, 10, 10, 10, 10, 10, 12, 12, 15, 17, 13, 13, 12, 12]
[-9, -8, -8, -5, -3, -1, 0, 2, 3, 6, 7, 9, 10, 10, 10, 10, 10, 12, 12, 15, 17, 13, 13, 12, 12]
[-9, -8, -8, -5, -3, -1, 0, 2, 3, 6, 7, 9, 10, 10, 10, 10, 10, 12, 12, 13, 17, 15, 13, 12, 12]
[-9, -8, -8, -5, -3, -1, 0, 2, 3, 6, 7, 9, 10, 10, 10, 10, 10, 12, 12, 13, 17, 15, 13, 12, 12]
[-9, -8, -8, -5, -3, -1, 0, 2, 3, 6, 7, 9, 10, 10, 10, 10, 10, 12, 12, 12, 17, 15, 13, 13, 12]
[-9, -8, -8, -5, -3, -1, 0, 2, 3, 6, 7, 9, 10, 10, 10, 10, 10, 12, 12, 12, 17, 15, 13, 13, 12]
[-9, -8, -8, -5, -3, -1, 0, 2, 3, 6, 7, 9, 10, 10, 10, 10, 10, 12, 12, 12, 15, 17, 13, 13, 12]
[-9, -8, -8, -5, -3, -1, 0, 2, 3, 6, 7, 9, 10, 10, 10, 10, 10, 12, 12, 12, 13, 17, 15, 13, 12]
[-9, -8, -8, -5, -3, -1, 0, 2, 3, 6, 7, 9, 10, 10, 10, 10, 10, 12, 12, 12, 13, 17, 15, 13, 12]
[-9, -8, -8, -5, -3, -1, 0, 2, 3, 6, 7, 9, 10, 10, 10, 10, 10, 12, 12, 12, 12, 17, 15, 13, 13]
[-9, -8, -8, -5, -3, -1, 0, 2, 3, 6, 7, 9, 10, 10, 10, 10, 10, 12, 12, 12, 12, 15, 17, 13, 13]
[-9, -8, -8, -5, -3, -1, 0, 2, 3, 6, 7, 9, 10, 10, 10, 10, 10, 12, 12, 12, 12, 13, 17, 15, 13]
[-9, -8, -8, -5, -3, -1, 0, 2, 3, 6, 7, 9, 10, 10, 10, 10, 10, 12, 12, 12, 12, 13, 17, 15, 13]
[-9, -8, -8, -5, -3, -1, 0, 2, 3, 6, 7, 9, 10, 10, 10, 10, 10, 12, 12, 12, 12, 13, 15, 17, 13]
[-9, -8, -8, -5, -3, -1, 0, 2, 3, 6, 7, 9, 10, 10, 10, 10, 10, 12, 12, 12, 12, 13, 13, 17, 15]
[-9, -8, -8, -5, -3, -1, 0, 2, 3, 6, 7, 9, 10, 10, 10, 10, 10, 12, 12, 12, 12, 13, 13, 15, 17]
[16, -4, 18, 10, 8, 15, -8, -4, 12, 9, 16, 12, 12, 11, 20, -6, 4, 16, 9, 19, 10, -9, 8, -9, -3, -5]
[-4, 16, 18, 10, 8, 15, -8, -4, 12, 9, 16, 12, 12, 11, 20, -6, 4, 16, 9, 19, 10, -9, 8, -9, -3, -5]
[-8, 16, 18, 10, 8, 15, -4, -4, 12, 9, 16, 12, 12, 11, 20, -6, 4, 16, 9, 19, 10, -9, 8, -9, -3, -5]
[-9, 16, 18, 10, 8, 15, -4, -4, 12, 9, 16, 12, 12, 11, 20, -6, 4, 16, 9, 19, 10, -8, 8, -9, -3, -5]
[-9, 16, 18, 10, 8, 15, -4, -4, 12, 9, 16, 12, 12, 11, 20, -6, 4, 16, 9, 19, 10, -8, 8, -9, -3, -5]
[-9, 10, 18, 16, 8, 15, -4, -4, 12, 9, 16, 12, 12, 11, 20, -6, 4, 16, 9, 19, 10, -8, 8, -9, -3, -5]
[-9, 8, 18, 16, 10, 15, -4, -4, 12, 9, 16, 12, 12, 11, 20, -6, 4, 16, 9, 19, 10, -8, 8, -9, -3, -5]
[-9, -4, 18, 16, 10, 15, 8, -4, 12, 9, 16, 12, 12, 11, 20, -6, 4, 16, 9, 19, 10, -8, 8, -9, -3, -5]
[-9, -4, 18, 16, 10, 15, 8, -4, 12, 9, 16, 12, 12, 11, 20, -6, 4, 16, 9, 19, 10, -8, 8, -9, -3, -5]
[-9, -6, 18, 16, 10, 15, 8, -4, 12, 9, 16, 12, 12, 11, 20, -4, 4, 16, 9, 19, 10, -8, 8, -9, -3, -5]
[-9, -8, 18, 16, 10, 15, 8, -4, 12, 9, 16, 12, 12, 11, 20, -4, 4, 16, 9, 19, 10, -6, 8, -9, -3, -5]
[-9, -9, 18, 16, 10, 15, 8, -4, 12, 9, 16, 12, 12, 11, 20, -4, 4, 16, 9, 19, 10, -6, 8, -8, -3, -5]
[-9, -9, 16, 18, 10, 15, 8, -4, 12, 9, 16, 12, 12, 11, 20, -4, 4, 16, 9, 19, 10, -6, 8, -8, -3, -5]
[-9, -9, 10, 18, 16, 15, 8, -4, 12, 9, 16, 12, 12, 11, 20, -4, 4, 16, 9, 19, 10, -6, 8, -8, -3, -5]
[-9, -9, 8, 18, 16, 15, 10, -4, 12, 9, 16, 12, 12, 11, 20, -4, 4, 16, 9, 19, 10, -6, 8, -8, -3, -5]
[-9, -9, -4, 18, 16, 15, 10, 8, 12, 9, 16, 12, 12, 11, 20, -4, 4, 16, 9, 19, 10, -6, 8, -8, -3, -5]
[-9, -9, -4, 18, 16, 15, 10, 8, 12, 9, 16, 12, 12, 11, 20, -4, 4, 16, 9, 19, 10, -6, 8, -8, -3, -5]
[-9, -9, -6, 18, 16, 15, 10, 8, 12, 9, 16, 12, 12, 11, 20, -4, 4, 16, 9, 19, 10, -4, 8, -8, -3, -5]
[-9, -9, -8, 18, 16, 15, 10, 8, 12, 9, 16, 12, 12, 11, 20, -4, 4, 16, 9, 19, 10, -4, 8, -6, -3, -5]
[-9, -9, -8, 16, 18, 15, 10, 8, 12, 9, 16, 12, 12, 11, 20, -4, 4, 16, 9, 19, 10, -4, 8, -6, -3, -5]
[-9, -9, -8, 15, 18, 16, 10, 8, 12, 9, 16, 12, 12, 11, 20, -4, 4, 16, 9, 19, 10, -4, 8, -6, -3, -5]
[-9, -9, -8, 10, 18, 16, 15, 8, 12, 9, 16, 12, 12, 11, 20, -4, 4, 16, 9, 19, 10, -4, 8, -6, -3, -5]
[-9, -9, -8, 8, 18, 16, 15, 10, 12, 9, 16, 12, 12, 11, 20, -4, 4, 16, 9, 19, 10, -4, 8, -6, -3, -5]
[-9, -9, -8, -4, 18, 16, 15, 10, 12, 9, 16, 12, 12, 11, 20, 8, 4, 16, 9, 19, 10, -4, 8, -6, -3, -5]
[-9, -9, -8, -4, 18, 16, 15, 10, 12, 9, 16, 12, 12, 11, 20, 8, 4, 16, 9, 19, 10, -4, 8, -6, -3, -5]
[-9, -9, -8, -6, 18, 16, 15, 10, 12, 9, 16, 12, 12, 11, 20, 8, 4, 16, 9, 19, 10, -4, 8, -4, -3, -5]
[-9, -9, -8, -6, 16, 18, 15, 10, 12, 9, 16, 12, 12, 11, 20, 8, 4, 16, 9, 19, 10, -4, 8, -4, -3, -5]
[-9, -9, -8, -6, 15, 18, 16, 10, 12, 9, 16, 12, 12, 11, 20, 8, 4, 16, 9, 19, 10, -4, 8, -4, -3, -5]
[-9, -9, -8, -6, 10, 18, 16, 15, 12, 9, 16, 12, 12, 11, 20, 8, 4, 16, 9, 19, 10, -4, 8, -4, -3, -5]
[-9, -9, -8, -6, 9, 18, 16, 15, 12, 10, 16, 12, 12, 11, 20, 8, 4, 16, 9, 19, 10, -4, 8, -4, -3, -5]
[-9, -9, -8, -6, 8, 18, 16, 15, 12, 10, 16, 12, 12, 11, 20, 9, 4, 16, 9, 19, 10, -4, 8, -4, -3, -5]
[-9, -9, -8, -6, 4, 18, 16, 15, 12, 10, 16, 12, 12, 11, 20, 9, 8, 16, 9, 19, 10, -4, 8, -4, -3, -5]
[-9, -9, -8, -6, -4, 18, 16, 15, 12, 10, 16, 12, 12, 11, 20, 9, 8, 16, 9, 19, 10, 4, 8, -4, -3, -5]
[-9, -9, -8, -6, -4, 18, 16, 15, 12, 10, 16, 12, 12, 11, 20, 9, 8, 16, 9, 19, 10, 4, 8, -4, -3, -5]
[-9, -9, -8, -6, -5, 18, 16, 15, 12, 10, 16, 12, 12, 11, 20, 9, 8, 16, 9, 19, 10, 4, 8, -4, -3, -4]
[-9, -9, -8, -6, -5, 16, 18, 15, 12, 10, 16, 12, 12, 11, 20, 9, 8, 16, 9, 19, 10, 4, 8, -4, -3, -4]
[-9, -9, -8, -6, -5, 15, 18, 16, 12, 10, 16, 12, 12, 11, 20, 9, 8, 16, 9, 19, 10, 4, 8, -4, -3, -4]
[-9, -9, -8, -6, -5, 12, 18, 16, 15, 10, 16, 12, 12, 11, 20, 9, 8, 16, 9, 19, 10, 4, 8, -4, -3, -4]
[-9, -9, -8, -6, -5, 10, 18, 16, 15, 12, 16, 12, 12, 11, 20, 9, 8, 16, 9, 19, 10, 4, 8, -4, -3, -4]
[-9, -9, -8, -6, -5, 9, 18, 16, 15, 12, 16, 12, 12, 11, 20, 10, 8, 16, 9, 19, 10, 4, 8, -4, -3, -4]
[-9, -9, -8, -6, -5, 8, 18, 16, 15, 12, 16, 12, 12, 11, 20, 10, 9, 16, 9, 19, 10, 4, 8, -4, -3, -4]
[-9, -9, -8, -6, -5, 4, 18, 16, 15, 12, 16, 12, 12, 11, 20, 10, 9, 16, 9, 19, 10, 8, 8, -4, -3, -4]
[-9, -9, -8, -6, -5, -4, 18, 16, 15, 12, 16, 12, 12, 11, 20, 10, 9, 16, 9, 19, 10, 8, 8, 4, -3, -4]
[-9, -9, -8, -6, -5, -4, 18, 16, 15, 12, 16, 12, 12, 11, 20, 10, 9, 16, 9, 19, 10, 8, 8, 4, -3, -4]
[-9, -9, -8, -6, -5, -4, 16, 18, 15, 12, 16, 12, 12, 11, 20, 10, 9, 16, 9, 19, 10, 8, 8, 4, -3, -4]
[-9, -9, -8, -6, -5, -4, 15, 18, 16, 12, 16, 12, 12, 11, 20, 10, 9, 16, 9, 19, 10, 8, 8, 4, -3, -4]
[-9, -9, -8, -6, -5, -4, 12, 18, 16, 15, 16, 12, 12, 11, 20, 10, 9, 16, 9, 19, 10, 8, 8, 4, -3, -4]
[-9, -9, -8, -6, -5, -4, 12, 18, 16, 15, 16, 12, 12, 11, 20, 10, 9, 16, 9, 19, 10, 8, 8, 4, -3, -4]
[-9, -9, -8, -6, -5, -4, 12, 18, 16, 15, 16, 12, 12, 11, 20, 10, 9, 16, 9, 19, 10, 8, 8, 4, -3, -4]
[-9, -9, -8, -6, -5, -4, 11, 18, 16, 15, 16, 12, 12, 12, 20, 10, 9, 16, 9, 19, 10, 8, 8, 4, -3, -4]
[-9, -9, -8, -6, -5, -4, 10, 18, 16, 15, 16, 12, 12, 12, 20, 11, 9, 16, 9, 19, 10, 8, 8, 4, -3, -4]
[-9, -9, -8, -6, -5, -4, 9, 18, 16, 15, 16, 12, 12, 12, 20, 11, 10, 16, 9, 19, 10, 8, 8, 4, -3, -4]
[-9, -9, -8, -6, -5, -4, 9, 18, 16, 15, 16, 12, 12, 12, 20, 11, 10, 16, 9, 19, 10, 8, 8, 4, -3, -4]
[-9, -9, -8, -6, -5, -4, 8, 18, 16, 15, 16, 12, 12, 12, 20, 11, 10, 16, 9, 19, 10, 9, 8, 4, -3, -4]
[-9, -9, -8, -6, -5, -4, 8, 18, 16, 15, 16, 12, 12, 12, 20, 11, 10, 16, 9, 19, 10, 9, 8, 4, -3, -4]
[-9, -9, -8, -6, -5, -4, 4, 18, 16, 15, 16, 12, 12, 12, 20, 11, 10, 16, 9, 19, 10, 9, 8, 8, -3, -4]
[-9, -9, -8, -6, -5, -4, -3, 18, 16, 15, 16, 12, 12, 12, 20, 11, 10, 16, 9, 19, 10, 9, 8, 8, 4, -4]
[-9, -9, -8, -6, -5, -4, -4, 18, 16, 15, 16, 12, 12, 12, 20, 11, 10, 16, 9, 19, 10, 9, 8, 8, 4, -3]
[-9, -9, -8, -6, -5, -4, -4, 16, 18, 15, 16, 12, 12, 12, 20, 11, 10, 16, 9, 19, 10, 9, 8, 8, 4, -3]
[-9, -9, -8, -6, -5, -4, -4, 15, 18, 16, 16, 12, 12, 12, 20, 11, 10, 16, 9, 19, 10, 9, 8, 8, 4, -3]
[-9, -9, -8, -6, -5, -4, -4, 12, 18, 16, 16, 15, 12, 12, 20, 11, 10, 16, 9, 19, 10, 9, 8, 8, 4, -3]
[-9, -9, -8, -6, -5, -4, -4, 12, 18, 16, 16, 15, 12, 12, 20, 11, 10, 16, 9, 19, 10, 9, 8, 8, 4, -3]
[-9, -9, -8, -6, -5, -4, -4, 12, 18, 16, 16, 15, 12, 12, 20, 11, 10, 16, 9, 19, 10, 9, 8, 8, 4, -3]
[-9, -9, -8, -6, -5, -4, -4, 11, 18, 16, 16, 15, 12, 12, 20, 12, 10, 16, 9, 19, 10, 9, 8, 8, 4, -3]
[-9, -9, -8, -6, -5, -4, -4, 10, 18, 16, 16, 15, 12, 12, 20, 12, 11, 16, 9, 19, 10, 9, 8, 8, 4, -3]
[-9, -9, -8, -6, -5, -4, -4, 9, 18, 16, 16, 15, 12, 12, 20, 12, 11, 16, 10, 19, 10, 9, 8, 8, 4, -3]
[-9, -9, -8, -6, -5, -4, -4, 9, 18, 16, 16, 15, 12, 12, 20, 12, 11, 16, 10, 19, 10, 9, 8, 8, 4, -3]
[-9, -9, -8, -6, -5, -4, -4, 8, 18, 16, 16, 15, 12, 12, 20, 12, 11, 16, 10, 19, 10, 9, 9, 8, 4, -3]
[-9, -9, -8, -6, -5, -4, -4, 8, 18, 16, 16, 15, 12, 12, 20, 12, 11, 16, 10, 19, 10, 9, 9, 8, 4, -3]
[-9, -9, -8, -6, -5, -4, -4, 4, 18, 16, 16, 15, 12, 12, 20, 12, 11, 16, 10, 19, 10, 9, 9, 8, 8, -3]
[-9, -9, -8, -6, -5, -4, -4, -3, 18, 16, 16, 15, 12, 12, 20, 12, 11, 16, 10, 19, 10, 9, 9, 8, 8, 4]
[-9, -9, -8, -6, -5, -4, -4, -3, 16, 18, 16, 15, 12, 12, 20, 12, 11, 16, 10, 19, 10, 9, 9, 8, 8, 4]
[-9, -9, -8, -6, -5, -4, -4, -3, 16, 18, 16, 15, 12, 12, 20, 12, 11, 16, 10, 19, 10, 9, 9, 8, 8, 4]
[-9, -9, -8, -6, -5, -4, -4, -3, 15, 18, 16, 16, 12, 12, 20, 12, 11, 16, 10, 19, 10, 9, 9, 8, 8, 4]
[-9, -9, -8, -6, -5, -4, -4, -3, 12, 18, 16, 16, 15, 12, 20, 12, 11, 16, 10, 19, 10, 9, 9, 8, 8, 4]
[-9, -9, -8, -6, -5, -4, -4, -3, 12, 18, 16, 16, 15, 12, 20, 12, 11, 16, 10, 19, 10, 9, 9, 8, 8, 4]
[-9, -9, -8, -6, -5, -4, -4, -3, 12, 18, 16, 16, 15, 12, 20, 12, 11, 16, 10, 19, 10, 9, 9, 8, 8, 4]
[-9, -9, -8, -6, -5, -4, -4, -3, 11, 18, 16, 16, 15, 12, 20, 12, 12, 16, 10, 19, 10, 9, 9, 8, 8, 4]
[-9, -9, -8, -6, -5, -4, -4, -3, 10, 18, 16, 16, 15, 12, 20, 12, 12, 16, 11, 19, 10, 9, 9, 8, 8, 4]
[-9, -9, -8, -6, -5, -4, -4, -3, 10, 18, 16, 16, 15, 12, 20, 12, 12, 16, 11, 19, 10, 9, 9, 8, 8, 4]
[-9, -9, -8, -6, -5, -4, -4, -3, 9, 18, 16, 16, 15, 12, 20, 12, 12, 16, 11, 19, 10, 10, 9, 8, 8, 4]
[-9, -9, -8, -6, -5, -4, -4, -3, 9, 18, 16, 16, 15, 12, 20, 12, 12, 16, 11, 19, 10, 10, 9, 8, 8, 4]
[-9, -9, -8, -6, -5, -4, -4, -3, 8, 18, 16, 16, 15, 12, 20, 12, 12, 16, 11, 19, 10, 10, 9, 9, 8, 4]
[-9, -9, -8, -6, -5, -4, -4, -3, 8, 18, 16, 16, 15, 12, 20, 12, 12, 16, 11, 19, 10, 10, 9, 9, 8, 4]
[-9, -9, -8, -6, -5, -4, -4, -3, 4, 18, 16, 16, 15, 12, 20, 12, 12, 16, 11, 19, 10, 10, 9, 9, 8, 8]
[-9, -9, -8, -6, -5, -4, -4, -3, 4, 16, 18, 16, 15, 12, 20, 12, 12, 16, 11, 19, 10, 10, 9, 9, 8, 8]
[-9, -9, -8, -6, -5, -4, -4, -3, 4, 16, 18, 16, 15, 12, 20, 12, 12, 16, 11, 19, 10, 10, 9, 9, 8, 8]
[-9, -9, -8, -6, -5, -4, -4, -3, 4, 15, 18, 16, 16, 12, 20, 12, 12, 16, 11, 19, 10, 10, 9, 9, 8, 8]
[-9, -9, -8, -6, -5, -4, -4, -3, 4, 12, 18, 16, 16, 15, 20, 12, 12, 16, 11, 19, 10, 10, 9, 9, 8, 8]
[-9, -9, -8, -6, -5, -4, -4, -3, 4, 12, 18, 16, 16, 15, 20, 12, 12, 16, 11, 19, 10, 10, 9, 9, 8, 8]
[-9, -9, -8, -6, -5, -4, -4, -3, 4, 12, 18, 16, 16, 15, 20, 12, 12, 16, 11, 19, 10, 10, 9, 9, 8, 8]
[-9, -9, -8, -6, -5, -4, -4, -3, 4, 11, 18, 16, 16, 15, 20, 12, 12, 16, 12, 19, 10, 10, 9, 9, 8, 8]
[-9, -9, -8, -6, -5, -4, -4, -3, 4, 10, 18, 16, 16, 15, 20, 12, 12, 16, 12, 19, 11, 10, 9, 9, 8, 8]
[-9, -9, -8, -6, -5, -4, -4, -3, 4, 10, 18, 16, 16, 15, 20, 12, 12, 16, 12, 19, 11, 10, 9, 9, 8, 8]
[-9, -9, -8, -6, -5, -4, -4, -3, 4, 9, 18, 16, 16, 15, 20, 12, 12, 16, 12, 19, 11, 10, 10, 9, 8, 8]
[-9, -9, -8, -6, -5, -4, -4, -3, 4, 9, 18, 16, 16, 15, 20, 12, 12, 16, 12, 19, 11, 10, 10, 9, 8, 8]
[-9, -9, -8, -6, -5, -4, -4, -3, 4, 8, 18, 16, 16, 15, 20, 12, 12, 16, 12, 19, 11, 10, 10, 9, 9, 8]
[-9, -9, -8, -6, -5, -4, -4, -3, 4, 8, 18, 16, 16, 15, 20, 12, 12, 16, 12, 19, 11, 10, 10, 9, 9, 8]
[-9, -9, -8, -6, -5, -4, -4, -3, 4, 8, 16, 18, 16, 15, 20, 12, 12, 16, 12, 19, 11, 10, 10, 9, 9, 8]
[-9, -9, -8, -6, -5, -4, -4, -3, 4, 8, 16, 18, 16, 15, 20, 12, 12, 16, 12, 19, 11, 10, 10, 9, 9, 8]
[-9, -9, -8, -6, -5, -4, -4, -3, 4, 8, 15, 18, 16, 16, 20, 12, 12, 16, 12, 19, 11, 10, 10, 9, 9, 8]
[-9, -9, -8, -6, -5, -4, -4, -3, 4, 8, 12, 18, 16, 16, 20, 15, 12, 16, 12, 19, 11, 10, 10, 9, 9, 8]
[-9, -9, -8, -6, -5, -4, -4, -3, 4, 8, 12, 18, 16, 16, 20, 15, 12, 16, 12, 19, 11, 10, 10, 9, 9, 8]
[-9, -9, -8, -6, -5, -4, -4, -3, 4, 8, 12, 18, 16, 16, 20, 15, 12, 16, 12, 19, 11, 10, 10, 9, 9, 8]
[-9, -9, -8, -6, -5, -4, -4, -3, 4, 8, 11, 18, 16, 16, 20, 15, 12, 16, 12, 19, 12, 10, 10, 9, 9, 8]
[-9, -9, -8, -6, -5, -4, -4, -3, 4, 8, 10, 18, 16, 16, 20, 15, 12, 16, 12, 19, 12, 11, 10, 9, 9, 8]
[-9, -9, -8, -6, -5, -4, -4, -3, 4, 8, 10, 18, 16, 16, 20, 15, 12, 16, 12, 19, 12, 11, 10, 9, 9, 8]
[-9, -9, -8, -6, -5, -4, -4, -3, 4, 8, 9, 18, 16, 16, 20, 15, 12, 16, 12, 19, 12, 11, 10, 10, 9, 8]
[-9, -9, -8, -6, -5, -4, -4, -3, 4, 8, 9, 18, 16, 16, 20, 15, 12, 16, 12, 19, 12, 11, 10, 10, 9, 8]
[-9, -9, -8, -6, -5, -4, -4, -3, 4, 8, 8, 18, 16, 16, 20, 15, 12, 16, 12, 19, 12, 11, 10, 10, 9, 9]
[-9, -9, -8, -6, -5, -4, -4, -3, 4, 8, 8, 16, 18, 16, 20, 15, 12, 16, 12, 19, 12, 11, 10, 10, 9, 9]
[-9, -9, -8, -6, -5, -4, -4, -3, 4, 8, 8, 16, 18, 16, 20, 15, 12, 16, 12, 19, 12, 11, 10, 10, 9, 9]
[-9, -9, -8, -6, -5, -4, -4, -3, 4, 8, 8, 15, 18, 16, 20, 16, 12, 16, 12, 19, 12, 11, 10, 10, 9, 9]
[-9, -9, -8, -6, -5, -4, -4, -3, 4, 8, 8, 12, 18, 16, 20, 16, 15, 16, 12, 19, 12, 11, 10, 10, 9, 9]
[-9, -9, -8, -6, -5, -4, -4, -3, 4, 8, 8, 12, 18, 16, 20, 16, 15, 16, 12, 19, 12, 11, 10, 10, 9, 9]
[-9, -9, -8, -6, -5, -4, -4, -3, 4, 8, 8, 12, 18, 16, 20, 16, 15, 16, 12, 19, 12, 11, 10, 10, 9, 9]
[-9, -9, -8, -6, -5, -4, -4, -3, 4, 8, 8, 11, 18, 16, 20, 16, 15, 16, 12, 19, 12, 12, 10, 10, 9, 9]
[-9, -9, -8, -6, -5, -4, -4, -3, 4, 8, 8, 10, 18, 16, 20, 16, 15, 16, 12, 19, 12, 12, 11, 10, 9, 9]
[-9, -9, -8, -6, -5, -4, -4, -3, 4, 8, 8, 10, 18, 16, 20, 16, 15, 16, 12, 19, 12, 12, 11, 10, 9, 9]
[-9, -9, -8, -6, -5, -4, -4, -3, 4, 8, 8, 9, 18, 16, 20, 16, 15, 16, 12, 19, 12, 12, 11, 10, 10, 9]
[-9, -9, -8, -6, -5, -4, -4, -3, 4, 8, 8, 9, 18, 16, 20, 16, 15, 16, 12, 19, 12, 12, 11, 10, 10, 9]
[-9, -9, -8, -6, -5, -4, -4, -3, 4, 8, 8, 9, 16, 18, 20, 16, 15, 16, 12, 19, 12, 12, 11, 10, 10, 9]
[-9, -9, -8, -6, -5, -4, -4, -3, 4, 8, 8, 9, 16, 18, 20, 16, 15, 16, 12, 19, 12, 12, 11, 10, 10, 9]
[-9, -9, -8, -6, -5, -4, -4, -3, 4, 8, 8, 9, 15, 18, 20, 16, 16, 16, 12, 19, 12, 12, 11, 10, 10, 9]
[-9, -9, -8, -6, -5, -4, -4, -3, 4, 8, 8, 9, 12, 18, 20, 16, 16, 16, 15, 19, 12, 12, 11, 10, 10, 9]
[-9, -9, -8, -6, -5, -4, -4, -3, 4, 8, 8, 9, 12, 18, 20, 16, 16, 16, 15, 19, 12, 12, 11, 10, 10, 9]
[-9, -9, -8, -6, -5, -4, -4, -3, 4, 8, 8, 9, 12, 18, 20, 16, 16, 16, 15, 19, 12, 12, 11, 10, 10, 9]
[-9, -9, -8, -6, -5, -4, -4, -3, 4, 8, 8, 9, 11, 18, 20, 16, 16, 16, 15, 19, 12, 12, 12, 10, 10, 9]
[-9, -9, -8, -6, -5, -4, -4, -3, 4, 8, 8, 9, 10, 18, 20, 16, 16, 16, 15, 19, 12, 12, 12, 11, 10, 9]
[-9, -9, -8, -6, -5, -4, -4, -3, 4, 8, 8, 9, 10, 18, 20, 16, 16, 16, 15, 19, 12, 12, 12, 11, 10, 9]
[-9, -9, -8, -6, -5, -4, -4, -3, 4, 8, 8, 9, 9, 18, 20, 16, 16, 16, 15, 19, 12, 12, 12, 11, 10, 10]
[-9, -9, -8, -6, -5, -4, -4, -3, 4, 8, 8, 9, 9, 16, 20, 18, 16, 16, 15, 19, 12, 12, 12, 11, 10, 10]
[-9, -9, -8, -6, -5, -4, -4, -3, 4, 8, 8, 9, 9, 16, 20, 18, 16, 16, 15, 19, 12, 12, 12, 11, 10, 10]
[-9, -9, -8, -6, -5, -4, -4, -3, 4, 8, 8, 9, 9, 16, 20, 18, 16, 16, 15, 19, 12, 12, 12, 11, 10, 10]
[-9, -9, -8, -6, -5, -4, -4, -3, 4, 8, 8, 9, 9, 15, 20, 18, 16, 16, 16, 19, 12, 12, 12, 11, 10, 10]
[-9, -9, -8, -6, -5, -4, -4, -3, 4, 8, 8, 9, 9, 12, 20, 18, 16, 16, 16, 19, 15, 12, 12, 11, 10, 10]
[-9, -9, -8, -6, -5, -4, -4, -3, 4, 8, 8, 9, 9, 12, 20, 18, 16, 16, 16, 19, 15, 12, 12, 11, 10, 10]
[-9, -9, -8, -6, -5, -4, -4, -3, 4, 8, 8, 9, 9, 12, 20, 18, 16, 16, 16, 19, 15, 12, 12, 11, 10, 10]
[-9, -9, -8, -6, -5, -4, -4, -3, 4, 8, 8, 9, 9, 11, 20, 18, 16, 16, 16, 19, 15, 12, 12, 12, 10, 10]
[-9, -9, -8, -6, -5, -4, -4, -3, 4, 8, 8, 9, 9, 10, 20, 18, 16, 16, 16, 19, 15, 12, 12, 12, 11, 10]
[-9, -9, -8, -6, -5, -4, -4, -3, 4, 8, 8, 9, 9, 10, 20, 18, 16, 16, 16, 19, 15, 12, 12, 12, 11, 10]
[-9, -9, -8, -6, -5, -4, -4, -3, 4, 8, 8, 9, 9, 10, 18, 20, 16, 16, 16, 19, 15, 12, 12, 12, 11, 10]
[-9, -9, -8, -6, -5, -4, -4, -3, 4, 8, 8, 9, 9, 10, 16, 20, 18, 16, 16, 19, 15, 12, 12, 12, 11, 10]
[-9, -9, -8, -6, -5, -4, -4, -3, 4, 8, 8, 9, 9, 10, 16, 20, 18, 16, 16, 19, 15, 12, 12, 12, 11, 10]
[-9, -9, -8, -6, -5, -4, -4, -3, 4, 8, 8, 9, 9, 10, 16, 20, 18, 16, 16, 19, 15, 12, 12, 12, 11, 10]
[-9, -9, -8, -6, -5, -4, -4, -3, 4, 8, 8, 9, 9, 10, 15, 20, 18, 16, 16, 19, 16, 12, 12, 12, 11, 10]
[-9, -9, -8, -6, -5, -4, -4, -3, 4, 8, 8, 9, 9, 10, 12, 20, 18, 16, 16, 19, 16, 15, 12, 12, 11, 10]
[-9, -9, -8, -6, -5, -4, -4, -3, 4, 8, 8, 9, 9, 10, 12, 20, 18, 16, 16, 19, 16, 15, 12, 12, 11, 10]
[-9, -9, -8, -6, -5, -4, -4, -3, 4, 8, 8, 9, 9, 10, 12, 20, 18, 16, 16, 19, 16, 15, 12, 12, 11, 10]
[-9, -9, -8, -6, -5, -4, -4, -3, 4, 8, 8, 9, 9, 10, 11, 20, 18, 16, 16, 19, 16, 15, 12, 12, 12, 10]
[-9, -9, -8, -6, -5, -4, -4, -3, 4, 8, 8, 9, 9, 10, 10, 20, 18, 16, 16, 19, 16, 15, 12, 12, 12, 11]
[-9, -9, -8, -6, -5, -4, -4, -3, 4, 8, 8, 9, 9, 10, 10, 18, 20, 16, 16, 19, 16, 15, 12, 12, 12, 11]
[-9, -9, -8, -6, -5, -4, -4, -3, 4, 8, 8, 9, 9, 10, 10, 16, 20, 18, 16, 19, 16, 15, 12, 12, 12, 11]
[-9, -9, -8, -6, -5, -4, -4, -3, 4, 8, 8, 9, 9, 10, 10, 16, 20, 18, 16, 19, 16, 15, 12, 12, 12, 11]
[-9, -9, -8, -6, -5, -4, -4, -3, 4, 8, 8, 9, 9, 10, 10, 16, 20, 18, 16, 19, 16, 15, 12, 12, 12, 11]
[-9, -9, -8, -6, -5, -4, -4, -3, 4, 8, 8, 9, 9, 10, 10, 15, 20, 18, 16, 19, 16, 16, 12, 12, 12, 11]
[-9, -9, -8, -6, -5, -4, -4, -3, 4, 8, 8, 9, 9, 10, 10, 12, 20, 18, 16, 19, 16, 16, 15, 12, 12, 11]
[-9, -9, -8, -6, -5, -4, -4, -3, 4, 8, 8, 9, 9, 10, 10, 12, 20, 18, 16, 19, 16, 16, 15, 12, 12, 11]
[-9, -9, -8, -6, -5, -4, -4, -3, 4, 8, 8, 9, 9, 10, 10, 12, 20, 18, 16, 19, 16, 16, 15, 12, 12, 11]
[-9, -9, -8, -6, -5, -4, -4, -3, 4, 8, 8, 9, 9, 10, 10, 11, 20, 18, 16, 19, 16, 16, 15, 12, 12, 12]
[-9, -9, -8, -6, -5, -4, -4, -3, 4, 8, 8, 9, 9, 10, 10, 11, 18, 20, 16, 19, 16, 16, 15, 12, 12, 12]
[-9, -9, -8, -6, -5, -4, -4, -3, 4, 8, 8, 9, 9, 10, 10, 11, 16, 20, 18, 19, 16, 16, 15, 12, 12, 12]
[-9, -9, -8, -6, -5, -4, -4, -3, 4, 8, 8, 9, 9, 10, 10, 11, 16, 20, 18, 19, 16, 16, 15, 12, 12, 12]
[-9, -9, -8, -6, -5, -4, -4, -3, 4, 8, 8, 9, 9, 10, 10, 11, 16, 20, 18, 19, 16, 16, 15, 12, 12, 12]
[-9, -9, -8, -6, -5, -4, -4, -3, 4, 8, 8, 9, 9, 10, 10, 11, 15, 20, 18, 19, 16, 16, 16, 12, 12, 12]
[-9, -9, -8, -6, -5, -4, -4, -3, 4, 8, 8, 9, 9, 10, 10, 11, 12, 20, 18, 19, 16, 16, 16, 15, 12, 12]
[-9, -9, -8, -6, -5, -4, -4, -3, 4, 8, 8, 9, 9, 10, 10, 11, 12, 20, 18, 19, 16, 16, 16, 15, 12, 12]
[-9, -9, -8, -6, -5, -4, -4, -3, 4, 8, 8, 9, 9, 10, 10, 11, 12, 20, 18, 19, 16, 16, 16, 15, 12, 12]
[-9, -9, -8, -6, -5, -4, -4, -3, 4, 8, 8, 9, 9, 10, 10, 11, 12, 18, 20, 19, 16, 16, 16, 15, 12, 12]
[-9, -9, -8, -6, -5, -4, -4, -3, 4, 8, 8, 9, 9, 10, 10, 11, 12, 16, 20, 19, 18, 16, 16, 15, 12, 12]
[-9, -9, -8, -6, -5, -4, -4, -3, 4, 8, 8, 9, 9, 10, 10, 11, 12, 16, 20, 19, 18, 16, 16, 15, 12, 12]
[-9, -9, -8, -6, -5, -4, -4, -3, 4, 8, 8, 9, 9, 10, 10, 11, 12, 16, 20, 19, 18, 16, 16, 15, 12, 12]
[-9, -9, -8, -6, -5, -4, -4, -3, 4, 8, 8, 9, 9, 10, 10, 11, 12, 15, 20, 19, 18, 16, 16, 16, 12, 12]
[-9, -9, -8, -6, -5, -4, -4, -3, 4, 8, 8, 9, 9, 10, 10, 11, 12, 12, 20, 19, 18, 16, 16, 16, 15, 12]
[-9, -9, -8, -6, -5, -4, -4, -3, 4, 8, 8, 9, 9, 10, 10, 11, 12, 12, 20, 19, 18, 16, 16, 16, 15, 12]
[-9, -9, -8, -6, -5, -4, -4, -3, 4, 8, 8, 9, 9, 10, 10, 11, 12, 12, 19, 20, 18, 16, 16, 16, 15, 12]
[-9, -9, -8, -6, -5, -4, -4, -3, 4, 8, 8, 9, 9, 10, 10, 11, 12, 12, 18, 20, 19, 16, 16, 16, 15, 12]
[-9, -9, -8, -6, -5, -4, -4, -3, 4, 8, 8, 9, 9, 10, 10, 11, 12, 12, 16, 20, 19, 18, 16, 16, 15, 12]
[-9, -9, -8, -6, -5, -4, -4, -3, 4, 8, 8, 9, 9, 10, 10, 11, 12, 12, 16, 20, 19, 18, 16, 16, 15, 12]
[-9, -9, -8, -6, -5, -4, -4, -3, 4, 8, 8, 9, 9, 10, 10, 11, 12, 12, 16, 20, 19, 18, 16, 16, 15, 12]
[-9, -9, -8, -6, -5, -4, -4, -3, 4, 8, 8, 9, 9, 10, 10, 11, 12, 12, 15, 20, 19, 18, 16, 16, 16, 12]
[-9, -9, -8, -6, -5, -4, -4, -3, 4, 8, 8, 9, 9, 10, 10, 11, 12, 12, 12, 20, 19, 18, 16, 16, 16, 15]
[-9, -9, -8, -6, -5, -4, -4, -3, 4, 8, 8, 9, 9, 10, 10, 11, 12, 12, 12, 19, 20, 18, 16, 16, 16, 15]
[-9, -9, -8, -6, -5, -4, -4, -3, 4, 8, 8, 9, 9, 10, 10, 11, 12, 12, 12, 18, 20, 19, 16, 16, 16, 15]
[-9, -9, -8, -6, -5, -4, -4, -3, 4, 8, 8, 9, 9, 10, 10, 11, 12, 12, 12, 16, 20, 19, 18, 16, 16, 15]
[-9, -9, -8, -6, -5, -4, -4, -3, 4, 8, 8, 9, 9, 10, 10, 11, 12, 12, 12, 16, 20, 19, 18, 16, 16, 15]
[-9, -9, -8, -6, -5, -4, -4, -3, 4, 8, 8, 9, 9, 10, 10, 11, 12, 12, 12, 16, 20, 19, 18, 16, 16, 15]
[-9, -9, -8, -6, -5, -4, -4, -3, 4, 8, 8, 9, 9, 10, 10, 11, 12, 12, 12, 15, 20, 19, 18, 16, 16, 16]
[-9, -9, -8, -6, -5, -4, -4, -3, 4, 8, 8, 9, 9, 10, 10, 11, 12, 12, 12, 15, 19, 20, 18, 16, 16, 16]
[-9, -9, -8, -6, -5, -4, -4, -3, 4, 8, 8, 9, 9, 10, 10, 11, 12, 12, 12, 15, 18, 20, 19, 16, 16, 16]
[-9, -9, -8, -6, -5, -4, -4, -3, 4, 8, 8, 9, 9, 10, 10, 11, 12, 12, 12, 15, 16, 20, 19, 18, 16, 16]
[-9, -9, -8, -6, -5, -4, -4, -3, 4, 8, 8, 9, 9, 10, 10, 11, 12, 12, 12, 15, 16, 20, 19, 18, 16, 16]
[-9, -9, -8, -6, -5, -4, -4, -3, 4, 8, 8, 9, 9, 10, 10, 11, 12, 12, 12, 15, 16, 20, 19, 18, 16, 16]
[-9, -9, -8, -6, -5, -4, -4, -3, 4, 8, 8, 9, 9, 10, 10, 11, 12, 12, 12, 15, 16, 19, 20, 18, 16, 16]
[-9, -9, -8, -6, -5, -4, -4, -3, 4, 8, 8, 9, 9, 10, 10, 11, 12, 12, 12, 15, 16, 18, 20, 19, 16, 16]
[-9, -9, -8, -6, -5, -4, -4, -3, 4, 8, 8, 9, 9, 10, 10, 11, 12, 12, 12, 15, 16, 16, 20, 19, 18, 16]
[-9, -9, -8, -6, -5, -4, -4, -3, 4, 8, 8, 9, 9, 10, 10, 11, 12, 12, 12, 15, 16, 16, 20, 19, 18, 16]
[-9, -9, -8, -6, -5, -4, -4, -3, 4, 8, 8, 9, 9, 10, 10, 11, 12, 12, 12, 15, 16, 16, 19, 20, 18, 16]
[-9, -9, -8, -6, -5, -4, -4, -3, 4, 8, 8, 9, 9, 10, 10, 11, 12, 12, 12, 15, 16, 16, 18, 20, 19, 16]
[-9, -9, -8, -6, -5, -4, -4, -3, 4, 8, 8, 9, 9, 10, 10, 11, 12, 12, 12, 15, 16, 16, 16, 20, 19, 18]
[-9, -9, -8, -6, -5, -4, -4, -3, 4, 8, 8, 9, 9, 10, 10, 11, 12, 12, 12, 15, 16, 16, 16, 19, 20, 18]
[-9, -9, -8, -6, -5, -4, -4, -3, 4, 8, 8, 9, 9, 10, 10, 11, 12, 12, 12, 15, 16, 16, 16, 18, 20, 19]
[-9, -9, -8, -6, -5, -4, -4, -3, 4, 8, 8, 9, 9, 10, 10, 11, 12, 12, 12, 15, 16, 16, 16, 18, 19, 20]
[4, 14, 17, -8, 20, -8, 3, -4, 1, -6, -8, 18, -3, 15, 3, 3, 4, 18, 0, -6, -4, 0, -4, 6, 0, -6, -5, -4]
[-8, 14, 17, 4, 20, -8, 3, -4, 1, -6, -8, 18, -3, 15, 3, 3, 4, 18, 0, -6, -4, 0, -4, 6, 0, -6, -5, -4]
[-8, 14, 17, 4, 20, -8, 3, -4, 1, -6, -8, 18, -3, 15, 3, 3, 4, 18, 0, -6, -4, 0, -4, 6, 0, -6, -5, -4]
[-8, 14, 17, 4, 20, -8, 3, -4, 1, -6, -8, 18, -3, 15, 3, 3, 4, 18, 0, -6, -4, 0, -4, 6, 0, -6, -5, -4]
[-8, 4, 17, 14, 20, -8, 3, -4, 1, -6, -8, 18, -3, 15, 3, 3, 4, 18, 0, -6, -4, 0, -4, 6, 0, -6, -5, -4]
[-8, -8, 17, 14, 20, 4, 3, -4, 1, -6, -8, 18, -3, 15, 3, 3, 4, 18, 0, -6, -4, 0, -4, 6, 0, -6, -5, -4]
[-8, -8, 17, 14, 20, 4, 3, -4, 1, -6, -8, 18, -3, 15, 3, 3, 4, 18, 0, -6, -4, 0, -4, 6, 0, -6, -5, -4]
[-8, -8, 14, 17, 20, 4, 3, -4, 1, -6, -8, 18, -3, 15, 3, 3, 4, 18, 0, -6, -4, 0, -4, 6, 0, -6, -5, -4]
[-8, -8, 4, 17, 20, 14, 3, -4, 1, -6, -8, 18, -3, 15, 3, 3, 4, 18, 0, -6, -4, 0, -4, 6, 0, -6, -5, -4]
[-8, -8, 3, 17, 20, 14, 4, -4, 1, -6, -8, 18, -3, 15, 3, 3, 4, 18, 0, -6, -4, 0, -4, 6, 0, -6, -5, -4]
[-8, -8, -4, 17, 20, 14, 4, 3, 1, -6, -8, 18, -3, 15, 3, 3, 4, 18, 0, -6, -4, 0, -4, 6, 0, -6, -5, -4]
[-8, -8, -6, 17, 20, 14, 4, 3, 1, -4, -8, 18, -3, 15, 3, 3, 4, 18, 0, -6, -4, 0, -4, 6, 0, -6, -5, -4]
[-8, -8, -8, 17, 20, 14, 4, 3, 1, -4, -6, 18, -3, 15, 3, 3, 4, 18, 0, -6, -4, 0, -4, 6, 0, -6, -5, -4]
[-8, -8, -8, 14, 20, 17, 4, 3, 1, -4, -6, 18, -3, 15, 3, 3, 4, 18, 0, -6, -4, 0, -4, 6, 0, -6, -5, -4]
[-8, -8, -8, 4, 20, 17, 14, 3, 1, -4, -6, 18, -3, 15, 3, 3, 4, 18, 0, -6, -4, 0, -4, 6, 0, -6, -5, -4]
[-8, -8, -8, 3, 20, 17, 14, 4, 1, -4, -6, 18, -3, 15, 3, 3, 4, 18, 0, -6, -4, 0, -4, 6, 0, -6, -5, -4]
[-8, -8, -8, 1, 20, 17, 14, 4, 3, -4, -6, 18, -3, 15, 3, 3, 4, 18, 0, -6, -4, 0, -4, 6, 0, -6, -5, -4]
[-8, -8, -8, -4, 20, 17, 14, 4, 3, 1, -6, 18, -3, 15, 3, 3, 4, 18, 0, -6, -4, 0, -4, 6, 0, -6, -5, -4]
[-8, -8, -8, -6, 20, 17, 14, 4, 3, 1, -4, 18, -3, 15, 3, 3, 4, 18, 0, -6, -4, 0, -4, 6, 0, -6, -5, -4]
[-8, -8, -8, -6, 20, 17, 14, 4, 3, 1, -4, 18, -3, 15, 3, 3, 4, 18, 0, -6, -4, 0, -4, 6, 0, -6, -5, -4]
[-8, -8, -8, -6, 20, 17, 14, 4, 3, 1, -4, 18, -3, 15, 3, 3, 4, 18, 0, -6, -4, 0, -4, 6, 0, -6, -5, -4]
[-8, -8, -8, -6, 17, 20, 14, 4, 3, 1, -4, 18, -3, 15, 3, 3, 4, 18, 0, -6, -4, 0, -4, 6, 0, -6, -5, -4]
[-8, -8, -8, -6, 14, 20, 17, 4, 3, 1, -4, 18, -3, 15, 3, 3, 4, 18, 0, -6, -4, 0, -4, 6, 0, -6, -5, -4]
[-8, -8, -8, -6, 4, 20, 17, 14, 3, 1, -4, 18, -3, 15, 3, 3, 4, 18, 0, -6, -4, 0, -4, 6, 0, -6, -5, -4]
[-8, -8, -8, -6, 3, 20, 17, 14, 4, 1, -4, 18, -3, 15, 3, 3, 4, 18, 0, -6, -4, 0, -4, 6, 0, -6, -5, -4]
[-8, -8, -8, -6, 1, 20, 17, 14, 4, 3, -4, 18, -3, 15, 3, 3, 4, 18, 0, -6, -4, 0, -4, 6, 0, -6, -5, -4]
[-8, -8, -8, -6, -4, 20, 17, 14, 4, 3, 1, 18, -3, 15, 3, 3, 4, 18, 0, -6, -4, 0, -4, 6, 0, -6, -5, -4]
[-8, -8, -8, -6, -6, 20, 17, 14, 4, 3, 1, 18, -3, 15, 3, 3, 4, 18, 0, -4, -4, 0, -4, 6, 0, -6, -5, -4]
[-8, -8, -8, -6, -6, 20, 17, 14, 4, 3, 1, 18, -3, 15, 3, 3, 4, 18, 0, -4, -4, 0, -4, 6, 0, -6, -5, -4]
[-8, -8, -8, -6, -6, 17, 20, 14, 4, 3, 1, 18, -3, 15, 3, 3, 4, 18, 0, -4, -4, 0, -4, 6, 0, -6, -5, -4]
[-8, -8, -8, -6, -6, 14, 20, 17, 4, 3, 1, 18, -3, 15, 3, 3, 4, 18, 0, -4, -4, 0, -4, 6, 0, -6, -5, -4]
[-8, -8, -8, -6, -6, 4, 20, 17, 14, 3, 1, 18, -3, 15, 3, 3, 4, 18, 0, -4, -4, 0, -4, 6, 0, -6, -5, -4]
[-8, -8, -8, -6, -6, 3, 20, 17, 14, 4, 1, 18, -3, 15, 3, 3, 4, 18, 0, -4, -4, 0, -4, 6, 0, -6, -5, -4]
[-8, -8, -8, -6, -6, 1, 20, 17, 14, 4, 3, 18, -3, 15, 3, 3, 4, 18, 0, -4, -4, 0, -4, 6, 0, -6, -5, -4]
[-8, -8, -8, -6, -6, -3, 20, 17, 14, 4, 3, 18, 1, 15, 3, 3, 4, 18, 0, -4, -4, 0, -4, 6, 0, -6, -5, -4]
[-8, -8, -8, -6, -6, -4, 20, 17, 14, 4, 3, 18, 1, 15, 3, 3, 4, 18, 0, -3, -4, 0, -4, 6, 0, -6, -5, -4]
[-8, -8, -8, -6, -6, -4, 20, 17, 14, 4, 3, 18, 1, 15, 3, 3, 4, 18, 0, -3, -4, 0, -4, 6, 0, -6, -5, -4]
[-8, -8, -8, -6, -6, -4, 20, 17, 14, 4, 3, 18, 1, 15, 3, 3, 4, 18, 0, -3, -4, 0, -4, 6, 0, -6, -5, -4]
[-8, -8, -8, -6, -6, -6, 20, 17, 14, 4, 3, 18, 1, 15, 3, 3, 4, 18, 0, -3, -4, 0, -4, 6, 0, -4, -5, -4]
[-8, -8, -8, -6, -6, -6, 17, 20, 14, 4, 3, 18, 1, 15, 3, 3, 4, 18, 0, -3, -4, 0, -4, 6, 0, -4, -5, -4]
[-8, -8, -8, -6, -6, -6, 14, 20, 17, 4, 3, 18, 1, 15, 3, 3, 4, 18, 0, -3, -4, 0, -4, 6, 0, -4, -5, -4]
[-8, -8, -8, -6, -6, -6, 4, 20, 17, 14, 3, 18, 1, 15, 3, 3, 4, 18, 0, -3, -4, 0, -4, 6, 0, -4, -5, -4]
[-8, -8, -8, -6, -6, -6, 3, 20, 17, 14, 4, 18, 1, 15, 3, 3, 4, 18, 0, -3, -4, 0, -4, 6, 0, -4, -5, -4]
[-8, -8, -8, -6, -6, -6, 1, 20, 17, 14, 4, 18, 3, 15, 3, 3, 4, 18, 0, -3, -4, 0, -4, 6, 0, -4, -5, -4]
[-8, -8, -8, -6, -6, -6, 0, 20, 17, 14, 4, 18, 3, 15, 3, 3, 4, 18, 1, -3, -4, 0, -4, 6, 0, -4, -5, -4]
[-8, -8, -8, -6, -6, -6, -3, 20, 17, 14, 4, 18, 3, 15, 3, 3, 4, 18, 1, 0, -4, 0, -4, 6, 0, -4, -5, -4]
[-8, -8, -8, -6, -6, -6, -4, 20, 17, 14, 4, 18, 3, 15, 3, 3, 4, 18, 1, 0, -3, 0, -4, 6, 0, -4, -5, -4]
[-8, -8, -8, -6, -6, -6, -4, 20, 17, 14, 4, 18, 3, 15, 3, 3, 4, 18, 1, 0, -3, 0, -4, 6, 0, -4, -5, -4]
[-8, -8, -8, -6, -6, -6, -4, 20, 17, 14, 4, 18, 3, 15, 3, 3, 4, 18, 1, 0, -3, 0, -4, 6, 0, -4, -5, -4]
[-8, -8, -8, -6, -6, -6, -5, 20, 17, 14, 4, 18, 3, 15, 3, 3, 4, 18, 1, 0, -3, 0, -4, 6, 0, -4, -4, -4]
[-8, -8, -8, -6, -6, -6, -5, 17, 20, 14, 4, 18, 3, 15, 3, 3, 4, 18, 1, 0, -3, 0, -4, 6, 0, -4, -4, -4]
[-8, -8, -8, -6, -6, -6, -5, 14, 20, 17, 4, 18, 3, 15, 3, 3, 4, 18, 1, 0, -3, 0, -4, 6, 0, -4, -4, -4]
[-8, -8, -8, -6, -6, -6, -5, 4, 20, 17, 14, 18, 3, 15, 3, 3, 4, 18, 1, 0, -3, 0, -4, 6, 0, -4, -4, -4]
[-8, -8, -8, -6, -6, -6, -5, 3, 20, 17, 14, 18, 4, 15, 3, 3, 4, 18, 1, 0, -3, 0, -4, 6, 0, -4, -4, -4]
[-8, -8, -8, -6, -6, -6, -5, 3, 20, 17, 14, 18, 4, 15, 3, 3, 4, 18, 1, 0, -3, 0, -4, 6, 0, -4, -4, -4]
[-8, -8, -8, -6, -6, -6, -5, 3, 20, 17, 14, 18, 4, 15, 3, 3, 4, 18, 1, 0, -3, 0, -4, 6, 0, -4, -4, -4]
[-8, -8, -8, -6, -6, -6, -5, 1, 20, 17, 14, 18, 4, 15, 3, 3, 4, 18, 3, 0, -3, 0, -4, 6, 0, -4, -4, -4]
[-8, -8, -8, -6, -6, -6, -5, 0, 20, 17, 14, 18, 4, 15, 3, 3, 4, 18, 3, 1, -3, 0, -4, 6, 0, -4, -4, -4]
[-8, -8, -8, -6, -6, -6, -5, -3, 20, 17, 14, 18, 4, 15, 3, 3, 4, 18, 3, 1, 0, 0, -4, 6, 0, -4, -4, -4]
[-8, -8, -8, -6, -6, -6, -5, -4, 20, 17, 14, 18, 4, 15, 3, 3, 4, 18, 3, 1, 0, 0, -3, 6, 0, -4, -4, -4]
[-8, -8, -8, -6, -6, -6, -5, -4, 20, 17, 14, 18, 4, 15, 3, 3, 4, 18, 3, 1, 0, 0, -3, 6, 0, -4, -4, -4]
[-8, -8, -8, -6, -6, -6, -5, -4, 20, 17, 14, 18, 4, 15, 3, 3, 4, 18, 3, 1, 0, 0, -3, 6, 0, -4, -4, -4]
[-8, -8, -8, -6, -6, -6, -5, -4, 20, 17, 14, 18, 4, 15, 3, 3, 4, 18, 3, 1, 0, 0, -3, 6, 0, -4, -4, -4]
[-8, -8, -8, -6, -6, -6, -5, -4, 17, 20, 14, 18, 4, 15, 3, 3, 4, 18, 3, 1, 0, 0, -3, 6, 0, -4, -4, -4]
[-8, -8, -8, -6, -6, -6, -5, -4, 14, 20, 17, 18, 4, 15, 3, 3, 4, 18, 3, 1, 0, 0, -3, 6, 0, -4, -4, -4]
[-8, -8, -8, -6, -6, -6, -5, -4, 4, 20, 17, 18, 14, 15, 3, 3, 4, 18, 3, 1, 0, 0, -3, 6, 0, -4, -4, -4]
[-8, -8, -8, -6, -6, -6, -5, -4, 3, 20, 17, 18, 14, 15, 4, 3, 4, 18, 3, 1, 0, 0, -3, 6, 0, -4, -4, -4]
[-8, -8, -8, -6, -6, -6, -5, -4, 3, 20, 17, 18, 14, 15, 4, 3, 4, 18, 3, 1, 0, 0, -3, 6, 0, -4, -4, -4]
[-8, -8, -8, -6, -6, -6, -5, -4, 3, 20, 17, 18, 14, 15, 4, 3, 4, 18, 3, 1, 0, 0, -3, 6, 0, -4, -4, -4]
[-8, -8, -8, -6, -6, -6, -5, -4, 1, 20, 17, 18, 14, 15, 4, 3, 4, 18, 3, 3, 0, 0, -3, 6, 0, -4, -4, -4]
[-8, -8, -8, -6, -6, -6, -5, -4, 0, 20, 17, 18, 14, 15, 4, 3, 4, 18, 3, 3, 1, 0, -3, 6, 0, -4, -4, -4]
[-8, -8, -8, -6, -6, -6, -5, -4, 0, 20, 17, 18, 14, 15, 4, 3, 4, 18, 3, 3, 1, 0, -3, 6, 0, -4, -4, -4]
[-8, -8, -8, -6, -6, -6, -5, -4, -3, 20, 17, 18, 14, 15, 4, 3, 4, 18, 3, 3, 1, 0, 0, 6, 0, -4, -4, -4]
[-8, -8, -8, -6, -6, -6, -5, -4, -4, 20, 17, 18, 14, 15, 4, 3, 4, 18, 3, 3, 1, 0, 0, 6, 0, -3, -4, -4]
[-8, -8, -8, -6, -6, -6, -5, -4, -4, 20, 17, 18, 14, 15, 4, 3, 4, 18, 3, 3, 1, 0, 0, 6, 0, -3, -4, -4]
[-8, -8, -8, -6, -6, -6, -5, -4, -4, 20, 17, 18, 14, 15, 4, 3, 4, 18, 3, 3, 1, 0, 0, 6, 0, -3, -4, -4]
[-8, -8, -8, -6, -6, -6, -5, -4, -4, 17, 20, 18, 14, 15, 4, 3, 4, 18, 3, 3, 1, 0, 0, 6, 0, -3, -4, -4]
[-8, -8, -8, -6, -6, -6, -5, -4, -4, 14, 20, 18, 17, 15, 4, 3, 4, 18, 3, 3, 1, 0, 0, 6, 0, -3, -4, -4]
[-8, -8, -8, -6, -6, -6, -5, -4, -4, 4, 20, 18, 17, 15, 14, 3, 4, 18, 3, 3, 1, 0, 0, 6, 0, -3, -4, -4]
[-8, -8, -8, -6, -6, -6, -5, -4, -4, 3, 20, 18, 17, 15, 14, 4, 4, 18, 3, 3, 1, 0, 0, 6, 0, -3, -4, -4]
[-8, -8, -8, -6, -6, -6, -5, -4, -4, 3, 20, 18, 17, 15, 14, 4, 4, 18, 3, 3, 1, 0, 0, 6, 0, -3, -4, -4]
[-8, -8, -8, -6, -6, -6, -5, -4, -4, 3, 20, 18, 17, 15, 14, 4, 4, 18, 3, 3, 1, 0, 0, 6, 0, -3, -4, -4]
[-8, -8, -8, -6, -6, -6, -5, -4, -4, 1, 20, 18, 17, 15, 14, 4, 4, 18, 3, 3, 3, 0, 0, 6, 0, -3, -4, -4]
[-8, -8, -8, -6, -6, -6, -5, -4, -4, 0, 20, 18, 17, 15, 14, 4, 4, 18, 3, 3, 3, 1, 0, 6, 0, -3, -4, -4]
[-8, -8, -8, -6, -6, -6, -5, -4, -4, 0, 20, 18, 17, 15, 14, 4, 4, 18, 3, 3, 3, 1, 0, 6, 0, -3, -4, -4]
[-8, -8, -8, -6, -6, -6, -5, -4, -4, 0, 20, 18, 17, 15, 14, 4, 4, 18, 3, 3, 3, 1, 0, 6, 0, -3, -4, -4]
[-8, -8, -8, -6, -6, -6, -5, -4, -4, -3, 20, 18, 17, 15, 14, 4, 4, 18, 3, 3, 3, 1, 0, 6, 0, 0, -4, -4]
[-8, -8, -8, -6, -6, -6, -5, -4, -4, -4, 20, 18, 17, 15, 14, 4, 4, 18, 3, 3, 3, 1, 0, 6, 0, 0, -3, -4]
[-8, -8, -8, -6, -6, -6, -5, -4, -4, -4, 20, 18, 17, 15, 14, 4, 4, 18, 3, 3, 3, 1, 0, 6, 0, 0, -3, -4]
[-8, -8, -8, -6, -6, -6, -5, -4, -4, -4, 18, 20, 17, 15, 14, 4, 4, 18, 3, 3, 3, 1, 0, 6, 0, 0, -3, -4]
[-8, -8, -8, -6, -6, -6, -5, -4, -4, -4, 17, 20, 18, 15, 14, 4, 4, 18, 3, 3, 3, 1, 0, 6, 0, 0, -3, -4]
[-8, -8, -8, -6, -6, -6, -5, -4, -4, -4, 15, 20, 18, 17, 14, 4, 4, 18, 3, 3, 3, 1, 0, 6, 0, 0, -3, -4]
[-8, -8, -8, -6, -6, -6, -5, -4, -4, -4, 14, 20, 18, 17, 15, 4, 4, 18, 3, 3, 3, 1, 0, 6, 0, 0, -3, -4]
[-8, -8, -8, -6, -6, -6, -5, -4, -4, -4, 4, 20, 18, 17, 15, 14, 4, 18, 3, 3, 3, 1, 0, 6, 0, 0, -3, -4]
[-8, -8, -8, -6, -6, -6, -5, -4, -4, -4, 4, 20, 18, 17, 15, 14, 4, 18, 3, 3, 3, 1, 0, 6, 0, 0, -3, -4]
[-8, -8, -8, -6, -6, -6, -5, -4, -4, -4, 3, 20, 18, 17, 15, 14, 4, 18, 4, 3, 3, 1, 0, 6, 0, 0, -3, -4]
[-8, -8, -8, -6, -6, -6, -5, -4, -4, -4, 3, 20, 18, 17, 15, 14, 4, 18, 4, 3, 3, 1, 0, 6, 0, 0, -3, -4]
[-8, -8, -8, -6, -6, -6, -5, -4, -4, -4, 3, 20, 18, 17, 15, 14, 4, 18, 4, 3, 3, 1, 0, 6, 0, 0, -3, -4]
[-8, -8, -8, -6, -6, -6, -5, -4, -4, -4, 1, 20, 18, 17, 15, 14, 4, 18, 4, 3, 3, 3, 0, 6, 0, 0, -3, -4]
[-8, -8, -8, -6, -6, -6, -5, -4, -4, -4, 0, 20, 18, 17, 15, 14, 4, 18, 4, 3, 3, 3, 1, 6, 0, 0, -3, -4]
[-8, -8, -8, -6, -6, -6, -5, -4, -4, -4, 0, 20, 18, 17, 15, 14, 4, 18, 4, 3, 3, 3, 1, 6, 0, 0, -3, -4]
[-8, -8, -8, -6, -6, -6, -5, -4, -4, -4, 0, 20, 18, 17, 15, 14, 4, 18, 4, 3, 3, 3, 1, 6, 0, 0, -3, -4]
[-8, -8, -8, -6, -6, -6, -5, -4, -4, -4, -3, 20, 18, 17, 15, 14, 4, 18, 4, 3, 3, 3, 1, 6, 0, 0, 0, -4]
[-8, -8, -8, -6, -6, -6, -5, -4, -4, -4, -4, 20, 18, 17, 15, 14, 4, 18, 4, 3, 3, 3, 1, 6, 0, 0, 0, -3]
[-8, -8, -8, -6, -6, -6, -5, -4, -4, -4, -4, 18, 20, 17, 15, 14, 4, 18, 4, 3, 3, 3, 1, 6, 0, 0, 0, -3]
[-8, -8, -8, -6, -6, -6, -5, -4, -4, -4, -4, 17, 20, 18, 15, 14, 4, 18, 4, 3, 3, 3, 1, 6, 0, 0, 0, -3]
[-8, -8, -8, -6, -6, -6, -5, -4, -4, -4, -4, 15, 20, 18, 17, 14, 4, 18, 4, 3, 3, 3, 1, 6, 0, 0, 0, -3]
[-8, -8, -8, -6, -6, -6, -5, -4, -4, -4, -4, 14, 20, 18, 17, 15, 4, 18, 4, 3, 3, 3, 1, 6, 0, 0, 0, -3]
[-8, -8, -8, -6, -6, -6, -5, -4, -4, -4, -4, 4, 20, 18, 17, 15, 14, 18, 4, 3, 3, 3, 1, 6, 0, 0, 0, -3]
[-8, -8, -8, -6, -6, -6, -5, -4, -4, -4, -4, 4, 20, 18, 17, 15, 14, 18, 4, 3, 3, 3, 1, 6, 0, 0, 0, -3]
[-8, -8, -8, -6, -6, -6, -5, -4, -4, -4, -4, 3, 20, 18, 17, 15, 14, 18, 4, 4, 3, 3, 1, 6, 0, 0, 0, -3]
[-8, -8, -8, -6, -6, -6, -5, -4, -4, -4, -4, 3, 20, 18, 17, 15, 14, 18, 4, 4, 3, 3, 1, 6, 0, 0, 0, -3]
[-8, -8, -8, -6, -6, -6, -5, -4, -4, -4, -4, 3, 20, 18, 17, 15, 14, 18, 4, 4, 3, 3, 1, 6, 0, 0, 0, -3]
[-8, -8, -8, -6, -6, -6, -5, -4, -4, -4, -4, 1, 20, 18, 17, 15, 14, 18, 4, 4, 3, 3, 3, 6, 0, 0, 0, -3]
[-8, -8, -8, -6, -6, -6, -5, -4, -4, -4, -4, 0, 20, 18, 17, 15, 14, 18, 4, 4, 3, 3, 3, 6, 1, 0, 0, -3]
[-8, -8, -8, -6, -6, -6, -5, -4, -4, -4, -4, 0, 20, 18, 17, 15, 14, 18, 4, 4, 3, 3, 3, 6, 1, 0, 0, -3]
[-8, -8, -8, -6, -6, -6, -5, -4, -4, -4, -4, 0, 20, 18, 17, 15, 14, 18, 4, 4, 3, 3, 3, 6, 1, 0, 0, -3]
[-8, -8, -8, -6, -6, -6, -5, -4, -4, -4, -4, -3, 20, 18, 17, 15, 14, 18, 4, 4, 3, 3, 3, 6, 1, 0, 0, 0]
[-8, -8, -8, -6, -6, -6, -5, -4, -4, -4, -4, -3, 18, 20, 17, 15, 14, 18, 4, 4, 3, 3, 3, 6, 1, 0, 0, 0]
[-8, -8, -8, -6, -6, -6, -5, -4, -4, -4, -4, -3, 17, 20, 18, 15, 14, 18, 4, 4, 3, 3, 3, 6, 1, 0, 0, 0]
[-8, -8, -8, -6, -6, -6, -5, -4, -4, -4, -4, -3, 15, 20, 18, 17, 14, 18, 4, 4, 3, 3, 3, 6, 1, 0, 0, 0]
[-8, -8, -8, -6, -6, -6, -5, -4, -4, -4, -4, -3, 14, 20, 18, 17, 15, 18, 4, 4, 3, 3, 3, 6, 1, 0, 0, 0]
[-8, -8, -8, -6, -6, -6, -5, -4, -4, -4, -4, -3, 4, 20, 18, 17, 15, 18, 14, 4, 3, 3, 3, 6, 1, 0, 0, 0]
[-8, -8, -8, -6, -6, -6, -5, -4, -4, -4, -4, -3, 4, 20, 18, 17, 15, 18, 14, 4, 3, 3, 3, 6, 1, 0, 0, 0]
[-8, -8, -8, -6, -6, -6, -5, -4, -4, -4, -4, -3, 3, 20, 18, 17, 15, 18, 14, 4, 4, 3, 3, 6, 1, 0, 0, 0]
[-8, -8, -8, -6, -6, -6, -5, -4, -4, -4, -4, -3, 3, 20, 18, 17, 15, 18, 14, 4, 4, 3, 3, 6, 1, 0, 0, 0]
[-8, -8, -8, -6, -6, -6, -5, -4, -4, -4, -4, -3, 3, 20, 18, 17, 15, 18, 14, 4, 4, 3, 3, 6, 1, 0, 0, 0]
[-8, -8, -8, -6, -6, -6, -5, -4, -4, -4, -4, -3, 1, 20, 18, 17, 15, 18, 14, 4, 4, 3, 3, 6, 3, 0, 0, 0]
[-8, -8, -8, -6, -6, -6, -5, -4, -4, -4, -4, -3, 0, 20, 18, 17, 15, 18, 14, 4, 4, 3, 3, 6, 3, 1, 0, 0]
[-8, -8, -8, -6, -6, -6, -5, -4, -4, -4, -4, -3, 0, 20, 18, 17, 15, 18, 14, 4, 4, 3, 3, 6, 3, 1, 0, 0]
[-8, -8, -8, -6, -6, -6, -5, -4, -4, -4, -4, -3, 0, 20, 18, 17, 15, 18, 14, 4, 4, 3, 3, 6, 3, 1, 0, 0]
[-8, -8, -8, -6, -6, -6, -5, -4, -4, -4, -4, -3, 0, 18, 20, 17, 15, 18, 14, 4, 4, 3, 3, 6, 3, 1, 0, 0]
[-8, -8, -8, -6, -6, -6, -5, -4, -4, -4, -4, -3, 0, 17, 20, 18, 15, 18, 14, 4, 4, 3, 3, 6, 3, 1, 0, 0]
[-8, -8, -8, -6, -6, -6, -5, -4, -4, -4, -4, -3, 0, 15, 20, 18, 17, 18, 14, 4, 4, 3, 3, 6, 3, 1, 0, 0]
[-8, -8, -8, -6, -6, -6, -5, -4, -4, -4, -4, -3, 0, 14, 20, 18, 17, 18, 15, 4, 4, 3, 3, 6, 3, 1, 0, 0]
[-8, -8, -8, -6, -6, -6, -5, -4, -4, -4, -4, -3, 0, 4, 20, 18, 17, 18, 15, 14, 4, 3, 3, 6, 3, 1, 0, 0]
[-8, -8, -8, -6, -6, -6, -5, -4, -4, -4, -4, -3, 0, 4, 20, 18, 17, 18, 15, 14, 4, 3, 3, 6, 3, 1, 0, 0]
[-8, -8, -8, -6, -6, -6, -5, -4, -4, -4, -4, -3, 0, 3, 20, 18, 17, 18, 15, 14, 4, 4, 3, 6, 3, 1, 0, 0]
[-8, -8, -8, -6, -6, -6, -5, -4, -4, -4, -4, -3, 0, 3, 20, 18, 17, 18, 15, 14, 4, 4, 3, 6, 3, 1, 0, 0]
[-8, -8, -8, -6, -6, -6, -5, -4, -4, -4, -4, -3, 0, 3, 20, 18, 17, 18, 15, 14, 4, 4, 3, 6, 3, 1, 0, 0]
[-8, -8, -8, -6, -6, -6, -5, -4, -4, -4, -4, -3, 0, 1, 20, 18, 17, 18, 15, 14, 4, 4, 3, 6, 3, 3, 0, 0]
[-8, -8, -8, -6, -6, -6, -5, -4, -4, -4, -4, -3, 0, 0, 20, 18, 17, 18, 15, 14, 4, 4, 3, 6, 3, 3, 1, 0]
[-8, -8, -8, -6, -6, -6, -5, -4, -4, -4, -4, -3, 0, 0, 20, 18, 17, 18, 15, 14, 4, 4, 3, 6, 3, 3, 1, 0]
[-8, -8, -8, -6, -6, -6, -5, -4, -4, -4, -4, -3, 0, 0, 18, 20, 17, 18, 15, 14, 4, 4, 3, 6, 3, 3, 1, 0]
[-8, -8, -8, -6, -6, -6, -5, -4, -4, -4, -4, -3, 0, 0, 17, 20, 18, 18, 15, 14, 4, 4, 3, 6, 3, 3, 1, 0]
[-8, -8, -8, -6, -6, -6, -5, -4, -4, -4, -4, -3, 0, 0, 15, 20, 18, 18, 17, 14, 4, 4, 3, 6, 3, 3, 1, 0]
[-8, -8, -8, -6, -6, -6, -5, -4, -4, -4, -4, -3, 0, 0, 14, 20, 18, 18, 17, 15, 4, 4, 3, 6, 3, 3, 1, 0]
[-8, -8, -8, -6, -6, -6, -5, -4, -4, -4, -4, -3, 0, 0, 4, 20, 18, 18, 17, 15, 14, 4, 3, 6, 3, 3, 1, 0]
[-8, -8, -8, -6, -6, -6, -5, -4, -4, -4, -4, -3, 0, 0, 4, 20, 18, 18, 17, 15, 14, 4, 3, 6, 3, 3, 1, 0]
[-8, -8, -8, -6, -6, -6, -5, -4, -4, -4, -4, -3, 0, 0, 3, 20, 18, 18, 17, 15, 14, 4, 4, 6, 3, 3, 1, 0]
[-8, -8, -8, -6, -6, -6, -5, -4, -4, -4, -4, -3, 0, 0, 3, 20, 18, 18, 17, 15, 14, 4, 4, 6, 3, 3, 1, 0]
[-8, -8, -8, -6, -6, -6, -5, -4, -4, -4, -4, -3, 0, 0, 3, 20, 18, 18, 17, 15, 14, 4, 4, 6, 3, 3, 1, 0]
[-8, -8, -8, -6, -6, -6, -5, -4, -4, -4, -4, -3, 0, 0, 1, 20, 18, 18, 17, 15, 14, 4, 4, 6, 3, 3, 3, 0]
[-8, -8, -8, -6, -6, -6, -5, -4, -4, -4, -4, -3, 0, 0, 0, 20, 18, 18, 17, 15, 14, 4, 4, 6, 3, 3, 3, 1]
[-8, -8, -8, -6, -6, -6, -5, -4, -4, -4, -4, -3, 0, 0, 0, 18, 20, 18, 17, 15, 14, 4, 4, 6, 3, 3, 3, 1]
[-8, -8, -8, -6, -6, -6, -5, -4, -4, -4, -4, -3, 0, 0, 0, 18, 20, 18, 17, 15, 14, 4, 4, 6, 3, 3, 3, 1]
[-8, -8, -8, -6, -6, -6, -5, -4, -4, -4, -4, -3, 0, 0, 0, 17, 20, 18, 18, 15, 14, 4, 4, 6, 3, 3, 3, 1]
[-8, -8, -8, -6, -6, -6, -5, -4, -4, -4, -4, -3, 0, 0, 0, 15, 20, 18, 18, 17, 14, 4, 4, 6, 3, 3, 3, 1]
[-8, -8, -8, -6, -6, -6, -5, -4, -4, -4, -4, -3, 0, 0, 0, 14, 20, 18, 18, 17, 15, 4, 4, 6, 3, 3, 3, 1]
[-8, -8, -8, -6, -6, -6, -5, -4, -4, -4, -4, -3, 0, 0, 0, 4, 20, 18, 18, 17, 15, 14, 4, 6, 3, 3, 3, 1]
[-8, -8, -8, -6, -6, -6, -5, -4, -4, -4, -4, -3, 0, 0, 0, 4, 20, 18, 18, 17, 15, 14, 4, 6, 3, 3, 3, 1]
[-8, -8, -8, -6, -6, -6, -5, -4, -4, -4, -4, -3, 0, 0, 0, 3, 20, 18, 18, 17, 15, 14, 4, 6, 4, 3, 3, 1]
[-8, -8, -8, -6, -6, -6, -5, -4, -4, -4, -4, -3, 0, 0, 0, 3, 20, 18, 18, 17, 15, 14, 4, 6, 4, 3, 3, 1]
[-8, -8, -8, -6, -6, -6, -5, -4, -4, -4, -4, -3, 0, 0, 0, 3, 20, 18, 18, 17, 15, 14, 4, 6, 4, 3, 3, 1]
[-8, -8, -8, -6, -6, -6, -5, -4, -4, -4, -4, -3, 0, 0, 0, 1, 20, 18, 18, 17, 15, 14, 4, 6, 4, 3, 3, 3]
[-8, -8, -8, -6, -6, -6, -5, -4, -4, -4, -4, -3, 0, 0, 0, 1, 18, 20, 18, 17, 15, 14, 4, 6, 4, 3, 3, 3]
[-8, -8, -8, -6, -6, -6, -5, -4, -4, -4, -4, -3, 0, 0, 0, 1, 18, 20, 18, 17, 15, 14, 4, 6, 4, 3, 3, 3]
[-8, -8, -8, -6, -6, -6, -5, -4, -4, -4, -4, -3, 0, 0, 0, 1, 17, 20, 18, 18, 15, 14, 4, 6, 4, 3, 3, 3]
[-8, -8, -8, -6, -6, -6, -5, -4, -4, -4, -4, -3, 0, 0, 0, 1, 15, 20, 18, 18, 17, 14, 4, 6, 4, 3, 3, 3]
[-8, -8, -8, -6, -6, -6, -5, -4, -4, -4, -4, -3, 0, 0, 0, 1, 14, 20, 18, 18, 17, 15, 4, 6, 4, 3, 3, 3]
[-8, -8, -8, -6, -6, -6, -5, -4, -4, -4, -4, -3, 0, 0, 0, 1, 4, 20, 18, 18, 17, 15, 14, 6, 4, 3, 3, 3]
[-8, -8, -8, -6, -6, -6, -5, -4, -4, -4, -4, -3, 0, 0, 0, 1, 4, 20, 18, 18, 17, 15, 14, 6, 4, 3, 3, 3]
[-8, -8, -8, -6, -6, -6, -5, -4, -4, -4, -4, -3, 0, 0, 0, 1, 3, 20, 18, 18, 17, 15, 14, 6, 4, 4, 3, 3]
[-8, -8, -8, -6, -6, -6, -5, -4, -4, -4, -4, -3, 0, 0, 0, 1, 3, 20, 18, 18, 17, 15, 14, 6, 4, 4, 3, 3]
[-8, -8, -8, -6, -6, -6, -5, -4, -4, -4, -4, -3, 0, 0, 0, 1, 3, 20, 18, 18, 17, 15, 14, 6, 4, 4, 3, 3]
[-8, -8, -8, -6, -6, -6, -5, -4, -4, -4, -4, -3, 0, 0, 0, 1, 3, 18, 20, 18, 17, 15, 14, 6, 4, 4, 3, 3]
[-8, -8, -8, -6, -6, -6, -5, -4, -4, -4, -4, -3, 0, 0, 0, 1, 3, 18, 20, 18, 17, 15, 14, 6, 4, 4, 3, 3]
[-8, -8, -8, -6, -6, -6, -5, -4, -4, -4, -4, -3, 0, 0, 0, 1, 3, 17, 20, 18, 18, 15, 14, 6, 4, 4, 3, 3]
[-8, -8, -8, -6, -6, -6, -5, -4, -4, -4, -4, -3, 0, 0, 0, 1, 3, 15, 20, 18, 18, 17, 14, 6, 4, 4, 3, 3]
[-8, -8, -8, -6, -6, -6, -5, -4, -4, -4, -4, -3, 0, 0, 0, 1, 3, 14, 20, 18, 18, 17, 15, 6, 4, 4, 3, 3]
[-8, -8, -8, -6, -6, -6, -5, -4, -4, -4, -4, -3, 0, 0, 0, 1, 3, 6, 20, 18, 18, 17, 15, 14, 4, 4, 3, 3]
[-8, -8, -8, -6, -6, -6, -5, -4, -4, -4, -4, -3, 0, 0, 0, 1, 3, 4, 20, 18, 18, 17, 15, 14, 6, 4, 3, 3]
[-8, -8, -8, -6, -6, -6, -5, -4, -4, -4, -4, -3, 0, 0, 0, 1, 3, 4, 20, 18, 18, 17, 15, 14, 6, 4, 3, 3]
[-8, -8, -8, -6, -6, -6, -5, -4, -4, -4, -4, -3, 0, 0, 0, 1, 3, 3, 20, 18, 18, 17, 15, 14, 6, 4, 4, 3]
[-8, -8, -8, -6, -6, -6, -5, -4, -4, -4, -4, -3, 0, 0, 0, 1, 3, 3, 20, 18, 18, 17, 15, 14, 6, 4, 4, 3]
[-8, -8, -8, -6, -6, -6, -5, -4, -4, -4, -4, -3, 0, 0, 0, 1, 3, 3, 18, 20, 18, 17, 15, 14, 6, 4, 4, 3]
[-8, -8, -8, -6, -6, -6, -5, -4, -4, -4, -4, -3, 0, 0, 0, 1, 3, 3, 18, 20, 18, 17, 15, 14, 6, 4, 4, 3]
[-8, -8, -8, -6, -6, -6, -5, -4, -4, -4, -4, -3, 0, 0, 0, 1, 3, 3, 17, 20, 18, 18, 15, 14, 6, 4, 4, 3]
[-8, -8, -8, -6, -6, -6, -5, -4, -4, -4, -4, -3, 0, 0, 0, 1, 3, 3, 15, 20, 18, 18, 17, 14, 6, 4, 4, 3]
[-8, -8, -8, -6, -6, -6, -5, -4, -4, -4, -4, -3, 0, 0, 0, 1, 3, 3, 14, 20, 18, 18, 17, 15, 6, 4, 4, 3]
[-8, -8, -8, -6, -6, -6, -5, -4, -4, -4, -4, -3, 0, 0, 0, 1, 3, 3, 6, 20, 18, 18, 17, 15, 14, 4, 4, 3]
[-8, -8, -8, -6, -6, -6, -5, -4, -4, -4, -4, -3, 0, 0, 0, 1, 3, 3, 4, 20, 18, 18, 17, 15, 14, 6, 4, 3]
[-8, -8, -8, -6, -6, -6, -5, -4, -4, -4, -4, -3, 0, 0, 0, 1, 3, 3, 4, 20, 18, 18, 17, 15, 14, 6, 4, 3]
[-8, -8, -8, -6, -6, -6, -5, -4, -4, -4, -4, -3, 0, 0, 0, 1, 3, 3, 3, 20, 18, 18, 17, 15, 14, 6, 4, 4]
[-8, -8, -8, -6, -6, -6, -5, -4, -4, -4, -4, -3, 0, 0, 0, 1, 3, 3, 3, 18, 20, 18, 17, 15, 14, 6, 4, 4]
[-8, -8, -8, -6, -6, -6, -5, -4, -4, -4, -4, -3, 0, 0, 0, 1, 3, 3, 3, 18, 20, 18, 17, 15, 14, 6, 4, 4]
[-8, -8, -8, -6, -6, -6, -5, -4, -4, -4, -4, -3, 0, 0, 0, 1, 3, 3, 3, 17, 20, 18, 18, 15, 14, 6, 4, 4]
[-8, -8, -8, -6, -6, -6, -5, -4, -4, -4, -4, -3, 0, 0, 0, 1, 3, 3, 3, 15, 20, 18, 18, 17, 14, 6, 4, 4]
[-8, -8, -8, -6, -6, -6, -5, -4, -4, -4, -4, -3, 0, 0, 0, 1, 3, 3, 3, 14, 20, 18, 18, 17, 15, 6, 4, 4]
[-8, -8, -8, -6, -6, -6, -5, -4, -4, -4, -4, -3, 0, 0, 0, 1, 3, 3, 3, 6, 20, 18, 18, 17, 15, 14, 4, 4]
[-8, -8, -8, -6, -6, -6, -5, -4, -4, -4, -4, -3, 0, 0, 0, 1, 3, 3, 3, 4, 20, 18, 18, 17, 15, 14, 6, 4]
[-8, -8, -8, -6, -6, -6, -5, -4, -4, -4, -4, -3, 0, 0, 0, 1, 3, 3, 3, 4, 20, 18, 18, 17, 15, 14, 6, 4]
[-8, -8, -8, -6, -6, -6, -5, -4, -4, -4, -4, -3, 0, 0, 0, 1, 3, 3, 3, 4, 18, 20, 18, 17, 15, 14, 6, 4]
[-8, -8, -8, -6, -6, -6, -5, -4, -4, -4, -4, -3, 0, 0, 0, 1, 3, 3, 3, 4, 18, 20, 18, 17, 15, 14, 6, 4]
[-8, -8, -8, -6, -6, -6, -5, -4, -4, -4, -4, -3, 0, 0, 0, 1, 3, 3, 3, 4, 17, 20, 18, 18, 15, 14, 6, 4]
[-8, -8, -8, -6, -6, -6, -5, -4, -4, -4, -4, -3, 0, 0, 0, 1, 3, 3, 3, 4, 15, 20, 18, 18, 17, 14, 6, 4]
[-8, -8, -8, -6, -6, -6, -5, -4, -4, -4, -4, -3, 0, 0, 0, 1, 3, 3, 3, 4, 14, 20, 18, 18, 17, 15, 6, 4]
[-8, -8, -8, -6, -6, -6, -5, -4, -4, -4, -4, -3, 0, 0, 0, 1, 3, 3, 3, 4, 6, 20, 18, 18, 17, 15, 14, 4]
[-8, -8, -8, -6, -6, -6, -5, -4, -4, -4, -4, -3, 0, 0, 0, 1, 3, 3, 3, 4, 4, 20, 18, 18, 17, 15, 14, 6]
[-8, -8, -8, -6, -6, -6, -5, -4, -4, -4, -4, -3, 0, 0, 0, 1, 3, 3, 3, 4, 4, 18, 20, 18, 17, 15, 14, 6]
[-8, -8, -8, -6, -6, -6, -5, -4, -4, -4, -4, -3, 0, 0, 0, 1, 3, 3, 3, 4, 4, 18, 20, 18, 17, 15, 14, 6]
[-8, -8, -8, -6, -6, -6, -5, -4, -4, -4, -4, -3, 0, 0, 0, 1, 3, 3, 3, 4, 4, 17, 20, 18, 18, 15, 14, 6]
[-8, -8, -8, -6, -6, -6, -5, -4, -4, -4, -4, -3, 0, 0, 0, 1, 3, 3, 3, 4, 4, 15, 20, 18, 18, 17, 14, 6]
[-8, -8, -8, -6, -6, -6, -5, -4, -4, -4, -4, -3, 0, 0, 0, 1, 3, 3, 3, 4, 4, 14, 20, 18, 18, 17, 15, 6]
[-8, -8, -8, -6, -6, -6, -5, -4, -4, -4, -4, -3, 0, 0, 0, 1, 3, 3, 3, 4, 4, 6, 20, 18, 18, 17, 15, 14]
[-8, -8, -8, -6, -6, -6, -5, -4, -4, -4, -4, -3, 0, 0, 0, 1, 3, 3, 3, 4, 4, 6, 18, 20, 18, 17, 15, 14]
[-8, -8, -8, -6, -6, -6, -5, -4, -4, -4, -4, -3, 0, 0, 0, 1, 3, 3, 3, 4, 4, 6, 18, 20, 18, 17, 15, 14]
[-8, -8, -8, -6, -6, -6, -5, -4, -4, -4, -4, -3, 0, 0, 0, 1, 3, 3, 3, 4, 4, 6, 17, 20, 18, 18, 15, 14]
[-8, -8, -8, -6, -6, -6, -5, -4, -4, -4, -4, -3, 0, 0, 0, 1, 3, 3, 3, 4, 4, 6, 15, 20, 18, 18, 17, 14]
[-8, -8, -8, -6, -6, -6, -5, -4, -4, -4, -4, -3, 0, 0, 0, 1, 3, 3, 3, 4, 4, 6, 14, 20, 18, 18, 17, 15]
[-8, -8, -8, -6, -6, -6, -5, -4, -4, -4, -4, -3, 0, 0, 0, 1, 3, 3, 3, 4, 4, 6, 14, 18, 20, 18, 17, 15]
[-8, -8, -8, -6, -6, -6, -5, -4, -4, -4, -4, -3, 0, 0, 0, 1, 3, 3, 3, 4, 4, 6, 14, 18, 20, 18, 17, 15]
[-8, -8, -8, -6, -6, -6, -5, -4, -4, -4, -4, -3, 0, 0, 0, 1, 3, 3, 3, 4, 4, 6, 14, 17, 20, 18, 18, 15]
[-8, -8, -8, -6, -6, -6, -5, -4, -4, -4, -4, -3, 0, 0, 0, 1, 3, 3, 3, 4, 4, 6, 14, 15, 20, 18, 18, 17]
[-8, -8, -8, -6, -6, -6, -5, -4, -4, -4, -4, -3, 0, 0, 0, 1, 3, 3, 3, 4, 4, 6, 14, 15, 18, 20, 18, 17]
[-8, -8, -8, -6, -6, -6, -5, -4, -4, -4, -4, -3, 0, 0, 0, 1, 3, 3, 3, 4, 4, 6, 14, 15, 18, 20, 18, 17]
[-8, -8, -8, -6, -6, -6, -5, -4, -4, -4, -4, -3, 0, 0, 0, 1, 3, 3, 3, 4, 4, 6, 14, 15, 17, 20, 18, 18]
[-8, -8, -8, -6, -6, -6, -5, -4, -4, -4, -4, -3, 0, 0, 0, 1, 3, 3, 3, 4, 4, 6, 14, 15, 17, 18, 20, 18]
[-8, -8, -8, -6, -6, -6, -5, -4, -4, -4, -4, -3, 0, 0, 0, 1, 3, 3, 3, 4, 4, 6, 14, 15, 17, 18, 20, 18]
[-8, -8, -8, -6, -6, -6, -5, -4, -4, -4, -4, -3, 0, 0, 0, 1, 3, 3, 3, 4, 4, 6, 14, 15, 17, 18, 18, 20]
[7, -9, 3, 10, 5, 8, 9, -9, -4, 19, 14, 12, 9, -3, -5, 17, 3, -8, 18, -8, 15, 15]
[-9, 7, 3, 10, 5, 8, 9, -9, -4, 19, 14, 12, 9, -3, -5, 17, 3, -8, 18, -8, 15, 15]
[-9, 7, 3, 10, 5, 8, 9, -9, -4, 19, 14, 12, 9, -3, -5, 17, 3, -8, 18, -8, 15, 15]
[-9, 3, 7, 10, 5, 8, 9, -9, -4, 19, 14, 12, 9, -3, -5, 17, 3, -8, 18, -8, 15, 15]
[-9, -9, 7, 10, 5, 8, 9, 3, -4, 19, 14, 12, 9, -3, -5, 17, 3, -8, 18, -8, 15, 15]
[-9, -9, 5, 10, 7, 8, 9, 3, -4, 19, 14, 12, 9, -3, -5, 17, 3, -8, 18, -8, 15, 15]
[-9, -9, 3, 10, 7, 8, 9, 5, -4, 19, 14, 12, 9, -3, -5, 17, 3, -8, 18, -8, 15, 15]
[-9, -9, -4, 10, 7, 8, 9, 5, 3, 19, 14, 12, 9, -3, -5, 17, 3, -8, 18, -8, 15, 15]
[-9, -9, -5, 10, 7, 8, 9, 5, 3, 19, 14, 12, 9, -3, -4, 17, 3, -8, 18, -8, 15, 15]
[-9, -9, -8, 10, 7, 8, 9, 5, 3, 19, 14, 12, 9, -3, -4, 17, 3, -5, 18, -8, 15, 15]
[-9, -9, -8, 10, 7, 8, 9, 5, 3, 19, 14, 12, 9, -3, -4, 17, 3, -5, 18, -8, 15, 15]
[-9, -9, -8, 7, 10, 8, 9, 5, 3, 19, 14, 12, 9, -3, -4, 17, 3, -5, 18, -8, 15, 15]
[-9, -9, -8, 5, 10, 8, 9, 7, 3, 19, 14, 12, 9, -3, -4, 17, 3, -5, 18, -8, 15, 15]
[-9, -9, -8, 3, 10, 8, 9, 7, 5, 19, 14, 12, 9, -3, -4, 17, 3, -5, 18, -8, 15, 15]
[-9, -9, -8, -3, 10, 8, 9, 7, 5, 19, 14, 12, 9, 3, -4, 17, 3, -5, 18, -8, 15, 15]
[-9, -9, -8, -4, 10, 8, 9, 7, 5, 19, 14, 12, 9, 3, -3, 17, 3, -5, 18, -8, 15, 15]
[-9, -9, -8, -5, 10, 8, 9, 7, 5, 19, 14, 12, 9, 3, -3, 17, 3, -4, 18, -8, 15, 15]
[-9, -9, -8, -8, 10, 8, 9, 7, 5, 19, 14, 12, 9, 3, -3, 17, 3, -4, 18, -5, 15, 15]
[-9, -9, -8, -8, 8, 10, 9, 7, 5, 19, 14, 12, 9, 3, -3, 17, 3, -4, 18, -5, 15, 15]
[-9, -9, -8, -8, 7, 10, 9, 8, 5, 19, 14, 12, 9, 3, -3, 17, 3, -4, 18, -5, 15, 15]
[-9, -9, -8, -8, 5, 10, 9, 8, 7, 19, 14, 12, 9, 3, -3, 17, 3, -4, 18, -5, 15, 15]
[-9, -9, -8, -8, 3, 10, 9, 8, 7, 19, 14, 12, 9, 5, -3, 17, 3, -4, 18, -5, 15, 15]
[-9, -9, -8, -8, -3, 10, 9, 8, 7, 19, 14, 12, 9, 5, 3, 17, 3, -4, 18, -5, 15, 15]
[-9, -9, -8, -8, -4, 10, 9, 8, 7, 19, 14, 12, 9, 5, 3, 17, 3, -3, 18, -5, 15, 15]
[-9, -9, -8, -8, -5, 10, 9, 8, 7, 19, 14, 12, 9, 5, 3, 17, 3, -3, 18, -4, 15, 15]
[-9, -9, -8, -8, -5, 9, 10, 8, 7, 19, 14, 12, 9, 5, 3, 17, 3, -3, 18, -4, 15, 15]
[-9, -9, -8, -8, -5, 8, 10, 9, 7, 19, 14, 12, 9, 5, 3, 17, 3, -3, 18, -4, 15, 15]
[-9, -9, -8, -8, -5, 7, 10, 9, 8, 19, 14, 12, 9, 5, 3, 17, 3, -3, 18, -4, 15, 15]
[-9, -9, -8, -8, -5, 5, 10, 9, 8, 19, 14, 12, 9, 7, 3, 17, 3, -3, 18, -4, 15, 15]
[-9, -9, -8, -8, -5, 3, 10, 9, 8, 19, 14, 12, 9, 7, 5, 17, 3, -3, 18, -4, 15, 15]
[-9, -9, -8, -8, -5, 3, 10, 9, 8, 19, 14, 12, 9, 7, 5, 17, 3, -3, 18, -4, 15, 15]
[-9, -9, -8, -8, -5, -3, 10, 9, 8, 19, 14, 12, 9, 7, 5, 17, 3, 3, 18, -4, 15, 15]
[-9, -9, -8, -8, -5, -4, 10, 9, 8, 19, 14, 12, 9, 7, 5, 17, 3, 3, 18, -3, 15, 15]
[-9, -9, -8, -8, -5, -4, 9, 10, 8, 19, 14, 12, 9, 7, 5, 17, 3, 3, 18, -3, 15, 15]
[-9, -9, -8, -8, -5, -4, 8, 10, 9, 19, 14, 12, 9, 7, 5, 17, 3, 3, 18, -3, 15, 15]
[-9, -9, -8, -8, -5, -4, 7, 10, 9, 19, 14, 12, 9, 8, 5, 17, 3, 3, 18, -3, 15, 15]
[-9, -9, -8, -8, -5, -4, 5, 10, 9, 19, 14, 12, 9, 8, 7, 17, 3, 3, 18, -3, 15, 15]
[-9, -9, -8, -8, -5, -4, 3, 10, 9, 19, 14, 12, 9, 8, 7, 17, 5, 3, 18, -3, 15, 15]
[-9, -9, -8, -8, -5, -4, 3, 10, 9, 19, 14, 12, 9, 8, 7, 17, 5, 3, 18, -3, 15, 15]
[-9, -9, -8, -8, -5, -4, -3, 10, 9, 19, 14, 12, 9, 8, 7, 17, 5, 3, 18, 3, 15, 15]
[-9, -9, -8, -8, -5, -4, -3, 9, 10, 19, 14, 12, 9, 8, 7, 17, 5, 3, 18, 3, 15, 15]
[-9, -9, -8, -8, -5, -4, -3, 9, 10, 19, 14, 12, 9, 8, 7, 17, 5, 3, 18, 3, 15, 15]
[-9, -9, -8, -8, -5, -4, -3, 8, 10, 19, 14, 12, 9, 9, 7, 17, 5, 3, 18, 3, 15, 15]
[-9, -9, -8, -8, -5, -4, -3, 7, 10, 19, 14, 12, 9, 9, 8, 17, 5, 3, 18, 3, 15, 15]
[-9, -9, -8, -8, -5, -4, -3, 5, 10, 19, 14, 12, 9, 9, 8, 17, 7, 3, 18, 3, 15, 15]
[-9, -9, -8, -8, -5, -4, -3, 3, 10, 19, 14, 12, 9, 9, 8, 17, 7, 5, 18, 3, 15, 15]
[-9, -9, -8, -8, -5, -4, -3, 3, 10, 19, 14, 12, 9, 9, 8, 17, 7, 5, 18, 3, 15, 15]
[-9, -9, -8, -8, -5, -4, -3, 3, 9, 19, 14, 12, 10, 9, 8, 17, 7, 5, 18, 3, 15, 15]
[-9, -9, -8, -8, -5, -4, -3, 3, 9, 19, 14, 12, 10, 9, 8, 17, 7, 5, 18, 3, 15, 15]
[-9, -9, -8, -8, -5, -4, -3, 3, 8, 19, 14, 12, 10, 9, 9, 17, 7, 5, 18, 3, 15, 15]
[-9, -9, -8, -8, -5, -4, -3, 3, 7, 19, 14, 12, 10, 9, 9, 17, 8, 5, 18, 3, 15, 15]
[-9, -9, -8, -8, -5, -4, -3, 3, 5, 19, 14, 12, 10, 9, 9, 17, 8, 7, 18, 3, 15, 15]
[-9, -9, -8, -8, -5, -4, -3, 3, 3, 19, 14, 12, 10, 9, 9, 17, 8, 7, 18, 5, 15, 15]
[-9, -9, -8, -8, -5, -4, -3, 3, 3, 14, 19, 12, 10, 9, 9, 17, 8, 7, 18, 5, 15, 15]
[-9, -9, -8, -8, -5, -4, -3, 3, 3, 12, 19, 14, 10, 9, 9, 17, 8, 7, 18, 5, 15, 15]
[-9, -9, -8, -8, -5, -4, -3, 3, 3, 10, 19, 14, 12, 9, 9, 17, 8, 7, 18, 5, 15, 15]
[-9, -9, -8, -8, -5, -4, -3, 3, 3, 9, 19, 14, 12, 10, 9, 17, 8, 7, 18, 5, 15, 15]
[-9, -9, -8, -8, -5, -4, -3, 3, 3, 9, 19, 14, 12, 10, 9, 17, 8, 7, 18, 5, 15, 15]
[-9, -9, -8, -8, -5, -4, -3, 3, 3, 8, 19, 14, 12, 10, 9, 17, 9, 7, 18, 5, 15, 15]
[-9, -9, -8, -8, -5, -4, -3, 3, 3, 7, 19, 14, 12, 10, 9, 17, 9, 8, 18, 5, 15, 15]
[-9, -9, -8, -8, -5, -4, -3, 3, 3, 5, 19, 14, 12, 10, 9, 17, 9, 8, 18, 7, 15, 15]
[-9, -9, -8, -8, -5, -4, -3, 3, 3, 5, 14, 19, 12, 10, 9, 17, 9, 8, 18, 7, 15, 15]
[-9, -9, -8, -8, -5, -4, -3, 3, 3, 5, 12, 19, 14, 10, 9, 17, 9, 8, 18, 7, 15, 15]
[-9, -9, -8, -8, -5, -4, -3, 3, 3, 5, 10, 19, 14, 12, 9, 17, 9, 8, 18, 7, 15, 15]
[-9, -9, -8, -8, -5, -4, -3, 3, 3, 5, 9, 19, 14, 12, 10, 17, 9, 8, 18, 7, 15, 15]
[-9, -9, -8, -8, -5, -4, -3, 3, 3, 5, 9, 19, 14, 12, 10, 17, 9, 8, 18, 7, 15, 15]
[-9, -9, -8, -8, -5, -4, -3, 3, 3, 5, 8, 19, 14, 12, 10, 17, 9, 9, 18, 7, 15, 15]
[-9, -9, -8, -8, -5, -4, -3, 3, 3, 5, 7, 19, 14, 12, 10, 17, 9, 9, 18, 8, 15, 15]
[-9, -9, -8, -8, -5, -4, -3, 3, 3, 5, 7, 14, 19, 12, 10, 17, 9, 9, 18, 8, 15, 15]
[-9, -9, -8, -8, -5, -4, -3, 3, 3, 5, 7, 12, 19, 14, 10, 17, 9, 9, 18, 8, 15, 15]
[-9, -9, -8, -8, -5, -4, -3, 3, 3, 5, 7, 10, 19, 14, 12, 17, 9, 9, 18, 8, 15, 15]
[-9, -9, -8, -8, -5, -4, -3, 3, 3, 5, 7, 9, 19, 14, 12, 17, 10, 9, 18, 8, 15, 15]
[-9, -9, -8, -8, -5, -4, -3, 3, 3, 5, 7, 9, 19, 14, 12, 17, 10, 9, 18, 8, 15, 15]
[-9, -9, -8, -8, -5, -4, -3, 3, 3, 5, 7, 8, 19, 14, 12, 17, 10, 9, 18, 9, 15, 15]
[-9, -9, -8, -8, -5, -4, -3, 3, 3, 5, 7, 8, 14, 19, 12, 17, 10, 9, 18, 9, 15, 15]
[-9, -9, -8, -8, -5, -4, -3, 3, 3, 5, 7, 8, 12, 19, 14, 17, 10, 9, 18, 9, 15, 15]
[-9, -9, -8, -8, -5, -4, -3, 3, 3, 5, 7, 8, 10, 19, 14, 17, 12, 9, 18, 9, 15, 15]
[-9, -9, -8, -8, -5, -4, -3, 3, 3, 5, 7, 8, 9, 19, 14, 17, 12, 10, 18, 9, 15, 15]
[-9, -9, -8, -8, -5, -4, -3, 3, 3, 5, 7, 8, 9, 19, 14, 17, 12, 10, 18, 9, 15, 15]
[-9, -9, -8, -8, -5, -4, -3, 3, 3, 5, 7, 8, 9, 14, 19, 17, 12, 10, 18, 9, 15, 15]
[-9, -9, -8, -8, -5, -4, -3, 3, 3, 5, 7, 8, 9, 12, 19, 17, 14, 10, 18, 9, 15, 15]
[-9, -9, -8, -8, -5, -4, -3, 3, 3, 5, 7, 8, 9, 10, 19, 17, 14, 12, 18, 9, 15, 15]
[-9, -9, -8, -8, -5, -4, -3, 3, 3, 5, 7, 8, 9, 9, 19, 17, 14, 12, 18, 10, 15, 15]
[-9, -9, -8, -8, -5, -4, -3, 3, 3, 5, 7, 8, 9, 9, 17, 19, 14, 12, 18, 10, 15, 15]
[-9, -9, -8, -8, -5, -4, -3, 3, 3, 5, 7, 8, 9, 9, 14, 19, 17, 12, 18, 10, 15, 15]
[-9, -9, -8, -8, -5, -4, -3, 3, 3, 5, 7, 8, 9, 9, 12, 19, 17, 14, 18, 10, 15, 15]
[-9, -9, -8, -8, -5, -4, -3, 3, 3, 5, 7, 8, 9, 9, 10, 19, 17, 14, 18, 12, 15, 15]
[-9, -9, -8, -8, -5, -4, -3, 3, 3, 5, 7, 8, 9, 9, 10, 17, 19, 14, 18, 12, 15, 15]
[-9, -9, -8, -8, -5, -4, -3, 3, 3, 5, 7, 8, 9, 9, 10, 14, 19, 17, 18, 12, 15, 15]
[-9, -9, -8, -8, -5, -4, -3, 3, 3, 5, 7, 8, 9, 9, 10, 12, 19, 17, 18, 14, 15, 15]
[-9, -9, -8, -8, -5, -4, -3, 3, 3, 5, 7, 8, 9, 9, 10, 12, 17, 19, 18, 14, 15, 15]
[-9, -9, -8, -8, -5, -4, -3, 3, 3, 5, 7, 8, 9, 9, 10, 12, 14, 19, 18, 17, 15, 15]
[-9, -9, -8, -8, -5, -4, -3, 3, 3, 5, 7, 8, 9, 9, 10, 12, 14, 18, 19, 17, 15, 15]
[-9, -9, -8, -8, -5, -4, -3, 3, 3, 5, 7, 8, 9, 9, 10, 12, 14, 17, 19, 18, 15, 15]
[-9, -9, -8, -8, -5, -4, -3, 3, 3, 5, 7, 8, 9, 9, 10, 12, 14, 15, 19, 18, 17, 15]
[-9, -9, -8, -8, -5, -4, -3, 3, 3, 5, 7, 8, 9, 9, 10, 12, 14, 15, 19, 18, 17, 15]
[-9, -9, -8, -8, -5, -4, -3, 3, 3, 5, 7, 8, 9, 9, 10, 12, 14, 15, 18, 19, 17, 15]
[-9, -9, -8, -8, -5, -4, -3, 3, 3, 5, 7, 8, 9, 9, 10, 12, 14, 15, 17, 19, 18, 15]
[-9, -9, -8, -8, -5, -4, -3, 3, 3, 5, 7, 8, 9, 9, 10, 12, 14, 15, 15, 19, 18, 17]
[-9, -9, -8, -8, -5, -4, -3, 3, 3, 5, 7, 8, 9, 9, 10, 12, 14, 15, 15, 18, 19, 17]
[-9, -9, -8, -8, -5, -4, -3, 3, 3, 5, 7, 8, 9, 9, 10, 12, 14, 15, 15, 17, 19, 18]
[-9, -9, -8, -8, -5, -4, -3, 3, 3, 5, 7, 8, 9, 9, 10, 12, 14, 15, 15, 17, 18, 19]
[20, 7, 10, -2, 13, 20, -1, 3, 1, 15, 14, 9, -4, 0, 13, 5, 0, -9, 16, 6, 19, 11, -8, 11, 4, -3, 15, 20, -4, -9, 11, -7, -5, 3, 10, -2, -5, 17, 13]
[7, 20, 10, -2, 13, 20, -1, 3, 1, 15, 14, 9, -4, 0, 13, 5, 0, -9, 16, 6, 19, 11, -8, 11, 4, -3, 15, 20, -4, -9, 11, -7, -5, 3, 10, -2, -5, 17, 13]
[-2, 20, 10, 7, 13, 20, -1, 3, 1, 15, 14, 9, -4, 0, 13, 5, 0, -9, 16, 6, 19, 11, -8, 11, 4, -3, 15, 20, -4, -9, 11, -7, -5, 3, 10, -2, -5, 17, 13]
[-4, 20, 10, 7, 13, 20, -1, 3, 1, 15, 14, 9, -2, 0, 13, 5, 0, -9, 16, 6, 19, 11, -8, 11, 4, -3, 15, 20, -4, -9, 11, -7, -5, 3, 10, -2, -5, 17, 13]
[-9, 20, 10, 7, 13, 20, -1, 3, 1, 15, 14, 9, -2, 0, 13, 5, 0, -4, 16, 6, 19, 11, -8, 11, 4, -3, 15, 20, -4, -9, 11, -7, -5, 3, 10, -2, -5, 17, 13]
[-9, 20, 10, 7, 13, 20, -1, 3, 1, 15, 14, 9, -2, 0, 13, 5, 0, -4, 16, 6, 19, 11, -8, 11, 4, -3, 15, 20, -4, -9, 11, -7, -5, 3, 10, -2, -5, 17, 13]
[-9, 10, 20, 7, 13, 20, -1, 3, 1, 15, 14, 9, -2, 0, 13, 5, 0, -4, 16, 6, 19, 11, -8, 11, 4, -3, 15, 20, -4, -9, 11, -7, -5, 3, 10, -2, -5, 17, 13]
[-9, 7, 20, 10, 13, 20, -1, 3, 1, 15, 14, 9, -2, 0, 13, 5, 0, -4, 16, 6, 19, 11, -8, 11, 4, -3, 15, 20, -4, -9, 11, -7, -5, 3, 10, -2, -5, 17, 13]
[-9, -1, 20, 10, 13, 20, 7, 3, 1, 15, 14, 9, -2, 0, 13, 5, 0, -4, 16, 6, 19, 11, -8, 11, 4, -3, 15, 20, -4, -9, 11, -7, -5, 3, 10, -2, -5, 17, 13]
[-9, -2, 20, 10, 13, 20, 7, 3, 1, 15, 14, 9, -1, 0, 13, 5, 0, -4, 16, 6, 19, 11, -8, 11, 4, -3, 15, 20, -4, -9, 11, -7, -5, 3, 10, -2, -5, 17, 13]
[-9, -4, 20, 10, 13, 20, 7, 3, 1, 15, 14, 9, -1, 0, 13, 5, 0, -2, 16, 6, 19, 11, -8, 11, 4, -3, 15, 20, -4, -9, 11, -7, -5, 3, 10, -2, -5, 17, 13]
[-9, -8, 20, 10, 13, 20, 7, 3, 1, 15, 14, 9, -1, 0, 13, 5, 0, -2, 16, 6, 19, 11, -4, 11, 4, -3, 15, 20, -4, -9, 11, -7, -5, 3, 10, -2, -5, 17, 13]
[-9, -9, 20, 10, 13, 20, 7, 3, 1, 15, 14, 9, -1, 0, 13, 5, 0, -2, 16, 6, 19, 11, -4, 11, 4, -3, 15, 20, -4, -8, 11, -7, -5, 3, 10, -2, -5, 17, 13]
[-9, -9, 10, 20, 13, 20, 7, 3, 1, 15, 14, 9, -1, 0, 13, 5, 0, -2, 16, 6, 19, 11, -4, 11, 4, -3, 15, 20, -4, -8, 11, -7, -5, 3, 10, -2, -5, 17, 13]
[-9, -9, 7, 20, 13, 20, 10, 3, 1, 15, 14, 9, -1, 0, 13, 5, 0, -2, 16, 6, 19, 11, -4, 11, 4, -3, 15, 20, -4, -8, 11, -7, -5, 3, 10, -2, -5, 17, 13]
[-9, -9, 3, 20, 13, 20, 10, 7, 1, 15, 14, 9, -1, 0, 13, 5, 0, -2, 16, 6, 19, 11, -4, 11, 4, -3, 15, 20, -4, -8, 11, -7, -5, 3, 10, -2, -5, 17, 13]
[-9, -9, 1, 20, 13, 20, 10, 7, 3, 15, 14, 9, -1, 0, 13, 5, 0, -2, 16, 6, 19, 11, -4, 11, 4, -3, 15, 20, -4, -8, 11, -7, -5, 3, 10, -2, -5, 17, 13]
[-9, -9, -1, 20, 13, 20, 10, 7, 3, 15, 14, 9, 1, 0, 13, 5, 0, -2, 16, 6, 19, 11, -4, 11, 4, -3, 15, 20, -4, -8, 11, -7, -5, 3, 10, -2, -5, 17, 13]
[-9, -9, -2, 20, 13, 20, 10, 7, 3, 15, 14, 9, 1, 0, 13, 5, 0, -1, 16, 6, 19, 11, -4, 11, 4, -3, 15, 20, -4, -8, 11, -7, -5, 3, 10, -2, -5, 17, 13]
[-9, -9, -4, 20, 13, 20, 10, 7, 3, 15, 14, 9, 1, 0, 13, 5, 0, -1, 16, 6, 19, 11, -2, 11, 4, -3, 15, 20, -4, -8, 11, -7, -5, 3, 10, -2, -5, 17, 13]
[-9, -9, -4, 20, 13, 20, 10, 7, 3, 15, 14, 9, 1, 0, 13, 5, 0, -1, 16, 6, 19, 11, -2, 11, 4, -3, 15, 20, -4, -8, 11, -7, -5, 3, 10, -2, -5, 17, 13]
[-9, -9, -8, 20, 13, 20, 10, 7, 3, 15, 14, 9, 1, 0, 13, 5, 0, -1, 16, 6, 19, 11, -2, 11, 4, -3, 15, 20, -4, -4, 11, -7, -5, 3, 10, -2, -5, 17, 13]
[-9, -9, -8, 13, 20, 20, 10, 7, 3, 15, 14, 9, 1, 0, 13, 5, 0, -1, 16, 6, 19, 11, -2, 11, 4, -3, 15, 20, -4, -4, 11, -7, -5, 3, 10, -2, -5, 17, 13]
[-9, -9, -8, 10, 20, 20, 13, 7, 3, 15, 14, 9, 1, 0, 13, 5, 0, -1, 16, 6, 19, 11, -2, 11, 4, -3, 15, 20, -4, -4, 11, -7, -5, 3, 10, -2, -5, 17, 13]
[-9, -9, -8, 7, 20, 20, 13, 10, 3, 15, 14, 9, 1, 0, 13, 5, 0, -1, 16, 6, 19, 11, -2, 11, 4, -3, 15, 20, -4, -4, 11, -7, -5, 3, 10, -2, -5, 17, 13]
[-9, -9, -8, 3, 20, 20, 13, 10, 7, 15, 14, 9, 1, 0, 13, 5, 0, -1, 16, 6, 19, 11, -2, 11, 4, -3, 15, 20, -4, -4, 11, -7, -5, 3, 10, -2, -5, 17, 13]
[-9, -9, -8, 1, 20, 20, 13, 10, 7, 15, 14, 9, 3, 0, 13, 5, 0, -1, 16, 6, 19, 11, -2, 11, 4, -3, 15, 20, -4, -4, 11, -7, -5, 3, 10, -2, -5, 17, 13]
[-9, -9, -8, 0, 20, 20, 13, 10, 7, 15, 14, 9, 3, 1, 13, 5, 0, -1, 16, 6, 19, 11, -2, 11, 4, -3, 15, 20, -4, -4, 11, -7, -5, 3, 10, -2, -5, 17, 13]
[-9, -9, -8, 0, 20, 20, 13, 10, 7, 15, 14, 9, 3, 1, 13, 5, 0, -1, 16, 6, 19, 11, -2, 11, 4, -3, 15, 20, -4, -4, 11, -7, -5, 3, 10, -2, -5, 17, 13]
[-9, -9, -8, -1, 20, 20, 13, 10, 7, 15, 14, 9, 3, 1, 13, 5, 0, 0, 16, 6, 19, 11, -2, 11, 4, -3, 15, 20, -4, -4, 11, -7, -5, 3, 10, -2, -5, 17, 13]
[-9, -9, -8, -2, 20, 20, 13, 10, 7, 15, 14, 9, 3, 1, 13, 5, 0, 0, 16, 6, 19, 11, -1, 11, 4, -3, 15, 20, -4, -4, 11, -7, -5, 3, 10, -2, -5, 17, 13]
[-9, -9, -8, -3, 20, 20, 13, 10, 7, 15, 14, 9, 3, 1, 13, 5, 0, 0, 16, 6, 19, 11, -1, 11, 4, -2, 15, 20, -4, -4, 11, -7, -5, 3, 10, -2, -5, 17, 13]
[-9, -9, -8, -4, 20, 20, 13, 10, 7, 15, 14, 9, 3, 1, 13, 5, 0, 0, 16, 6, 19, 11, -1, 11, 4, -2, 15, 20, -3, -4, 11, -7, -5, 3, 10, -2, -5, 17, 13]
[-9, -9, -8, -4, 20, 20, 13, 10, 7, 15, 14, 9, 3, 1, 13, 5, 0, 0, 16, 6, 19, 11, -1, 11, 4, -2, 15, 20, -3, -4, 11, -7, -5, 3, 10, -2, -5, 17, 13]
[-9, -9, -8, -7, 20, 20, 13, 10, 7, 15, 14, 9, 3, 1, 13, 5, 0, 0, 16, 6, 19, 11, -1, 11, 4, -2, 15, 20, -3, -4, 11, -4, -5, 3, 10, -2, -5, 17, 13]
[-9, -9, -8, -7, 20, 20, 13, 10, 7, 15, 14, 9, 3, 1, 13, 5, 0, 0, 16, 6, 19, 11, -1, 11, 4, -2, 15, 20, -3, -4, 11, -4, -5, 3, 10, -2, -5, 17, 13]
[-9, -9, -8, -7, 13, 20, 20, 10, 7, 15, 14, 9, 3, 1, 13, 5, 0, 0, 16, 6, 19, 11, -1, 11, 4, -2, 15, 20, -3, -4, 11, -4, -5, 3, 10, -2, -5, 17, 13]
[-9, -9, -8, -7, 10, 20, 20, 13, 7, 15, 14, 9, 3, 1, 13, 5, 0, 0, 16, 6, 19, 11, -1, 11, 4, -2, 15, 20, -3, -4, 11, -4, -5, 3, 10, -2, -5, 17, 13]
[-9, -9, -8, -7, 7, 20, 20, 13, 10, 15, 14, 9, 3, 1, 13, 5, 0, 0, 16, 6, 19, 11, -1, 11, 4, -2, 15, 20, -3, -4, 11, -4, -5, 3, 10, -2, -5, 17, 13]
[-9, -9, -8, -7, 3, 20, 20, 13, 10, 15, 14, 9, 7, 1, 13, 5, 0, 0, 16, 6, 19, 11, -1, 11, 4, -2, 15, 20, -3, -4, 11, -4, -5, 3, 10, -2, -5, 17, 13]
[-9, -9, -8, -7, 1, 20, 20, 13, 10, 15, 14, 9, 7, 3, 13, 5, 0, 0, 16, 6, 19, 11, -1, 11, 4, -2, 15, 20, -3, -4, 11, -4, -5, 3, 10, -2, -5, 17, 13]
[-9, -9, -8, -7, 0, 20, 20, 13, 10, 15, 14, 9, 7, 3, 13, 5, 1, 0, 16, 6, 19, 11, -1, 11, 4, -2, 15, 20, -3, -4, 11, -4, -5, 3, 10, -2, -5, 17, 13]
[-9, -9, -8, -7, 0, 20, 20, 13, 10, 15, 14, 9, 7, 3, 13, 5, 1, 0, 16, 6, 19, 11, -1, 11, 4, -2, 15, 20, -3, -4, 11, -4, -5, 3, 10, -2, -5, 17, 13]
[-9, -9, -8, -7, -1, 20, 20, 13, 10, 15, 14, 9, 7, 3, 13, 5, 1, 0, 16, 6, 19, 11, 0, 11, 4, -2, 15, 20, -3, -4, 11, -4, -5, 3, 10, -2, -5, 17, 13]
[-9, -9, -8, -7, -2, 20, 20, 13, 10, 15, 14, 9, 7, 3, 13, 5, 1, 0, 16, 6, 19, 11, 0, 11, 4, -1, 15, 20, -3, -4, 11, -4, -5, 3, 10, -2, -5, 17, 13]
[-9, -9, -8, -7, -3, 20, 20, 13, 10, 15, 14, 9, 7, 3, 13, 5, 1, 0, 16, 6, 19, 11, 0, 11, 4, -1, 15, 20, -2, -4, 11, -4, -5, 3, 10, -2, -5, 17, 13]
[-9, -9, -8, -7, -4, 20, 20, 13, 10, 15, 14, 9, 7, 3, 13, 5, 1, 0, 16, 6, 19, 11, 0, 11, 4, -1, 15, 20, -2, -3, 11, -4, -5, 3, 10, -2, -5, 17, 13]
[-9, -9, -8, -7, -4, 20, 20, 13, 10, 15, 14, 9, 7, 3, 13, 5, 1, 0, 16, 6, 19, 11, 0, 11, 4, -1, 15, 20, -2, -3, 11, -4, -5, 3, 10, -2, -5, 17, 13]
[-9, -9, -8, -7, -5, 20, 20, 13, 10, 15, 14, 9, 7, 3, 13, 5, 1, 0, 16, 6, 19, 11, 0, 11, 4, -1, 15, 20, -2, -3, 11, -4, -4, 3, 10, -2, -5, 17, 13]
[-9, -9, -8, -7, -5, 20, 20, 13, 10, 15, 14, 9, 7, 3, 13, 5, 1, 0, 16, 6, 19, 11, 0, 11, 4, -1, 15, 20, -2, -3, 11, -4, -4, 3, 10, -2, -5, 17, 13]
[-9, -9, -8, -7, -5, 20, 20, 13, 10, 15, 14, 9, 7, 3, 13, 5, 1, 0, 16, 6, 19, 11, 0, 11, 4, -1, 15, 20, -2, -3, 11, -4, -4, 3, 10, -2, -5, 17, 13]
[-9, -9, -8, -7, -5, 13, 20, 20, 10, 15, 14, 9, 7, 3, 13, 5, 1, 0, 16, 6, 19, 11, 0, 11, 4, -1, 15, 20, -2, -3, 11, -4, -4, 3, 10, -2, -5, 17, 13]
[-9, -9, -8, -7, -5, 10, 20, 20, 13, 15, 14, 9, 7, 3, 13, 5, 1, 0, 16, 6, 19, 11, 0, 11, 4, -1, 15, 20, -2, -3, 11, -4, -4, 3, 10, -2, -5, 17, 13]
[-9, -9, -8, -7, -5, 9, 20, 20, 13, 15, 14, 10, 7, 3, 13, 5, 1, 0, 16, 6, 19, 11, 0, 11, 4, -1, 15, 20, -2, -3, 11, -4, -4, 3, 10, -2, -5, 17, 13]
[-9, -9, -8, -7, -5, 7, 20, 20, 13, 15, 14, 10, 9, 3, 13, 5, 1, 0, 16, 6, 19, 11, 0, 11, 4, -1, 15, 20, -2, -3, 11, -4, -4, 3, 10, -2, -5, 17, 13]
[-9, -9, -8, -7, -5, 3, 20, 20, 13, 15, 14, 10, 9, 7, 13, 5, 1, 0, 16, 6, 19, 11, 0, 11, 4, -1, 15, 20, -2, -3, 11, -4, -4, 3, 10, -2, -5, 17, 13]
[-9, -9, -8, -7, -5, 1, 20, 20, 13, 15, 14, 10, 9, 7, 13, 5, 3, 0, 16, 6, 19, 11, 0, 11, 4, -1, 15, 20, -2, -3, 11, -4, -4, 3, 10, -2, -5, 17, 13]
[-9, -9, -8, -7, -5, 0, 20, 20, 13, 15, 14, 10, 9, 7, 13, 5, 3, 1, 16, 6, 19, 11, 0, 11, 4, -1, 15, 20, -2, -3, 11, -4, -4, 3, 10, -2, -5, 17, 13]
[-9, -9, -8, -7, -5, 0, 20, 20, 13, 15, 14, 10, 9, 7, 13, 5, 3, 1, 16, 6, 19, 11, 0, 11, 4, -1, 15, 20, -2, -3, 11, -4, -4, 3, 10, -2, -5, 17, 13]
[-9, -9, -8, -7, -5, -1, 20, 20, 13, 15, 14, 10, 9, 7, 13, 5, 3, 1, 16, 6, 19, 11, 0, 11, 4, 0, 15, 20, -2, -3, 11, -4, -4, 3, 10, -2, -5, 17, 13]
[-9, -9, -8, -7, -5, -2, 20, 20, 13, 15, 14, 10, 9, 7, 13, 5, 3, 1, 16, 6, 19, 11, 0, 11, 4, 0, 15, 20, -1, -3, 11, -4, -4, 3, 10, -2, -5, 17, 13]
[-9, -9, -8, -7, -5, -3, 20, 20, 13, 15, 14, 10, 9, 7, 13, 5, 3, 1, 16, 6, 19, 11, 0, 11, 4, 0, 15, 20, -1, -2, 11, -4, -4, 3, 10, -2, -5, 17, 13]
[-9, -9, -8, -7, -5, -4, 20, 20, 13, 15, 14, 10, 9, 7, 13, 5, 3, 1, 16, 6, 19, 11, 0, 11, 4, 0, 15, 20, -1, -2, 11, -3, -4, 3, 10, -2, -5, 17, 13]
[-9, -9, -8, -7, -5, -4, 20, 20, 13, 15, 14, 10, 9, 7, 13, 5, 3, 1, 16, 6, 19, 11, 0, 11, 4, 0, 15, 20, -1, -2, 11, -3, -4, 3, 10, -2, -5, 17, 13]
[-9, -9, -8, -7, -5, -5, 20, 20, 13, 15, 14, 10, 9, 7, 13, 5, 3, 1, 16, 6, 19, 11, 0, 11, 4, 0, 15, 20, -1, -2, 11, -3, -4, 3, 10, -2, -4, 17, 13]
[-9, -9, -8, -7, -5, -5, 20, 20, 13, 15, 14, 10, 9, 7, 13, 5, 3, 1, 16, 6, 19, 11, 0, 11, 4, 0, 15, 20, -1, -2, 11, -3, -4, 3, 10, -2, -4, 17, 13]
[-9, -9, -8, -7, -5, -5, 13, 20, 20, 15, 14, 10, 9, 7, 13, 5, 3, 1, 16, 6, 19, 11, 0, 11, 4, 0, 15, 20, -1, -2, 11, -3, -4, 3, 10, -2, -4, 17, 13]
[-9, -9, -8, -7, -5, -5, 10, 20, 20, 15, 14, 13, 9, 7, 13, 5, 3, 1, 16, 6, 19, 11, 0, 11, 4, 0, 15, 20, -1, -2, 11, -3, -4, 3, 10, -2, -4, 17, 13]
[-9, -9, -8, -7, -5, -5, 9, 20, 20, 15, 14, 13, 10, 7, 13, 5, 3, 1, 16, 6, 19, 11, 0, 11, 4, 0, 15, 20, -1, -2, 11, -3, -4, 3, 10, -2, -4, 17, 13]
[-9, -9, -8, -7, -5, -5, 7, 20, 20, 15, 14, 13, 10, 9, 13, 5, 3, 1, 16, 6, 19, 11, 0, 11, 4, 0, 15, 20, -1, -2, 11, -3, -4, 3, 10, -2, -4, 17, 13]
[-9, -9, -8, -7, -5, -5, 5, 20, 20, 15, 14, 13, 10, 9, 13, 7, 3, 1, 16, 6, 19, 11, 0, 11, 4, 0, 15, 20, -1, -2, 11, -3, -4, 3, 10, -2, -4, 17, 13]
[-9, -9, -8, -7, -5, -5, 3, 20, 20, 15, 14, 13, 10, 9, 13, 7, 5, 1, 16, 6, 19, 11, 0, 11, 4, 0, 15, 20, -1, -2, 11, -3, -4, 3, 10, -2, -4, 17, 13]
[-9, -9, -8, -7, -5, -5, 1, 20, 20, 15, 14, 13, 10, 9, 13, 7, 5, 3, 16, 6, 19, 11, 0, 11, 4, 0, 15, 20, -1, -2, 11, -3, -4, 3, 10, -2, -4, 17, 13]
[-9, -9, -8, -7, -5, -5, 0, 20, 20, 15, 14, 13, 10, 9, 13, 7, 5, 3, 16, 6, 19, 11, 1, 11, 4, 0, 15, 20, -1, -2, 11, -3, -4, 3, 10, -2, -4, 17, 13]
[-9, -9, -8, -7, -5, -5, 0, 20, 20, 15, 14, 13, 10, 9, 13, 7, 5, 3, 16, 6, 19, 11, 1, 11, 4, 0, 15, 20, -1, -2, 11, -3, -4, 3, 10, -2, -4, 17, 13]
[-9, -9, -8, -7, -5, -5, -1, 20, 20, 15, 14, 13, 10, 9, 13, 7, 5, 3, 16, 6, 19, 11, 1, 11, 4, 0, 15, 20, 0, -2, 11, -3, -4, 3, 10, -2, -4, 17, 13]
[-9, -9, -8, -7, -5, -5, -2, 20, 20, 15, 14, 13, 10, 9, 13, 7, 5, 3, 16, 6, 19, 11, 1, 11, 4, 0, 15, 20, 0, -1, 11, -3, -4, 3, 10, -2, -4, 17, 13]
[-9, -9, -8, -7, -5, -5, -3, 20, 20, 15, 14, 13, 10, 9, 13, 7, 5, 3, 16, 6, 19, 11, 1, 11, 4, 0, 15, 20, 0, -1, 11, -2, -4, 3, 10, -2, -4, 17, 13]
[-9, -9, -8, -7, -5, -5, -4, 20, 20, 15, 14, 13, 10, 9, 13, 7, 5, 3, 16, 6, 19, 11, 1, 11, 4, 0, 15, 20, 0, -1, 11, -2, -3, 3, 10, -2, -4, 17, 13]
[-9, -9, -8, -7, -5, -5, -4, 20, 20, 15, 14, 13, 10, 9, 13, 7, 5, 3, 16, 6, 19, 11, 1, 11, 4, 0, 15, 20, 0, -1, 11, -2, -3, 3, 10, -2, -4, 17, 13]
[-9, -9, -8, -7, -5, -5, -4, 20, 20, 15, 14, 13, 10, 9, 13, 7, 5, 3, 16, 6, 19, 11, 1, 11, 4, 0, 15, 20, 0, -1, 11, -2, -3, 3, 10, -2, -4, 17, 13]
[-9, -9, -8, -7, -5, -5, -4, 15, 20, 20, 14, 13, 10, 9, 13, 7, 5, 3, 16, 6, 19, 11, 1, 11, 4, 0, 15, 20, 0, -1, 11, -2, -3, 3, 10, -2, -4, 17, 13]
[-9, -9, -8, -7, -5, -5, -4, 14, 20, 20, 15, 13, 10, 9, 13, 7, 5, 3, 16, 6, 19, 11, 1, 11, 4, 0, 15, 20, 0, -1, 11, -2, -3, 3, 10, -2, -4, 17, 13]
[-9, -9, -8, -7, -5, -5, -4, 13, 20, 20, 15, 14, 10, 9, 13, 7, 5, 3, 16, 6, 19, 11, 1, 11, 4, 0, 15, 20, 0, -1, 11, -2, -3, 3, 10, -2, -4, 17, 13]
[-9, -9, -8, -7, -5, -5, -4, 10, 20, 20, 15, 14, 13, 9, 13, 7, 5, 3, 16, 6, 19, 11, 1, 11, 4, 0, 15, 20, 0, -1, 11, -2, -3, 3, 10, -2, -4, 17, 13]
[-9, -9, -8, -7, -5, -5, -4, 9, 20, 20, 15, 14, 13, 10, 13, 7, 5, 3, 16, 6, 19, 11, 1, 11, 4, 0, 15, 20, 0, -1, 11, -2, -3, 3, 10, -2, -4, 17, 13]
[-9, -9, -8, -7, -5, -5, -4, 7, 20, 20, 15, 14, 13, 10, 13, 9, 5, 3, 16, 6, 19, 11, 1, 11, 4, 0, 15, 20, 0, -1, 11, -2, -3, 3, 10, -2, -4, 17, 13]
[-9, -9, -8, -7, -5, -5, -4, 5, 20, 20, 15, 14, 13, 10, 13, 9, 7, 3, 16, 6, 19, 11, 1, 11, 4, 0, 15, 20, 0, -1, 11, -2, -3, 3, 10, -2, -4, 17, 13]
[-9, -9, -8, -7, -5, -5, -4, 3, 20, 20, 15, 14, 13, 10, 13, 9, 7, 5, 16, 6, 19, 11, 1, 11, 4, 0, 15, 20, 0, -1, 11, -2, -3, 3, 10, -2, -4, 17, 13]
[-9, -9, -8, -7, -5, -5, -4, 1, 20, 20, 15, 14, 13, 10, 13, 9, 7, 5, 16, 6, 19, 11, 3, 11, 4, 0, 15, 20, 0, -1, 11, -2, -3, 3, 10, -2, -4, 17, 13]
[-9, -9, -8, -7, -5, -5, -4, 0, 20, 20, 15, 14, 13, 10, 13, 9, 7, 5, 16, 6, 19, 11, 3, 11, 4, 1, 15, 20, 0, -1, 11, -2, -3, 3, 10, -2, -4, 17, 13]
[-9, -9, -8, -7, -5, -5, -4, 0, 20, 20, 15, 14, 13, 10, 13, 9, 7, 5, 16, 6, 19, 11, 3, 11, 4, 1, 15, 20, 0, -1, 11, -2, -3, 3, 10, -2, -4, 17, 13]
[-9, -9, -8, -7, -5, -5, -4, -1, 20, 20, 15, 14, 13, 10, 13, 9, 7, 5, 16, 6, 19, 11, 3, 11, 4, 1, 15, 20, 0, 0, 11, -2, -3, 3, 10, -2, -4, 17, 13]
[-9, -9, -8, -7, -5, -5, -4, -2, 20, 20, 15, 14, 13, 10, 13, 9, 7, 5, 16, 6, 19, 11, 3, 11, 4, 1, 15, 20, 0, 0, 11, -1, -3, 3, 10, -2, -4, 17, 13]
[-9, -9, -8, -7, -5, -5, -4, -3, 20, 20, 15, 14, 13, 10, 13, 9, 7, 5, 16, 6, 19, 11, 3, 11, 4, 1, 15, 20, 0, 0, 11, -1, -2, 3, 10, -2, -4, 17, 13]
[-9, -9, -8, -7, -5, -5, -4, -4, 20, 20, 15, 14, 13, 10, 13, 9, 7, 5, 16, 6, 19, 11, 3, 11, 4, 1, 15, 20, 0, 0, 11, -1, -2, 3, 10, -2, -3, 17, 13]
[-9, -9, -8, -7, -5, -5, -4, -4, 20, 20, 15, 14, 13, 10, 13, 9, 7, 5, 16, 6, 19, 11, 3, 11, 4, 1, 15, 20, 0, 0, 11, -1, -2, 3, 10, -2, -3, 17, 13]
[-9, -9, -8, -7, -5, -5, -4, -4, 15, 20, 20, 14, 13, 10, 13, 9, 7, 5, 16, 6, 19, 11, 3, 11, 4, 1, 15, 20, 0, 0, 11, -1, -2, 3, 10, -2, -3, 17, 13]
[-9, -9, -8, -7, -5, -5, -4, -4, 14, 20, 20, 15, 13, 10, 13, 9, 7, 5, 16, 6, 19, 11, 3, 11, 4, 1, 15, 20, 0, 0, 11, -1, -2, 3, 10, -2, -3, 17, 13]
[-9, -9, -8, -7, -5, -5, -4, -4, 13, 20, 20, 15, 14, 10, 13, 9, 7, 5, 16, 6, 19, 11, 3, 11, 4, 1, 15, 20, 0, 0, 11, -1, -2, 3, 10, -2, -3, 17, 13]
[-9, -9, -8, -7, -5, -5, -4, -4, 10, 20, 20, 15, 14, 13, 13, 9, 7, 5, 16, 6, 19, 11, 3, 11, 4, 1, 15, 20, 0, 0, 11, -1, -2, 3, 10, -2, -3, 17, 13]
[-9, -9, -8, -7, -5, -5, -4, -4, 9, 20, 20, 15, 14, 13, 13, 10, 7, 5, 16, 6, 19, 11, 3, 11, 4, 1, 15, 20, 0, 0, 11, -1, -2, 3, 10, -2, -3, 17, 13]
[-9, -9, -8, -7, -5, -5, -4, -4, 7, 20, 20, 15, 14, 13, 13, 10, 9, 5, 16, 6, 19, 11, 3, 11, 4, 1, 15, 20, 0, 0, 11, -1, -2, 3, 10, -2, -3, 17, 13]
[-9, -9, -8, -7, -5, -5, -4, -4, 5, 20, 20, 15, 14, 13, 13, 10, 9, 7, 16, 6, 19, 11, 3, 11, 4, 1, 15, 20, 0, 0, 11, -1, -2, 3, 10, -2, -3, 17, 13]
[-9, -9, -8, -7, -5, -5, -4, -4, 3, 20, 20, 15, 14, 13, 13, 10, 9, 7, 16, 6, 19, 11, 5, 11, 4, 1, 15, 20, 0, 0, 11, -1, -2, 3, 10, -2, -3, 17, 13]
[-9, -9, -8, -7, -5, -5, -4, -4, 1, 20, 20, 15, 14, 13, 13, 10, 9, 7, 16, 6, 19, 11, 5, 11, 4, 3, 15, 20, 0, 0, 11, -1, -2, 3, 10, -2, -3, 17, 13]
[-9, -9, -8, -7, -5, -5, -4, -4, 0, 20, 20, 15, 14, 13, 13, 10, 9, 7, 16, 6, 19, 11, 5, 11, 4, 3, 15, 20, 1, 0, 11, -1, -2, 3, 10, -2, -3, 17, 13]
[-9, -9, -8, -7, -5, -5, -4, -4, 0, 20, 20, 15, 14, 13, 13, 10, 9, 7, 16, 6, 19, 11, 5, 11, 4, 3, 15, 20, 1, 0, 11, -1, -2, 3, 10, -2, -3, 17, 13]
[-9, -9, -8, -7, -5, -5, -4, -4, -1, 20, 20, 15, 14, 13, 13, 10, 9, 7, 16, 6, 19, 11, 5, 11, 4, 3, 15, 20, 1, 0, 11, 0, -2, 3, 10, -2, -3, 17, 13]
[-9, -9, -8, -7, -5, -5, -4, -4, -2, 20, 20, 15, 14, 13, 13, 10, 9, 7, 16, 6, 19, 11, 5, 11, 4, 3, 15, 20, 1, 0, 11, 0, -1, 3, 10, -2, -3, 17, 13]
[-9, -9, -8, -7, -5, -5, -4, -4, -2, 20, 20, 15, 14, 13, 13, 10, 9, 7, 16, 6, 19, 11, 5, 11, 4, 3, 15, 20, 1, 0, 11, 0, -1, 3, 10, -2, -3, 17, 13]
[-9, -9, -8, -7, -5, -5, -4, -4, -3, 20, 20, 15, 14, 13, 13, 10, 9, 7, 16, 6, 19, 11, 5, 11, 4, 3, 15, 20, 1, 0, 11, 0, -1, 3, 10, -2, -2, 17, 13]
[-9, -9, -8, -7, -5, -5, -4, -4, -3, 20, 20, 15, 14, 13, 13, 10, 9, 7, 16, 6, 19, 11, 5, 11, 4, 3, 15, 20, 1, 0, 11, 0, -1, 3, 10, -2, -2, 17, 13]
[-9, -9, -8, -7, -5, -5, -4, -4, -3, 15, 20, 20, 14, 13, 13, 10, 9, 7, 16, 6, 19, 11, 5, 11, 4, 3, 15, 20, 1, 0, 11, 0, -1, 3, 10, -2, -2, 17, 13]
[-9, -9, -8, -7, -5, -5, -4, -4, -3, 14, 20, 20, 15, 13, 13, 10, 9, 7, 16, 6, 19, 11, 5, 11, 4, 3, 15, 20, 1, 0, 11, 0, -1, 3, 10, -2, -2, 17, 13]
[-9, -9, -8, -7, -5, -5, -4, -4, -3, 13, 20, 20, 15, 14, 13, 10, 9, 7, 16, 6, 19, 11, 5, 11, 4, 3, 15, 20, 1, 0, 11, 0, -1, 3, 10, -2, -2, 17, 13]
[-9, -9, -8, -7, -5, -5, -4, -4, -3, 13, 20, 20, 15, 14, 13, 10, 9, 7, 16, 6, 19, 11, 5, 11, 4, 3, 15, 20, 1, 0, 11, 0, -1, 3, 10, -2, -2, 17, 13]
[-9, -9, -8, -7, -5, -5, -4, -4, -3, 10, 20, 20, 15, 14, 13, 13, 9, 7, 16, 6, 19, 11, 5, 11, 4, 3, 15, 20, 1, 0, 11, 0, -1, 3, 10, -2, -2, 17, 13]
[-9, -9, -8, -7, -5, -5, -4, -4, -3, 9, 20, 20, 15, 14, 13, 13, 10, 7, 16, 6, 19, 11, 5, 11, 4, 3, 15, 20, 1, 0, 11, 0, -1, 3, 10, -2, -2, 17, 13]
[-9, -9, -8, -7, -5, -5, -4, -4, -3, 7, 20, 20, 15, 14, 13, 13, 10, 9, 16, 6, 19, 11, 5, 11, 4, 3, 15, 20, 1, 0, 11, 0, -1, 3, 10, -2, -2, 17, 13]
[-9, -9, -8, -7, -5, -5, -4, -4, -3, 6, 20, 20, 15, 14, 13, 13, 10, 9, 16, 7, 19, 11, 5, 11, 4, 3, 15, 20, 1, 0, 11, 0, -1, 3, 10, -2, -2, 17, 13]
[-9, -9, -8, -7, -5, -5, -4, -4, -3, 5, 20, 20, 15, 14, 13, 13, 10, 9, 16, 7, 19, 11, 6, 11, 4, 3, 15, 20, 1, 0, 11, 0, -1, 3, 10, -2, -2, 17, 13]
[-9, -9, -8, -7, -5, -5, -4, -4, -3, 4, 20, 20, 15, 14, 13, 13, 10, 9, 16, 7, 19, 11, 6, 11, 5, 3, 15, 20, 1, 0, 11, 0, -1, 3, 10, -2, -2, 17, 13]
[-9, -9, -8, -7, -5, -5, -4, -4, -3, 3, 20, 20, 15, 14, 13, 13, 10, 9, 16, 7, 19, 11, 6, 11, 5, 4, 15, 20, 1, 0, 11, 0, -1, 3, 10, -2, -2, 17, 13]
[-9, -9, -8, -7, -5, -5, -4, -4, -3, 1, 20, 20, 15, 14, 13, 13, 10, 9, 16, 7, 19, 11, 6, 11, 5, 4, 15, 20, 3, 0, 11, 0, -1, 3, 10, -2, -2, 17, 13]
[-9, -9, -8, -7, -5, -5, -4, -4, -3, 0, 20, 20, 15, 14, 13, 13, 10, 9, 16, 7, 19, 11, 6, 11, 5, 4, 15, 20, 3, 1, 11, 0, -1, 3, 10, -2, -2, 17, 13]
[-9, -9, -8, -7, -5, -5, -4, -4, -3, 0, 20, 20, 15, 14, 13, 13, 10, 9, 16, 7, 19, 11, 6, 11, 5, 4, 15, 20, 3, 1, 11, 0, -1, 3, 10, -2, -2, 17, 13]
[-9, -9, -8, -7, -5, -5, -4, -4, -3, -1, 20, 20, 15, 14, 13, 13, 10, 9, 16, 7, 19, 11, 6, 11, 5, 4, 15, 20, 3, 1, 11, 0, 0, 3, 10, -2, -2, 17, 13]
[-9, -9, -8, -7, -5, -5, -4, -4, -3, -2, 20, 20, 15, 14, 13, 13, 10, 9, 16, 7, 19, 11, 6, 11, 5, 4, 15, 20, 3, 1, 11, 0, 0, 3, 10, -1, -2, 17, 13]
[-9, -9, -8, -7, -5, -5, -4, -4, -3, -2, 20, 20, 15, 14, 13, 13, 10, 9, 16, 7, 19, 11, 6, 11, 5, 4, 15, 20, 3, 1, 11, 0, 0, 3, 10, -1, -2, 17, 13]
[-9, -9, -8, -7, -5, -5, -4, -4, -3, -2, 20, 20, 15, 14, 13, 13, 10, 9, 16, 7, 19, 11, 6, 11, 5, 4, 15, 20, 3, 1, 11, 0, 0, 3, 10, -1, -2, 17, 13]
[-9, -9, -8, -7, -5, -5, -4, -4, -3, -2, 15, 20, 20, 14, 13, 13, 10, 9, 16, 7, 19, 11, 6, 11, 5, 4, 15, 20, 3, 1, 11, 0, 0, 3, 10, -1, -2, 17, 13]
[-9, -9, -8, -7, -5, -5, -4, -4, -3, -2, 14, 20, 20, 15, 13, 13, 10, 9, 16, 7, 19, 11, 6, 11, 5, 4, 15, 20, 3, 1, 11, 0, 0, 3, 10, -1, -2, 17, 13]
[-9, -9, -8, -7, -5, -5, -4, -4, -3, -2, 13, 20, 20, 15, 14, 13, 10, 9, 16, 7, 19, 11, 6, 11, 5, 4, 15, 20, 3, 1, 11, 0, 0, 3, 10, -1, -2, 17, 13]
[-9, -9, -8, -7, -5, -5, -4, -4, -3, -2, 13, 20, 20, 15, 14, 13, 10, 9, 16, 7, 19, 11, 6, 11, 5, 4, 15, 20, 3, 1, 11, 0, 0, 3, 10, -1, -2, 17, 13]
[-9, -9, -8, -7, -5, -5, -4, -4, -3, -2, 10, 20, 20, 15, 14, 13, 13, 9, 16, 7, 19, 11, 6, 11, 5, 4, 15, 20, 3, 1, 11, 0, 0, 3, 10, -1, -2, 17, 13]
[-9, -9, -8, -7, -5, -5, -4, -4, -3, -2, 9, 20, 20, 15, 14, 13, 13, 10, 16, 7, 19, 11, 6, 11, 5, 4, 15, 20, 3, 1, 11, 0, 0, 3, 10, -1, -2, 17, 13]
[-9, -9, -8, -7, -5, -5, -4, -4, -3, -2, 7, 20, 20, 15, 14, 13, 13, 10, 16, 9, 19, 11, 6, 11, 5, 4, 15, 20, 3, 1, 11, 0, 0, 3, 10, -1, -2, 17, 13]
[-9, -9, -8, -7, -5, -5, -4, -4, -3, -2, 6, 20, 20, 15, 14, 13, 13, 10, 16, 9, 19, 11, 7, 11, 5, 4, 15, 20, 3, 1, 11, 0, 0, 3, 10, -1, -2, 17, 13]
[-9, -9, -8, -7, -5, -5, -4, -4, -3, -2, 5, 20, 20, 15, 14, 13, 13, 10, 16, 9, 19, 11, 7, 11, 6, 4, 15, 20, 3, 1, 11, 0, 0, 3, 10, -1, -2, 17, 13]
[-9, -9, -8, -7, -5, -5, -4, -4, -3, -2, 4, 20, 20, 15, 14, 13, 13, 10, 16, 9, 19, 11, 7, 11, 6, 5, 15, 20, 3, 1, 11, 0, 0, 3, 10, -1, -2, 17, 13]
[-9, -9, -8, -7, -5, -5, -4, -4, -3, -2, 3, 20, 20, 15, 14, 13, 13, 10, 16, 9, 19, 11, 7, 11, 6, 5, 15, 20, 4, 1, 11, 0, 0, 3, 10, -1, -2, 17, 13]
[-9, -9, -8, -7, -5, -5, -4, -4, -3, -2, 1, 20, 20, 15, 14, 13, 13, 10, 16, 9, 19, 11, 7, 11, 6, 5, 15, 20, 4, 3, 11, 0, 0, 3, 10, -1, -2, 17, 13]
[-9, -9, -8, -7, -5, -5, -4, -4, -3, -2, 0, 20, 20, 15, 14, 13, 13, 10, 16, 9, 19, 11, 7, 11, 6, 5, 15, 20, 4, 3, 11, 1, 0, 3, 10, -1, -2, 17, 13]
[-9, -9, -8, -7, -5, -5, -4, -4, -3, -2, 0, 20, 20, 15, 14, 13, 13, 10, 16, 9, 19, 11, 7, 11, 6, 5, 15, 20, 4, 3, 11, 1, 0, 3, 10, -1, -2, 17, 13]
[-9, -9, -8, -7, -5, -5, -4, -4, -3, -2, -1, 20, 20, 15, 14, 13, 13, 10, 16, 9, 19, 11, 7, 11, 6, 5, 15, 20, 4, 3, 11, 1, 0, 3, 10, 0, -2, 17, 13]
[-9, -9, -8, -7, -5, -5, -4, -4, -3, -2, -2, 20, 20, 15, 14, 13, 13, 10, 16, 9, 19, 11, 7, 11, 6, 5, 15, 20, 4, 3, 11, 1, 0, 3, 10, 0, -1, 17, 13]
[-9, -9, -8, -7, -5, -5, -4, -4, -3, -2, -2, 20, 20, 15, 14, 13, 13, 10, 16, 9, 19, 11, 7, 11, 6, 5, 15, 20, 4, 3, 11, 1, 0, 3, 10, 0, -1, 17, 13]
[-9, -9, -8, -7, -5, -5, -4, -4, -3, -2, -2, 15, 20, 20, 14, 13, 13, 10, 16, 9, 19, 11, 7, 11, 6, 5, 15, 20, 4, 3, 11, 1, 0, 3, 10, 0, -1, 17, 13]
[-9, -9, -8, -7, -5, -5, -4, -4, -3, -2, -2, 14, 20, 20, 15, 13, 13, 10, 16, 9, 19, 11, 7, 11, 6, 5, 15, 20, 4, 3, 11, 1, 0, 3, 10, 0, -1, 17, 13]
[-9, -9, -8, -7, -5, -5, -4, -4, -3, -2, -2, 13, 20, 20, 15, 14, 13, 10, 16, 9, 19, 11, 7, 11, 6, 5, 15, 20, 4, 3, 11, 1, 0, 3, 10, 0, -1, 17, 13]
[-9, -9, -8, -7, -5, -5, -4, -4, -3, -2, -2, 13, 20, 20, 15, 14, 13, 10, 16, 9, 19, 11, 7, 11, 6, 5, 15, 20, 4, 3, 11, 1, 0, 3, 10, 0, -1, 17, 13]
[-9, -9, -8, -7, -5, -5, -4, -4, -3, -2, -2, 10, 20, 20, 15, 14, 13, 13, 16, 9, 19, 11, 7, 11, 6, 5, 15, 20, 4, 3, 11, 1, 0, 3, 10, 0, -1, 17, 13]
[-9, -9, -8, -7, -5, -5, -4, -4, -3, -2, -2, 9, 20, 20, 15, 14, 13, 13, 16, 10, 19, 11, 7, 11, 6, 5, 15, 20, 4, 3, 11, 1, 0, 3, 10, 0, -1, 17, 13]
[-9, -9, -8, -7, -5, -5, -4, -4, -3, -2, -2, 7, 20, 20, 15, 14, 13, 13, 16, 10, 19, 11, 9, 11, 6, 5, 15, 20, 4, 3, 11, 1, 0, 3, 10, 0, -1, 17, 13]
[-9, -9, -8, -7, -5, -5, -4, -4, -3, -2, -2, 6, 20, 20, 15, 14, 13, 13, 16, 10, 19, 11, 9, 11, 7, 5, 15, 20, 4, 3, 11, 1, 0, 3, 10, 0, -1, 17, 13]
[-9, -9, -8, -7, -5, -5, -4, -4, -3, -2, -2, 5, 20, 20, 15, 14, 13, 13, 16, 10, 19, 11, 9, 11, 7, 6, 15, 20, 4, 3, 11, 1, 0, 3, 10, 0, -1, 17, 13]
[-9, -9, -8, -7, -5, -5, -4, -4, -3, -2, -2, 4, 20, 20, 15, 14, 13, 13, 16, 10, 19, 11, 9, 11, 7, 6, 15, 20, 5, 3, 11, 1, 0, 3, 10, 0, -1, 17, 13]
[-9, -9, -8, -7, -5, -5, -4, -4, -3, -2, -2, 3, 20, 20, 15, 14, 13, 13, 16, 10, 19, 11, 9, 11, 7, 6, 15, 20, 5, 4, 11, 1, 0, 3, 10, 0, -1, 17, 13]
[-9, -9, -8, -7, -5, -5, -4, -4, -3, -2, -2, 1, 20, 20, 15, 14, 13, 13, 16, 10, 19, 11, 9, 11, 7, 6, 15, 20, 5, 4, 11, 3, 0, 3, 10, 0, -1, 17, 13]
[-9, -9, -8, -7, -5, -5, -4, -4, -3, -2, -2, 0, 20, 20, 15, 14, 13, 13, 16, 10, 19, 11, 9, 11, 7, 6, 15, 20, 5, 4, 11, 3, 1, 3, 10, 0, -1, 17, 13]
[-9, -9, -8, -7, -5, -5, -4, -4, -3, -2, -2, 0, 20, 20, 15, 14, 13, 13, 16, 10, 19, 11, 9, 11, 7, 6, 15, 20, 5, 4, 11, 3, 1, 3, 10, 0, -1, 17, 13]
[-9, -9, -8, -7, -5, -5, -4, -4, -3, -2, -2, -1, 20, 20, 15, 14, 13, 13, 16, 10, 19, 11, 9, 11, 7, 6, 15, 20, 5, 4, 11, 3, 1, 3, 10, 0, 0, 17, 13]
[-9, -9, -8, -7, -5, -5, -4, -4, -3, -2, -2, -1, 20, 20, 15, 14, 13, 13, 16, 10, 19, 11, 9, 11, 7, 6, 15, 20, 5, 4, 11, 3, 1, 3, 10, 0, 0, 17, 13]
[-9, -9, -8, -7, -5, -5, -4, -4, -3, -2, -2, -1, 15, 20, 20, 14, 13, 13, 16, 10, 19, 11, 9, 11, 7, 6, 15, 20, 5, 4, 11, 3, 1, 3, 10, 0, 0, 17, 13]
[-9, -9, -8, -7, -5, -5, -4, -4, -3, -2, -2, -1, 14, 20, 20, 15, 13, 13, 16, 10, 19, 11, 9, 11, 7, 6, 15, 20, 5, 4, 11, 3, 1, 3, 10, 0, 0, 17, 13]
[-9, -9, -8, -7, -5, -5, -4, -4, -3, -2, -2, -1, 13, 20, 20, 15, 14, 13, 16, 10, 19, 11, 9, 11, 7, 6, 15, 20, 5, 4, 11, 3, 1, 3, 10, 0, 0, 17, 13]
[-9, -9, -8, -7, -5, -5, -4, -4, -3, -2, -2, -1, 13, 20, 20, 15, 14, 13, 16, 10, 19, 11, 9, 11, 7, 6, 15, 20, 5, 4, 11, 3, 1, 3, 10, 0, 0, 17, 13]
[-9, -9, -8, -7, -5, -5, -4, -4, -3, -2, -2, -1, 10, 20, 20, 15, 14, 13, 16, 13, 19, 11, 9, 11, 7, 6, 15, 20, 5, 4, 11, 3, 1, 3, 10, 0, 0, 17, 13]
[-9, -9, -8, -7, -5, -5, -4, -4, -3, -2, -2, -1, 9, 20, 20, 15, 14, 13, 16, 13, 19, 11, 10, 11, 7, 6, 15, 20, 5, 4, 11, 3, 1, 3, 10, 0, 0, 17, 13]
[-9, -9, -8, -7, -5, -5, -4, -4, -3, -2, -2, -1, 7, 20, 20, 15, 14, 13, 16, 13, 19, 11, 10, 11, 9, 6, 15, 20, 5, 4, 11, 3, 1, 3, 10, 0, 0, 17, 13]
[-9, -9, -8, -7, -5, -5, -4, -4, -3, -2, -2, -1, 6, 20, 20, 15, 14, 13, 16, 13, 19, 11, 10, 11, 9, 7, 15, 20, 5, 4, 11, 3, 1, 3, 10, 0, 0, 17, 13]
[-9, -9, -8, -7, -5, -5, -4, -4, -3, -2, -2, -1, 5, 20, 20, 15, 14, 13, 16, 13, 19, 11, 10, 11, 9, 7, 15, 20, 6, 4, 11, 3, 1, 3, 10, 0, 0, 17, 13]
[-9, -9, -8, -7, -5, -5, -4, -4, -3, -2, -2, -1, 4, 20, 20, 15, 14, 13, 16, 13, 19, 11, 10, 11, 9, 7, 15, 20, 6, 5, 11, 3, 1, 3, 10, 0, 0, 17, 13]
[-9, -9, -8, -7, -5, -5, -4, -4, -3, -2, -2, -1, 3, 20, 20, 15, 14, 13, 16, 13, 19, 11, 10, 11, 9, 7, 15, 20, 6, 5, 11, 4, 1, 3, 10, 0, 0, 17, 13]
[-9, -9, -8, -7, -5, -5, -4, -4, -3, -2, -2, -1, 1, 20, 20, 15, 14, 13, 16, 13, 19, 11, 10, 11, 9, 7, 15, 20, 6, 5, 11, 4, 3, 3, 10, 0, 0, 17, 13]
[-9, -9, -8, -7, -5, -5, -4, -4, -3, -2, -2, -1, 0, 20, 20, 15, 14, 13, 16, 13, 19, 11, 10, 11, 9, 7, 15, 20, 6, 5, 11, 4, 3, 3, 10, 1, 0, 17, 13]
[-9, -9, -8, -7, -5, -5, -4, -4, -3, -2, -2, -1, 0, 20, 20, 15, 14, 13, 16, 13, 19, 11, 10, 11, 9, 7, 15, 20, 6, 5, 11, 4, 3, 3, 10, 1, 0, 17, 13]
[-9, -9, -8, -7, -5, -5, -4, -4, -3, -2, -2, -1, 0, 20, 20, 15, 14, 13, 16, 13, 19, 11, 10, 11, 9, 7, 15, 20, 6, 5, 11, 4, 3, 3, 10, 1, 0, 17, 13]
[-9, -9, -8, -7, -5, -5, -4, -4, -3, -2, -2, -1, 0, 15, 20, 20, 14, 13, 16, 13, 19, 11, 10, 11, 9, 7, 15, 20, 6, 5, 11, 4, 3, 3, 10, 1, 0, 17, 13]
[-9, -9, -8, -7, -5, -5, -4, -4, -3, -2, -2, -1, 0, 14, 20, 20, 15, 13, 16, 13, 19, 11, 10, 11, 9, 7, 15, 20, 6, 5, 11, 4, 3, 3, 10, 1, 0, 17, 13]
[-9, -9, -8, -7, -5, -5, -4, -4, -3, -2, -2, -1, 0, 13, 20, 20, 15, 14, 16, 13, 19, 11, 10, 11, 9, 7, 15, 20, 6, 5, 11, 4, 3, 3, 10, 1, 0, 17, 13]
[-9, -9, -8, -7, -5, -5, -4, -4, -3, -2, -2, -1, 0, 13, 20, 20, 15, 14, 16, 13, 19, 11, 10, 11, 9, 7, 15, 20, 6, 5, 11, 4, 3, 3, 10, 1, 0, 17, 13]
[-9, -9, -8, -7, -5, -5, -4, -4, -3, -2, -2, -1, 0, 11, 20, 20, 15, 14, 16, 13, 19, 13, 10, 11, 9, 7, 15, 20, 6, 5, 11, 4, 3, 3, 10, 1, 0, 17, 13]
[-9, -9, -8, -7, -5, -5, -4, -4, -3, -2, -2, -1, 0, 10, 20, 20, 15, 14, 16, 13, 19, 13, 11, 11, 9, 7, 15, 20, 6, 5, 11, 4, 3, 3, 10, 1, 0, 17, 13]
[-9, -9, -8, -7, -5, -5, -4, -4, -3, -2, -2, -1, 0, 9, 20, 20, 15, 14, 16, 13, 19, 13, 11, 11, 10, 7, 15, 20, 6, 5, 11, 4, 3, 3, 10, 1, 0, 17, 13]
[-9, -9, -8, -7, -5, -5, -4, -4, -3, -2, -2, -1, 0, 7, 20, 20, 15, 14, 16, 13, 19, 13, 11, 11, 10, 9, 15, 20, 6, 5, 11, 4, 3, 3, 10, 1, 0, 17, 13]
[-9, -9, -8, -7, -5, -5, -4, -4, -3, -2, -2, -1, 0, 6, 20, 20, 15, 14, 16, 13, 19, 13, 11, 11, 10, 9, 15, 20, 7, 5, 11, 4, 3, 3, 10, 1, 0, 17, 13]
[-9, -9, -8, -7, -5, -5, -4, -4, -3, -2, -2, -1, 0, 5, 20, 20, 15, 14, 16, 13, 19, 13, 11, 11, 10, 9, 15, 20, 7, 6, 11, 4, 3, 3, 10, 1, 0, 17, 13]
[-9, -9, -8, -7, -5, -5, -4, -4, -3, -2, -2, -1, 0, 4, 20, 20, 15, 14, 16, 13, 19, 13, 11, 11, 10, 9, 15, 20, 7, 6, 11, 5, 3, 3, 10, 1, 0, 17, 13]
[-9, -9, -8, -7, -5, -5, -4, -4, -3, -2, -2, -1, 0, 3, 20, 20, 15, 14, 16, 13, 19, 13, 11, 11, 10, 9, 15, 20, 7, 6, 11, 5, 4, 3, 10, 1, 0, 17, 13]
[-9, -9, -8, -7, -5, -5, -4, -4, -3, -2, -2, -1, 0, 3, 20, 20, 15, 14, 16, 13, 19, 13, 11, 11, 10, 9, 15, 20, 7, 6, 11, 5, 4, 3, 10, 1, 0, 17, 13]
[-9, -9, -8, -7, -5, -5, -4, -4, -3, -2, -2, -1, 0, 1, 20, 20, 15, 14, 16, 13, 19, 13, 11, 11, 10, 9, 15, 20, 7, 6, 11, 5, 4, 3, 10, 3, 0, 17, 13]
[-9, -9, -8, -7, -5, -5, -4, -4, -3, -2, -2, -1, 0, 0, 20, 20, 15, 14, 16, 13, 19, 13, 11, 11, 10, 9, 15, 20, 7, 6, 11, 5, 4, 3, 10, 3, 1, 17, 13]
[-9, -9, -8, -7, -5, -5, -4, -4, -3, -2, -2, -1, 0, 0, 20, 20, 15, 14, 16, 13, 19, 13, 11, 11, 10, 9, 15, 20, 7, 6, 11, 5, 4, 3, 10, 3, 1, 17, 13]
[-9, -9, -8, -7, -5, -5, -4, -4, -3, -2, -2, -1, 0, 0, 15, 20, 20, 14, 16, 13, 19, 13, 11, 11, 10, 9, 15, 20, 7, 6, 11, 5, 4, 3, 10, 3, 1, 17, 13]
[-9, -9, -8, -7, -5, -5, -4, -4, -3, -2, -2, -1, 0, 0, 14, 20, 20, 15, 16, 13, 19, 13, 11, 11, 10, 9, 15, 20, 7, 6, 11, 5, 4, 3, 10, 3, 1, 17, 13]
[-9, -9, -8, -7, -5, -5, -4, -4, -3, -2, -2, -1, 0, 0, 13, 20, 20, 15, 16, 14, 19, 13, 11, 11, 10, 9, 15, 20, 7, 6, 11, 5, 4, 3, 10, 3, 1, 17, 13]
[-9, -9, -8, -7, -5, -5, -4, -4, -3, -2, -2, -1, 0, 0, 13, 20, 20, 15, 16, 14, 19, 13, 11, 11, 10, 9, 15, 20, 7, 6, 11, 5, 4, 3, 10, 3, 1, 17, 13]
[-9, -9, -8, -7, -5, -5, -4, -4, -3, -2, -2, -1, 0, 0, 11, 20, 20, 15, 16, 14, 19, 13, 13, 11, 10, 9, 15, 20, 7, 6, 11, 5, 4, 3, 10, 3, 1, 17, 13]
[-9, -9, -8, -7, -5, -5, -4, -4, -3, -2, -2, -1, 0, 0, 11, 20, 20, 15, 16, 14, 19, 13, 13, 11, 10, 9, 15, 20, 7, 6, 11, 5, 4, 3, 10, 3, 1, 17, 13]
[-9, -9, -8, -7, -5, -5, -4, -4, -3, -2, -2, -1, 0, 0, 10, 20, 20, 15, 16, 14, 19, 13, 13, 11, 11, 9, 15, 20, 7, 6, 11, 5, 4, 3, 10, 3, 1, 17, 13]
[-9, -9, -8, -7, -5, -5, -4, -4, -3, -2, -2, -1, 0, 0, 9, 20, 20, 15, 16, 14, 19, 13, 13, 11, 11, 10, 15, 20, 7, 6, 11, 5, 4, 3, 10, 3, 1, 17, 13]
[-9, -9, -8, -7, -5, -5, -4, -4, -3, -2, -2, -1, 0, 0, 7, 20, 20, 15, 16, 14, 19, 13, 13, 11, 11, 10, 15, 20, 9, 6, 11, 5, 4, 3, 10, 3, 1, 17, 13]
[-9, -9, -8, -7, -5, -5, -4, -4, -3, -2, -2, -1, 0, 0, 6, 20, 20, 15, 16, 14, 19, 13, 13, 11, 11, 10, 15, 20, 9, 7, 11, 5, 4, 3, 10, 3, 1, 17, 13]
[-9, -9, -8, -7, -5, -5, -4, -4, -3, -2, -2, -1, 0, 0, 5, 20, 20, 15, 16, 14, 19, 13, 13, 11, 11, 10, 15, 20, 9, 7, 11, 6, 4, 3, 10, 3, 1, 17, 13]
[-9, -9, -8, -7, -5, -5, -4, -4, -3, -2, -2, -1, 0, 0, 4, 20, 20, 15, 16, 14, 19, 13, 13, 11, 11, 10, 15, 20, 9, 7, 11, 6, 5, 3, 10, 3, 1, 17, 13]
[-9, -9, -8, -7, -5, -5, -4, -4, -3, -2, -2, -1, 0, 0, 3, 20, 20, 15, 16, 14, 19, 13, 13, 11, 11, 10, 15, 20, 9, 7, 11, 6, 5, 4, 10, 3, 1, 17, 13]
[-9, -9, -8, -7, -5, -5, -4, -4, -3, -2, -2, -1, 0, 0, 3, 20, 20, 15, 16, 14, 19, 13, 13, 11, 11, 10, 15, 20, 9, 7, 11, 6, 5, 4, 10, 3, 1, 17, 13]
[-9, -9, -8, -7, -5, -5, -4, -4, -3, -2, -2, -1, 0, 0, 1, 20, 20, 15, 16, 14, 19, 13, 13, 11, 11, 10, 15, 20, 9, 7, 11, 6, 5, 4, 10, 3, 3, 17, 13]
[-9, -9, -8, -7, -5, -5, -4, -4, -3, -2, -2, -1, 0, 0, 1, 20, 20, 15, 16, 14, 19, 13, 13, 11, 11, 10, 15, 20, 9, 7, 11, 6, 5, 4, 10, 3, 3, 17, 13]
[-9, -9, -8, -7, -5, -5, -4, -4, -3, -2, -2, -1, 0, 0, 1, 15, 20, 20, 16, 14, 19, 13, 13, 11, 11, 10, 15, 20, 9, 7, 11, 6, 5, 4, 10, 3, 3, 17, 13]
[-9, -9, -8, -7, -5, -5, -4, -4, -3, -2, -2, -1, 0, 0, 1, 14, 20, 20, 16, 15, 19, 13, 13, 11, 11, 10, 15, 20, 9, 7, 11, 6, 5, 4, 10, 3, 3, 17, 13]
[-9, -9, -8, -7, -5, -5, -4, -4, -3, -2, -2, -1, 0, 0, 1, 13, 20, 20, 16, 15, 19, 14, 13, 11, 11, 10, 15, 20, 9, 7, 11, 6, 5, 4, 10, 3, 3, 17, 13]
[-9, -9, -8, -7, -5, -5, -4, -4, -3, -2, -2, -1, 0, 0, 1, 13, 20, 20, 16, 15, 19, 14, 13, 11, 11, 10, 15, 20, 9, 7, 11, 6, 5, 4, 10, 3, 3, 17, 13]
[-9, -9, -8, -7, -5, -5, -4, -4, -3, -2, -2, -1, 0, 0, 1, 11, 20, 20, 16, 15, 19, 14, 13, 13, 11, 10, 15, 20, 9, 7, 11, 6, 5, 4, 10, 3, 3, 17, 13]
[-9, -9, -8, -7, -5, -5, -4, -4, -3, -2, -2, -1, 0, 0, 1, 11, 20, 20, 16, 15, 19, 14, 13, 13, 11, 10, 15, 20, 9, 7, 11, 6, 5, 4, 10, 3, 3, 17, 13]
[-9, -9, -8, -7, -5, -5, -4, -4, -3, -2, -2, -1, 0, 0, 1, 10, 20, 20, 16, 15, 19, 14, 13, 13, 11, 11, 15, 20, 9, 7, 11, 6, 5, 4, 10, 3, 3, 17, 13]
[-9, -9, -8, -7, -5, -5, -4, -4, -3, -2, -2, -1, 0, 0, 1, 9, 20, 20, 16, 15, 19, 14, 13, 13, 11, 11, 15, 20, 10, 7, 11, 6, 5, 4, 10, 3, 3, 17, 13]
[-9, -9, -8, -7, -5, -5, -4, -4, -3, -2, -2, -1, 0, 0, 1, 7, 20, 20, 16, 15, 19, 14, 13, 13, 11, 11, 15, 20, 10, 9, 11, 6, 5, 4, 10, 3, 3, 17, 13]
[-9, -9, -8, -7, -5, -5, -4, -4, -3, -2, -2, -1, 0, 0, 1, 6, 20, 20, 16, 15, 19, 14, 13, 13, 11, 11, 15, 20, 10, 9, 11, 7, 5, 4, 10, 3, 3, 17, 13]
[-9, -9, -8, -7, -5, -5, -4, -4, -3, -2, -2, -1, 0, 0, 1, 5, 20, 20, 16, 15, 19, 14, 13, 13, 11, 11, 15, 20, 10, 9, 11, 7, 6, 4, 10, 3, 3, 17, 13]
[-9, -9, -8, -7, -5, -5, -4, -4, -3, -2, -2, -1, 0, 0, 1, 4, 20, 20, 16, 15, 19, 14, 13, 13, 11, 11, 15, 20, 10, 9, 11, 7, 6, 5, 10, 3, 3, 17, 13]
[-9, -9, -8, -7, -5, -5, -4, -4, -3, -2, -2, -1, 0, 0, 1, 3, 20, 20, 16, 15, 19, 14, 13, 13, 11, 11, 15, 20, 10, 9, 11, 7, 6, 5, 10, 4, 3, 17, 13]
[-9, -9, -8, -7, -5, -5, -4, -4, -3, -2, -2, -1, 0, 0, 1, 3, 20, 20, 16, 15, 19, 14, 13, 13, 11, 11, 15, 20, 10, 9, 11, 7, 6, 5, 10, 4, 3, 17, 13]
[-9, -9, -8, -7, -5, -5, -4, -4, -3, -2, -2, -1, 0, 0, 1, 3, 20, 20, 16, 15, 19, 14, 13, 13, 11, 11, 15, 20, 10, 9, 11, 7, 6, 5, 10, 4, 3, 17, 13]
[-9, -9, -8, -7, -5, -5, -4, -4, -3, -2, -2, -1, 0, 0, 1, 3, 16, 20, 20, 15, 19, 14, 13, 13, 11, 11, 15, 20, 10, 9, 11, 7, 6, 5, 10, 4, 3, 17, 13]
[-9, -9, -8, -7, -5, -5, -4, -4, -3, -2, -2, -1, 0, 0, 1, 3, 15, 20, 20, 16, 19, 14, 13, 13, 11, 11, 15, 20, 10, 9, 11, 7, 6, 5, 10, 4, 3, 17, 13]
[-9, -9, -8, -7, -5, -5, -4, -4, -3, -2, -2, -1, 0, 0, 1, 3, 14, 20, 20, 16, 19, 15, 13, 13, 11, 11, 15, 20, 10, 9, 11, 7, 6, 5, 10, 4, 3, 17, 13]
[-9, -9, -8, -7, -5, -5, -4, -4, -3, -2, -2, -1, 0, 0, 1, 3, 13, 20, 20, 16, 19, 15, 14, 13, 11, 11, 15, 20, 10, 9, 11, 7, 6, 5, 10, 4, 3, 17, 13]
[-9, -9, -8, -7, -5, -5, -4, -4, -3, -2, -2, -1, 0, 0, 1, 3, 13, 20, 20, 16, 19, 15, 14, 13, 11, 11, 15, 20, 10, 9, 11, 7, 6, 5, 10, 4, 3, 17, 13]
[-9, -9, -8, -7, -5, -5, -4, -4, -3, -2, -2, -1, 0, 0, 1, 3, 11, 20, 20, 16, 19, 15, 14, 13, 13, 11, 15, 20, 10, 9, 11, 7, 6, 5, 10, 4, 3, 17, 13]
[-9, -9, -8, -7, -5, -5, -4, -4, -3, -2, -2, -1, 0, 0, 1, 3, 11, 20, 20, 16, 19, 15, 14, 13, 13, 11, 15, 20, 10, 9, 11, 7, 6, 5, 10, 4, 3, 17, 13]
[-9, -9, -8, -7, -5, -5, -4, -4, -3, -2, -2, -1, 0, 0, 1, 3, 10, 20, 20, 16, 19, 15, 14, 13, 13, 11, 15, 20, 11, 9, 11, 7, 6, 5, 10, 4, 3, 17, 13]
[-9, -9, -8, -7, -5, -5, -4, -4, -3, -2, -2, -1, 0, 0, 1, 3, 9, 20, 20, 16, 19, 15, 14, 13, 13, 11, 15, 20, 11, 10, 11, 7, 6, 5, 10, 4, 3, 17, 13]
[-9, -9, -8, -7, -5, -5, -4, -4, -3, -2, -2, -1, 0, 0, 1, 3, 7, 20, 20, 16, 19, 15, 14, 13, 13, 11, 15, 20, 11, 10, 11, 9, 6, 5, 10, 4, 3, 17, 13]
[-9, -9, -8, -7, -5, -5, -4, -4, -3, -2, -2, -1, 0, 0, 1, 3, 6, 20, 20, 16, 19, 15, 14, 13, 13, 11, 15, 20, 11, 10, 11, 9, 7, 5, 10, 4, 3, 17, 13]
[-9, -9, -8, -7, -5, -5, -4, -4, -3, -2, -2, -1, 0, 0, 1, 3, 5, 20, 20, 16, 19, 15, 14, 13, 13, 11, 15, 20, 11, 10, 11, 9, 7, 6, 10, 4, 3, 17, 13]
[-9, -9, -8, -7, -5, -5, -4, -4, -3, -2, -2, -1, 0, 0, 1, 3, 4, 20, 20, 16, 19, 15, 14, 13, 13, 11, 15, 20, 11, 10, 11, 9, 7, 6, 10, 5, 3, 17, 13]
[-9, -9, -8, -7, -5, -5, -4, -4, -3, -2, -2, -1, 0, 0, 1, 3, 3, 20, 20, 16, 19, 15, 14, 13, 13, 11, 15, 20, 11, 10, 11, 9, 7, 6, 10, 5, 4, 17, 13]
[-9, -9, -8, -7, -5, -5, -4, -4, -3, -2, -2, -1, 0, 0, 1, 3, 3, 20, 20, 16, 19, 15, 14, 13, 13, 11, 15, 20, 11, 10, 11, 9, 7, 6, 10, 5, 4, 17, 13]
[-9, -9, -8, -7, -5, -5, -4, -4, -3, -2, -2, -1, 0, 0, 1, 3, 3, 16, 20, 20, 19, 15, 14, 13, 13, 11, 15, 20, 11, 10, 11, 9, 7, 6, 10, 5, 4, 17, 13]
[-9, -9, -8, -7, -5, -5, -4, -4, -3, -2, -2, -1, 0, 0, 1, 3, 3, 15, 20, 20, 19, 16, 14, 13, 13, 11, 15, 20, 11, 10, 11, 9, 7, 6, 10, 5, 4, 17, 13]
[-9, -9, -8, -7, -5, -5, -4, -4, -3, -2, -2, -1, 0, 0, 1, 3, 3, 14, 20, 20, 19, 16, 15, 13, 13, 11, 15, 20, 11, 10, 11, 9, 7, 6, 10, 5, 4, 17, 13]
[-9, -9, -8, -7, -5, -5, -4, -4, -3, -2, -2, -1, 0, 0, 1, 3, 3, 13, 20, 20, 19, 16, 15, 14, 13, 11, 15, 20, 11, 10, 11, 9, 7, 6, 10, 5, 4, 17, 13]
[-9, -9, -8, -7, -5, -5, -4, -4, -3, -2, -2, -1, 0, 0, 1, 3, 3, 13, 20, 20, 19, 16, 15, 14, 13, 11, 15, 20, 11, 10, 11, 9, 7, 6, 10, 5, 4, 17, 13]
[-9, -9, -8, -7, -5, -5, -4, -4, -3, -2, -2, -1, 0, 0, 1, 3, 3, 11, 20, 20, 19, 16, 15, 14, 13, 13, 15, 20, 11, 10, 11, 9, 7, 6, 10, 5, 4, 17, 13]
[-9, -9, -8, -7, -5, -5, -4, -4, -3, -2, -2, -1, 0, 0, 1, 3, 3, 11, 20, 20, 19, 16, 15, 14, 13, 13, 15, 20, 11, 10, 11, 9, 7, 6, 10, 5, 4, 17, 13]
[-9, -9, -8, -7, -5, -5, -4, -4, -3, -2, -2, -1, 0, 0, 1, 3, 3, 10, 20, 20, 19, 16, 15, 14, 13, 13, 15, 20, 11, 11, 11, 9, 7, 6, 10, 5, 4, 17, 13]
[-9, -9, -8, -7, -5, -5, -4, -4, -3, -2, -2, -1, 0, 0, 1, 3, 3, 9, 20, 20, 19, 16, 15, 14, 13, 13, 15, 20, 11, 11, 11, 10, 7, 6, 10, 5, 4, 17, 13]
[-9, -9, -8, -7, -5, -5, -4, -4, -3, -2, -2, -1, 0, 0, 1, 3, 3, 7, 20, 20, 19, 16, 15, 14, 13, 13, 15, 20, 11, 11, 11, 10, 9, 6, 10, 5, 4, 17, 13]
[-9, -9, -8, -7, -5, -5, -4, -4, -3, -2, -2, -1, 0, 0, 1, 3, 3, 6, 20, 20, 19, 16, 15, 14, 13, 13, 15, 20, 11, 11, 11, 10, 9, 7, 10, 5, 4, 17, 13]
[-9, -9, -8, -7, -5, -5, -4, -4, -3, -2, -2, -1, 0, 0, 1, 3, 3, 5, 20, 20, 19, 16, 15, 14, 13, 13, 15, 20, 11, 11, 11, 10, 9, 7, 10, 6, 4, 17, 13]
[-9, -9, -8, -7, -5, -5, -4, -4, -3, -2, -2, -1, 0, 0, 1, 3, 3, 4, 20, 20, 19, 16, 15, 14, 13, 13, 15, 20, 11, 11, 11, 10, 9, 7, 10, 6, 5, 17, 13]
[-9, -9, -8, -7, -5, -5, -4, -4, -3, -2, -2, -1, 0, 0, 1, 3, 3, 4, 20, 20, 19, 16, 15, 14, 13, 13, 15, 20, 11, 11, 11, 10, 9, 7, 10, 6, 5, 17, 13]
[-9, -9, -8, -7, -5, -5, -4, -4, -3, -2, -2, -1, 0, 0, 1, 3, 3, 4, 19, 20, 20, 16, 15, 14, 13, 13, 15, 20, 11, 11, 11, 10, 9, 7, 10, 6, 5, 17, 13]
[-9, -9, -8, -7, -5, -5, -4, -4, -3, -2, -2, -1, 0, 0, 1, 3, 3, 4, 16, 20, 20, 19, 15, 14, 13, 13, 15, 20, 11, 11, 11, 10, 9, 7, 10, 6, 5, 17, 13]
[-9, -9, -8, -7, -5, -5, -4, -4, -3, -2, -2, -1, 0, 0, 1, 3, 3, 4, 15, 20, 20, 19, 16, 14, 13, 13, 15, 20, 11, 11, 11, 10, 9, 7, 10, 6, 5, 17, 13]
[-9, -9, -8, -7, -5, -5, -4, -4, -3, -2, -2, -1, 0, 0, 1, 3, 3, 4, 14, 20, 20, 19, 16, 15, 13, 13, 15, 20, 11, 11, 11, 10, 9, 7, 10, 6, 5, 17, 13]
[-9, -9, -8, -7, -5, -5, -4, -4, -3, -2, -2, -1, 0, 0, 1, 3, 3, 4, 13, 20, 20, 19, 16, 15, 14, 13, 15, 20, 11, 11, 11, 10, 9, 7, 10, 6, 5, 17, 13]
[-9, -9, -8, -7, -5, -5, -4, -4, -3, -2, -2, -1, 0, 0, 1, 3, 3, 4, 13, 20, 20, 19, 16, 15, 14, 13, 15, 20, 11, 11, 11, 10, 9, 7, 10, 6, 5, 17, 13]
[-9, -9, -8, -7, -5, -5, -4, -4, -3, -2, -2, -1, 0, 0, 1, 3, 3, 4, 11, 20, 20, 19, 16, 15, 14, 13, 15, 20, 13, 11, 11, 10, 9, 7, 10, 6, 5, 17, 13]
[-9, -9, -8, -7, -5, -5, -4, -4, -3, -2, -2, -1, 0, 0, 1, 3, 3, 4, 11, 20, 20, 19, 16, 15, 14, 13, 15, 20, 13, 11, 11, 10, 9, 7, 10, 6, 5, 17, 13]
[-9, -9, -8, -7, -5, -5, -4, -4, -3, -2, -2, -1, 0, 0, 1, 3, 3, 4, 11, 20, 20, 19, 16, 15, 14, 13, 15, 20, 13, 11, 11, 10, 9, 7, 10, 6, 5, 17, 13]
[-9, -9, -8, -7, -5, -5, -4, -4, -3, -2, -2, -1, 0, 0, 1, 3, 3, 4, 10, 20, 20, 19, 16, 15, 14, 13, 15, 20, 13, 11, 11, 11, 9, 7, 10, 6, 5, 17, 13]
[-9, -9, -8, -7, -5, -5, -4, -4, -3, -2, -2, -1, 0, 0, 1, 3, 3, 4, 9, 20, 20, 19, 16, 15, 14, 13, 15, 20, 13, 11, 11, 11, 10, 7, 10, 6, 5, 17, 13]
[-9, -9, -8, -7, -5, -5, -4, -4, -3, -2, -2, -1, 0, 0, 1, 3, 3, 4, 7, 20, 20, 19, 16, 15, 14, 13, 15, 20, 13, 11, 11, 11, 10, 9, 10, 6, 5, 17, 13]
[-9, -9, -8, -7, -5, -5, -4, -4, -3, -2, -2, -1, 0, 0, 1, 3, 3, 4, 6, 20, 20, 19, 16, 15, 14, 13, 15, 20, 13, 11, 11, 11, 10, 9, 10, 7, 5, 17, 13]
[-9, -9, -8, -7, -5, -5, -4, -4, -3, -2, -2, -1, 0, 0, 1, 3, 3, 4, 5, 20, 20, 19, 16, 15, 14, 13, 15, 20, 13, 11, 11, 11, 10, 9, 10, 7, 6, 17, 13]
[-9, -9, -8, -7, -5, -5, -4, -4, -3, -2, -2, -1, 0, 0, 1, 3, 3, 4, 5, 20, 20, 19, 16, 15, 14, 13, 15, 20, 13, 11, 11, 11, 10, 9, 10, 7, 6, 17, 13]
[-9, -9, -8, -7, -5, -5, -4, -4, -3, -2, -2, -1, 0, 0, 1, 3, 3, 4, 5, 19, 20, 20, 16, 15, 14, 13, 15, 20, 13, 11, 11, 11, 10, 9, 10, 7, 6, 17, 13]
[-9, -9, -8, -7, -5, -5, -4, -4, -3, -2, -2, -1, 0, 0, 1, 3, 3, 4, 5, 16, 20, 20, 19, 15, 14, 13, 15, 20, 13, 11, 11, 11, 10, 9, 10, 7, 6, 17, 13]
[-9, -9, -8, -7, -5, -5, -4, -4, -3, -2, -2, -1, 0, 0, 1, 3, 3, 4, 5, 15, 20, 20, 19, 16, 14, 13, 15, 20, 13, 11, 11, 11, 10, 9, 10, 7, 6, 17, 13]
[-9, -9, -8, -7, -5, -5, -4, -4, -3, -2, -2, -1, 0, 0, 1, 3, 3, 4, 5, 14, 20, 20, 19, 16, 15, 13, 15, 20, 13, 11, 11, 11, 10, 9, 10, 7, 6, 17, 13]
[-9, -9, -8, -7, -5, -5, -4, -4, -3, -2, -2, -1, 0, 0, 1, 3, 3, 4, 5, 13, 20, 20, 19, 16, 15, 14, 15, 20, 13, 11, 11, 11, 10, 9, 10, 7, 6, 17, 13]
[-9, -9, -8, -7, -5, -5, -4, -4, -3, -2, -2, -1, 0, 0, 1, 3, 3, 4, 5, 13, 20, 20, 19, 16, 15, 14, 15, 20, 13, 11, 11, 11, 10, 9, 10, 7, 6, 17, 13]
[-9, -9, -8, -7, -5, -5, -4, -4, -3, -2, -2, -1, 0, 0, 1, 3, 3, 4, 5, 11, 20, 20, 19, 16, 15, 14, 15, 20, 13, 13, 11, 11, 10, 9, 10, 7, 6, 17, 13]
[-9, -9, -8, -7, -5, -5, -4, -4, -3, -2, -2, -1, 0, 0, 1, 3, 3, 4, 5, 11, 20, 20, 19, 16, 15, 14, 15, 20, 13, 13, 11, 11, 10, 9, 10, 7, 6, 17, 13]
[-9, -9, -8, -7, -5, -5, -4, -4, -3, -2, -2, -1, 0, 0, 1, 3, 3, 4, 5, 11, 20, 20, 19, 16, 15, 14, 15, 20, 13, 13, 11, 11, 10, 9, 10, 7, 6, 17, 13]
[-9, -9, -8, -7, -5, -5, -4, -4, -3, -2, -2, -1, 0, 0, 1, 3, 3, 4, 5, 10, 20, 20, 19, 16, 15, 14, 15, 20, 13, 13, 11, 11, 11, 9, 10, 7, 6, 17, 13]
[-9, -9, -8, -7, -5, -5, -4, -4, -3, -2, -2, -1, 0, 0, 1, 3, 3, 4, 5, 9, 20, 20, 19, 16, 15, 14, 15, 20, 13, 13, 11, 11, 11, 10, 10, 7, 6, 17, 13]
[-9, -9, -8, -7, -5, -5, -4, -4, -3, -2, -2, -1, 0, 0, 1, 3, 3, 4, 5, 7, 20, 20, 19, 16, 15, 14, 15, 20, 13, 13, 11, 11, 11, 10, 10, 9, 6, 17, 13]
[-9, -9, -8, -7, -5, -5, -4, -4, -3, -2, -2, -1, 0, 0, 1, 3, 3, 4, 5, 6, 20, 20, 19, 16, 15, 14, 15, 20, 13, 13, 11, 11, 11, 10, 10, 9, 7, 17, 13]
[-9, -9, -8, -7, -5, -5, -4, -4, -3, -2, -2, -1, 0, 0, 1, 3, 3, 4, 5, 6, 20, 20, 19, 16, 15, 14, 15, 20, 13, 13, 11, 11, 11, 10, 10, 9, 7, 17, 13]
[-9, -9, -8, -7, -5, -5, -4, -4, -3, -2, -2, -1, 0, 0, 1, 3, 3, 4, 5, 6, 19, 20, 20, 16, 15, 14, 15, 20, 13, 13, 11, 11, 11, 10, 10, 9, 7, 17, 13]
[-9, -9, -8, -7, -5, -5, -4, -4, -3, -2, -2, -1, 0, 0, 1, 3, 3, 4, 5, 6, 16, 20, 20, 19, 15, 14, 15, 20, 13, 13, 11, 11, 11, 10, 10, 9, 7, 17, 13]
[-9, -9, -8, -7, -5, -5, -4, -4, -3, -2, -2, -1, 0, 0, 1, 3, 3, 4, 5, 6, 15, 20, 20, 19, 16, 14, 15, 20, 13, 13, 11, 11, 11, 10, 10, 9, 7, 17, 13]
[-9, -9, -8, -7, -5, -5, -4, -4, -3, -2, -2, -1, 0, 0, 1, 3, 3, 4, 5, 6, 14, 20, 20, 19, 16, 15, 15, 20, 13, 13, 11, 11, 11, 10, 10, 9, 7, 17, 13]
[-9, -9, -8, -7, -5, -5, -4, -4, -3, -2, -2, -1, 0, 0, 1, 3, 3, 4, 5, 6, 13, 20, 20, 19, 16, 15, 15, 20, 14, 13, 11, 11, 11, 10, 10, 9, 7, 17, 13]
[-9, -9, -8, -7, -5, -5, -4, -4, -3, -2, -2, -1, 0, 0, 1, 3, 3, 4, 5, 6, 13, 20, 20, 19, 16, 15, 15, 20, 14, 13, 11, 11, 11, 10, 10, 9, 7, 17, 13]
[-9, -9, -8, -7, -5, -5, -4, -4, -3, -2, -2, -1, 0, 0, 1, 3, 3, 4, 5, 6, 11, 20, 20, 19, 16, 15, 15, 20, 14, 13, 13, 11, 11, 10, 10, 9, 7, 17, 13]
[-9, -9, -8, -7, -5, -5, -4, -4, -3, -2, -2, -1, 0, 0, 1, 3, 3, 4, 5, 6, 11, 20, 20, 19, 16, 15, 15, 20, 14, 13, 13, 11, 11, 10, 10, 9, 7, 17, 13]
[-9, -9, -8, -7, -5, -5, -4, -4, -3, -2, -2, -1, 0, 0, 1, 3, 3, 4, 5, 6, 11, 20, 20, 19, 16, 15, 15, 20, 14, 13, 13, 11, 11, 10, 10, 9, 7, 17, 13]
[-9, -9, -8, -7, -5, -5, -4, -4, -3, -2, -2, -1, 0, 0, 1, 3, 3, 4, 5, 6, 10, 20, 20, 19, 16, 15, 15, 20, 14, 13, 13, 11, 11, 11, 10, 9, 7, 17, 13]
[-9, -9, -8, -7, -5, -5, -4, -4, -3, -2, -2, -1, 0, 0, 1, 3, 3, 4, 5, 6, 10, 20, 20, 19, 16, 15, 15, 20, 14, 13, 13, 11, 11, 11, 10, 9, 7, 17, 13]
[-9, -9, -8, -7, -5, -5, -4, -4, -3, -2, -2, -1, 0, 0, 1, 3, 3, 4, 5, 6, 9, 20, 20, 19, 16, 15, 15, 20, 14, 13, 13, 11, 11, 11, 10, 10, 7, 17, 13]
[-9, -9, -8, -7, -5, -5, -4, -4, -3, -2, -2, -1, 0, 0, 1, 3, 3, 4, 5, 6, 7, 20, 20, 19, 16, 15, 15, 20, 14, 13, 13, 11, 11, 11, 10, 10, 9, 17, 13]
[-9, -9, -8, -7, -5, -5, -4, -4, -3, -2, -2, -1, 0, 0, 1, 3, 3, 4, 5, 6, 7, 20, 20, 19, 16, 15, 15, 20, 14, 13, 13, 11, 11, 11, 10, 10, 9, 17, 13]
[-9, -9, -8, -7, -5, -5, -4, -4, -3, -2, -2, -1, 0, 0, 1, 3, 3, 4, 5, 6, 7, 19, 20, 20, 16, 15, 15, 20, 14, 13, 13, 11, 11, 11, 10, 10, 9, 17, 13]
[-9, -9, -8, -7, -5, -5, -4, -4, -3, -2, -2, -1, 0, 0, 1, 3, 3, 4, 5, 6, 7, 16, 20, 20, 19, 15, 15, 20, 14, 13, 13, 11, 11, 11, 10, 10, 9, 17, 13]
[-9, -9, -8, -7, -5, -5, -4, -4, -3, -2, -2, -1, 0, 0, 1, 3, 3, 4, 5, 6, 7, 15, 20, 20, 19, 16, 15, 20, 14, 13, 13, 11, 11, 11, 10, 10, 9, 17, 13]
[-9, -9, -8, -7, -5, -5, -4, -4, -3, -2, -2, -1, 0, 0, 1, 3, 3, 4, 5, 6, 7, 15, 20, 20, 19, 16, 15, 20, 14, 13, 13, 11, 11, 11, 10, 10, 9, 17, 13]
[-9, -9, -8, -7, -5, -5, -4, -4, -3, -2, -2, -1, 0, 0, 1, 3, 3, 4, 5, 6, 7, 14, 20, 20, 19, 16, 15, 20, 15, 13, 13, 11, 11, 11, 10, 10, 9, 17, 13]
[-9, -9, -8, -7, -5, -5, -4, -4, -3, -2, -2, -1, 0, 0, 1, 3, 3, 4, 5, 6, 7, 13, 20, 20, 19, 16, 15, 20, 15, 14, 13, 11, 11, 11, 10, 10, 9, 17, 13]
[-9, -9, -8, -7, -5, -5, -4, -4, -3, -2, -2, -1, 0, 0, 1, 3, 3, 4, 5, 6, 7, 13, 20, 20, 19, 16, 15, 20, 15, 14, 13, 11, 11, 11, 10, 10, 9, 17, 13]
[-9, -9, -8, -7, -5, -5, -4, -4, -3, -2, -2, -1, 0, 0, 1, 3, 3, 4, 5, 6, 7, 11, 20, 20, 19, 16, 15, 20, 15, 14, 13, 13, 11, 11, 10, 10, 9, 17, 13]
[-9, -9, -8, -7, -5, -5, -4, -4, -3, -2, -2, -1, 0, 0, 1, 3, 3, 4, 5, 6, 7, 11, 20, 20, 19, 16, 15, 20, 15, 14, 13, 13, 11, 11, 10, 10, 9, 17, 13]
[-9, -9, -8, -7, -5, -5, -4, -4, -3, -2, -2, -1, 0, 0, 1, 3, 3, 4, 5, 6, 7, 11, 20, 20, 19, 16, 15, 20, 15, 14, 13, 13, 11, 11, 10, 10, 9, 17, 13]
[-9, -9, -8, -7, -5, -5, -4, -4, -3, -2, -2, -1, 0, 0, 1, 3, 3, 4, 5, 6, 7, 10, 20, 20, 19, 16, 15, 20, 15, 14, 13, 13, 11, 11, 11, 10, 9, 17, 13]
[-9, -9, -8, -7, -5, -5, -4, -4, -3, -2, -2, -1, 0, 0, 1, 3, 3, 4, 5, 6, 7, 10, 20, 20, 19, 16, 15, 20, 15, 14, 13, 13, 11, 11, 11, 10, 9, 17, 13]
[-9, -9, -8, -7, -5, -5, -4, -4, -3, -2, -2, -1, 0, 0, 1, 3, 3, 4, 5, 6, 7, 9, 20, 20, 19, 16, 15, 20, 15, 14, 13, 13, 11, 11, 11, 10, 10, 17, 13]
[-9, -9, -8, -7, -5, -5, -4, -4, -3, -2, -2, -1, 0, 0, 1, 3, 3, 4, 5, 6, 7, 9, 20, 20, 19, 16, 15, 20, 15, 14, 13, 13, 11, 11, 11, 10, 10, 17, 13]
[-9, -9, -8, -7, -5, -5, -4, -4, -3, -2, -2, -1, 0, 0, 1, 3, 3, 4, 5, 6, 7, 9, 19, 20, 20, 16, 15, 20, 15, 14, 13, 13, 11, 11, 11, 10, 10, 17, 13]
[-9, -9, -8, -7, -5, -5, -4, -4, -3, -2, -2, -1, 0, 0, 1, 3, 3, 4, 5, 6, 7, 9, 16, 20, 20, 19, 15, 20, 15, 14, 13, 13, 11, 11, 11, 10, 10, 17, 13]
[-9, -9, -8, -7, -5, -5, -4, -4, -3, -2, -2, -1, 0, 0, 1, 3, 3, 4, 5, 6, 7, 9, 15, 20, 20, 19, 16, 20, 15, 14, 13, 13, 11, 11, 11, 10, 10, 17, 13]
[-9, -9, -8, -7, -5, -5, -4, -4, -3, -2, -2, -1, 0, 0, 1, 3, 3, 4, 5, 6, 7, 9, 15, 20, 20, 19, 16, 20, 15, 14, 13, 13, 11, 11, 11, 10, 10, 17, 13]
[-9, -9, -8, -7, -5, -5, -4, -4, -3, -2, -2, -1, 0, 0, 1, 3, 3, 4, 5, 6, 7, 9, 14, 20, 20, 19, 16, 20, 15, 15, 13, 13, 11, 11, 11, 10, 10, 17, 13]
[-9, -9, -8, -7, -5, -5, -4, -4, -3, -2, -2, -1, 0, 0, 1, 3, 3, 4, 5, 6, 7, 9, 13, 20, 20, 19, 16, 20, 15, 15, 14, 13, 11, 11, 11, 10, 10, 17, 13]
[-9, -9, -8, -7, -5, -5, -4, -4, -3, -2, -2, -1, 0, 0, 1, 3, 3, 4, 5, 6, 7, 9, 13, 20, 20, 19, 16, 20, 15, 15, 14, 13, 11, 11, 11, 10, 10, 17, 13]
[-9, -9, -8, -7, -5, -5, -4, -4, -3, -2, -2, -1, 0, 0, 1, 3, 3, 4, 5, 6, 7, 9, 11, 20, 20, 19, 16, 20, 15, 15, 14, 13, 13, 11, 11, 10, 10, 17, 13]
[-9, -9, -8, -7, -5, -5, -4, -4, -3, -2, -2, -1, 0, 0, 1, 3, 3, 4, 5, 6, 7, 9, 11, 20, 20, 19, 16, 20, 15, 15, 14, 13, 13, 11, 11, 10, 10, 17, 13]
[-9, -9, -8, -7, -5, -5, -4, -4, -3, -2, -2, -1, 0, 0, 1, 3, 3, 4, 5, 6, 7, 9, 11, 20, 20, 19, 16, 20, 15, 15, 14, 13, 13, 11, 11, 10, 10, 17, 13]
[-9, -9, -8, -7, -5, -5, -4, -4, -3, -2, -2, -1, 0, 0, 1, 3, 3, 4, 5, 6, 7, 9, 10, 20, 20, 19, 16, 20, 15, 15, 14, 13, 13, 11, 11, 11, 10, 17, 13]
[-9, -9, -8, -7, -5, -5, -4, -4, -3, -2, -2, -1, 0, 0, 1, 3, 3, 4, 5, 6, 7, 9, 10, 20, 20, 19, 16, 20, 15, 15, 14, 13, 13, 11, 11, 11, 10, 17, 13]
[-9, -9, -8, -7, -5, -5, -4, -4, -3, -2, -2, -1, 0, 0, 1, 3, 3, 4, 5, 6, 7, 9, 10, 20, 20, 19, 16, 20, 15, 15, 14, 13, 13, 11, 11, 11, 10, 17, 13]
[-9, -9, -8, -7, -5, -5, -4, -4, -3, -2, -2, -1, 0, 0, 1, 3, 3, 4, 5, 6, 7, 9, 10, 19, 20, 20, 16, 20, 15, 15, 14, 13, 13, 11, 11, 11, 10, 17, 13]
[-9, -9, -8, -7, -5, -5, -4, -4, -3, -2, -2, -1, 0, 0, 1, 3, 3, 4, 5, 6, 7, 9, 10, 16, 20, 20, 19, 20, 15, 15, 14, 13, 13, 11, 11, 11, 10, 17, 13]
[-9, -9, -8, -7, -5, -5, -4, -4, -3, -2, -2, -1, 0, 0, 1, 3, 3, 4, 5, 6, 7, 9, 10, 15, 20, 20, 19, 20, 16, 15, 14, 13, 13, 11, 11, 11, 10, 17, 13]
[-9, -9, -8, -7, -5, -5, -4, -4, -3, -2, -2, -1, 0, 0, 1, 3, 3, 4, 5, 6, 7, 9, 10, 15, 20, 20, 19, 20, 16, 15, 14, 13, 13, 11, 11, 11, 10, 17, 13]
[-9, -9, -8, -7, -5, -5, -4, -4, -3, -2, -2, -1, 0, 0, 1, 3, 3, 4, 5, 6, 7, 9, 10, 14, 20, 20, 19, 20, 16, 15, 15, 13, 13, 11, 11, 11, 10, 17, 13]
[-9, -9, -8, -7, -5, -5, -4, -4, -3, -2, -2, -1, 0, 0, 1, 3, 3, 4, 5, 6, 7, 9, 10, 13, 20, 20, 19, 20, 16, 15, 15, 14, 13, 11, 11, 11, 10, 17, 13]
[-9, -9, -8, -7, -5, -5, -4, -4, -3, -2, -2, -1, 0, 0, 1, 3, 3, 4, 5, 6, 7, 9, 10, 13, 20, 20, 19, 20, 16, 15, 15, 14, 13, 11, 11, 11, 10, 17, 13]
[-9, -9, -8, -7, -5, -5, -4, -4, -3, -2, -2, -1, 0, 0, 1, 3, 3, 4, 5, 6, 7, 9, 10, 11, 20, 20, 19, 20, 16, 15, 15, 14, 13, 13, 11, 11, 10, 17, 13]
[-9, -9, -8, -7, -5, -5, -4, -4, -3, -2, -2, -1, 0, 0, 1, 3, 3, 4, 5, 6, 7, 9, 10, 11, 20, 20, 19, 20, 16, 15, 15, 14, 13, 13, 11, 11, 10, 17, 13]
[-9, -9, -8, -7, -5, -5, -4, -4, -3, -2, -2, -1, 0, 0, 1, 3, 3, 4, 5, 6, 7, 9, 10, 11, 20, 20, 19, 20, 16, 15, 15, 14, 13, 13, 11, 11, 10, 17, 13]
[-9, -9, -8, -7, -5, -5, -4, -4, -3, -2, -2, -1, 0, 0, 1, 3, 3, 4, 5, 6, 7, 9, 10, 10, 20, 20, 19, 20, 16, 15, 15, 14, 13, 13, 11, 11, 11, 17, 13]
[-9, -9, -8, -7, -5, -5, -4, -4, -3, -2, -2, -1, 0, 0, 1, 3, 3, 4, 5, 6, 7, 9, 10, 10, 20, 20, 19, 20, 16, 15, 15, 14, 13, 13, 11, 11, 11, 17, 13]
[-9, -9, -8, -7, -5, -5, -4, -4, -3, -2, -2, -1, 0, 0, 1, 3, 3, 4, 5, 6, 7, 9, 10, 10, 19, 20, 20, 20, 16, 15, 15, 14, 13, 13, 11, 11, 11, 17, 13]
[-9, -9, -8, -7, -5, -5, -4, -4, -3, -2, -2, -1, 0, 0, 1, 3, 3, 4, 5, 6, 7, 9, 10, 10, 16, 20, 20, 20, 19, 15, 15, 14, 13, 13, 11, 11, 11, 17, 13]
[-9, -9, -8, -7, -5, -5, -4, -4, -3, -2, -2, -1, 0, 0, 1, 3, 3, 4, 5, 6, 7, 9, 10, 10, 15, 20, 20, 20, 19, 16, 15, 14, 13, 13, 11, 11, 11, 17, 13]
[-9, -9, -8, -7, -5, -5, -4, -4, -3, -2, -2, -1, 0, 0, 1, 3, 3, 4, 5, 6, 7, 9, 10, 10, 15, 20, 20, 20, 19, 16, 15, 14, 13, 13, 11, 11, 11, 17, 13]
[-9, -9, -8, -7, -5, -5, -4, -4, -3, -2, -2, -1, 0, 0, 1, 3, 3, 4, 5, 6, 7, 9, 10, 10, 14, 20, 20, 20, 19, 16, 15, 15, 13, 13, 11, 11, 11, 17, 13]
[-9, -9, -8, -7, -5, -5, -4, -4, -3, -2, -2, -1, 0, 0, 1, 3, 3, 4, 5, 6, 7, 9, 10, 10, 13, 20, 20, 20, 19, 16, 15, 15, 14, 13, 11, 11, 11, 17, 13]
[-9, -9, -8, -7, -5, -5, -4, -4, -3, -2, -2, -1, 0, 0, 1, 3, 3, 4, 5, 6, 7, 9, 10, 10, 13, 20, 20, 20, 19, 16, 15, 15, 14, 13, 11, 11, 11, 17, 13]
[-9, -9, -8, -7, -5, -5, -4, -4, -3, -2, -2, -1, 0, 0, 1, 3, 3, 4, 5, 6, 7, 9, 10, 10, 11, 20, 20, 20, 19, 16, 15, 15, 14, 13, 13, 11, 11, 17, 13]
[-9, -9, -8, -7, -5, -5, -4, -4, -3, -2, -2, -1, 0, 0, 1, 3, 3, 4, 5, 6, 7, 9, 10, 10, 11, 20, 20, 20, 19, 16, 15, 15, 14, 13, 13, 11, 11, 17, 13]
[-9, -9, -8, -7, -5, -5, -4, -4, -3, -2, -2, -1, 0, 0, 1, 3, 3, 4, 5, 6, 7, 9, 10, 10, 11, 20, 20, 20, 19, 16, 15, 15, 14, 13, 13, 11, 11, 17, 13]
[-9, -9, -8, -7, -5, -5, -4, -4, -3, -2, -2, -1, 0, 0, 1, 3, 3, 4, 5, 6, 7, 9, 10, 10, 11, 20, 20, 20, 19, 16, 15, 15, 14, 13, 13, 11, 11, 17, 13]
[-9, -9, -8, -7, -5, -5, -4, -4, -3, -2, -2, -1, 0, 0, 1, 3, 3, 4, 5, 6, 7, 9, 10, 10, 11, 20, 20, 20, 19, 16, 15, 15, 14, 13, 13, 11, 11, 17, 13]
[-9, -9, -8, -7, -5, -5, -4, -4, -3, -2, -2, -1, 0, 0, 1, 3, 3, 4, 5, 6, 7, 9, 10, 10, 11, 19, 20, 20, 20, 16, 15, 15, 14, 13, 13, 11, 11, 17, 13]
[-9, -9, -8, -7, -5, -5, -4, -4, -3, -2, -2, -1, 0, 0, 1, 3, 3, 4, 5, 6, 7, 9, 10, 10, 11, 16, 20, 20, 20, 19, 15, 15, 14, 13, 13, 11, 11, 17, 13]
[-9, -9, -8, -7, -5, -5, -4, -4, -3, -2, -2, -1, 0, 0, 1, 3, 3, 4, 5, 6, 7, 9, 10, 10, 11, 15, 20, 20, 20, 19, 16, 15, 14, 13, 13, 11, 11, 17, 13]
[-9, -9, -8, -7, -5, -5, -4, -4, -3, -2, -2, -1, 0, 0, 1, 3, 3, 4, 5, 6, 7, 9, 10, 10, 11, 15, 20, 20, 20, 19, 16, 15, 14, 13, 13, 11, 11, 17, 13]
[-9, -9, -8, -7, -5, -5, -4, -4, -3, -2, -2, -1, 0, 0, 1, 3, 3, 4, 5, 6, 7, 9, 10, 10, 11, 14, 20, 20, 20, 19, 16, 15, 15, 13, 13, 11, 11, 17, 13]
[-9, -9, -8, -7, -5, -5, -4, -4, -3, -2, -2, -1, 0, 0, 1, 3, 3, 4, 5, 6, 7, 9, 10, 10, 11, 13, 20, 20, 20, 19, 16, 15, 15, 14, 13, 11, 11, 17, 13]
[-9, -9, -8, -7, -5, -5, -4, -4, -3, -2, -2, -1, 0, 0, 1, 3, 3, 4, 5, 6, 7, 9, 10, 10, 11, 13, 20, 20, 20, 19, 16, 15, 15, 14, 13, 11, 11, 17, 13]
[-9, -9, -8, -7, -5, -5, -4, -4, -3, -2, -2, -1, 0, 0, 1, 3, 3, 4, 5, 6, 7, 9, 10, 10, 11, 11, 20, 20, 20, 19, 16, 15, 15, 14, 13, 13, 11, 17, 13]
[-9, -9, -8, -7, -5, -5, -4, -4, -3, -2, -2, -1, 0, 0, 1, 3, 3, 4, 5, 6, 7, 9, 10, 10, 11, 11, 20, 20, 20, 19, 16, 15, 15, 14, 13, 13, 11, 17, 13]
[-9, -9, -8, -7, -5, -5, -4, -4, -3, -2, -2, -1, 0, 0, 1, 3, 3, 4, 5, 6, 7, 9, 10, 10, 11, 11, 20, 20, 20, 19, 16, 15, 15, 14, 13, 13, 11, 17, 13]
[-9, -9, -8, -7, -5, -5, -4, -4, -3, -2, -2, -1, 0, 0, 1, 3, 3, 4, 5, 6, 7, 9, 10, 10, 11, 11, 20, 20, 20, 19, 16, 15, 15, 14, 13, 13, 11, 17, 13]
[-9, -9, -8, -7, -5, -5, -4, -4, -3, -2, -2, -1, 0, 0, 1, 3, 3, 4, 5, 6, 7, 9, 10, 10, 11, 11, 19, 20, 20, 20, 16, 15, 15, 14, 13, 13, 11, 17, 13]
[-9, -9, -8, -7, -5, -5, -4, -4, -3, -2, -2, -1, 0, 0, 1, 3, 3, 4, 5, 6, 7, 9, 10, 10, 11, 11, 16, 20, 20, 20, 19, 15, 15, 14, 13, 13, 11, 17, 13]
[-9, -9, -8, -7, -5, -5, -4, -4, -3, -2, -2, -1, 0, 0, 1, 3, 3, 4, 5, 6, 7, 9, 10, 10, 11, 11, 15, 20, 20, 20, 19, 16, 15, 14, 13, 13, 11, 17, 13]
[-9, -9, -8, -7, -5, -5, -4, -4, -3, -2, -2, -1, 0, 0, 1, 3, 3, 4, 5, 6, 7, 9, 10, 10, 11, 11, 15, 20, 20, 20, 19, 16, 15, 14, 13, 13, 11, 17, 13]
[-9, -9, -8, -7, -5, -5, -4, -4, -3, -2, -2, -1, 0, 0, 1, 3, 3, 4, 5, 6, 7, 9, 10, 10, 11, 11, 14, 20, 20, 20, 19, 16, 15, 15, 13, 13, 11, 17, 13]
[-9, -9, -8, -7, -5, -5, -4, -4, -3, -2, -2, -1, 0, 0, 1, 3, 3, 4, 5, 6, 7, 9, 10, 10, 11, 11, 13, 20, 20, 20, 19, 16, 15, 15, 14, 13, 11, 17, 13]
[-9, -9, -8, -7, -5, -5, -4, -4, -3, -2, -2, -1, 0, 0, 1, 3, 3, 4, 5, 6, 7, 9, 10, 10, 11, 11, 13, 20, 20, 20, 19, 16, 15, 15, 14, 13, 11, 17, 13]
[-9, -9, -8, -7, -5, -5, -4, -4, -3, -2, -2, -1, 0, 0, 1, 3, 3, 4, 5, 6, 7, 9, 10, 10, 11, 11, 11, 20, 20, 20, 19, 16, 15, 15, 14, 13, 13, 17, 13]
[-9, -9, -8, -7, -5, -5, -4, -4, -3, -2, -2, -1, 0, 0, 1, 3, 3, 4, 5, 6, 7, 9, 10, 10, 11, 11, 11, 20, 20, 20, 19, 16, 15, 15, 14, 13, 13, 17, 13]
[-9, -9, -8, -7, -5, -5, -4, -4, -3, -2, -2, -1, 0, 0, 1, 3, 3, 4, 5, 6, 7, 9, 10, 10, 11, 11, 11, 20, 20, 20, 19, 16, 15, 15, 14, 13, 13, 17, 13]
[-9, -9, -8, -7, -5, -5, -4, -4, -3, -2, -2, -1, 0, 0, 1, 3, 3, 4, 5, 6, 7, 9, 10, 10, 11, 11, 11, 19, 20, 20, 20, 16, 15, 15, 14, 13, 13, 17, 13]
[-9, -9, -8, -7, -5, -5, -4, -4, -3, -2, -2, -1, 0, 0, 1, 3, 3, 4, 5, 6, 7, 9, 10, 10, 11, 11, 11, 16, 20, 20, 20, 19, 15, 15, 14, 13, 13, 17, 13]
[-9, -9, -8, -7, -5, -5, -4, -4, -3, -2, -2, -1, 0, 0, 1, 3, 3, 4, 5, 6, 7, 9, 10, 10, 11, 11, 11, 15, 20, 20, 20, 19, 16, 15, 14, 13, 13, 17, 13]
[-9, -9, -8, -7, -5, -5, -4, -4, -3, -2, -2, -1, 0, 0, 1, 3, 3, 4, 5, 6, 7, 9, 10, 10, 11, 11, 11, 15, 20, 20, 20, 19, 16, 15, 14, 13, 13, 17, 13]
[-9, -9, -8, -7, -5, -5, -4, -4, -3, -2, -2, -1, 0, 0, 1, 3, 3, 4, 5, 6, 7, 9, 10, 10, 11, 11, 11, 14, 20, 20, 20, 19, 16, 15, 15, 13, 13, 17, 13]
[-9, -9, -8, -7, -5, -5, -4, -4, -3, -2, -2, -1, 0, 0, 1, 3, 3, 4, 5, 6, 7, 9, 10, 10, 11, 11, 11, 13, 20, 20, 20, 19, 16, 15, 15, 14, 13, 17, 13]
[-9, -9, -8, -7, -5, -5, -4, -4, -3, -2, -2, -1, 0, 0, 1, 3, 3, 4, 5, 6, 7, 9, 10, 10, 11, 11, 11, 13, 20, 20, 20, 19, 16, 15, 15, 14, 13, 17, 13]
[-9, -9, -8, -7, -5, -5, -4, -4, -3, -2, -2, -1, 0, 0, 1, 3, 3, 4, 5, 6, 7, 9, 10, 10, 11, 11, 11, 13, 20, 20, 20, 19, 16, 15, 15, 14, 13, 17, 13]
[-9, -9, -8, -7, -5, -5, -4, -4, -3, -2, -2, -1, 0, 0, 1, 3, 3, 4, 5, 6, 7, 9, 10, 10, 11, 11, 11, 13, 20, 20, 20, 19, 16, 15, 15, 14, 13, 17, 13]
[-9, -9, -8, -7, -5, -5, -4, -4, -3, -2, -2, -1, 0, 0, 1, 3, 3, 4, 5, 6, 7, 9, 10, 10, 11, 11, 11, 13, 20, 20, 20, 19, 16, 15, 15, 14, 13, 17, 13]
[-9, -9, -8, -7, -5, -5, -4, -4, -3, -2, -2, -1, 0, 0, 1, 3, 3, 4, 5, 6, 7, 9, 10, 10, 11, 11, 11, 13, 19, 20, 20, 20, 16, 15, 15, 14, 13, 17, 13]
[-9, -9, -8, -7, -5, -5, -4, -4, -3, -2, -2, -1, 0, 0, 1, 3, 3, 4, 5, 6, 7, 9, 10, 10, 11, 11, 11, 13, 16, 20, 20, 20, 19, 15, 15, 14, 13, 17, 13]
[-9, -9, -8, -7, -5, -5, -4, -4, -3, -2, -2, -1, 0, 0, 1, 3, 3, 4, 5, 6, 7, 9, 10, 10, 11, 11, 11, 13, 15, 20, 20, 20, 19, 16, 15, 14, 13, 17, 13]
[-9, -9, -8, -7, -5, -5, -4, -4, -3, -2, -2, -1, 0, 0, 1, 3, 3, 4, 5, 6, 7, 9, 10, 10, 11, 11, 11, 13, 15, 20, 20, 20, 19, 16, 15, 14, 13, 17, 13]
[-9, -9, -8, -7, -5, -5, -4, -4, -3, -2, -2, -1, 0, 0, 1, 3, 3, 4, 5, 6, 7, 9, 10, 10, 11, 11, 11, 13, 14, 20, 20, 20, 19, 16, 15, 15, 13, 17, 13]
[-9, -9, -8, -7, -5, -5, -4, -4, -3, -2, -2, -1, 0, 0, 1, 3, 3, 4, 5, 6, 7, 9, 10, 10, 11, 11, 11, 13, 13, 20, 20, 20, 19, 16, 15, 15, 14, 17, 13]
[-9, -9, -8, -7, -5, -5, -4, -4, -3, -2, -2, -1, 0, 0, 1, 3, 3, 4, 5, 6, 7, 9, 10, 10, 11, 11, 11, 13, 13, 20, 20, 20, 19, 16, 15, 15, 14, 17, 13]
[-9, -9, -8, -7, -5, -5, -4, -4, -3, -2, -2, -1, 0, 0, 1, 3, 3, 4, 5, 6, 7, 9, 10, 10, 11, 11, 11, 13, 13, 20, 20, 20, 19, 16, 15, 15, 14, 17, 13]
[-9, -9, -8, -7, -5, -5, -4, -4, -3, -2, -2, -1, 0, 0, 1, 3, 3, 4, 5, 6, 7, 9, 10, 10, 11, 11, 11, 13, 13, 20, 20, 20, 19, 16, 15, 15, 14, 17, 13]
[-9, -9, -8, -7, -5, -5, -4, -4, -3, -2, -2, -1, 0, 0, 1, 3, 3, 4, 5, 6, 7, 9, 10, 10, 11, 11, 11, 13, 13, 19, 20, 20, 20, 16, 15, 15, 14, 17, 13]
[-9, -9, -8, -7, -5, -5, -4, -4, -3, -2, -2, -1, 0, 0, 1, 3, 3, 4, 5, 6, 7, 9, 10, 10, 11, 11, 11, 13, 13, 16, 20, 20, 20, 19, 15, 15, 14, 17, 13]
[-9, -9, -8, -7, -5, -5, -4, -4, -3, -2, -2, -1, 0, 0, 1, 3, 3, 4, 5, 6, 7, 9, 10, 10, 11, 11, 11, 13, 13, 15, 20, 20, 20, 19, 16, 15, 14, 17, 13]
[-9, -9, -8, -7, -5, -5, -4, -4, -3, -2, -2, -1, 0, 0, 1, 3, 3, 4, 5, 6, 7, 9, 10, 10, 11, 11, 11, 13, 13, 15, 20, 20, 20, 19, 16, 15, 14, 17, 13]
[-9, -9, -8, -7, -5, -5, -4, -4, -3, -2, -2, -1, 0, 0, 1, 3, 3, 4, 5, 6, 7, 9, 10, 10, 11, 11, 11, 13, 13, 14, 20, 20, 20, 19, 16, 15, 15, 17, 13]
[-9, -9, -8, -7, -5, -5, -4, -4, -3, -2, -2, -1, 0, 0, 1, 3, 3, 4, 5, 6, 7, 9, 10, 10, 11, 11, 11, 13, 13, 13, 20, 20, 20, 19, 16, 15, 15, 17, 14]
[-9, -9, -8, -7, -5, -5, -4, -4, -3, -2, -2, -1, 0, 0, 1, 3, 3, 4, 5, 6, 7, 9, 10, 10, 11, 11, 11, 13, 13, 13, 20, 20, 20, 19, 16, 15, 15, 17, 14]
[-9, -9, -8, -7, -5, -5, -4, -4, -3, -2, -2, -1, 0, 0, 1, 3, 3, 4, 5, 6, 7, 9, 10, 10, 11, 11, 11, 13, 13, 13, 20, 20, 20, 19, 16, 15, 15, 17, 14]
[-9, -9, -8, -7, -5, -5, -4, -4, -3, -2, -2, -1, 0, 0, 1, 3, 3, 4, 5, 6, 7, 9, 10, 10, 11, 11, 11, 13, 13, 13, 19, 20, 20, 20, 16, 15, 15, 17, 14]
[-9, -9, -8, -7, -5, -5, -4, -4, -3, -2, -2, -1, 0, 0, 1, 3, 3, 4, 5, 6, 7, 9, 10, 10, 11, 11, 11, 13, 13, 13, 16, 20, 20, 20, 19, 15, 15, 17, 14]
[-9, -9, -8, -7, -5, -5, -4, -4, -3, -2, -2, -1, 0, 0, 1, 3, 3, 4, 5, 6, 7, 9, 10, 10, 11, 11, 11, 13, 13, 13, 15, 20, 20, 20, 19, 16, 15, 17, 14]
[-9, -9, -8, -7, -5, -5, -4, -4, -3, -2, -2, -1, 0, 0, 1, 3, 3, 4, 5, 6, 7, 9, 10, 10, 11, 11, 11, 13, 13, 13, 15, 20, 20, 20, 19, 16, 15, 17, 14]
[-9, -9, -8, -7, -5, -5, -4, -4, -3, -2, -2, -1, 0, 0, 1, 3, 3, 4, 5, 6, 7, 9, 10, 10, 11, 11, 11, 13, 13, 13, 14, 20, 20, 20, 19, 16, 15, 17, 15]
[-9, -9, -8, -7, -5, -5, -4, -4, -3, -2, -2, -1, 0, 0, 1, 3, 3, 4, 5, 6, 7, 9, 10, 10, 11, 11, 11, 13, 13, 13, 14, 20, 20, 20, 19, 16, 15, 17, 15]
[-9, -9, -8, -7, -5, -5, -4, -4, -3, -2, -2, -1, 0, 0, 1, 3, 3, 4, 5, 6, 7, 9, 10, 10, 11, 11, 11, 13, 13, 13, 14, 20, 20, 20, 19, 16, 15, 17, 15]
[-9, -9, -8, -7, -5, -5, -4, -4, -3, -2, -2, -1, 0, 0, 1, 3, 3, 4, 5, 6, 7, 9, 10, 10, 11, 11, 11, 13, 13, 13, 14, 19, 20, 20, 20, 16, 15, 17, 15]
[-9, -9, -8, -7, -5, -5, -4, -4, -3, -2, -2, -1, 0, 0, 1, 3, 3, 4, 5, 6, 7, 9, 10, 10, 11, 11, 11, 13, 13, 13, 14, 16, 20, 20, 20, 19, 15, 17, 15]
[-9, -9, -8, -7, -5, -5, -4, -4, -3, -2, -2, -1, 0, 0, 1, 3, 3, 4, 5, 6, 7, 9, 10, 10, 11, 11, 11, 13, 13, 13, 14, 15, 20, 20, 20, 19, 16, 17, 15]
[-9, -9, -8, -7, -5, -5, -4, -4, -3, -2, -2, -1, 0, 0, 1, 3, 3, 4, 5, 6, 7, 9, 10, 10, 11, 11, 11, 13, 13, 13, 14, 15, 20, 20, 20, 19, 16, 17, 15]
[-9, -9, -8, -7, -5, -5, -4, -4, -3, -2, -2, -1, 0, 0, 1, 3, 3, 4, 5, 6, 7, 9, 10, 10, 11, 11, 11, 13, 13, 13, 14, 15, 20, 20, 20, 19, 16, 17, 15]
[-9, -9, -8, -7, -5, -5, -4, -4, -3, -2, -2, -1, 0, 0, 1, 3, 3, 4, 5, 6, 7, 9, 10, 10, 11, 11, 11, 13, 13, 13, 14, 15, 20, 20, 20, 19, 16, 17, 15]
[-9, -9, -8, -7, -5, -5, -4, -4, -3, -2, -2, -1, 0, 0, 1, 3, 3, 4, 5, 6, 7, 9, 10, 10, 11, 11, 11, 13, 13, 13, 14, 15, 19, 20, 20, 20, 16, 17, 15]
[-9, -9, -8, -7, -5, -5, -4, -4, -3, -2, -2, -1, 0, 0, 1, 3, 3, 4, 5, 6, 7, 9, 10, 10, 11, 11, 11, 13, 13, 13, 14, 15, 16, 20, 20, 20, 19, 17, 15]
[-9, -9, -8, -7, -5, -5, -4, -4, -3, -2, -2, -1, 0, 0, 1, 3, 3, 4, 5, 6, 7, 9, 10, 10, 11, 11, 11, 13, 13, 13, 14, 15, 15, 20, 20, 20, 19, 17, 16]
[-9, -9, -8, -7, -5, -5, -4, -4, -3, -2, -2, -1, 0, 0, 1, 3, 3, 4, 5, 6, 7, 9, 10, 10, 11, 11, 11, 13, 13, 13, 14, 15, 15, 20, 20, 20, 19, 17, 16]
[-9, -9, -8, -7, -5, -5, -4, -4, -3, -2, -2, -1, 0, 0, 1, 3, 3, 4, 5, 6, 7, 9, 10, 10, 11, 11, 11, 13, 13, 13, 14, 15, 15, 20, 20, 20, 19, 17, 16]
[-9, -9, -8, -7, -5, -5, -4, -4, -3, -2, -2, -1, 0, 0, 1, 3, 3, 4, 5, 6, 7, 9, 10, 10, 11, 11, 11, 13, 13, 13, 14, 15, 15, 19, 20, 20, 20, 17, 16]
[-9, -9, -8, -7, -5, -5, -4, -4, -3, -2, -2, -1, 0, 0, 1, 3, 3, 4, 5, 6, 7, 9, 10, 10, 11, 11, 11, 13, 13, 13, 14, 15, 15, 17, 20, 20, 20, 19, 16]
[-9, -9, -8, -7, -5, -5, -4, -4, -3, -2, -2, -1, 0, 0, 1, 3, 3, 4, 5, 6, 7, 9, 10, 10, 11, 11, 11, 13, 13, 13, 14, 15, 15, 16, 20, 20, 20, 19, 17]
[-9, -9, -8, -7, -5, -5, -4, -4, -3, -2, -2, -1, 0, 0, 1, 3, 3, 4, 5, 6, 7, 9, 10, 10, 11, 11, 11, 13, 13, 13, 14, 15, 15, 16, 20, 20, 20, 19, 17]
[-9, -9, -8, -7, -5, -5, -4, -4, -3, -2, -2, -1, 0, 0, 1, 3, 3, 4, 5, 6, 7, 9, 10, 10, 11, 11, 11, 13, 13, 13, 14, 15, 15, 16, 20, 20, 20, 19, 17]
[-9, -9, -8, -7, -5, -5, -4, -4, -3, -2, -2, -1, 0, 0, 1, 3, 3, 4, 5, 6, 7, 9, 10, 10, 11, 11, 11, 13, 13, 13, 14, 15, 15, 16, 19, 20, 20, 20, 17]
[-9, -9, -8, -7, -5, -5, -4, -4, -3, -2, -2, -1, 0, 0, 1, 3, 3, 4, 5, 6, 7, 9, 10, 10, 11, 11, 11, 13, 13, 13, 14, 15, 15, 16, 17, 20, 20, 20, 19]
[-9, -9, -8, -7, -5, -5, -4, -4, -3, -2, -2, -1, 0, 0, 1, 3, 3, 4, 5, 6, 7, 9, 10, 10, 11, 11, 11, 13, 13, 13, 14, 15, 15, 16, 17, 20, 20, 20, 19]
[-9, -9, -8, -7, -5, -5, -4, -4, -3, -2, -2, -1, 0, 0, 1, 3, 3, 4, 5, 6, 7, 9, 10, 10, 11, 11, 11, 13, 13, 13, 14, 15, 15, 16, 17, 20, 20, 20, 19]
[-9, -9, -8, -7, -5, -5, -4, -4, -3, -2, -2, -1, 0, 0, 1, 3, 3, 4, 5, 6, 7, 9, 10, 10, 11, 11, 11, 13, 13, 13, 14, 15, 15, 16, 17, 19, 20, 20, 20]
[-9, -9, -8, -7, -5, -5, -4, -4, -3, -2, -2, -1, 0, 0, 1, 3, 3, 4, 5, 6, 7, 9, 10, 10, 11, 11, 11, 13, 13, 13, 14, 15, 15, 16, 17, 19, 20, 20, 20]
[-9, -9, -8, -7, -5, -5, -4, -4, -3, -2, -2, -1, 0, 0, 1, 3, 3, 4, 5, 6, 7, 9, 10, 10, 11, 11, 11, 13, 13, 13, 14, 15, 15, 16, 17, 19, 20, 20, 20]
[-9, -9, -8, -7, -5, -5, -4, -4, -3, -2, -2, -1, 0, 0, 1, 3, 3, 4, 5, 6, 7, 9, 10, 10, 11, 11, 11, 13, 13, 13, 14, 15, 15, 16, 17, 19, 20, 20, 20]
[-3, 10, 5, 7, 14, 17, 1, -7, -4, 0, -4, 8, -4, 0, 18, -8, 18, -1, 2, 2, 4]
[-7, 10, 5, 7, 14, 17, 1, -3, -4, 0, -4, 8, -4, 0, 18, -8, 18, -1, 2, 2, 4]
[-8, 10, 5, 7, 14, 17, 1, -3, -4, 0, -4, 8, -4, 0, 18, -7, 18, -1, 2, 2, 4]
[-8, 5, 10, 7, 14, 17, 1, -3, -4, 0, -4, 8, -4, 0, 18, -7, 18, -1, 2, 2, 4]
[-8, 1, 10, 7, 14, 17, 5, -3, -4, 0, -4, 8, -4, 0, 18, -7, 18, -1, 2, 2, 4]
[-8, -3, 10, 7, 14, 17, 5, 1, -4, 0, -4, 8, -4, 0, 18, -7, 18, -1, 2, 2, 4]
[-8, -4, 10, 7, 14, 17, 5, 1, -3, 0, -4, 8, -4, 0, 18, -7, 18, -1, 2, 2, 4]
[-8, -4, 10, 7, 14, 17, 5, 1, -3, 0, -4, 8, -4, 0, 18, -7, 18, -1, 2, 2, 4]
[-8, -4, 10, 7, 14, 17, 5, 1, -3, 0, -4, 8, -4, 0, 18, -7, 18, -1, 2, 2, 4]
[-8, -7, 10, 7, 14, 17, 5, 1, -3, 0, -4, 8, -4, 0, 18, -4, 18, -1, 2, 2, 4]
[-8, -7, 7, 10, 14, 17, 5, 1, -3, 0, -4, 8, -4, 0, 18, -4, 18, -1, 2, 2, 4]
[-8, -7, 5, 10, 14, 17, 7, 1, -3, 0, -4, 8, -4, 0, 18, -4, 18, -1, 2, 2, 4]
[-8, -7, 1, 10, 14, 17, 7, 5, -3, 0, -4, 8, -4, 0, 18, -4, 18, -1, 2, 2, 4]
[-8, -7, -3, 10, 14, 17, 7, 5, 1, 0, -4, 8, -4, 0, 18, -4, 18, -1, 2, 2, 4]
[-8, -7, -4, 10, 14, 17, 7, 5, 1, 0, -3, 8, -4, 0, 18, -4, 18, -1, 2, 2, 4]
[-8, -7, -4, 10, 14, 17, 7, 5, 1, 0, -3, 8, -4, 0, 18, -4, 18, -1, 2, 2, 4]
[-8, -7, -4, 10, 14, 17, 7, 5, 1, 0, -3, 8, -4, 0, 18, -4, 18, -1, 2, 2, 4]
[-8, -7, -4, 7, 14, 17, 10, 5, 1, 0, -3, 8, -4, 0, 18, -4, 18, -1, 2, 2, 4]
[-8, -7, -4, 5, 14, 17, 10, 7, 1, 0, -3, 8, -4, 0, 18, -4, 18, -1, 2, 2, 4]
[-8, -7, -4, 1, 14, 17, 10, 7, 5, 0, -3, 8, -4, 0, 18, -4, 18, -1, 2, 2, 4]
[-8, -7, -4, 0, 14, 17, 10, 7, 5, 1, -3, 8, -4, 0, 18, -4, 18, -1, 2, 2, 4]
[-8, -7, -4, -3, 14, 17, 10, 7, 5, 1, 0, 8, -4, 0, 18, -4, 18, -1, 2, 2, 4]
[-8, -7, -4, -4, 14, 17, 10, 7, 5, 1, 0, 8, -3, 0, 18, -4, 18, -1, 2, 2, 4]
[-8, -7, -4, -4, 14, 17, 10, 7, 5, 1, 0, 8, -3, 0, 18, -4, 18, -1, 2, 2, 4]
[-8, -7, -4, -4, 10, 17, 14, 7, 5, 1, 0, 8, -3, 0, 18, -4, 18, -1, 2, 2, 4]
[-8, -7, -4, -4, 7, 17, 14, 10, 5, 1, 0, 8, -3, 0, 18, -4, 18, -1, 2, 2, 4]
[-8, -7, -4, -4, 5, 17, 14, 10, 7, 1, 0, 8, -3, 0, 18, -4, 18, -1, 2, 2, 4]
[-8, -7, -4, -4, 1, 17, 14, 10, 7, 5, 0, 8, -3, 0, 18, -4, 18, -1, 2, 2, 4]
[-8, -7, -4, -4, 0, 17, 14, 10, 7, 5, 1, 8, -3, 0, 18, -4, 18, -1, 2, 2, 4]
[-8, -7, -4, -4, -3, 17, 14, 10, 7, 5, 1, 8, 0, 0, 18, -4, 18, -1, 2, 2, 4]
[-8, -7, -4, -4, -4, 17, 14, 10, 7, 5, 1, 8, 0, 0, 18, -3, 18, -1, 2, 2, 4]
[-8, -7, -4, -4, -4, 14, 17, 10, 7, 5, 1, 8, 0, 0, 18, -3, 18, -1, 2, 2, 4]
[-8, -7, -4, -4, -4, 10, 17, 14, 7, 5, 1, 8, 0, 0, 18, -3, 18, -1, 2, 2, 4]
[-8, -7, -4, -4, -4, 7, 17, 14, 10, 5, 1, 8, 0, 0, 18, -3, 18, -1, 2, 2, 4]
[-8, -7, -4, -4, -4, 5, 17, 14, 10, 7, 1, 8, 0, 0, 18, -3, 18, -1, 2, 2, 4]
[-8, -7, -4, -4, -4, 1, 17, 14, 10, 7, 5, 8, 0, 0, 18, -3, 18, -1, 2, 2, 4]
[-8, -7, -4, -4, -4, 0, 17, 14, 10, 7, 5, 8, 1, 0, 18, -3, 18, -1, 2, 2, 4]
[-8, -7, -4, -4, -4, 0, 17, 14, 10, 7, 5, 8, 1, 0, 18, -3, 18, -1, 2, 2, 4]
[-8, -7, -4, -4, -4, -3, 17, 14, 10, 7, 5, 8, 1, 0, 18, 0, 18, -1, 2, 2, 4]
[-8, -7, -4, -4, -4, -3, 14, 17, 10, 7, 5, 8, 1, 0, 18, 0, 18, -1, 2, 2, 4]
[-8, -7, -4, -4, -4, -3, 10, 17, 14, 7, 5, 8, 1, 0, 18, 0, 18, -1, 2, 2, 4]
[-8, -7, -4, -4, -4, -3, 7, 17, 14, 10, 5, 8, 1, 0, 18, 0, 18, -1, 2, 2, 4]
[-8, -7, -4, -4, -4, -3, 5, 17, 14, 10, 7, 8, 1, 0, 18, 0, 18, -1, 2, 2, 4]
[-8, -7, -4, -4, -4, -3, 1, 17, 14, 10, 7, 8, 5, 0, 18, 0, 18, -1, 2, 2, 4]
[-8, -7, -4, -4, -4, -3, 0, 17, 14, 10, 7, 8, 5, 1, 18, 0, 18, -1, 2, 2, 4]
[-8, -7, -4, -4, -4, -3, 0, 17, 14, 10, 7, 8, 5, 1, 18, 0, 18, -1, 2, 2, 4]
[-8, -7, -4, -4, -4, -3, -1, 17, 14, 10, 7, 8, 5, 1, 18, 0, 18, 0, 2, 2, 4]
[-8, -7, -4, -4, -4, -3, -1, 14, 17, 10, 7, 8, 5, 1, 18, 0, 18, 0, 2, 2, 4]
[-8, -7, -4, -4, -4, -3, -1, 10, 17, 14, 7, 8, 5, 1, 18, 0, 18, 0, 2, 2, 4]
[-8, -7, -4, -4, -4, -3, -1, 7, 17, 14, 10, 8, 5, 1, 18, 0, 18, 0, 2, 2, 4]
[-8, -7, -4, -4, -4, -3, -1, 5, 17, 14, 10, 8, 7, 1, 18, 0, 18, 0, 2, 2, 4]
[-8, -7, -4, -4, -4, -3, -1, 1, 17, 14, 10, 8, 7, 5, 18, 0, 18, 0, 2, 2, 4]
[-8, -7, -4, -4, -4, -3, -1, 0, 17, 14, 10, 8, 7, 5, 18, 1, 18, 0, 2, 2, 4]
[-8, -7, -4, -4, -4, -3, -1, 0, 17, 14, 10, 8, 7, 5, 18, 1, 18, 0, 2, 2, 4]
[-8, -7, -4, -4, -4, -3, -1, 0, 14, 17, 10, 8, 7, 5, 18, 1, 18, 0, 2, 2, 4]
[-8, -7, -4, -4, -4, -3, -1, 0, 10, 17, 14, 8, 7, 5, 18, 1, 18, 0, 2, 2, 4]
[-8, -7, -4, -4, -4, -3, -1, 0, 8, 17, 14, 10, 7, 5, 18, 1, 18, 0, 2, 2, 4]
[-8, -7, -4, -4, -4, -3, -1, 0, 7, 17, 14, 10, 8, 5, 18, 1, 18, 0, 2, 2, 4]
[-8, -7, -4, -4, -4, -3, -1, 0, 5, 17, 14, 10, 8, 7, 18, 1, 18, 0, 2, 2, 4]
[-8, -7, -4, -4, -4, -3, -1, 0, 1, 17, 14, 10, 8, 7, 18, 5, 18, 0, 2, 2, 4]
[-8, -7, -4, -4, -4, -3, -1, 0, 0, 17, 14, 10, 8, 7, 18, 5, 18, 1, 2, 2, 4]
[-8, -7, -4, -4, -4, -3, -1, 0, 0, 14, 17, 10, 8, 7, 18, 5, 18, 1, 2, 2, 4]
[-8, -7, -4, -4, -4, -3, -1, 0, 0, 10, 17, 14, 8, 7, 18, 5, 18, 1, 2, 2, 4]
[-8, -7, -4, -4, -4, -3, -1, 0, 0, 8, 17, 14, 10, 7, 18, 5, 18, 1, 2, 2, 4]
[-8, -7, -4, -4, -4, -3, -1, 0, 0, 7, 17, 14, 10, 8, 18, 5, 18, 1, 2, 2, 4]
[-8, -7, -4, -4, -4, -3, -1, 0, 0, 5, 17, 14, 10, 8, 18, 7, 18, 1, 2, 2, 4]
[-8, -7, -4, -4, -4, -3, -1, 0, 0, 1, 17, 14, 10, 8, 18, 7, 18, 5, 2, 2, 4]
[-8, -7, -4, -4, -4, -3, -1, 0, 0, 1, 14, 17, 10, 8, 18, 7, 18, 5, 2, 2, 4]
[-8, -7, -4, -4, -4, -3, -1, 0, 0, 1, 10, 17, 14, 8, 18, 7, 18, 5, 2, 2, 4]
[-8, -7, -4, -4, -4, -3, -1, 0, 0, 1, 8, 17, 14, 10, 18, 7, 18, 5, 2, 2, 4]
[-8, -7, -4, -4, -4, -3, -1, 0, 0, 1, 7, 17, 14, 10, 18, 8, 18, 5, 2, 2, 4]
[-8, -7, -4, -4, -4, -3, -1, 0, 0, 1, 5, 17, 14, 10, 18, 8, 18, 7, 2, 2, 4]
[-8, -7, -4, -4, -4, -3, -1, 0, 0, 1, 2, 17, 14, 10, 18, 8, 18, 7, 5, 2, 4]
[-8, -7, -4, -4, -4, -3, -1, 0, 0, 1, 2, 17, 14, 10, 18, 8, 18, 7, 5, 2, 4]
[-8, -7, -4, -4, -4, -3, -1, 0, 0, 1, 2, 14, 17, 10, 18, 8, 18, 7, 5, 2, 4]
[-8, -7, -4, -4, -4, -3, -1, 0, 0, 1, 2, 10, 17, 14, 18, 8, 18, 7, 5, 2, 4]
[-8, -7, -4, -4, -4, -3, -1, 0, 0, 1, 2, 8, 17, 14, 18, 10, 18, 7, 5, 2, 4]
[-8, -7, -4, -4, -4, -3, -1, 0, 0, 1, 2, 7, 17, 14, 18, 10, 18, 8, 5, 2, 4]
[-8, -7, -4, -4, -4, -3, -1, 0, 0, 1, 2, 5, 17, 14, 18, 10, 18, 8, 7, 2, 4]
[-8, -7, -4, -4, -4, -3, -1, 0, 0, 1, 2, 2, 17, 14, 18, 10, 18, 8, 7, 5, 4]
[-8, -7, -4, -4, -4, -3, -1, 0, 0, 1, 2, 2, 14, 17, 18, 10, 18, 8, 7, 5, 4]
[-8, -7, -4, -4, -4, -3, -1, 0, 0, 1, 2, 2, 10, 17, 18, 14, 18, 8, 7, 5, 4]
[-8, -7, -4, -4, -4, -3, -1, 0, 0, 1, 2, 2, 8, 17, 18, 14, 18, 10, 7, 5, 4]
[-8, -7, -4, -4, -4, -3, -1, 0, 0, 1, 2, 2, 7, 17, 18, 14, 18, 10, 8, 5, 4]
[-8, -7, -4, -4, -4, -3, -1, 0, 0, 1, 2, 2, 5, 17, 18, 14, 18, 10, 8, 7, 4]
[-8, -7, -4, -4, -4, -3, -1, 0, 0, 1, 2, 2, 4, 17, 18, 14, 18, 10, 8, 7, 5]
[-8, -7, -4, -4, -4, -3, -1, 0, 0, 1, 2, 2, 4, 14, 18, 17, 18, 10, 8, 7, 5]
[-8, -7, -4, -4, -4, -3, -1, 0, 0, 1, 2, 2, 4, 10, 18, 17, 18, 14, 8, 7, 5]
[-8, -7, -4, -4, -4, -3, -1, 0, 0, 1, 2, 2, 4, 8, 18, 17, 18, 14, 10, 7, 5]
[-8, -7, -4, -4, -4, -3, -1, 0, 0, 1, 2, 2, 4, 7, 18, 17, 18, 14, 10, 8, 5]
[-8, -7, -4, -4, -4, -3, -1, 0, 0, 1, 2, 2, 4, 5, 18, 17, 18, 14, 10, 8, 7]
[-8, -7, -4, -4, -4, -3, -1, 0, 0, 1, 2, 2, 4, 5, 17, 18, 18, 14, 10, 8, 7]
[-8, -7, -4, -4, -4, -3, -1, 0, 0, 1, 2, 2, 4, 5, 14, 18, 18, 17, 10, 8, 7]
[-8, -7, -4, -4, -4, -3, -1, 0, 0, 1, 2, 2, 4, 5, 10, 18, 18, 17, 14, 8, 7]
[-8, -7, -4, -4, -4, -3, -1, 0, 0, 1, 2, 2, 4, 5, 8, 18, 18, 17, 14, 10, 7]
[-8, -7, -4, -4, -4, -3, -1, 0, 0, 1, 2, 2, 4, 5, 7, 18, 18, 17, 14, 10, 8]
[-8, -7, -4, -4, -4, -3, -1, 0, 0, 1, 2, 2, 4, 5, 7, 18, 18, 17, 14, 10, 8]
[-8, -7, -4, -4, -4, -3, -1, 0, 0, 1, 2, 2, 4, 5, 7, 17, 18, 18, 14, 10, 8]
[-8, -7, -4, -4, -4, -3, -1, 0, 0, 1, 2, 2, 4, 5, 7, 14, 18, 18, 17, 10, 8]
[-8, -7, -4, -4, -4, -3, -1, 0, 0, 1, 2, 2, 4, 5, 7, 10, 18, 18, 17, 14, 8]
[-8, -7, -4, -4, -4, -3, -1, 0, 0, 1, 2, 2, 4, 5, 7, 8, 18, 18, 17, 14, 10]
[-8, -7, -4, -4, -4, -3, -1, 0, 0, 1, 2, 2, 4, 5, 7, 8, 18, 18, 17, 14, 10]
[-8, -7, -4, -4, -4, -3, -1, 0, 0, 1, 2, 2, 4, 5, 7, 8, 17, 18, 18, 14, 10]
[-8, -7, -4, -4, -4, -3, -1, 0, 0, 1, 2, 2, 4, 5, 7, 8, 14, 18, 18, 17, 10]
[-8, -7, -4, -4, -4, -3, -1, 0, 0, 1, 2, 2, 4, 5, 7, 8, 10, 18, 18, 17, 14]
[-8, -7, -4, -4, -4, -3, -1, 0, 0, 1, 2, 2, 4, 5, 7, 8, 10, 18, 18, 17, 14]
[-8, -7, -4, -4, -4, -3, -1, 0, 0, 1, 2, 2, 4, 5, 7, 8, 10, 17, 18, 18, 14]
[-8, -7, -4, -4, -4, -3, -1, 0, 0, 1, 2, 2, 4, 5, 7, 8, 10, 14, 18, 18, 17]
[-8, -7, -4, -4, -4, -3, -1, 0, 0, 1, 2, 2, 4, 5, 7, 8, 10, 14, 18, 18, 17]
[-8, -7, -4, -4, -4, -3, -1, 0, 0, 1, 2, 2, 4, 5, 7, 8, 10, 14, 17, 18, 18]
[-8, -7, -4, -4, -4, -3, -1, 0, 0, 1, 2, 2, 4, 5, 7, 8, 10, 14, 17, 18, 18]
[19, 1, -4, 1, -8, 8, 1, 1, -7, 18, -1, 13, -8, 5, 11, 20, 0, 2, 15, 2, 19, 19, -1, 20, -4, -2, 6, -2, 15, 12, 3, 6, 6, 14, 6, 0]
[1, 19, -4, 1, -8, 8, 1, 1, -7, 18, -1, 13, -8, 5, 11, 20, 0, 2, 15, 2, 19, 19, -1, 20, -4, -2, 6, -2, 15, 12, 3, 6, 6, 14, 6, 0]
[-4, 19, 1, 1, -8, 8, 1, 1, -7, 18, -1, 13, -8, 5, 11, 20, 0, 2, 15, 2, 19, 19, -1, 20, -4, -2, 6, -2, 15, 12, 3, 6, 6, 14, 6, 0]
[-8, 19, 1, 1, -4, 8, 1, 1, -7, 18, -1, 13, -8, 5, 11, 20, 0, 2, 15, 2, 19, 19, -1, 20, -4, -2, 6, -2, 15, 12, 3, 6, 6, 14, 6, 0]
[-8, 19, 1, 1, -4, 8, 1, 1, -7, 18, -1, 13, -8, 5, 11, 20, 0, 2, 15, 2, 19, 19, -1, 20, -4, -2, 6, -2, 15, 12, 3, 6, 6, 14, 6, 0]
[-8, 1, 19, 1, -4, 8, 1, 1, -7, 18, -1, 13, -8, 5, 11, 20, 0, 2, 15, 2, 19, 19, -1, 20, -4, -2, 6, -2, 15, 12, 3, 6, 6, 14, 6, 0]
[-8, 1, 19, 1, -4, 8, 1, 1, -7, 18, -1, 13, -8, 5, 11, 20, 0, 2, 15, 2, 19, 19, -1, 20, -4, -2, 6, -2, 15, 12, 3, 6, 6, 14, 6, 0]
[-8, -4, 19, 1, 1, 8, 1, 1, -7, 18, -1, 13, -8, 5, 11, 20, 0, 2, 15, 2, 19, 19, -1, 20, -4, -2, 6, -2, 15, 12, 3, 6, 6, 14, 6, 0]
[-8, -7, 19, 1, 1, 8, 1, 1, -4, 18, -1, 13, -8, 5, 11, 20, 0, 2, 15, 2, 19, 19, -1, 20, -4, -2, 6, -2, 15, 12, 3, 6, 6, 14, 6, 0]
[-8, -8, 19, 1, 1, 8, 1, 1, -4, 18, -1, 13, -7, 5, 11, 20, 0, 2, 15, 2, 19, 19, -1, 20, -4, -2, 6, -2, 15, 12, 3, 6, 6, 14, 6, 0]
[-8, -8, 1, 19, 1, 8, 1, 1, -4, 18, -1, 13, -7, 5, 11, 20, 0, 2, 15, 2, 19, 19, -1, 20, -4, -2, 6, -2, 15, 12, 3, 6, 6, 14, 6, 0]
[-8, -8, 1, 19, 1, 8, 1, 1, -4, 18, -1, 13, -7, 5, 11, 20, 0, 2, 15, 2, 19, 19, -1, 20, -4, -2, 6, -2, 15, 12, 3, 6, 6, 14, 6, 0]
[-8, -8, 1, 19, 1, 8, 1, 1, -4, 18, -1, 13, -7, 5, 11, 20, 0, 2, 15, 2, 19, 19, -1, 20, -4, -2, 6, -2, 15, 12, 3, 6, 6, 14, 6, 0]
[-8, -8, 1, 19, 1, 8, 1, 1, -4, 18, -1, 13, -7, 5, 11, 20, 0, 2, 15, 2, 19, 19, -1, 20, -4, -2, 6, -2, 15, 12, 3, 6, 6, 14, 6, 0]
[-8, -8, -4, 19, 1, 8, 1, 1, 1, 18, -1, 13, -7, 5, 11, 20, 0, 2, 15, 2, 19, 19, -1, 20, -4, -2, 6, -2, 15, 12, 3, 6, 6, 14, 6, 0]
[-8, -8, -7, 19, 1, 8, 1, 1, 1, 18, -1, 13, -4, 5, 11, 20, 0, 2, 15, 2, 19, 19, -1, 20, -4, -2, 6, -2, 15, 12, 3, 6, 6, 14, 6, 0]
[-8, -8, -7, 1, 19, 8, 1, 1, 1, 18, -1, 13, -4, 5, 11, 20, 0, 2, 15, 2, 19, 19, -1, 20, -4, -2, 6, -2, 15, 12, 3, 6, 6, 14, 6, 0]
[-8, -8, -7, 1, 19, 8, 1, 1, 1, 18, -1, 13, -4, 5, 11, 20, 0, 2, 15, 2, 19, 19, -1, 20, -4, -2, 6, -2, 15, 12, 3, 6, 6, 14, 6, 0]
[-8, -8, -7, 1, 19, 8, 1, 1, 1, 18, -1, 13, -4, 5, 11, 20, 0, 2, 15, 2, 19, 19, -1, 20, -4, -2, 6, -2, 15, 12, 3, 6, 6, 14, 6, 0]
[-8, -8, -7, 1, 19, 8, 1, 1, 1, 18, -1, 13, -4, 5, 11, 20, 0, 2, 15, 2, 19, 19, -1, 20, -4, -2, 6, -2, 15, 12, 3, 6, 6, 14, 6, 0]
[-8, -8, -7, -1, 19, 8, 1, 1, 1, 18, 1, 13, -4, 5, 11, 20, 0, 2, 15, 2, 19, 19, -1, 20, -4, -2, 6, -2, 15, 12, 3, 6, 6, 14, 6, 0]
[-8, -8, -7, -4, 19, 8, 1, 1, 1, 18, 1, 13, -1, 5, 11, 20, 0, 2, 15, 2, 19, 19, -1, 20, -4, -2, 6, -2, 15, 12, 3, 6, 6, 14, 6, 0]
[-8, -8, -7, -4, 19, 8, 1, 1, 1, 18, 1, 13, -1, 5, 11, 20, 0, 2, 15, 2, 19, 19, -1, 20, -4, -2, 6, -2, 15, 12, 3, 6, 6, 14, 6, 0]
[-8, -8, -7, -4, 8, 19, 1, 1, 1, 18, 1, 13, -1, 5, 11, 20, 0, 2, 15, 2, 19, 19, -1, 20, -4, -2, 6, -2, 15, 12, 3, 6, 6, 14, 6, 0]
[-8, -8, -7, -4, 1, 19, 8, 1, 1, 18, 1, 13, -1, 5, 11, 20, 0, 2, 15, 2, 19, 19, -1, 20, -4, -2, 6, -2, 15, 12, 3, 6, 6, 14, 6, 0]
[-8, -8, -7, -4, 1, 19, 8, 1, 1, 18, 1, 13, -1, 5, 11, 20, 0, 2, 15, 2, 19, 19, -1, 20, -4, -2, 6, -2, 15, 12, 3, 6, 6, 14, 6, 0]
[-8, -8, -7, -4, 1, 19, 8, 1, 1, 18, 1, 13, -1, 5, 11, 20, 0, 2, 15, 2, 19, 19, -1, 20, -4, -2, 6, -2, 15, 12, 3, 6, 6, 14, 6, 0]
[-8, -8, -7, -4, 1, 19, 8, 1, 1, 18, 1, 13, -1, 5, 11, 20, 0, 2, 15, 2, 19, 19, -1, 20, -4, -2, 6, -2, 15, 12, 3, 6, 6, 14, 6, 0]
[-8, -8, -7, -4, -1, 19, 8, 1, 1, 18, 1, 13, 1, 5, 11, 20, 0, 2, 15, 2, 19, 19, -1, 20, -4, -2, 6, -2, 15, 12, 3, 6, 6, 14, 6, 0]
[-8, -8, -7, -4, -1, 19, 8, 1, 1, 18, 1, 13, 1, 5, 11, 20, 0, 2, 15, 2, 19, 19, -1, 20, -4, -2, 6, -2, 15, 12, 3, 6, 6, 14, 6, 0]
[-8, -8, -7, -4, -4, 19, 8, 1, 1, 18, 1, 13, 1, 5, 11, 20, 0, 2, 15, 2, 19, 19, -1, 20, -1, -2, 6, -2, 15, 12, 3, 6, 6, 14, 6, 0]
[-8, -8, -7, -4, -4, 8, 19, 1, 1, 18, 1, 13, 1, 5, 11, 20, 0, 2, 15, 2, 19, 19, -1, 20, -1, -2, 6, -2, 15, 12, 3, 6, 6, 14, 6, 0]
[-8, -8, -7, -4, -4, 1, 19, 8, 1, 18, 1, 13, 1, 5, 11, 20, 0, 2, 15, 2, 19, 19, -1, 20, -1, -2, 6, -2, 15, 12, 3, 6, 6, 14, 6, 0]
[-8, -8, -7, -4, -4, 1, 19, 8, 1, 18, 1, 13, 1, 5, 11, 20, 0, 2, 15, 2, 19, 19, -1, 20, -1, -2, 6, -2, 15, 12, 3, 6, 6, 14, 6, 0]
[-8, -8, -7, -4, -4, 1, 19, 8, 1, 18, 1, 13, 1, 5, 11, 20, 0, 2, 15, 2, 19, 19, -1, 20, -1, -2, 6, -2, 15, 12, 3, 6, 6, 14, 6, 0]
[-8, -8, -7, -4, -4, 1, 19, 8, 1, 18, 1, 13, 1, 5, 11, 20, 0, 2, 15, 2, 19, 19, -1, 20, -1, -2, 6, -2, 15, 12, 3, 6, 6, 14, 6, 0]
[-8, -8, -7, -4, -4, 0, 19, 8, 1, 18, 1, 13, 1, 5, 11, 20, 1, 2, 15, 2, 19, 19, -1, 20, -1, -2, 6, -2, 15, 12, 3, 6, 6, 14, 6, 0]
[-8, -8, -7, -4, -4, -1, 19, 8, 1, 18, 1, 13, 1, 5, 11, 20, 1, 2, 15, 2, 19, 19, 0, 20, -1, -2, 6, -2, 15, 12, 3, 6, 6, 14, 6, 0]
[-8, -8, -7, -4, -4, -1, 19, 8, 1, 18, 1, 13, 1, 5, 11, 20, 1, 2, 15, 2, 19, 19, 0, 20, -1, -2, 6, -2, 15, 12, 3, 6, 6, 14, 6, 0]
[-8, -8, -7, -4, -4, -2, 19, 8, 1, 18, 1, 13, 1, 5, 11, 20, 1, 2, 15, 2, 19, 19, 0, 20, -1, -1, 6, -2, 15, 12, 3, 6, 6, 14, 6, 0]
[-8, -8, -7, -4, -4, -2, 19, 8, 1, 18, 1, 13, 1, 5, 11, 20, 1, 2, 15, 2, 19, 19, 0, 20, -1, -1, 6, -2, 15, 12, 3, 6, 6, 14, 6, 0]
[-8, -8, -7, -4, -4, -2, 8, 19, 1, 18, 1, 13, 1, 5, 11, 20, 1, 2, 15, 2, 19, 19, 0, 20, -1, -1, 6, -2, 15, 12, 3, 6, 6, 14, 6, 0]
[-8, -8, -7, -4, -4, -2, 1, 19, 8, 18, 1, 13, 1, 5, 11, 20, 1, 2, 15, 2, 19, 19, 0, 20, -1, -1, 6, -2, 15, 12, 3, 6, 6, 14, 6, 0]
[-8, -8, -7, -4, -4, -2, 1, 19, 8, 18, 1, 13, 1, 5, 11, 20, 1, 2, 15, 2, 19, 19, 0, 20, -1, -1, 6, -2, 15, 12, 3, 6, 6, 14, 6, 0]
[-8, -8, -7, -4, -4, -2, 1, 19, 8, 18, 1, 13, 1, 5, 11, 20, 1, 2, 15, 2, 19, 19, 0, 20, -1, -1, 6, -2, 15, 12, 3, 6, 6, 14, 6, 0]
[-8, -8, -7, -4, -4, -2, 1, 19, 8, 18, 1, 13, 1, 5, 11, 20, 1, 2, 15, 2, 19, 19, 0, 20, -1, -1, 6, -2, 15, 12, 3, 6, 6, 14, 6, 0]
[-8, -8, -7, -4, -4, -2, 0, 19, 8, 18, 1, 13, 1, 5, 11, 20, 1, 2, 15, 2, 19, 19, 1, 20, -1, -1, 6, -2, 15, 12, 3, 6, 6, 14, 6, 0]
[-8, -8, -7, -4, -4, -2, -1, 19, 8, 18, 1, 13, 1, 5, 11, 20, 1, 2, 15, 2, 19, 19, 1, 20, 0, -1, 6, -2, 15, 12, 3, 6, 6, 14, 6, 0]
[-8, -8, -7, -4, -4, -2, -1, 19, 8, 18, 1, 13, 1, 5, 11, 20, 1, 2, 15, 2, 19, 19, 1, 20, 0, -1, 6, -2, 15, 12, 3, 6, 6, 14, 6, 0]
[-8, -8, -7, -4, -4, -2, -2, 19, 8, 18, 1, 13, 1, 5, 11, 20, 1, 2, 15, 2, 19, 19, 1, 20, 0, -1, 6, -1, 15, 12, 3, 6, 6, 14, 6, 0]
[-8, -8, -7, -4, -4, -2, -2, 8, 19, 18, 1, 13, 1, 5, 11, 20, 1, 2, 15, 2, 19, 19, 1, 20, 0, -1, 6, -1, 15, 12, 3, 6, 6, 14, 6, 0]
[-8, -8, -7, -4, -4, -2, -2, 1, 19, 18, 8, 13, 1, 5, 11, 20, 1, 2, 15, 2, 19, 19, 1, 20, 0, -1, 6, -1, 15, 12, 3, 6, 6, 14, 6, 0]
[-8, -8, -7, -4, -4, -2, -2, 1, 19, 18, 8, 13, 1, 5, 11, 20, 1, 2, 15, 2, 19, 19, 1, 20, 0, -1, 6, -1, 15, 12, 3, 6, 6, 14, 6, 0]
[-8, -8, -7, -4, -4, -2, -2, 1, 19, 18, 8, 13, 1, 5, 11, 20, 1, 2, 15, 2, 19, 19, 1, 20, 0, -1, 6, -1, 15, 12, 3, 6, 6, 14, 6, 0]
[-8, -8, -7, -4, -4, -2, -2, 1, 19, 18, 8, 13, 1, 5, 11, 20, 1, 2, 15, 2, 19, 19, 1, 20, 0, -1, 6, -1, 15, 12, 3, 6, 6, 14, 6, 0]
[-8, -8, -7, -4, -4, -2, -2, 0, 19, 18, 8, 13, 1, 5, 11, 20, 1, 2, 15, 2, 19, 19, 1, 20, 1, -1, 6, -1, 15, 12, 3, 6, 6, 14, 6, 0]
[-8, -8, -7, -4, -4, -2, -2, -1, 19, 18, 8, 13, 1, 5, 11, 20, 1, 2, 15, 2, 19, 19, 1, 20, 1, 0, 6, -1, 15, 12, 3, 6, 6, 14, 6, 0]
[-8, -8, -7, -4, -4, -2, -2, -1, 19, 18, 8, 13, 1, 5, 11, 20, 1, 2, 15, 2, 19, 19, 1, 20, 1, 0, 6, -1, 15, 12, 3, 6, 6, 14, 6, 0]
[-8, -8, -7, -4, -4, -2, -2, -1, 18, 19, 8, 13, 1, 5, 11, 20, 1, 2, 15, 2, 19, 19, 1, 20, 1, 0, 6, -1, 15, 12, 3, 6, 6, 14, 6, 0]
[-8, -8, -7, -4, -4, -2, -2, -1, 8, 19, 18, 13, 1, 5, 11, 20, 1, 2, 15, 2, 19, 19, 1, 20, 1, 0, 6, -1, 15, 12, 3, 6, 6, 14, 6, 0]
[-8, -8, -7, -4, -4, -2, -2, -1, 1, 19, 18, 13, 8, 5, 11, 20, 1, 2, 15, 2, 19, 19, 1, 20, 1, 0, 6, -1, 15, 12, 3, 6, 6, 14, 6, 0]
[-8, -8, -7, -4, -4, -2, -2, -1, 1, 19, 18, 13, 8, 5, 11, 20, 1, 2, 15, 2, 19, 19, 1, 20, 1, 0, 6, -1, 15, 12, 3, 6, 6, 14, 6, 0]
[-8, -8, -7, -4, -4, -2, -2, -1, 1, 19, 18, 13, 8, 5, 11, 20, 1, 2, 15, 2, 19, 19, 1, 20, 1, 0, 6, -1, 15, 12, 3, 6, 6, 14, 6, 0]
[-8, -8, -7, -4, -4, -2, -2, -1, 1, 19, 18, 13, 8, 5, 11, 20, 1, 2, 15, 2, 19, 19, 1, 20, 1, 0, 6, -1, 15, 12, 3, 6, 6, 14, 6, 0]
[-8, -8, -7, -4, -4, -2, -2, -1, 0, 19, 18, 13, 8, 5, 11, 20, 1, 2, 15, 2, 19, 19, 1, 20, 1, 1, 6, -1, 15, 12, 3, 6, 6, 14, 6, 0]
[-8, -8, -7, -4, -4, -2, -2, -1, -1, 19, 18, 13, 8, 5, 11, 20, 1, 2, 15, 2, 19, 19, 1, 20, 1, 1, 6, 0, 15, 12, 3, 6, 6, 14, 6, 0]
[-8, -8, -7, -4, -4, -2, -2, -1, -1, 18, 19, 13, 8, 5, 11, 20, 1, 2, 15, 2, 19, 19, 1, 20, 1, 1, 6, 0, 15, 12, 3, 6, 6, 14, 6, 0]
[-8, -8, -7, -4, -4, -2, -2, -1, -1, 13, 19, 18, 8, 5, 11, 20, 1, 2, 15, 2, 19, 19, 1, 20, 1, 1, 6, 0, 15, 12, 3, 6, 6, 14, 6, 0]
[-8, -8, -7, -4, -4, -2, -2, -1, -1, 8, 19, 18, 13, 5, 11, 20, 1, 2, 15, 2, 19, 19, 1, 20, 1, 1, 6, 0, 15, 12, 3, 6, 6, 14, 6, 0]
[-8, -8, -7, -4, -4, -2, -2, -1, -1, 5, 19, 18, 13, 8, 11, 20, 1, 2, 15, 2, 19, 19, 1, 20, 1, 1, 6, 0, 15, 12, 3, 6, 6, 14, 6, 0]
[-8, -8, -7, -4, -4, -2, -2, -1, -1, 1, 19, 18, 13, 8, 11, 20, 5, 2, 15, 2, 19, 19, 1, 20, 1, 1, 6, 0, 15, 12, 3, 6, 6, 14, 6, 0]
[-8, -8, -7, -4, -4, -2, -2, -1, -1, 1, 19, 18, 13, 8, 11, 20, 5, 2, 15, 2, 19, 19, 1, 20, 1, 1, 6, 0, 15, 12, 3, 6, 6, 14, 6, 0]
[-8, -8, -7, -4, -4, -2, -2, -1, -1, 1, 19, 18, 13, 8, 11, 20, 5, 2, 15, 2, 19, 19, 1, 20, 1, 1, 6, 0, 15, 12, 3, 6, 6, 14, 6, 0]
[-8, -8, -7, -4, -4, -2, -2, -1, -1, 1, 19, 18, 13, 8, 11, 20, 5, 2, 15, 2, 19, 19, 1, 20, 1, 1, 6, 0, 15, 12, 3, 6, 6, 14, 6, 0]
[-8, -8, -7, -4, -4, -2, -2, -1, -1, 0, 19, 18, 13, 8, 11, 20, 5, 2, 15, 2, 19, 19, 1, 20, 1, 1, 6, 1, 15, 12, 3, 6, 6, 14, 6, 0]
[-8, -8, -7, -4, -4, -2, -2, -1, -1, 0, 19, 18, 13, 8, 11, 20, 5, 2, 15, 2, 19, 19, 1, 20, 1, 1, 6, 1, 15, 12, 3, 6, 6, 14, 6, 0]
[-8, -8, -7, -4, -4, -2, -2, -1, -1, 0, 18, 19, 13, 8, 11, 20, 5, 2, 15, 2, 19, 19, 1, 20, 1, 1, 6, 1, 15, 12, 3, 6, 6, 14, 6, 0]
[-8, -8, -7, -4, -4, -2, -2, -1, -1, 0, 13, 19, 18, 8, 11, 20, 5, 2, 15, 2, 19, 19, 1, 20, 1, 1, 6, 1, 15, 12, 3, 6, 6, 14, 6, 0]
[-8, -8, -7, -4, -4, -2, -2, -1, -1, 0, 8, 19, 18, 13, 11, 20, 5, 2, 15, 2, 19, 19, 1, 20, 1, 1, 6, 1, 15, 12, 3, 6, 6, 14, 6, 0]
[-8, -8, -7, -4, -4, -2, -2, -1, -1, 0, 5, 19, 18, 13, 11, 20, 8, 2, 15, 2, 19, 19, 1, 20, 1, 1, 6, 1, 15, 12, 3, 6, 6, 14, 6, 0]
[-8, -8, -7, -4, -4, -2, -2, -1, -1, 0, 2, 19, 18, 13, 11, 20, 8, 5, 15, 2, 19, 19, 1, 20, 1, 1, 6, 1, 15, 12, 3, 6, 6, 14, 6, 0]
[-8, -8, -7, -4, -4, -2, -2, -1, -1, 0, 2, 19, 18, 13, 11, 20, 8, 5, 15, 2, 19, 19, 1, 20, 1, 1, 6, 1, 15, 12, 3, 6, 6, 14, 6, 0]
[-8, -8, -7, -4, -4, -2, -2, -1, -1, 0, 1, 19, 18, 13, 11, 20, 8, 5, 15, 2, 19, 19, 2, 20, 1, 1, 6, 1, 15, 12, 3, 6, 6, 14, 6, 0]
[-8, -8, -7, -4, -4, -2, -2, -1, -1, 0, 1, 19, 18, 13, 11, 20, 8, 5, 15, 2, 19, 19, 2, 20, 1, 1, 6, 1, 15, 12, 3, 6, 6, 14, 6, 0]
[-8, -8, -7, -4, -4, -2, -2, -1, -1, 0, 1, 19, 18, 13, 11, 20, 8, 5, 15, 2, 19, 19, 2, 20, 1, 1, 6, 1, 15, 12, 3, 6, 6, 14, 6, 0]
[-8, -8, -7, -4, -4, -2, -2, -1, -1, 0, 1, 19, 18, 13, 11, 20, 8, 5, 15, 2, 19, 19, 2, 20, 1, 1, 6, 1, 15, 12, 3, 6, 6, 14, 6, 0]
[-8, -8, -7, -4, -4, -2, -2, -1, -1, 0, 0, 19, 18, 13, 11, 20, 8, 5, 15, 2, 19, 19, 2, 20, 1, 1, 6, 1, 15, 12, 3, 6, 6, 14, 6, 1]
[-8, -8, -7, -4, -4, -2, -2, -1, -1, 0, 0, 18, 19, 13, 11, 20, 8, 5, 15, 2, 19, 19, 2, 20, 1, 1, 6, 1, 15, 12, 3, 6, 6, 14, 6, 1]
[-8, -8, -7, -4, -4, -2, -2, -1, -1, 0, 0, 13, 19, 18, 11, 20, 8, 5, 15, 2, 19, 19, 2, 20, 1, 1, 6, 1, 15, 12, 3, 6, 6, 14, 6, 1]
[-8, -8, -7, -4, -4, -2, -2, -1, -1, 0, 0, 11, 19, 18, 13, 20, 8, 5, 15, 2, 19, 19, 2, 20, 1, 1, 6, 1, 15, 12, 3, 6, 6, 14, 6, 1]
[-8, -8, -7, -4, -4, -2, -2, -1, -1, 0, 0, 8, 19, 18, 13, 20, 11, 5, 15, 2, 19, 19, 2, 20, 1, 1, 6, 1, 15, 12, 3, 6, 6, 14, 6, 1]
[-8, -8, -7, -4, -4, -2, -2, -1, -1, 0, 0, 5, 19, 18, 13, 20, 11, 8, 15, 2, 19, 19, 2, 20, 1, 1, 6, 1, 15, 12, 3, 6, 6, 14, 6, 1]
[-8, -8, -7, -4, -4, -2, -2, -1, -1, 0, 0, 2, 19, 18, 13, 20, 11, 8, 15, 5, 19, 19, 2, 20, 1, 1, 6, 1, 15, 12, 3, 6, 6, 14, 6, 1]
[-8, -8, -7, -4, -4, -2, -2, -1, -1, 0, 0, 2, 19, 18, 13, 20, 11, 8, 15, 5, 19, 19, 2, 20, 1, 1, 6, 1, 15, 12, 3, 6, 6, 14, 6, 1]
[-8, -8, -7, -4, -4, -2, -2, -1, -1, 0, 0, 1, 19, 18, 13, 20, 11, 8, 15, 5, 19, 19, 2, 20, 2, 1, 6, 1, 15, 12, 3, 6, 6, 14, 6, 1]
[-8, -8, -7, -4, -4, -2, -2, -1, -1, 0, 0, 1, 19, 18, 13, 20, 11, 8, 15, 5, 19, 19, 2, 20, 2, 1, 6, 1, 15, 12, 3, 6, 6, 14, 6, 1]
[-8, -8, -7, -4, -4, -2, -2, -1, -1, 0, 0, 1, 19, 18, 13, 20, 11, 8, 15, 5, 19, 19, 2, 20, 2, 1, 6, 1, 15, 12, 3, 6, 6, 14, 6, 1]
[-8, -8, -7, -4, -4, -2, -2, -1, -1, 0, 0, 1, 19, 18, 13, 20, 11, 8, 15, 5, 19, 19, 2, 20, 2, 1, 6, 1, 15, 12, 3, 6, 6, 14, 6, 1]
[-8, -8, -7, -4, -4, -2, -2, -1, -1, 0, 0, 1, 18, 19, 13, 20, 11, 8, 15, 5, 19, 19, 2, 20, 2, 1, 6, 1, 15, 12, 3, 6, 6, 14, 6, 1]
[-8, -8, -7, -4, -4, -2, -2, -1, -1, 0, 0, 1, 13, 19, 18, 20, 11, 8, 15, 5, 19, 19, 2, 20, 2, 1, 6, 1, 15, 12, 3, 6, 6, 14, 6, 1]
[-8, -8, -7, -4, -4, -2, -2, -1, -1, 0, 0, 1, 11, 19, 18, 20, 13, 8, 15, 5, 19, 19, 2, 20, 2, 1, 6, 1, 15, 12, 3, 6, 6, 14, 6, 1]
[-8, -8, -7, -4, -4, -2, -2, -1, -1, 0, 0, 1, 8, 19, 18, 20, 13, 11, 15, 5, 19, 19, 2, 20, 2, 1, 6, 1, 15, 12, 3, 6, 6, 14, 6, 1]
[-8, -8, -7, -4, -4, -2, -2, -1, -1, 0, 0, 1, 5, 19, 18, 20, 13, 11, 15, 8, 19, 19, 2, 20, 2, 1, 6, 1, 15, 12, 3, 6, 6, 14, 6, 1]
[-8, -8, -7, -4, -4, -2, -2, -1, -1, 0, 0, 1, 2, 19, 18, 20, 13, 11, 15, 8, 19, 19, 5, 20, 2, 1, 6, 1, 15, 12, 3, 6, 6, 14, 6, 1]
[-8, -8, -7, -4, -4, -2, -2, -1, -1, 0, 0, 1, 2, 19, 18, 20, 13, 11, 15, 8, 19, 19, 5, 20, 2, 1, 6, 1, 15, 12, 3, 6, 6, 14, 6, 1]
[-8, -8, -7, -4, -4, -2, -2, -1, -1, 0, 0, 1, 1, 19, 18, 20, 13, 11, 15, 8, 19, 19, 5, 20, 2, 2, 6, 1, 15, 12, 3, 6, 6, 14, 6, 1]
[-8, -8, -7, -4, -4, -2, -2, -1, -1, 0, 0, 1, 1, 19, 18, 20, 13, 11, 15, 8, 19, 19, 5, 20, 2, 2, 6, 1, 15, 12, 3, 6, 6, 14, 6, 1]
[-8, -8, -7, -4, -4, -2, -2, -1, -1, 0, 0, 1, 1, 19, 18, 20, 13, 11, 15, 8, 19, 19, 5, 20, 2, 2, 6, 1, 15, 12, 3, 6, 6, 14, 6, 1]
[-8, -8, -7, -4, -4, -2, -2, -1, -1, 0, 0, 1, 1, 18, 19, 20, 13, 11, 15, 8, 19, 19, 5, 20, 2, 2, 6, 1, 15, 12, 3, 6, 6, 14, 6, 1]
[-8, -8, -7, -4, -4, -2, -2, -1, -1, 0, 0, 1, 1, 13, 19, 20, 18, 11, 15, 8, 19, 19, 5, 20, 2, 2, 6, 1, 15, 12, 3, 6, 6, 14, 6, 1]
[-8, -8, -7, -4, -4, -2, -2, -1, -1, 0, 0, 1, 1, 11, 19, 20, 18, 13, 15, 8, 19, 19, 5, 20, 2, 2, 6, 1, 15, 12, 3, 6, 6, 14, 6, 1]
[-8, -8, -7, -4, -4, -2, -2, -1, -1, 0, 0, 1, 1, 8, 19, 20, 18, 13, 15, 11, 19, 19, 5, 20, 2, 2, 6, 1, 15, 12, 3, 6, 6, 14, 6, 1]
[-8, -8, -7, -4, -4, -2, -2, -1, -1, 0, 0, 1, 1, 5, 19, 20, 18, 13, 15, 11, 19, 19, 8, 20, 2, 2, 6, 1, 15, 12, 3, 6, 6, 14, 6, 1]
[-8, -8, -7, -4, -4, -2, -2, -1, -1, 0, 0, 1, 1, 2, 19, 20, 18, 13, 15, 11, 19, 19, 8, 20, 5, 2, 6, 1, 15, 12, 3, 6, 6, 14, 6, 1]
[-8, -8, -7, -4, -4, -2, -2, -1, -1, 0, 0, 1, 1, 2, 19, 20, 18, 13, 15, 11, 19, 19, 8, 20, 5, 2, 6, 1, 15, 12, 3, 6, 6, 14, 6, 1]
[-8, -8, -7, -4, -4, -2, -2, -1, -1, 0, 0, 1, 1, 1, 19, 20, 18, 13, 15, 11, 19, 19, 8, 20, 5, 2, 6, 2, 15, 12, 3, 6, 6, 14, 6, 1]
[-8, -8, -7, -4, -4, -2, -2, -1, -1, 0, 0, 1, 1, 1, 19, 20, 18, 13, 15, 11, 19, 19, 8, 20, 5, 2, 6, 2, 15, 12, 3, 6, 6, 14, 6, 1]
[-8, -8, -7, -4, -4, -2, -2, -1, -1, 0, 0, 1, 1, 1, 18, 20, 19, 13, 15, 11, 19, 19, 8, 20, 5, 2, 6, 2, 15, 12, 3, 6, 6, 14, 6, 1]
[-8, -8, -7, -4, -4, -2, -2, -1, -1, 0, 0, 1, 1, 1, 13, 20, 19, 18, 15, 11, 19, 19, 8, 20, 5, 2, 6, 2, 15, 12, 3, 6, 6, 14, 6, 1]
[-8, -8, -7, -4, -4, -2, -2, -1, -1, 0, 0, 1, 1, 1, 11, 20, 19, 18, 15, 13, 19, 19, 8, 20, 5, 2, 6, 2, 15, 12, 3, 6, 6, 14, 6, 1]
[-8, -8, -7, -4, -4, -2, -2, -1, -1, 0, 0, 1, 1, 1, 8, 20, 19, 18, 15, 13, 19, 19, 11, 20, 5, 2, 6, 2, 15, 12, 3, 6, 6, 14, 6, 1]
[-8, -8, -7, -4, -4, -2, -2, -1, -1, 0, 0, 1, 1, 1, 5, 20, 19, 18, 15, 13, 19, 19, 11, 20, 8, 2, 6, 2, 15, 12, 3, 6, 6, 14, 6, 1]
[-8, -8, -7, -4, -4, -2, -2, -1, -1, 0, 0, 1, 1, 1, 2, 20, 19, 18, 15, 13, 19, 19, 11, 20, 8, 5, 6, 2, 15, 12, 3, 6, 6, 14, 6, 1]
[-8, -8, -7, -4, -4, -2, -2, -1, -1, 0, 0, 1, 1, 1, 2, 20, 19, 18, 15, 13, 19, 19, 11, 20, 8, 5, 6, 2, 15, 12, 3, 6, 6, 14, 6, 1]
[-8, -8, -7, -4, -4, -2, -2, -1, -1, 0, 0, 1, 1, 1, 1, 20, 19, 18, 15, 13, 19, 19, 11, 20, 8, 5, 6, 2, 15, 12, 3, 6, 6, 14, 6, 2]
[-8, -8, -7, -4, -4, -2, -2, -1, -1, 0, 0, 1, 1, 1, 1, 19, 20, 18, 15, 13, 19, 19, 11, 20, 8, 5, 6, 2, 15, 12, 3, 6, 6, 14, 6, 2]
[-8, -8, -7, -4, -4, -2, -2, -1, -1, 0, 0, 1, 1, 1, 1, 18, 20, 19, 15, 13, 19, 19, 11, 20, 8, 5, 6, 2, 15, 12, 3, 6, 6, 14, 6, 2]
[-8, -8, -7, -4, -4, -2, -2, -1, -1, 0, 0, 1, 1, 1, 1, 15, 20, 19, 18, 13, 19, 19, 11, 20, 8, 5, 6, 2, 15, 12, 3, 6, 6, 14, 6, 2]
[-8, -8, -7, -4, -4, -2, -2, -1, -1, 0, 0, 1, 1, 1, 1, 13, 20, 19, 18, 15, 19, 19, 11, 20, 8, 5, 6, 2, 15, 12, 3, 6, 6, 14, 6, 2]
[-8, -8, -7, -4, -4, -2, -2, -1, -1, 0, 0, 1, 1, 1, 1, 11, 20, 19, 18, 15, 19, 19, 13, 20, 8, 5, 6, 2, 15, 12, 3, 6, 6, 14, 6, 2]
[-8, -8, -7, -4, -4, -2, -2, -1, -1, 0, 0, 1, 1, 1, 1, 8, 20, 19, 18, 15, 19, 19, 13, 20, 11, 5, 6, 2, 15, 12, 3, 6, 6, 14, 6, 2]
[-8, -8, -7, -4, -4, -2, -2, -1, -1, 0, 0, 1, 1, 1, 1, 5, 20, 19, 18, 15, 19, 19, 13, 20, 11, 8, 6, 2, 15, 12, 3, 6, 6, 14, 6, 2]
[-8, -8, -7, -4, -4, -2, -2, -1, -1, 0, 0, 1, 1, 1, 1, 2, 20, 19, 18, 15, 19, 19, 13, 20, 11, 8, 6, 5, 15, 12, 3, 6, 6, 14, 6, 2]
[-8, -8, -7, -4, -4, -2, -2, -1, -1, 0, 0, 1, 1, 1, 1, 2, 20, 19, 18, 15, 19, 19, 13, 20, 11, 8, 6, 5, 15, 12, 3, 6, 6, 14, 6, 2]
[-8, -8, -7, -4, -4, -2, -2, -1, -1, 0, 0, 1, 1, 1, 1, 2, 19, 20, 18, 15, 19, 19, 13, 20, 11, 8, 6, 5, 15, 12, 3, 6, 6, 14, 6, 2]
[-8, -8, -7, -4, -4, -2, -2, -1, -1, 0, 0, 1, 1, 1, 1, 2, 18, 20, 19, 15, 19, 19, 13, 20, 11, 8, 6, 5, 15, 12, 3, 6, 6, 14, 6, 2]
[-8, -8, -7, -4, -4, -2, -2, -1, -1, 0, 0, 1, 1, 1, 1, 2, 15, 20, 19, 18, 19, 19, 13, 20, 11, 8, 6, 5, 15, 12, 3, 6, 6, 14, 6, 2]
[-8, -8, -7, -4, -4, -2, -2, -1, -1, 0, 0, 1, 1, 1, 1, 2, 13, 20, 19, 18, 19, 19, 15, 20, 11, 8, 6, 5, 15, 12, 3, 6, 6, 14, 6, 2]
[-8, -8, -7, -4, -4, -2, -2, -1, -1, 0, 0, 1, 1, 1, 1, 2, 11, 20, 19, 18, 19, 19, 15, 20, 13, 8, 6, 5, 15, 12, 3, 6, 6, 14, 6, 2]
[-8, -8, -7, -4, -4, -2, -2, -1, -1, 0, 0, 1, 1, 1, 1, 2, 8, 20, 19, 18, 19, 19, 15, 20, 13, 11, 6, 5, 15, 12, 3, 6, 6, 14, 6, 2]
[-8, -8, -7, -4, -4, -2, -2, -1, -1, 0, 0, 1, 1, 1, 1, 2, 6, 20, 19, 18, 19, 19, 15, 20, 13, 11, 8, 5, 15, 12, 3, 6, 6, 14, 6, 2]
[-8, -8, -7, -4, -4, -2, -2, -1, -1, 0, 0, 1, 1, 1, 1, 2, 5, 20, 19, 18, 19, 19, 15, 20, 13, 11, 8, 6, 15, 12, 3, 6, 6, 14, 6, 2]
[-8, -8, -7, -4, -4, -2, -2, -1, -1, 0, 0, 1, 1, 1, 1, 2, 3, 20, 19, 18, 19, 19, 15, 20, 13, 11, 8, 6, 15, 12, 5, 6, 6, 14, 6, 2]
[-8, -8, -7, -4, -4, -2, -2, -1, -1, 0, 0, 1, 1, 1, 1, 2, 2, 20, 19, 18, 19, 19, 15, 20, 13, 11, 8, 6, 15, 12, 5, 6, 6, 14, 6, 3]
[-8, -8, -7, -4, -4, -2, -2, -1, -1, 0, 0, 1, 1, 1, 1, 2, 2, 19, 20, 18, 19, 19, 15, 20, 13, 11, 8, 6, 15, 12, 5, 6, 6, 14, 6, 3]
[-8, -8, -7, -4, -4, -2, -2, -1, -1, 0, 0, 1, 1, 1, 1, 2, 2, 18, 20, 19, 19, 19, 15, 20, 13, 11, 8, 6, 15, 12, 5, 6, 6, 14, 6, 3]
[-8, -8, -7, -4, -4, -2, -2, -1, -1, 0, 0, 1, 1, 1, 1, 2, 2, 15, 20, 19, 19, 19, 18, 20, 13, 11, 8, 6, 15, 12, 5, 6, 6, 14, 6, 3]
[-8, -8, -7, -4, -4, -2, -2, -1, -1, 0, 0, 1, 1, 1, 1, 2, 2, 13, 20, 19, 19, 19, 18, 20, 15, 11, 8, 6, 15, 12, 5, 6, 6, 14, 6, 3]
[-8, -8, -7, -4, -4, -2, -2, -1, -1, 0, 0, 1, 1, 1, 1, 2, 2, 11, 20, 19, 19, 19, 18, 20, 15, 13, 8, 6, 15, 12, 5, 6, 6, 14, 6, 3]
[-8, -8, -7, -4, -4, -2, -2, -1, -1, 0, 0, 1, 1, 1, 1, 2, 2, 8, 20, 19, 19, 19, 18, 20, 15, 13, 11, 6, 15, 12, 5, 6, 6, 14, 6, 3]
[-8, -8, -7, -4, -4, -2, -2, -1, -1, 0, 0, 1, 1, 1, 1, 2, 2, 6, 20, 19, 19, 19, 18, 20, 15, 13, 11, 8, 15, 12, 5, 6, 6, 14, 6, 3]
[-8, -8, -7, -4, -4, -2, -2, -1, -1, 0, 0, 1, 1, 1, 1, 2, 2, 5, 20, 19, 19, 19, 18, 20, 15, 13, 11, 8, 15, 12, 6, 6, 6, 14, 6, 3]
[-8, -8, -7, -4, -4, -2, -2, -1, -1, 0, 0, 1, 1, 1, 1, 2, 2, 3, 20, 19, 19, 19, 18, 20, 15, 13, 11, 8, 15, 12, 6, 6, 6, 14, 6, 5]
[-8, -8, -7, -4, -4, -2, -2, -1, -1, 0, 0, 1, 1, 1, 1, 2, 2, 3, 19, 20, 19, 19, 18, 20, 15, 13, 11, 8, 15, 12, 6, 6, 6, 14, 6, 5]
[-8, -8, -7, -4, -4, -2, -2, -1, -1, 0, 0, 1, 1, 1, 1, 2, 2, 3, 19, 20, 19, 19, 18, 20, 15, 13, 11, 8, 15, 12, 6, 6, 6, 14, 6, 5]
[-8, -8, -7, -4, -4, -2, -2, -1, -1, 0, 0, 1, 1, 1, 1, 2, 2, 3, 19, 20, 19, 19, 18, 20, 15, 13, 11, 8, 15, 12, 6, 6, 6, 14, 6, 5]
[-8, -8, -7, -4, -4, -2, -2, -1, -1, 0, 0, 1, 1, 1, 1, 2, 2, 3, 18, 20, 19, 19, 19, 20, 15, 13, 11, 8, 15, 12, 6, 6, 6, 14, 6, 5]
[-8, -8, -7, -4, -4, -2, -2, -1, -1, 0, 0, 1, 1, 1, 1, 2, 2, 3, 15, 20, 19, 19, 19, 20, 18, 13, 11, 8, 15, 12, 6, 6, 6, 14, 6, 5]
[-8, -8, -7, -4, -4, -2, -2, -1, -1, 0, 0, 1, 1, 1, 1, 2, 2, 3, 13, 20, 19, 19, 19, 20, 18, 15, 11, 8, 15, 12, 6, 6, 6, 14, 6, 5]
[-8, -8, -7, -4, -4, -2, -2, -1, -1, 0, 0, 1, 1, 1, 1, 2, 2, 3, 11, 20, 19, 19, 19, 20, 18, 15, 13, 8, 15, 12, 6, 6, 6, 14, 6, 5]
[-8, -8, -7, -4, -4, -2, -2, -1, -1, 0, 0, 1, 1, 1, 1, 2, 2, 3, 8, 20, 19, 19, 19, 20, 18, 15, 13, 11, 15, 12, 6, 6, 6, 14, 6, 5]
[-8, -8, -7, -4, -4, -2, -2, -1, -1, 0, 0, 1, 1, 1, 1, 2, 2, 3, 6, 20, 19, 19, 19, 20, 18, 15, 13, 11, 15, 12, 8, 6, 6, 14, 6, 5]
[-8, -8, -7, -4, -4, -2, -2, -1, -1, 0, 0, 1, 1, 1, 1, 2, 2, 3, 6, 20, 19, 19, 19, 20, 18, 15, 13, 11, 15, 12, 8, 6, 6, 14, 6, 5]
[-8, -8, -7, -4, -4, -2, -2, -1, -1, 0, 0, 1, 1, 1, 1, 2, 2, 3, 6, 20, 19, 19, 19, 20, 18, 15, 13, 11, 15, 12, 8, 6, 6, 14, 6, 5]
[-8, -8, -7, -4, -4, -2, -2, -1, -1, 0, 0, 1, 1, 1, 1, 2, 2, 3, 6, 20, 19, 19, 19, 20, 18, 15, 13, 11, 15, 12, 8, 6, 6, 14, 6, 5]
[-8, -8, -7, -4, -4, -2, -2, -1, -1, 0, 0, 1, 1, 1, 1, 2, 2, 3, 5, 20, 19, 19, 19, 20, 18, 15, 13, 11, 15, 12, 8, 6, 6, 14, 6, 6]
[-8, -8, -7, -4, -4, -2, -2, -1, -1, 0, 0, 1, 1, 1, 1, 2, 2, 3, 5, 19, 20, 19, 19, 20, 18, 15, 13, 11, 15, 12, 8, 6, 6, 14, 6, 6]
[-8, -8, -7, -4, -4, -2, -2, -1, -1, 0, 0, 1, 1, 1, 1, 2, 2, 3, 5, 19, 20, 19, 19, 20, 18, 15, 13, 11, 15, 12, 8, 6, 6, 14, 6, 6]
[-8, -8, -7, -4, -4, -2, -2, -1, -1, 0, 0, 1, 1, 1, 1, 2, 2, 3, 5, 19, 20, 19, 19, 20, 18, 15, 13, 11, 15, 12, 8, 6, 6, 14, 6, 6]
[-8, -8, -7, -4, -4, -2, -2, -1, -1, 0, 0, 1, 1, 1, 1, 2, 2, 3, 5, 18, 20, 19, 19, 20, 19, 15, 13, 11, 15, 12, 8, 6, 6, 14, 6, 6]
[-8, -8, -7, -4, -4, -2, -2, -1, -1, 0, 0, 1, 1, 1, 1, 2, 2, 3, 5, 15, 20, 19, 19, 20, 19, 18, 13, 11, 15, 12, 8, 6, 6, 14, 6, 6]
[-8, -8, -7, -4, -4, -2, -2, -1, -1, 0, 0, 1, 1, 1, 1, 2, 2, 3, 5, 13, 20, 19, 19, 20, 19, 18, 15, 11, 15, 12, 8, 6, 6, 14, 6, 6]
[-8, -8, -7, -4, -4, -2, -2, -1, -1, 0, 0, 1, 1, 1, 1, 2, 2, 3, 5, 11, 20, 19, 19, 20, 19, 18, 15, 13, 15, 12, 8, 6, 6, 14, 6, 6]
[-8, -8, -7, -4, -4, -2, -2, -1, -1, 0, 0, 1, 1, 1, 1, 2, 2, 3, 5, 8, 20, 19, 19, 20, 19, 18, 15, 13, 15, 12, 11, 6, 6, 14, 6, 6]
[-8, -8, -7, -4, -4, -2, -2, -1, -1, 0, 0, 1, 1, 1, 1, 2, 2, 3, 5, 6, 20, 19, 19, 20, 19, 18, 15, 13, 15, 12, 11, 8, 6, 14, 6, 6]
[-8, -8, -7, -4, -4, -2, -2, -1, -1, 0, 0, 1, 1, 1, 1, 2, 2, 3, 5, 6, 20, 19, 19, 20, 19, 18, 15, 13, 15, 12, 11, 8, 6, 14, 6, 6]
[-8, -8, -7, -4, -4, -2, -2, -1, -1, 0, 0, 1, 1, 1, 1, 2, 2, 3, 5, 6, 20, 19, 19, 20, 19, 18, 15, 13, 15, 12, 11, 8, 6, 14, 6, 6]
[-8, -8, -7, -4, -4, -2, -2, -1, -1, 0, 0, 1, 1, 1, 1, 2, 2, 3, 5, 6, 20, 19, 19, 20, 19, 18, 15, 13, 15, 12, 11, 8, 6, 14, 6, 6]
[-8, -8, -7, -4, -4, -2, -2, -1, -1, 0, 0, 1, 1, 1, 1, 2, 2, 3, 5, 6, 19, 20, 19, 20, 19, 18, 15, 13, 15, 12, 11, 8, 6, 14, 6, 6]
[-8, -8, -7, -4, -4, -2, -2, -1, -1, 0, 0, 1, 1, 1, 1, 2, 2, 3, 5, 6, 19, 20, 19, 20, 19, 18, 15, 13, 15, 12, 11, 8, 6, 14, 6, 6]
[-8, -8, -7, -4, -4, -2, -2, -1, -1, 0, 0, 1, 1, 1, 1, 2, 2, 3, 5, 6, 19, 20, 19, 20, 19, 18, 15, 13, 15, 12, 11, 8, 6, 14, 6, 6]
[-8, -8, -7, -4, -4, -2, -2, -1, -1, 0, 0, 1, 1, 1, 1, 2, 2, 3, 5, 6, 18, 20, 19, 20, 19, 19, 15, 13, 15, 12, 11, 8, 6, 14, 6, 6]
[-8, -8, -7, -4, -4, -2, -2, -1, -1, 0, 0, 1, 1, 1, 1, 2, 2, 3, 5, 6, 15, 20, 19, 20, 19, 19, 18, 13, 15, 12, 11, 8, 6, 14, 6, 6]
[-8, -8, -7, -4, -4, -2, -2, -1, -1, 0, 0, 1, 1, 1, 1, 2, 2, 3, 5, 6, 13, 20, 19, 20, 19, 19, 18, 15, 15, 12, 11, 8, 6, 14, 6, 6]
[-8, -8, -7, -4, -4, -2, -2, -1, -1, 0, 0, 1, 1, 1, 1, 2, 2, 3, 5, 6, 12, 20, 19, 20, 19, 19, 18, 15, 15, 13, 11, 8, 6, 14, 6, 6]
[-8, -8, -7, -4, -4, -2, -2, -1, -1, 0, 0, 1, 1, 1, 1, 2, 2, 3, 5, 6, 11, 20, 19, 20, 19, 19, 18, 15, 15, 13, 12, 8, 6, 14, 6, 6]
[-8, -8, -7, -4, -4, -2, -2, -1, -1, 0, 0, 1, 1, 1, 1, 2, 2, 3, 5, 6, 8, 20, 19, 20, 19, 19, 18, 15, 15, 13, 12, 11, 6, 14, 6, 6]
[-8, -8, -7, -4, -4, -2, -2, -1, -1, 0, 0, 1, 1, 1, 1, 2, 2, 3, 5, 6, 6, 20, 19, 20, 19, 19, 18, 15, 15, 13, 12, 11, 8, 14, 6, 6]
[-8, -8, -7, -4, -4, -2, -2, -1, -1, 0, 0, 1, 1, 1, 1, 2, 2, 3, 5, 6, 6, 20, 19, 20, 19, 19, 18, 15, 15, 13, 12, 11, 8, 14, 6, 6]
[-8, -8, -7, -4, -4, -2, -2, -1, -1, 0, 0, 1, 1, 1, 1, 2, 2, 3, 5, 6, 6, 20, 19, 20, 19, 19, 18, 15, 15, 13, 12, 11, 8, 14, 6, 6]
[-8, -8, -7, -4, -4, -2, -2, -1, -1, 0, 0, 1, 1, 1, 1, 2, 2, 3, 5, 6, 6, 19, 20, 20, 19, 19, 18, 15, 15, 13, 12, 11, 8, 14, 6, 6]
[-8, -8, -7, -4, -4, -2, -2, -1, -1, 0, 0, 1, 1, 1, 1, 2, 2, 3, 5, 6, 6, 19, 20, 20, 19, 19, 18, 15, 15, 13, 12, 11, 8, 14, 6, 6]
[-8, -8, -7, -4, -4, -2, -2, -1, -1, 0, 0, 1, 1, 1, 1, 2, 2, 3, 5, 6, 6, 19, 20, 20, 19, 19, 18, 15, 15, 13, 12, 11, 8, 14, 6, 6]
[-8, -8, -7, -4, -4, -2, -2, -1, -1, 0, 0, 1, 1, 1, 1, 2, 2, 3, 5, 6, 6, 18, 20, 20, 19, 19, 19, 15, 15, 13, 12, 11, 8, 14, 6, 6]
[-8, -8, -7, -4, -4, -2, -2, -1, -1, 0, 0, 1, 1, 1, 1, 2, 2, 3, 5, 6, 6, 15, 20, 20, 19, 19, 19, 18, 15, 13, 12, 11, 8, 14, 6, 6]
[-8, -8, -7, -4, -4, -2, -2, -1, -1, 0, 0, 1, 1, 1, 1, 2, 2, 3, 5, 6, 6, 15, 20, 20, 19, 19, 19, 18, 15, 13, 12, 11, 8, 14, 6, 6]
[-8, -8, -7, -4, -4, -2, -2, -1, -1, 0, 0, 1, 1, 1, 1, 2, 2, 3, 5, 6, 6, 13, 20, 20, 19, 19, 19, 18, 15, 15, 12, 11, 8, 14, 6, 6]
[-8, -8, -7, -4, -4, -2, -2, -1, -1, 0, 0, 1, 1, 1, 1, 2, 2, 3, 5, 6, 6, 12, 20, 20, 19, 19, 19, 18, 15, 15, 13, 11, 8, 14, 6, 6]
[-8, -8, -7, -4, -4, -2, -2, -1, -1, 0, 0, 1, 1, 1, 1, 2, 2, 3, 5, 6, 6, 11, 20, 20, 19, 19, 19, 18, 15, 15, 13, 12, 8, 14, 6, 6]
[-8, -8, -7, -4, -4, -2, -2, -1, -1, 0, 0, 1, 1, 1, 1, 2, 2, 3, 5, 6, 6, 8, 20, 20, 19, 19, 19, 18, 15, 15, 13, 12, 11, 14, 6, 6]
[-8, -8, -7, -4, -4, -2, -2, -1, -1, 0, 0, 1, 1, 1, 1, 2, 2, 3, 5, 6, 6, 6, 20, 20, 19, 19, 19, 18, 15, 15, 13, 12, 11, 14, 8, 6]
[-8, -8, -7, -4, -4, -2, -2, -1, -1, 0, 0, 1, 1, 1, 1, 2, 2, 3, 5, 6, 6, 6, 20, 20, 19, 19, 19, 18, 15, 15, 13, 12, 11, 14, 8, 6]
[-8, -8, -7, -4, -4, -2, -2, -1, -1, 0, 0, 1, 1, 1, 1, 2, 2, 3, 5, 6, 6, 6, 20, 20, 19, 19, 19, 18, 15, 15, 13, 12, 11, 14, 8, 6]
[-8, -8, -7, -4, -4, -2, -2, -1, -1, 0, 0, 1, 1, 1, 1, 2, 2, 3, 5, 6, 6, 6, 19, 20, 20, 19, 19, 18, 15, 15, 13, 12, 11, 14, 8, 6]
[-8, -8, -7, -4, -4, -2, -2, -1, -1, 0, 0, 1, 1, 1, 1, 2, 2, 3, 5, 6, 6, 6, 19, 20, 20, 19, 19, 18, 15, 15, 13, 12, 11, 14, 8, 6]
[-8, -8, -7, -4, -4, -2, -2, -1, -1, 0, 0, 1, 1, 1, 1, 2, 2, 3, 5, 6, 6, 6, 19, 20, 20, 19, 19, 18, 15, 15, 13, 12, 11, 14, 8, 6]
[-8, -8, -7, -4, -4, -2, -2, -1, -1, 0, 0, 1, 1, 1, 1, 2, 2, 3, 5, 6, 6, 6, 18, 20, 20, 19, 19, 19, 15, 15, 13, 12, 11, 14, 8, 6]
[-8, -8, -7, -4, -4, -2, -2, -1, -1, 0, 0, 1, 1, 1, 1, 2, 2, 3, 5, 6, 6, 6, 15, 20, 20, 19, 19, 19, 18, 15, 13, 12, 11, 14, 8, 6]
[-8, -8, -7, -4, -4, -2, -2, -1, -1, 0, 0, 1, 1, 1, 1, 2, 2, 3, 5, 6, 6, 6, 15, 20, 20, 19, 19, 19, 18, 15, 13, 12, 11, 14, 8, 6]
[-8, -8, -7, -4, -4, -2, -2, -1, -1, 0, 0, 1, 1, 1, 1, 2, 2, 3, 5, 6, 6, 6, 13, 20, 20, 19, 19, 19, 18, 15, 15, 12, 11, 14, 8, 6]
[-8, -8, -7, -4, -4, -2, -2, -1, -1, 0, 0, 1, 1, 1, 1, 2, 2, 3, 5, 6, 6, 6, 12, 20, 20, 19, 19, 19, 18, 15, 15, 13, 11, 14, 8, 6]
[-8, -8, -7, -4, -4, -2, -2, -1, -1, 0, 0, 1, 1, 1, 1, 2, 2, 3, 5, 6, 6, 6, 11, 20, 20, 19, 19, 19, 18, 15, 15, 13, 12, 14, 8, 6]
[-8, -8, -7, -4, -4, -2, -2, -1, -1, 0, 0, 1, 1, 1, 1, 2, 2, 3, 5, 6, 6, 6, 8, 20, 20, 19, 19, 19, 18, 15, 15, 13, 12, 14, 11, 6]
[-8, -8, -7, -4, -4, -2, -2, -1, -1, 0, 0, 1, 1, 1, 1, 2, 2, 3, 5, 6, 6, 6, 6, 20, 20, 19, 19, 19, 18, 15, 15, 13, 12, 14, 11, 8]
[-8, -8, -7, -4, -4, -2, -2, -1, -1, 0, 0, 1, 1, 1, 1, 2, 2, 3, 5, 6, 6, 6, 6, 20, 20, 19, 19, 19, 18, 15, 15, 13, 12, 14, 11, 8]
[-8, -8, -7, -4, -4, -2, -2, -1, -1, 0, 0, 1, 1, 1, 1, 2, 2, 3, 5, 6, 6, 6, 6, 19, 20, 20, 19, 19, 18, 15, 15, 13, 12, 14, 11, 8]
[-8, -8, -7, -4, -4, -2, -2, -1, -1, 0, 0, 1, 1, 1, 1, 2, 2, 3, 5, 6, 6, 6, 6, 19, 20, 20, 19, 19, 18, 15, 15, 13, 12, 14, 11, 8]
[-8, -8, -7, -4, -4, -2, -2, -1, -1, 0, 0, 1, 1, 1, 1, 2, 2, 3, 5, 6, 6, 6, 6, 19, 20, 20, 19, 19, 18, 15, 15, 13, 12, 14, 11, 8]
[-8, -8, -7, -4, -4, -2, -2, -1, -1, 0, 0, 1, 1, 1, 1, 2, 2, 3, 5, 6, 6, 6, 6, 18, 20, 20, 19, 19, 19, 15, 15, 13, 12, 14, 11, 8]
[-8, -8, -7, -4, -4, -2, -2, -1, -1, 0, 0, 1, 1, 1, 1, 2, 2, 3, 5, 6, 6, 6, 6, 15, 20, 20, 19, 19, 19, 18, 15, 13, 12, 14, 11, 8]
[-8, -8, -7, -4, -4, -2, -2, -1, -1, 0, 0, 1, 1, 1, 1, 2, 2, 3, 5, 6, 6, 6, 6, 15, 20, 20, 19, 19, 19, 18, 15, 13, 12, 14, 11, 8]
[-8, -8, -7, -4, -4, -2, -2, -1, -1, 0, 0, 1, 1, 1, 1, 2, 2, 3, 5, 6, 6, 6, 6, 13, 20, 20, 19, 19, 19, 18, 15, 15, 12, 14, 11, 8]
[-8, -8, -7, -4, -4, -2, -2, -1, -1, 0, 0, 1, 1, 1, 1, 2, 2, 3, 5, 6, 6, 6, 6, 12, 20, 20, 19, 19, 19, 18, 15, 15, 13, 14, 11, 8]
[-8, -8, -7, -4, -4, -2, -2, -1, -1, 0, 0, 1, 1, 1, 1, 2, 2, 3, 5, 6, 6, 6, 6, 11, 20, 20, 19, 19, 19, 18, 15, 15, 13, 14, 12, 8]
[-8, -8, -7, -4, -4, -2, -2, -1, -1, 0, 0, 1, 1, 1, 1, 2, 2, 3, 5, 6, 6, 6, 6, 8, 20, 20, 19, 19, 19, 18, 15, 15, 13, 14, 12, 11]
[-8, -8, -7, -4, -4, -2, -2, -1, -1, 0, 0, 1, 1, 1, 1, 2, 2, 3, 5, 6, 6, 6, 6, 8, 20, 20, 19, 19, 19, 18, 15, 15, 13, 14, 12, 11]
[-8, -8, -7, -4, -4, -2, -2, -1, -1, 0, 0, 1, 1, 1, 1, 2, 2, 3, 5, 6, 6, 6, 6, 8, 19, 20, 20, 19, 19, 18, 15, 15, 13, 14, 12, 11]
[-8, -8, -7, -4, -4, -2, -2, -1, -1, 0, 0, 1, 1, 1, 1, 2, 2, 3, 5, 6, 6, 6, 6, 8, 19, 20, 20, 19, 19, 18, 15, 15, 13, 14, 12, 11]
[-8, -8, -7, -4, -4, -2, -2, -1, -1, 0, 0, 1, 1, 1, 1, 2, 2, 3, 5, 6, 6, 6, 6, 8, 19, 20, 20, 19, 19, 18, 15, 15, 13, 14, 12, 11]
[-8, -8, -7, -4, -4, -2, -2, -1, -1, 0, 0, 1, 1, 1, 1, 2, 2, 3, 5, 6, 6, 6, 6, 8, 18, 20, 20, 19, 19, 19, 15, 15, 13, 14, 12, 11]
[-8, -8, -7, -4, -4, -2, -2, -1, -1, 0, 0, 1, 1, 1, 1, 2, 2, 3, 5, 6, 6, 6, 6, 8, 15, 20, 20, 19, 19, 19, 18, 15, 13, 14, 12, 11]
[-8, -8, -7, -4, -4, -2, -2, -1, -1, 0, 0, 1, 1, 1, 1, 2, 2, 3, 5, 6, 6, 6, 6, 8, 15, 20, 20, 19, 19, 19, 18, 15, 13, 14, 12, 11]
[-8, -8, -7, -4, -4, -2, -2, -1, -1, 0, 0, 1, 1, 1, 1, 2, 2, 3, 5, 6, 6, 6, 6, 8, 13, 20, 20, 19, 19, 19, 18, 15, 15, 14, 12, 11]
[-8, -8, -7, -4, -4, -2, -2, -1, -1, 0, 0, 1, 1, 1, 1, 2, 2, 3, 5, 6, 6, 6, 6, 8, 12, 20, 20, 19, 19, 19, 18, 15, 15, 14, 13, 11]
[-8, -8, -7, -4, -4, -2, -2, -1, -1, 0, 0, 1, 1, 1, 1, 2, 2, 3, 5, 6, 6, 6, 6, 8, 11, 20, 20, 19, 19, 19, 18, 15, 15, 14, 13, 12]
[-8, -8, -7, -4, -4, -2, -2, -1, -1, 0, 0, 1, 1, 1, 1, 2, 2, 3, 5, 6, 6, 6, 6, 8, 11, 20, 20, 19, 19, 19, 18, 15, 15, 14, 13, 12]
[-8, -8, -7, -4, -4, -2, -2, -1, -1, 0, 0, 1, 1, 1, 1, 2, 2, 3, 5, 6, 6, 6, 6, 8, 11, 19, 20, 20, 19, 19, 18, 15, 15, 14, 13, 12]
[-8, -8, -7, -4, -4, -2, -2, -1, -1, 0, 0, 1, 1, 1, 1, 2, 2, 3, 5, 6, 6, 6, 6, 8, 11, 19, 20, 20, 19, 19, 18, 15, 15, 14, 13, 12]
[-8, -8, -7, -4, -4, -2, -2, -1, -1, 0, 0, 1, 1, 1, 1, 2, 2, 3, 5, 6, 6, 6, 6, 8, 11, 19, 20, 20, 19, 19, 18, 15, 15, 14, 13, 12]
[-8, -8, -7, -4, -4, -2, -2, -1, -1, 0, 0, 1, 1, 1, 1, 2, 2, 3, 5, 6, 6, 6, 6, 8, 11, 18, 20, 20, 19, 19, 19, 15, 15, 14, 13, 12]
[-8, -8, -7, -4, -4, -2, -2, -1, -1, 0, 0, 1, 1, 1, 1, 2, 2, 3, 5, 6, 6, 6, 6, 8, 11, 15, 20, 20, 19, 19, 19, 18, 15, 14, 13, 12]
[-8, -8, -7, -4, -4, -2, -2, -1, -1, 0, 0, 1, 1, 1, 1, 2, 2, 3, 5, 6, 6, 6, 6, 8, 11, 15, 20, 20, 19, 19, 19, 18, 15, 14, 13, 12]
[-8, -8, -7, -4, -4, -2, -2, -1, -1, 0, 0, 1, 1, 1, 1, 2, 2, 3, 5, 6, 6, 6, 6, 8, 11, 14, 20, 20, 19, 19, 19, 18, 15, 15, 13, 12]
[-8, -8, -7, -4, -4, -2, -2, -1, -1, 0, 0, 1, 1, 1, 1, 2, 2, 3, 5, 6, 6, 6, 6, 8, 11, 13, 20, 20, 19, 19, 19, 18, 15, 15, 14, 12]
[-8, -8, -7, -4, -4, -2, -2, -1, -1, 0, 0, 1, 1, 1, 1, 2, 2, 3, 5, 6, 6, 6, 6, 8, 11, 12, 20, 20, 19, 19, 19, 18, 15, 15, 14, 13]
[-8, -8, -7, -4, -4, -2, -2, -1, -1, 0, 0, 1, 1, 1, 1, 2, 2, 3, 5, 6, 6, 6, 6, 8, 11, 12, 20, 20, 19, 19, 19, 18, 15, 15, 14, 13]
[-8, -8, -7, -4, -4, -2, -2, -1, -1, 0, 0, 1, 1, 1, 1, 2, 2, 3, 5, 6, 6, 6, 6, 8, 11, 12, 19, 20, 20, 19, 19, 18, 15, 15, 14, 13]
[-8, -8, -7, -4, -4, -2, -2, -1, -1, 0, 0, 1, 1, 1, 1, 2, 2, 3, 5, 6, 6, 6, 6, 8, 11, 12, 19, 20, 20, 19, 19, 18, 15, 15, 14, 13]
[-8, -8, -7, -4, -4, -2, -2, -1, -1, 0, 0, 1, 1, 1, 1, 2, 2, 3, 5, 6, 6, 6, 6, 8, 11, 12, 19, 20, 20, 19, 19, 18, 15, 15, 14, 13]
[-8, -8, -7, -4, -4, -2, -2, -1, -1, 0, 0, 1, 1, 1, 1, 2, 2, 3, 5, 6, 6, 6, 6, 8, 11, 12, 18, 20, 20, 19, 19, 19, 15, 15, 14, 13]
[-8, -8, -7, -4, -4, -2, -2, -1, -1, 0, 0, 1, 1, 1, 1, 2, 2, 3, 5, 6, 6, 6, 6, 8, 11, 12, 15, 20, 20, 19, 19, 19, 18, 15, 14, 13]
[-8, -8, -7, -4, -4, -2, -2, -1, -1, 0, 0, 1, 1, 1, 1, 2, 2, 3, 5, 6, 6, 6, 6, 8, 11, 12, 15, 20, 20, 19, 19, 19, 18, 15, 14, 13]
[-8, -8, -7, -4, -4, -2, -2, -1, -1, 0, 0, 1, 1, 1, 1, 2, 2, 3, 5, 6, 6, 6, 6, 8, 11, 12, 14, 20, 20, 19, 19, 19, 18, 15, 15, 13]
[-8, -8, -7, -4, -4, -2, -2, -1, -1, 0, 0, 1, 1, 1, 1, 2, 2, 3, 5, 6, 6, 6, 6, 8, 11, 12, 13, 20, 20, 19, 19, 19, 18, 15, 15, 14]
[-8, -8, -7, -4, -4, -2, -2, -1, -1, 0, 0, 1, 1, 1, 1, 2, 2, 3, 5, 6, 6, 6, 6, 8, 11, 12, 13, 20, 20, 19, 19, 19, 18, 15, 15, 14]
[-8, -8, -7, -4, -4, -2, -2, -1, -1, 0, 0, 1, 1, 1, 1, 2, 2, 3, 5, 6, 6, 6, 6, 8, 11, 12, 13, 19, 20, 20, 19, 19, 18, 15, 15, 14]
[-8, -8, -7, -4, -4, -2, -2, -1, -1, 0, 0, 1, 1, 1, 1, 2, 2, 3, 5, 6, 6, 6, 6, 8, 11, 12, 13, 19, 20, 20, 19, 19, 18, 15, 15, 14]
[-8, -8, -7, -4, -4, -2, -2, -1, -1, 0, 0, 1, 1, 1, 1, 2, 2, 3, 5, 6, 6, 6, 6, 8, 11, 12, 13, 19, 20, 20, 19, 19, 18, 15, 15, 14]
[-8, -8, -7, -4, -4, -2, -2, -1, -1, 0, 0, 1, 1, 1, 1, 2, 2, 3, 5, 6, 6, 6, 6, 8, 11, 12, 13, 18, 20, 20, 19, 19, 19, 15, 15, 14]
[-8, -8, -7, -4, -4, -2, -2, -1, -1, 0, 0, 1, 1, 1, 1, 2, 2, 3, 5, 6, 6, 6, 6, 8, 11, 12, 13, 15, 20, 20, 19, 19, 19, 18, 15, 14]
[-8, -8, -7, -4, -4, -2, -2, -1, -1, 0, 0, 1, 1, 1, 1, 2, 2, 3, 5, 6, 6, 6, 6, 8, 11, 12, 13, 15, 20, 20, 19, 19, 19, 18, 15, 14]
[-8, -8, -7, -4, -4, -2, -2, -1, -1, 0, 0, 1, 1, 1, 1, 2, 2, 3, 5, 6, 6, 6, 6, 8, 11, 12, 13, 14, 20, 20, 19, 19, 19, 18, 15, 15]
[-8, -8, -7, -4, -4, -2, -2, -1, -1, 0, 0, 1, 1, 1, 1, 2, 2, 3, 5, 6, 6, 6, 6, 8, 11, 12, 13, 14, 20, 20, 19, 19, 19, 18, 15, 15]
[-8, -8, -7, -4, -4, -2, -2, -1, -1, 0, 0, 1, 1, 1, 1, 2, 2, 3, 5, 6, 6, 6, 6, 8, 11, 12, 13, 14, 19, 20, 20, 19, 19, 18, 15, 15]
[-8, -8, -7, -4, -4, -2, -2, -1, -1, 0, 0, 1, 1, 1, 1, 2, 2, 3, 5, 6, 6, 6, 6, 8, 11, 12, 13, 14, 19, 20, 20, 19, 19, 18, 15, 15]
[-8, -8, -7, -4, -4, -2, -2, -1, -1, 0, 0, 1, 1, 1, 1, 2, 2, 3, 5, 6, 6, 6, 6, 8, 11, 12, 13, 14, 19, 20, 20, 19, 19, 18, 15, 15]
[-8, -8, -7, -4, -4, -2, -2, -1, -1, 0, 0, 1, 1, 1, 1, 2, 2, 3, 5, 6, 6, 6, 6, 8, 11, 12, 13, 14, 18, 20, 20, 19, 19, 19, 15, 15]
[-8, -8, -7, -4, -4, -2, -2, -1, -1, 0, 0, 1, 1, 1, 1, 2, 2, 3, 5, 6, 6, 6, 6, 8, 11, 12, 13, 14, 15, 20, 20, 19, 19, 19, 18, 15]
[-8, -8, -7, -4, -4, -2, -2, -1, -1, 0, 0, 1, 1, 1, 1, 2, 2, 3, 5, 6, 6, 6, 6, 8, 11, 12, 13, 14, 15, 20, 20, 19, 19, 19, 18, 15]
[-8, -8, -7, -4, -4, -2, -2, -1, -1, 0, 0, 1, 1, 1, 1, 2, 2, 3, 5, 6, 6, 6, 6, 8, 11, 12, 13, 14, 15, 20, 20, 19, 19, 19, 18, 15]
[-8, -8, -7, -4, -4, -2, -2, -1, -1, 0, 0, 1, 1, 1, 1, 2, 2, 3, 5, 6, 6, 6, 6, 8, 11, 12, 13, 14, 15, 19, 20, 20, 19, 19, 18, 15]
[-8, -8, -7, -4, -4, -2, -2, -1, -1, 0, 0, 1, 1, 1, 1, 2, 2, 3, 5, 6, 6, 6, 6, 8, 11, 12, 13, 14, 15, 19, 20, 20, 19, 19, 18, 15]
[-8, -8, -7, -4, -4, -2, -2, -1, -1, 0, 0, 1, 1, 1, 1, 2, 2, 3, 5, 6, 6, 6, 6, 8, 11, 12, 13, 14, 15, 19, 20, 20, 19, 19, 18, 15]
[-8, -8, -7, -4, -4, -2, -2, -1, -1, 0, 0, 1, 1, 1, 1, 2, 2, 3, 5, 6, 6, 6, 6, 8, 11, 12, 13, 14, 15, 18, 20, 20, 19, 19, 19, 15]
[-8, -8, -7, -4, -4, -2, -2, -1, -1, 0, 0, 1, 1, 1, 1, 2, 2, 3, 5, 6, 6, 6, 6, 8, 11, 12, 13, 14, 15, 15, 20, 20, 19, 19, 19, 18]
[-8, -8, -7, -4, -4, -2, -2, -1, -1, 0, 0, 1, 1, 1, 1, 2, 2, 3, 5, 6, 6, 6, 6, 8, 11, 12, 13, 14, 15, 15, 20, 20, 19, 19, 19, 18]
[-8, -8, -7, -4, -4, -2, -2, -1, -1, 0, 0, 1, 1, 1, 1, 2, 2, 3, 5, 6, 6, 6, 6, 8, 11, 12, 13, 14, 15, 15, 19, 20, 20, 19, 19, 18]
[-8, -8, -7, -4, -4, -2, -2, -1, -1, 0, 0, 1, 1, 1, 1, 2, 2, 3, 5, 6, 6, 6, 6, 8, 11, 12, 13, 14, 15, 15, 19, 20, 20, 19, 19, 18]
[-8, -8, -7, -4, -4, -2, -2, -1, -1, 0, 0, 1, 1, 1, 1, 2, 2, 3, 5, 6, 6, 6, 6, 8, 11, 12, 13, 14, 15, 15, 19, 20, 20, 19, 19, 18]
[-8, -8, -7, -4, -4, -2, -2, -1, -1, 0, 0, 1, 1, 1, 1, 2, 2, 3, 5, 6, 6, 6, 6, 8, 11, 12, 13, 14, 15, 15, 18, 20, 20, 19, 19, 19]
[-8, -8, -7, -4, -4, -2, -2, -1, -1, 0, 0, 1, 1, 1, 1, 2, 2, 3, 5, 6, 6, 6, 6, 8, 11, 12, 13, 14, 15, 15, 18, 20, 20, 19, 19, 19]
[-8, -8, -7, -4, -4, -2, -2, -1, -1, 0, 0, 1, 1, 1, 1, 2, 2, 3, 5, 6, 6, 6, 6, 8, 11, 12, 13, 14, 15, 15, 18, 19, 20, 20, 19, 19]
[-8, -8, -7, -4, -4, -2, -2, -1, -1, 0, 0, 1, 1, 1, 1, 2, 2, 3, 5, 6, 6, 6, 6, 8, 11, 12, 13, 14, 15, 15, 18, 19, 20, 20, 19, 19]
[-8, -8, -7, -4, -4, -2, -2, -1, -1, 0, 0, 1, 1, 1, 1, 2, 2, 3, 5, 6, 6, 6, 6, 8, 11, 12, 13, 14, 15, 15, 18, 19, 20, 20, 19, 19]
[-8, -8, -7, -4, -4, -2, -2, -1, -1, 0, 0, 1, 1, 1, 1, 2, 2, 3, 5, 6, 6, 6, 6, 8, 11, 12, 13, 14, 15, 15, 18, 19, 20, 20, 19, 19]
[-8, -8, -7, -4, -4, -2, -2, -1, -1, 0, 0, 1, 1, 1, 1, 2, 2, 3, 5, 6, 6, 6, 6, 8, 11, 12, 13, 14, 15, 15, 18, 19, 19, 20, 20, 19]
[-8, -8, -7, -4, -4, -2, -2, -1, -1, 0, 0, 1, 1, 1, 1, 2, 2, 3, 5, 6, 6, 6, 6, 8, 11, 12, 13, 14, 15, 15, 18, 19, 19, 20, 20, 19]
[-8, -8, -7, -4, -4, -2, -2, -1, -1, 0, 0, 1, 1, 1, 1, 2, 2, 3, 5, 6, 6, 6, 6, 8, 11, 12, 13, 14, 15, 15, 18, 19, 19, 20, 20, 19]
[-8, -8, -7, -4, -4, -2, -2, -1, -1, 0, 0, 1, 1, 1, 1, 2, 2, 3, 5, 6, 6, 6, 6, 8, 11, 12, 13, 14, 15, 15, 18, 19, 19, 19, 20, 20]
[-8, -8, -7, -4, -4, -2, -2, -1, -1, 0, 0, 1, 1, 1, 1, 2, 2, 3, 5, 6, 6, 6, 6, 8, 11, 12, 13, 14, 15, 15, 18, 19, 19, 19, 20, 20]
[18, -2, 0, 12, 0, 7, 0, 19, 13, 17, 1, 4, 14, 6, -4, 11, 14, 1, -3, 3, 4, 13]
[-2, 18, 0, 12, 0, 7, 0, 19, 13, 17, 1, 4, 14, 6, -4, 11, 14, 1, -3, 3, 4, 13]
[-4, 18, 0, 12, 0, 7, 0, 19, 13, 17, 1, 4, 14, 6, -2, 11, 14, 1, -3, 3, 4, 13]
[-4, 0, 18, 12, 0, 7, 0, 19, 13, 17, 1, 4, 14, 6, -2, 11, 14, 1, -3, 3, 4, 13]
[-4, 0, 18, 12, 0, 7, 0, 19, 13, 17, 1, 4, 14, 6, -2, 11, 14, 1, -3, 3, 4, 13]
[-4, 0, 18, 12, 0, 7, 0, 19, 13, 17, 1, 4, 14, 6, -2, 11, 14, 1, -3, 3, 4, 13]
[-4, -2, 18, 12, 0, 7, 0, 19, 13, 17, 1, 4, 14, 6, 0, 11, 14, 1, -3, 3, 4, 13]
[-4, -3, 18, 12, 0, 7, 0, 19, 13, 17, 1, 4, 14, 6, 0, 11, 14, 1, -2, 3, 4, 13]
[-4, -3, 12, 18, 0, 7, 0, 19, 13, 17, 1, 4, 14, 6, 0, 11, 14, 1, -2, 3, 4, 13]
[-4, -3, 0, 18, 12, 7, 0, 19, 13, 17, 1, 4, 14, 6, 0, 11, 14, 1, -2, 3, 4, 13]
[-4, -3, 0, 18, 12, 7, 0, 19, 13, 17, 1, 4, 14, 6, 0, 11, 14, 1, -2, 3, 4, 13]
[-4, -3, 0, 18, 12, 7, 0, 19, 13, 17, 1, 4, 14, 6, 0, 11, 14, 1, -2, 3, 4, 13]
[-4, -3, -2, 18, 12, 7, 0, 19, 13, 17, 1, 4, 14, 6, 0, 11, 14, 1, 0, 3, 4, 13]
[-4, -3, -2, 12, 18, 7, 0, 19, 13, 17, 1, 4, 14, 6, 0, 11, 14, 1, 0, 3, 4, 13]
[-4, -3, -2, 7, 18, 12, 0, 19, 13, 17, 1, 4, 14, 6, 0, 11, 14, 1, 0, 3, 4, 13]
[-4, -3, -2, 0, 18, 12, 7, 19, 13, 17, 1, 4, 14, 6, 0, 11, 14, 1, 0, 3, 4, 13]
[-4, -3, -2, 0, 18, 12, 7, 19, 13, 17, 1, 4, 14, 6, 0, 11, 14, 1, 0, 3, 4, 13]
[-4, -3, -2, 0, 18, 12, 7, 19, 13, 17, 1, 4, 14, 6, 0, 11, 14, 1, 0, 3, 4, 13]
[-4, -3, -2, 0, 12, 18, 7, 19, 13, 17, 1, 4, 14, 6, 0, 11, 14, 1, 0, 3, 4, 13]
[-4, -3, -2, 0, 7, 18, 12, 19, 13, 17, 1, 4, 14, 6, 0, 11, 14, 1, 0, 3, 4, 13]
[-4, -3, -2, 0, 1, 18, 12, 19, 13, 17, 7, 4, 14, 6, 0, 11, 14, 1, 0, 3, 4, 13]
[-4, -3, -2, 0, 0, 18, 12, 19, 13, 17, 7, 4, 14, 6, 1, 11, 14, 1, 0, 3, 4, 13]
[-4, -3, -2, 0, 0, 18, 12, 19, 13, 17, 7, 4, 14, 6, 1, 11, 14, 1, 0, 3, 4, 13]
[-4, -3, -2, 0, 0, 12, 18, 19, 13, 17, 7, 4, 14, 6, 1, 11, 14, 1, 0, 3, 4, 13]
[-4, -3, -2, 0, 0, 7, 18, 19, 13, 17, 12, 4, 14, 6, 1, 11, 14, 1, 0, 3, 4, 13]
[-4, -3, -2, 0, 0, 4, 18, 19, 13, 17, 12, 7, 14, 6, 1, 11, 14, 1, 0, 3, 4, 13]
[-4, -3, -2, 0, 0, 1, 18, 19, 13, 17, 12, 7, 14, 6, 4, 11, 14, 1, 0, 3, 4, 13]
[-4, -3, -2, 0, 0, 1, 18, 19, 13, 17, 12, 7, 14, 6, 4, 11, 14, 1, 0, 3, 4, 13]
[-4, -3, -2, 0, 0, 0, 18, 19, 13, 17, 12, 7, 14, 6, 4, 11, 14, 1, 1, 3, 4, 13]
[-4, -3, -2, 0, 0, 0, 13, 19, 18, 17, 12, 7, 14, 6, 4, 11, 14, 1, 1, 3, 4, 13]
[-4, -3, -2, 0, 0, 0, 12, 19, 18, 17, 13, 7, 14, 6, 4, 11, 14, 1, 1, 3, 4, 13]
[-4, -3, -2, 0, 0, 0, 7, 19, 18, 17, 13, 12, 14, 6, 4, 11, 14, 1, 1, 3, 4, 13]
[-4, -3, -2, 0, 0, 0, 6, 19, 18, 17, 13, 12, 14, 7, 4, 11, 14, 1, 1, 3, 4, 13]
[-4, -3, -2, 0, 0, 0, 4, 19, 18, 17, 13, 12, 14, 7, 6, 11, 14, 1, 1, 3, 4, 13]
[-4, -3, -2, 0, 0, 0, 1, 19, 18, 17, 13, 12, 14, 7, 6, 11, 14, 4, 1, 3, 4, 13]
[-4, -3, -2, 0, 0, 0, 1, 19, 18, 17, 13, 12, 14, 7, 6, 11, 14, 4, 1, 3, 4, 13]
[-4, -3, -2, 0, 0, 0, 1, 18, 19, 17, 13, 12, 14, 7, 6, 11, 14, 4, 1, 3, 4, 13]
[-4, -3, -2, 0, 0, 0, 1, 17, 19, 18, 13, 12, 14, 7, 6, 11, 14, 4, 1, 3, 4, 13]
[-4, -3, -2, 0, 0, 0, 1, 13, 19, 18, 17, 12, 14, 7, 6, 11, 14, 4, 1, 3, 4, 13]
[-4, -3, -2, 0, 0, 0, 1, 12, 19, 18, 17, 13, 14, 7, 6, 11, 14, 4, 1, 3, 4, 13]
[-4, -3, -2, 0, 0, 0, 1, 7, 19, 18, 17, 13, 14, 12, 6, 11, 14, 4, 1, 3, 4, 13]
[-4, -3, -2, 0, 0, 0, 1, 6, 19, 18, 17, 13, 14, 12, 7, 11, 14, 4, 1, 3, 4, 13]
[-4, -3, -2, 0, 0, 0, 1, 4, 19, 18, 17, 13, 14, 12, 7, 11, 14, 6, 1, 3, 4, 13]
[-4, -3, -2, 0, 0, 0, 1, 1, 19, 18, 17, 13, 14, 12, 7, 11, 14, 6, 4, 3, 4, 13]
[-4, -3, -2, 0, 0, 0, 1, 1, 18, 19, 17, 13, 14, 12, 7, 11, 14, 6, 4, 3, 4, 13]
[-4, -3, -2, 0, 0, 0, 1, 1, 17, 19, 18, 13, 14, 12, 7, 11, 14, 6, 4, 3, 4, 13]
[-4, -3, -2, 0, 0, 0, 1, 1, 13, 19, 18, 17, 14, 12, 7, 11, 14, 6, 4, 3, 4, 13]
[-4, -3, -2, 0, 0, 0, 1, 1, 12, 19, 18, 17, 14, 13, 7, 11, 14, 6, 4, 3, 4, 13]
[-4, -3, -2, 0, 0, 0, 1, 1, 7, 19, 18, 17, 14, 13, 12, 11, 14, 6, 4, 3, 4, 13]
[-4, -3, -2, 0, 0, 0, 1, 1, 6, 19, 18, 17, 14, 13, 12, 11, 14, 7, 4, 3, 4, 13]
[-4, -3, -2, 0, 0, 0, 1, 1, 4, 19, 18, 17, 14, 13, 12, 11, 14, 7, 6, 3, 4, 13]
[-4, -3, -2, 0, 0, 0, 1, 1, 3, 19, 18, 17, 14, 13, 12, 11, 14, 7, 6, 4, 4, 13]
[-4, -3, -2, 0, 0, 0, 1, 1, 3, 18, 19, 17, 14, 13, 12, 11, 14, 7, 6, 4, 4, 13]
[-4, -3, -2, 0, 0, 0, 1, 1, 3, 17, 19, 18, 14, 13, 12, 11, 14, 7, 6, 4, 4, 13]
[-4, -3, -2, 0, 0, 0, 1, 1, 3, 14, 19, 18, 17, 13, 12, 11, 14, 7, 6, 4, 4, 13]
[-4, -3, -2, 0, 0, 0, 1, 1, 3, 13, 19, 18, 17, 14, 12, 11, 14, 7, 6, 4, 4, 13]
[-4, -3, -2, 0, 0, 0, 1, 1, 3, 12, 19, 18, 17, 14, 13, 11, 14, 7, 6, 4, 4, 13]
[-4, -3, -2, 0, 0, 0, 1, 1, 3, 11, 19, 18, 17, 14, 13, 12, 14, 7, 6, 4, 4, 13]
[-4, -3, -2, 0, 0, 0, 1, 1, 3, 7, 19, 18, 17, 14, 13, 12, 14, 11, 6, 4, 4, 13]
[-4, -3, -2, 0, 0, 0, 1, 1, 3, 6, 19, 18, 17, 14, 13, 12, 14, 11, 7, 4, 4, 13]
[-4, -3, -2, 0, 0, 0, 1, 1, 3, 4, 19, 18, 17, 14, 13, 12, 14, 11, 7, 6, 4, 13]
[-4, -3, -2, 0, 0, 0, 1, 1, 3, 4, 19, 18, 17, 14, 13, 12, 14, 11, 7, 6, 4, 13]
[-4, -3, -2, 0, 0, 0, 1, 1, 3, 4, 18, 19, 17, 14, 13, 12, 14, 11, 7, 6, 4, 13]
[-4, -3, -2, 0, 0, 0, 1, 1, 3, 4, 17, 19, 18, 14, 13, 12, 14, 11, 7, 6, 4, 13]
[-4, -3, -2, 0, 0, 0, 1, 1, 3, 4, 14, 19, 18, 17, 13, 12, 14, 11, 7, 6, 4, 13]
[-4, -3, -2, 0, 0, 0, 1, 1, 3, 4, 13, 19, 18, 17, 14, 12, 14, 11, 7, 6, 4, 13]
[-4, -3, -2, 0, 0, 0, 1, 1, 3, 4, 12, 19, 18, 17, 14, 13, 14, 11, 7, 6, 4, 13]
[-4, -3, -2, 0, 0, 0, 1, 1, 3, 4, 11, 19, 18, 17, 14, 13, 14, 12, 7, 6, 4, 13]
[-4, -3, -2, 0, 0, 0, 1, 1, 3, 4, 7, 19, 18, 17, 14, 13, 14, 12, 11, 6, 4, 13]
[-4, -3, -2, 0, 0, 0, 1, 1, 3, 4, 6, 19, 18, 17, 14, 13, 14, 12, 11, 7, 4, 13]
[-4, -3, -2, 0, 0, 0, 1, 1, 3, 4, 4, 19, 18, 17, 14, 13, 14, 12, 11, 7, 6, 13]
[-4, -3, -2, 0, 0, 0, 1, 1, 3, 4, 4, 18, 19, 17, 14, 13, 14, 12, 11, 7, 6, 13]
[-4, -3, -2, 0, 0, 0, 1, 1, 3, 4, 4, 17, 19, 18, 14, 13, 14, 12, 11, 7, 6, 13]
[-4, -3, -2, 0, 0, 0, 1, 1, 3, 4, 4, 14, 19, 18, 17, 13, 14, 12, 11, 7, 6, 13]
[-4, -3, -2, 0, 0, 0, 1, 1, 3, 4, 4, 13, 19, 18, 17, 14, 14, 12, 11, 7, 6, 13]
[-4, -3, -2, 0, 0, 0, 1, 1, 3, 4, 4, 12, 19, 18, 17, 14, 14, 13, 11, 7, 6, 13]
[-4, -3, -2, 0, 0, 0, 1, 1, 3, 4, 4, 11, 19, 18, 17, 14, 14, 13, 12, 7, 6, 13]
[-4, -3, -2, 0, 0, 0, 1, 1, 3, 4, 4, 7, 19, 18, 17, 14, 14, 13, 12, 11, 6, 13]
[-4, -3, -2, 0, 0, 0, 1, 1, 3, 4, 4, 6, 19, 18, 17, 14, 14, 13, 12, 11, 7, 13]
[-4, -3, -2, 0, 0, 0, 1, 1, 3, 4, 4, 6, 18, 19, 17, 14, 14, 13, 12, 11, 7, 13]
[-4, -3, -2, 0, 0, 0, 1, 1, 3, 4, 4, 6, 17, 19, 18, 14, 14, 13, 12, 11, 7, 13]
[-4, -3, -2, 0, 0, 0, 1, 1, 3, 4, 4, 6, 14, 19, 18, 17, 14, 13, 12, 11, 7, 13]
[-4, -3, -2, 0, 0, 0, 1, 1, 3, 4, 4, 6, 14, 19, 18, 17, 14, 13, 12, 11, 7, 13]
[-4, -3, -2, 0, 0, 0, 1, 1, 3, 4, 4, 6, 13, 19, 18, 17, 14, 14, 12, 11, 7, 13]
[-4, -3, -2, 0, 0, 0, 1, 1, 3, 4, 4, 6, 12, 19, 18, 17, 14, 14, 13, 11, 7, 13]
[-4, -3, -2, 0, 0, 0, 1, 1, 3, 4, 4, 6, 11, 19, 18, 17, 14, 14, 13, 12, 7, 13]
[-4, -3, -2, 0, 0, 0, 1, 1, 3, 4, 4, 6, 7, 19, 18, 17, 14, 14, 13, 12, 11, 13]
[-4, -3, -2, 0, 0, 0, 1, 1, 3, 4, 4, 6, 7, 18, 19, 17, 14, 14, 13, 12, 11, 13]
[-4, -3, -2, 0, 0, 0, 1, 1, 3, 4, 4, 6, 7, 17, 19, 18, 14, 14, 13, 12, 11, 13]
[-4, -3, -2, 0, 0, 0, 1, 1, 3, 4, 4, 6, 7, 14, 19, 18, 17, 14, 13, 12, 11, 13]
[-4, -3, -2, 0, 0, 0, 1, 1, 3, 4, 4, 6, 7, 14, 19, 18, 17, 14, 13, 12, 11, 13]
[-4, -3, -2, 0, 0, 0, 1, 1, 3, 4, 4, 6, 7, 13, 19, 18, 17, 14, 14, 12, 11, 13]
[-4, -3, -2, 0, 0, 0, 1, 1, 3, 4, 4, 6, 7, 12, 19, 18, 17, 14, 14, 13, 11, 13]
[-4, -3, -2, 0, 0, 0, 1, 1, 3, 4, 4, 6, 7, 11, 19, 18, 17, 14, 14, 13, 12, 13]
[-4, -3, -2, 0, 0, 0, 1, 1, 3, 4, 4, 6, 7, 11, 18, 19, 17, 14, 14, 13, 12, 13]
[-4, -3, -2, 0, 0, 0, 1, 1, 3, 4, 4, 6, 7, 11, 17, 19, 18, 14, 14, 13, 12, 13]
[-4, -3, -2, 0, 0, 0, 1, 1, 3, 4, 4, 6, 7, 11, 14, 19, 18, 17, 14, 13, 12, 13]
[-4, -3, -2, 0, 0, 0, 1, 1, 3, 4, 4, 6, 7, 11, 14, 19, 18, 17, 14, 13, 12, 13]
[-4, -3, -2, 0, 0, 0, 1, 1, 3, 4, 4, 6, 7, 11, 13, 19, 18, 17, 14, 14, 12, 13]
[-4, -3, -2, 0, 0, 0, 1, 1, 3, 4, 4, 6, 7, 11, 12, 19, 18, 17, 14, 14, 13, 13]
[-4, -3, -2, 0, 0, 0, 1, 1, 3, 4, 4, 6, 7, 11, 12, 18, 19, 17, 14, 14, 13, 13]
[-4, -3, -2, 0, 0, 0, 1, 1, 3, 4, 4, 6, 7, 11, 12, 17, 19, 18, 14, 14, 13, 13]
[-4, -3, -2, 0, 0, 0, 1, 1, 3, 4, 4, 6, 7, 11, 12, 14, 19, 18, 17, 14, 13, 13]
[-4, -3, -2, 0, 0, 0, 1, 1, 3, 4, 4, 6, 7, 11, 12, 14, 19, 18, 17, 14, 13, 13]
[-4, -3, -2, 0, 0, 0, 1, 1, 3, 4, 4, 6, 7, 11, 12, 13, 19, 18, 17, 14, 14, 13]
[-4, -3, -2, 0, 0, 0, 1, 1, 3, 4, 4, 6, 7, 11, 12, 13, 19, 18, 17, 14, 14, 13]
[-4, -3, -2, 0, 0, 0, 1, 1, 3, 4, 4, 6, 7, 11, 12, 13, 18, 19, 17, 14, 14, 13]
[-4, -3, -2, 0, 0, 0, 1, 1, 3, 4, 4, 6, 7, 11, 12, 13, 17, 19, 18, 14, 14, 13]
[-4, -3, -2, 0, 0, 0, 1, 1, 3, 4, 4, 6, 7, 11, 12, 13, 14, 19, 18, 17, 14, 13]
[-4, -3, -2, 0, 0, 0, 1, 1, 3, 4, 4, 6, 7, 11, 12, 13, 14, 19, 18, 17, 14, 13]
[-4, -3, -2, 0, 0, 0, 1, 1, 3, 4, 4, 6, 7, 11, 12, 13, 13, 19, 18, 17, 14, 14]
[-4, -3, -2, 0, 0, 0, 1, 1, 3, 4, 4, 6, 7, 11, 12, 13, 13, 18, 19, 17, 14, 14]
[-4, -3, -2, 0, 0, 0, 1, 1, 3, 4, 4, 6, 7, 11, 12, 13, 13, 17, 19, 18, 14, 14]
[-4, -3, -2, 0, 0, 0, 1, 1, 3, 4, 4, 6, 7, 11, 12, 13, 13, 14, 19, 18, 17, 14]
[-4, -3, -2, 0, 0, 0, 1, 1, 3, 4, 4, 6, 7, 11, 12, 13, 13, 14, 19, 18, 17, 14]
[-4, -3, -2, 0, 0, 0, 1, 1, 3, 4, 4, 6, 7, 11, 12, 13, 13, 14, 18, 19, 17, 14]
[-4, -3, -2, 0, 0, 0, 1, 1, 3, 4, 4, 6, 7, 11, 12, 13, 13, 14, 17, 19, 18, 14]
[-4, -3, -2, 0, 0, 0, 1, 1, 3, 4, 4, 6, 7, 11, 12, 13, 13, 14, 14, 19, 18, 17]
[-4, -3, -2, 0, 0, 0, 1, 1, 3, 4, 4, 6, 7, 11, 12, 13, 13, 14, 14, 18, 19, 17]
[-4, -3, -2, 0, 0, 0, 1, 1, 3, 4, 4, 6, 7, 11, 12, 13, 13, 14, 14, 17, 19, 18]
[-4, -3, -2, 0, 0, 0, 1, 1, 3, 4, 4, 6, 7, 11, 12, 13, 13, 14, 14, 17, 18, 19]
]]></system-out>
  <system-err><![CDATA[]]></system-err>
</testsuite>
